* Checking out Math-91 to /scratch/acp13jcd/run_gzoltar_721_Math-91
* Compiling Math-91
Running ant (compile)...................................................... OK
Running ant (compile.tests)................................................ OK
* Running GZoltar
   ____ _____     _ _               
  / ___|__  /___ | | |_ __ _ _ __   
 | |  _  / // _ \| | __/ _` | '__| 
 | |_| |/ /| (_) | | || (_| | |     
  \____/____\___/|_|\__\__,_|_| 

[ERROR] /scratch/acp13jcd/run_gzoltar_721_Math-91/lib/junit-4.4.jar does not exist
java.lang.Exception
	at com.gzoltar.lib.master.modes.Diagnose.execute(Unknown Source)
	at com.gzoltar.lib.master.GZoltar.parseCommandLine(Unknown Source)
	at com.gzoltar.lib.master.GZoltar.main(Unknown Source)
* Preparing classpath
* Collecting classes under test
* Collecting test cases
* Performing analysis
* Started org.apache.commons.math.analysis.polynomials.PolynomialsUtilsTest#testFirstChebyshevPolynomials
* Finished org.apache.commons.math.analysis.polynomials.PolynomialsUtilsTest#testFirstChebyshevPolynomials
* Started org.apache.commons.math.analysis.polynomials.PolynomialsUtilsTest#testHighDegreeLegendre
* Finished org.apache.commons.math.analysis.polynomials.PolynomialsUtilsTest#testHighDegreeLegendre
* Started org.apache.commons.math.analysis.polynomials.PolynomialsUtilsTest#testLaguerreDifferentials
* Finished org.apache.commons.math.analysis.polynomials.PolynomialsUtilsTest#testLaguerreDifferentials
* Started org.apache.commons.math.analysis.polynomials.PolynomialsUtilsTest#testHermiteDifferentials
* Finished org.apache.commons.math.analysis.polynomials.PolynomialsUtilsTest#testHermiteDifferentials
* Started org.apache.commons.math.analysis.polynomials.PolynomialsUtilsTest#testChebyshevBounds
* Finished org.apache.commons.math.analysis.polynomials.PolynomialsUtilsTest#testChebyshevBounds
* Started org.apache.commons.math.analysis.polynomials.PolynomialsUtilsTest#testFirstHermitePolynomials
* Finished org.apache.commons.math.analysis.polynomials.PolynomialsUtilsTest#testFirstHermitePolynomials
* Started org.apache.commons.math.analysis.polynomials.PolynomialsUtilsTest#testFirstLegendrePolynomials
* Finished org.apache.commons.math.analysis.polynomials.PolynomialsUtilsTest#testFirstLegendrePolynomials
* Started org.apache.commons.math.analysis.polynomials.PolynomialsUtilsTest#testChebyshevDifferentials
* Finished org.apache.commons.math.analysis.polynomials.PolynomialsUtilsTest#testChebyshevDifferentials
* Started org.apache.commons.math.analysis.polynomials.PolynomialsUtilsTest#testFirstLaguerrePolynomials
* Finished org.apache.commons.math.analysis.polynomials.PolynomialsUtilsTest#testFirstLaguerrePolynomials
* Started org.apache.commons.math.analysis.polynomials.PolynomialsUtilsTest#testLegendreDifferentials
* Finished org.apache.commons.math.analysis.polynomials.PolynomialsUtilsTest#testLegendreDifferentials
* Started org.apache.commons.math.ode.nonstiff.AdamsBashforthIntegratorTest#testDimensionCheck
[ERROR] Class not found
java.lang.ClassNotFoundException: org.apache.commons.math.MessagesResources
	at java.lang.ClassLoader.findClass(ClassLoader.java:531)
	at java.lang.ClassLoader.loadClass(ClassLoader.java:425)
	at java.lang.ClassLoader.loadClass(ClassLoader.java:358)
	at com.gzoltar.lib.instrumentation.util.GZoltarClassLoader.loadClass(Unknown Source)
	at java.util.ResourceBundle$Control.newBundle(ResourceBundle.java:2566)
	at java.util.ResourceBundle.loadBundle(ResourceBundle.java:1436)
	at java.util.ResourceBundle.findBundle(ResourceBundle.java:1400)
	at java.util.ResourceBundle.findBundle(ResourceBundle.java:1354)
	at java.util.ResourceBundle.findBundle(ResourceBundle.java:1354)
	at java.util.ResourceBundle.getBundleImpl(ResourceBundle.java:1296)
	at java.util.ResourceBundle.getBundle(ResourceBundle.java:795)
	at org.apache.commons.math.MathException.translate(MathException.java:65)
	at org.apache.commons.math.MathException.buildMessage(MathException.java:92)
	at org.apache.commons.math.MathException.<init>(MathException.java:113)
	at org.apache.commons.math.ode.IntegratorException.<init>(IntegratorException.java:40)
	at org.apache.commons.math.ode.AbstractIntegrator.sanityChecks(AbstractIntegrator.java:140)
	at org.apache.commons.math.ode.nonstiff.AdamsBashforthIntegrator.integrate(AdamsBashforthIntegrator.java:102)
	at org.apache.commons.math.ode.nonstiff.AdamsBashforthIntegratorTest.testDimensionCheck(AdamsBashforthIntegratorTest.java:115)
	at sun.reflect.NativeMethodAccessorImpl.invoke0(Native Method)
	at sun.reflect.NativeMethodAccessorImpl.invoke(NativeMethodAccessorImpl.java:57)
	at sun.reflect.DelegatingMethodAccessorImpl.invoke(DelegatingMethodAccessorImpl.java:43)
	at java.lang.reflect.Method.invoke(Method.java:606)
	at junit.framework.TestCase.runTest(TestCase.java:176)
	at junit.framework.TestCase.runBare(TestCase.java:141)
	at junit.framework.TestResult$1.protect(TestResult.java:122)
	at junit.framework.TestResult.runProtected(TestResult.java:142)
	at junit.framework.TestResult.run(TestResult.java:125)
	at junit.framework.TestCase.run(TestCase.java:129)
	at junit.framework.TestSuite.runTest(TestSuite.java:255)
	at junit.framework.TestSuite.run(TestSuite.java:250)
	at org.junit.internal.runners.JUnit38ClassRunner.run(JUnit38ClassRunner.java:84)
	at com.gzoltar.lib.instrumentation.testing.junit.a.call(Unknown Source)
	at java.util.concurrent.FutureTask.run(FutureTask.java:262)
	at java.util.concurrent.ThreadPoolExecutor.runWorker(ThreadPoolExecutor.java:1145)
	at java.util.concurrent.ThreadPoolExecutor$Worker.run(ThreadPoolExecutor.java:615)
	at java.lang.Thread.run(Thread.java:745)
[ERROR] Class not found
java.lang.ClassNotFoundException: org.apache.commons.math.MessagesResources_en
	at java.lang.ClassLoader.findClass(ClassLoader.java:531)
	at java.lang.ClassLoader.loadClass(ClassLoader.java:425)
	at java.lang.ClassLoader.loadClass(ClassLoader.java:358)
	at com.gzoltar.lib.instrumentation.util.GZoltarClassLoader.loadClass(Unknown Source)
	at java.util.ResourceBundle$Control.newBundle(ResourceBundle.java:2566)
	at java.util.ResourceBundle.loadBundle(ResourceBundle.java:1436)
	at java.util.ResourceBundle.findBundle(ResourceBundle.java:1400)
	at java.util.ResourceBundle.findBundle(ResourceBundle.java:1354)
	at java.util.ResourceBundle.getBundleImpl(ResourceBundle.java:1296)
	at java.util.ResourceBundle.getBundle(ResourceBundle.java:795)
	at org.apache.commons.math.MathException.translate(MathException.java:65)
	at org.apache.commons.math.MathException.buildMessage(MathException.java:92)
	at org.apache.commons.math.MathException.<init>(MathException.java:113)
	at org.apache.commons.math.ode.IntegratorException.<init>(IntegratorException.java:40)
	at org.apache.commons.math.ode.AbstractIntegrator.sanityChecks(AbstractIntegrator.java:140)
	at org.apache.commons.math.ode.nonstiff.AdamsBashforthIntegrator.integrate(AdamsBashforthIntegrator.java:102)
	at org.apache.commons.math.ode.nonstiff.AdamsBashforthIntegratorTest.testDimensionCheck(AdamsBashforthIntegratorTest.java:115)
	at sun.reflect.NativeMethodAccessorImpl.invoke0(Native Method)
	at sun.reflect.NativeMethodAccessorImpl.invoke(NativeMethodAccessorImpl.java:57)
	at sun.reflect.DelegatingMethodAccessorImpl.invoke(DelegatingMethodAccessorImpl.java:43)
	at java.lang.reflect.Method.invoke(Method.java:606)
	at junit.framework.TestCase.runTest(TestCase.java:176)
	at junit.framework.TestCase.runBare(TestCase.java:141)
	at junit.framework.TestResult$1.protect(TestResult.java:122)
	at junit.framework.TestResult.runProtected(TestResult.java:142)
	at junit.framework.TestResult.run(TestResult.java:125)
	at junit.framework.TestCase.run(TestCase.java:129)
	at junit.framework.TestSuite.runTest(TestSuite.java:255)
	at junit.framework.TestSuite.run(TestSuite.java:250)
	at org.junit.internal.runners.JUnit38ClassRunner.run(JUnit38ClassRunner.java:84)
	at com.gzoltar.lib.instrumentation.testing.junit.a.call(Unknown Source)
	at java.util.concurrent.FutureTask.run(FutureTask.java:262)
	at java.util.concurrent.ThreadPoolExecutor.runWorker(ThreadPoolExecutor.java:1145)
	at java.util.concurrent.ThreadPoolExecutor$Worker.run(ThreadPoolExecutor.java:615)
	at java.lang.Thread.run(Thread.java:745)
[ERROR] Class not found
java.lang.ClassNotFoundException: org.apache.commons.math.MessagesResources_en_US
	at java.lang.ClassLoader.findClass(ClassLoader.java:531)
	at java.lang.ClassLoader.loadClass(ClassLoader.java:425)
	at java.lang.ClassLoader.loadClass(ClassLoader.java:358)
	at com.gzoltar.lib.instrumentation.util.GZoltarClassLoader.loadClass(Unknown Source)
	at java.util.ResourceBundle$Control.newBundle(ResourceBundle.java:2566)
	at java.util.ResourceBundle.loadBundle(ResourceBundle.java:1436)
	at java.util.ResourceBundle.findBundle(ResourceBundle.java:1400)
	at java.util.ResourceBundle.getBundleImpl(ResourceBundle.java:1296)
	at java.util.ResourceBundle.getBundle(ResourceBundle.java:795)
	at org.apache.commons.math.MathException.translate(MathException.java:65)
	at org.apache.commons.math.MathException.buildMessage(MathException.java:92)
	at org.apache.commons.math.MathException.<init>(MathException.java:113)
	at org.apache.commons.math.ode.IntegratorException.<init>(IntegratorException.java:40)
	at org.apache.commons.math.ode.AbstractIntegrator.sanityChecks(AbstractIntegrator.java:140)
	at org.apache.commons.math.ode.nonstiff.AdamsBashforthIntegrator.integrate(AdamsBashforthIntegrator.java:102)
	at org.apache.commons.math.ode.nonstiff.AdamsBashforthIntegratorTest.testDimensionCheck(AdamsBashforthIntegratorTest.java:115)
	at sun.reflect.NativeMethodAccessorImpl.invoke0(Native Method)
	at sun.reflect.NativeMethodAccessorImpl.invoke(NativeMethodAccessorImpl.java:57)
	at sun.reflect.DelegatingMethodAccessorImpl.invoke(DelegatingMethodAccessorImpl.java:43)
	at java.lang.reflect.Method.invoke(Method.java:606)
	at junit.framework.TestCase.runTest(TestCase.java:176)
	at junit.framework.TestCase.runBare(TestCase.java:141)
	at junit.framework.TestResult$1.protect(TestResult.java:122)
	at junit.framework.TestResult.runProtected(TestResult.java:142)
	at junit.framework.TestResult.run(TestResult.java:125)
	at junit.framework.TestCase.run(TestCase.java:129)
	at junit.framework.TestSuite.runTest(TestSuite.java:255)
	at junit.framework.TestSuite.run(TestSuite.java:250)
	at org.junit.internal.runners.JUnit38ClassRunner.run(JUnit38ClassRunner.java:84)
	at com.gzoltar.lib.instrumentation.testing.junit.a.call(Unknown Source)
	at java.util.concurrent.FutureTask.run(FutureTask.java:262)
	at java.util.concurrent.ThreadPoolExecutor.runWorker(ThreadPoolExecutor.java:1145)
	at java.util.concurrent.ThreadPoolExecutor$Worker.run(ThreadPoolExecutor.java:615)
	at java.lang.Thread.run(Thread.java:745)
* Finished org.apache.commons.math.ode.nonstiff.AdamsBashforthIntegratorTest#testDimensionCheck
* Started org.apache.commons.math.ode.nonstiff.AdamsBashforthIntegratorTest#testBackward
* Finished org.apache.commons.math.ode.nonstiff.AdamsBashforthIntegratorTest#testBackward
* Started org.apache.commons.math.ode.nonstiff.AdamsBashforthIntegratorTest#testSmallStep
* Finished org.apache.commons.math.ode.nonstiff.AdamsBashforthIntegratorTest#testSmallStep
* Started org.apache.commons.math.ode.nonstiff.AdamsBashforthIntegratorTest#testDecreasingSteps
* Finished org.apache.commons.math.ode.nonstiff.AdamsBashforthIntegratorTest#testDecreasingSteps
* Started org.apache.commons.math.ode.nonstiff.AdamsBashforthIntegratorTest#testBigStep
* Finished org.apache.commons.math.ode.nonstiff.AdamsBashforthIntegratorTest#testBigStep
* Started org.apache.commons.math.ode.nonstiff.AdamsBashforthIntegratorTest#testCoefficients
* Finished org.apache.commons.math.ode.nonstiff.AdamsBashforthIntegratorTest#testCoefficients
* Started org.apache.commons.math.ode.nonstiff.AdamsMoultonIntegratorTest#testPredictorCoefficients
* Finished org.apache.commons.math.ode.nonstiff.AdamsMoultonIntegratorTest#testPredictorCoefficients
* Started org.apache.commons.math.ode.nonstiff.AdamsMoultonIntegratorTest#testDimensionCheck
[ERROR] Class not found
java.lang.ClassNotFoundException: org.apache.commons.math.MessagesResources
	at java.lang.ClassLoader.findClass(ClassLoader.java:531)
	at java.lang.ClassLoader.loadClass(ClassLoader.java:425)
	at java.lang.ClassLoader.loadClass(ClassLoader.java:358)
	at com.gzoltar.lib.instrumentation.util.GZoltarClassLoader.loadClass(Unknown Source)
	at java.util.ResourceBundle$Control.newBundle(ResourceBundle.java:2566)
	at java.util.ResourceBundle.loadBundle(ResourceBundle.java:1436)
	at java.util.ResourceBundle.findBundle(ResourceBundle.java:1400)
	at java.util.ResourceBundle.findBundle(ResourceBundle.java:1354)
	at java.util.ResourceBundle.findBundle(ResourceBundle.java:1354)
	at java.util.ResourceBundle.getBundleImpl(ResourceBundle.java:1296)
	at java.util.ResourceBundle.getBundle(ResourceBundle.java:795)
	at org.apache.commons.math.MathException.translate(MathException.java:65)
	at org.apache.commons.math.MathException.buildMessage(MathException.java:92)
	at org.apache.commons.math.MathException.<init>(MathException.java:113)
	at org.apache.commons.math.ode.IntegratorException.<init>(IntegratorException.java:40)
	at org.apache.commons.math.ode.AbstractIntegrator.sanityChecks(AbstractIntegrator.java:140)
	at org.apache.commons.math.ode.nonstiff.AdamsMoultonIntegrator.integrate(AdamsMoultonIntegrator.java:118)
	at org.apache.commons.math.ode.nonstiff.AdamsMoultonIntegratorTest.testDimensionCheck(AdamsMoultonIntegratorTest.java:122)
	at sun.reflect.NativeMethodAccessorImpl.invoke0(Native Method)
	at sun.reflect.NativeMethodAccessorImpl.invoke(NativeMethodAccessorImpl.java:57)
	at sun.reflect.DelegatingMethodAccessorImpl.invoke(DelegatingMethodAccessorImpl.java:43)
	at java.lang.reflect.Method.invoke(Method.java:606)
	at junit.framework.TestCase.runTest(TestCase.java:176)
	at junit.framework.TestCase.runBare(TestCase.java:141)
	at junit.framework.TestResult$1.protect(TestResult.java:122)
	at junit.framework.TestResult.runProtected(TestResult.java:142)
	at junit.framework.TestResult.run(TestResult.java:125)
	at junit.framework.TestCase.run(TestCase.java:129)
	at junit.framework.TestSuite.runTest(TestSuite.java:255)
	at junit.framework.TestSuite.run(TestSuite.java:250)
	at org.junit.internal.runners.JUnit38ClassRunner.run(JUnit38ClassRunner.java:84)
	at com.gzoltar.lib.instrumentation.testing.junit.a.call(Unknown Source)
	at java.util.concurrent.FutureTask.run(FutureTask.java:262)
	at java.util.concurrent.ThreadPoolExecutor.runWorker(ThreadPoolExecutor.java:1145)
	at java.util.concurrent.ThreadPoolExecutor$Worker.run(ThreadPoolExecutor.java:615)
	at java.lang.Thread.run(Thread.java:745)
[ERROR] Class not found
java.lang.ClassNotFoundException: org.apache.commons.math.MessagesResources_en
	at java.lang.ClassLoader.findClass(ClassLoader.java:531)
	at java.lang.ClassLoader.loadClass(ClassLoader.java:425)
	at java.lang.ClassLoader.loadClass(ClassLoader.java:358)
	at com.gzoltar.lib.instrumentation.util.GZoltarClassLoader.loadClass(Unknown Source)
	at java.util.ResourceBundle$Control.newBundle(ResourceBundle.java:2566)
	at java.util.ResourceBundle.loadBundle(ResourceBundle.java:1436)
	at java.util.ResourceBundle.findBundle(ResourceBundle.java:1400)
	at java.util.ResourceBundle.findBundle(ResourceBundle.java:1354)
	at java.util.ResourceBundle.getBundleImpl(ResourceBundle.java:1296)
	at java.util.ResourceBundle.getBundle(ResourceBundle.java:795)
	at org.apache.commons.math.MathException.translate(MathException.java:65)
	at org.apache.commons.math.MathException.buildMessage(MathException.java:92)
	at org.apache.commons.math.MathException.<init>(MathException.java:113)
	at org.apache.commons.math.ode.IntegratorException.<init>(IntegratorException.java:40)
	at org.apache.commons.math.ode.AbstractIntegrator.sanityChecks(AbstractIntegrator.java:140)
	at org.apache.commons.math.ode.nonstiff.AdamsMoultonIntegrator.integrate(AdamsMoultonIntegrator.java:118)
	at org.apache.commons.math.ode.nonstiff.AdamsMoultonIntegratorTest.testDimensionCheck(AdamsMoultonIntegratorTest.java:122)
	at sun.reflect.NativeMethodAccessorImpl.invoke0(Native Method)
	at sun.reflect.NativeMethodAccessorImpl.invoke(NativeMethodAccessorImpl.java:57)
	at sun.reflect.DelegatingMethodAccessorImpl.invoke(DelegatingMethodAccessorImpl.java:43)
	at java.lang.reflect.Method.invoke(Method.java:606)
	at junit.framework.TestCase.runTest(TestCase.java:176)
	at junit.framework.TestCase.runBare(TestCase.java:141)
	at junit.framework.TestResult$1.protect(TestResult.java:122)
	at junit.framework.TestResult.runProtected(TestResult.java:142)
	at junit.framework.TestResult.run(TestResult.java:125)
	at junit.framework.TestCase.run(TestCase.java:129)
	at junit.framework.TestSuite.runTest(TestSuite.java:255)
	at junit.framework.TestSuite.run(TestSuite.java:250)
	at org.junit.internal.runners.JUnit38ClassRunner.run(JUnit38ClassRunner.java:84)
	at com.gzoltar.lib.instrumentation.testing.junit.a.call(Unknown Source)
	at java.util.concurrent.FutureTask.run(FutureTask.java:262)
	at java.util.concurrent.ThreadPoolExecutor.runWorker(ThreadPoolExecutor.java:1145)
	at java.util.concurrent.ThreadPoolExecutor$Worker.run(ThreadPoolExecutor.java:615)
	at java.lang.Thread.run(Thread.java:745)
[ERROR] Class not found
java.lang.ClassNotFoundException: org.apache.commons.math.MessagesResources_en_US
	at java.lang.ClassLoader.findClass(ClassLoader.java:531)
	at java.lang.ClassLoader.loadClass(ClassLoader.java:425)
	at java.lang.ClassLoader.loadClass(ClassLoader.java:358)
	at com.gzoltar.lib.instrumentation.util.GZoltarClassLoader.loadClass(Unknown Source)
	at java.util.ResourceBundle$Control.newBundle(ResourceBundle.java:2566)
	at java.util.ResourceBundle.loadBundle(ResourceBundle.java:1436)
	at java.util.ResourceBundle.findBundle(ResourceBundle.java:1400)
	at java.util.ResourceBundle.getBundleImpl(ResourceBundle.java:1296)
	at java.util.ResourceBundle.getBundle(ResourceBundle.java:795)
	at org.apache.commons.math.MathException.translate(MathException.java:65)
	at org.apache.commons.math.MathException.buildMessage(MathException.java:92)
	at org.apache.commons.math.MathException.<init>(MathException.java:113)
	at org.apache.commons.math.ode.IntegratorException.<init>(IntegratorException.java:40)
	at org.apache.commons.math.ode.AbstractIntegrator.sanityChecks(AbstractIntegrator.java:140)
	at org.apache.commons.math.ode.nonstiff.AdamsMoultonIntegrator.integrate(AdamsMoultonIntegrator.java:118)
	at org.apache.commons.math.ode.nonstiff.AdamsMoultonIntegratorTest.testDimensionCheck(AdamsMoultonIntegratorTest.java:122)
	at sun.reflect.NativeMethodAccessorImpl.invoke0(Native Method)
	at sun.reflect.NativeMethodAccessorImpl.invoke(NativeMethodAccessorImpl.java:57)
	at sun.reflect.DelegatingMethodAccessorImpl.invoke(DelegatingMethodAccessorImpl.java:43)
	at java.lang.reflect.Method.invoke(Method.java:606)
	at junit.framework.TestCase.runTest(TestCase.java:176)
	at junit.framework.TestCase.runBare(TestCase.java:141)
	at junit.framework.TestResult$1.protect(TestResult.java:122)
	at junit.framework.TestResult.runProtected(TestResult.java:142)
	at junit.framework.TestResult.run(TestResult.java:125)
	at junit.framework.TestCase.run(TestCase.java:129)
	at junit.framework.TestSuite.runTest(TestSuite.java:255)
	at junit.framework.TestSuite.run(TestSuite.java:250)
	at org.junit.internal.runners.JUnit38ClassRunner.run(JUnit38ClassRunner.java:84)
	at com.gzoltar.lib.instrumentation.testing.junit.a.call(Unknown Source)
	at java.util.concurrent.FutureTask.run(FutureTask.java:262)
	at java.util.concurrent.ThreadPoolExecutor.runWorker(ThreadPoolExecutor.java:1145)
	at java.util.concurrent.ThreadPoolExecutor$Worker.run(ThreadPoolExecutor.java:615)
	at java.lang.Thread.run(Thread.java:745)
* Finished org.apache.commons.math.ode.nonstiff.AdamsMoultonIntegratorTest#testDimensionCheck
* Started org.apache.commons.math.ode.nonstiff.AdamsMoultonIntegratorTest#testBackward
* Finished org.apache.commons.math.ode.nonstiff.AdamsMoultonIntegratorTest#testBackward
* Started org.apache.commons.math.ode.nonstiff.AdamsMoultonIntegratorTest#testSmallStep
* Finished org.apache.commons.math.ode.nonstiff.AdamsMoultonIntegratorTest#testSmallStep
* Started org.apache.commons.math.ode.nonstiff.AdamsMoultonIntegratorTest#testDecreasingSteps
* Finished org.apache.commons.math.ode.nonstiff.AdamsMoultonIntegratorTest#testDecreasingSteps
* Started org.apache.commons.math.ode.nonstiff.AdamsMoultonIntegratorTest#testBigStep
* Finished org.apache.commons.math.ode.nonstiff.AdamsMoultonIntegratorTest#testBigStep
* Started org.apache.commons.math.ode.nonstiff.AdamsMoultonIntegratorTest#testCorrectorCoefficients
* Finished org.apache.commons.math.ode.nonstiff.AdamsMoultonIntegratorTest#testCorrectorCoefficients
* Started org.apache.commons.math.fraction.FractionTest#testFloatValue
* Finished org.apache.commons.math.fraction.FractionTest#testFloatValue
* Started org.apache.commons.math.fraction.FractionTest#testAbs
* Finished org.apache.commons.math.fraction.FractionTest#testAbs
* Started org.apache.commons.math.fraction.FractionTest#testAdd
[ERROR] Class not found
java.lang.ClassNotFoundException: org.apache.commons.math.MessagesResources
	at java.lang.ClassLoader.findClass(ClassLoader.java:531)
	at java.lang.ClassLoader.loadClass(ClassLoader.java:425)
	at java.lang.ClassLoader.loadClass(ClassLoader.java:358)
	at com.gzoltar.lib.instrumentation.util.GZoltarClassLoader.loadClass(Unknown Source)
	at java.util.ResourceBundle$Control.newBundle(ResourceBundle.java:2566)
	at java.util.ResourceBundle.loadBundle(ResourceBundle.java:1436)
	at java.util.ResourceBundle.findBundle(ResourceBundle.java:1400)
	at java.util.ResourceBundle.findBundle(ResourceBundle.java:1354)
	at java.util.ResourceBundle.findBundle(ResourceBundle.java:1354)
	at java.util.ResourceBundle.getBundleImpl(ResourceBundle.java:1296)
	at java.util.ResourceBundle.getBundle(ResourceBundle.java:795)
	at org.apache.commons.math.MathRuntimeException.translate(MathRuntimeException.java:66)
	at org.apache.commons.math.MathRuntimeException.buildMessage(MathRuntimeException.java:94)
	at org.apache.commons.math.MathRuntimeException.createArithmeticException(MathRuntimeException.java:200)
	at org.apache.commons.math.fraction.Fraction.addSub(Fraction.java:453)
	at org.apache.commons.math.fraction.Fraction.add(Fraction.java:387)
	at org.apache.commons.math.fraction.FractionTest.testAdd(FractionTest.java:352)
	at sun.reflect.NativeMethodAccessorImpl.invoke0(Native Method)
	at sun.reflect.NativeMethodAccessorImpl.invoke(NativeMethodAccessorImpl.java:57)
	at sun.reflect.DelegatingMethodAccessorImpl.invoke(DelegatingMethodAccessorImpl.java:43)
	at java.lang.reflect.Method.invoke(Method.java:606)
	at junit.framework.TestCase.runTest(TestCase.java:176)
	at junit.framework.TestCase.runBare(TestCase.java:141)
	at junit.framework.TestResult$1.protect(TestResult.java:122)
	at junit.framework.TestResult.runProtected(TestResult.java:142)
	at junit.framework.TestResult.run(TestResult.java:125)
	at junit.framework.TestCase.run(TestCase.java:129)
	at junit.framework.TestSuite.runTest(TestSuite.java:255)
	at junit.framework.TestSuite.run(TestSuite.java:250)
	at org.junit.internal.runners.JUnit38ClassRunner.run(JUnit38ClassRunner.java:84)
	at com.gzoltar.lib.instrumentation.testing.junit.a.call(Unknown Source)
	at java.util.concurrent.FutureTask.run(FutureTask.java:262)
	at java.util.concurrent.ThreadPoolExecutor.runWorker(ThreadPoolExecutor.java:1145)
	at java.util.concurrent.ThreadPoolExecutor$Worker.run(ThreadPoolExecutor.java:615)
	at java.lang.Thread.run(Thread.java:745)
[ERROR] Class not found
java.lang.ClassNotFoundException: org.apache.commons.math.MessagesResources_en
	at java.lang.ClassLoader.findClass(ClassLoader.java:531)
	at java.lang.ClassLoader.loadClass(ClassLoader.java:425)
	at java.lang.ClassLoader.loadClass(ClassLoader.java:358)
	at com.gzoltar.lib.instrumentation.util.GZoltarClassLoader.loadClass(Unknown Source)
	at java.util.ResourceBundle$Control.newBundle(ResourceBundle.java:2566)
	at java.util.ResourceBundle.loadBundle(ResourceBundle.java:1436)
	at java.util.ResourceBundle.findBundle(ResourceBundle.java:1400)
	at java.util.ResourceBundle.findBundle(ResourceBundle.java:1354)
	at java.util.ResourceBundle.getBundleImpl(ResourceBundle.java:1296)
	at java.util.ResourceBundle.getBundle(ResourceBundle.java:795)
	at org.apache.commons.math.MathRuntimeException.translate(MathRuntimeException.java:66)
	at org.apache.commons.math.MathRuntimeException.buildMessage(MathRuntimeException.java:94)
	at org.apache.commons.math.MathRuntimeException.createArithmeticException(MathRuntimeException.java:200)
	at org.apache.commons.math.fraction.Fraction.addSub(Fraction.java:453)
	at org.apache.commons.math.fraction.Fraction.add(Fraction.java:387)
	at org.apache.commons.math.fraction.FractionTest.testAdd(FractionTest.java:352)
	at sun.reflect.NativeMethodAccessorImpl.invoke0(Native Method)
	at sun.reflect.NativeMethodAccessorImpl.invoke(NativeMethodAccessorImpl.java:57)
	at sun.reflect.DelegatingMethodAccessorImpl.invoke(DelegatingMethodAccessorImpl.java:43)
	at java.lang.reflect.Method.invoke(Method.java:606)
	at junit.framework.TestCase.runTest(TestCase.java:176)
	at junit.framework.TestCase.runBare(TestCase.java:141)
	at junit.framework.TestResult$1.protect(TestResult.java:122)
	at junit.framework.TestResult.runProtected(TestResult.java:142)
	at junit.framework.TestResult.run(TestResult.java:125)
	at junit.framework.TestCase.run(TestCase.java:129)
	at junit.framework.TestSuite.runTest(TestSuite.java:255)
	at junit.framework.TestSuite.run(TestSuite.java:250)
	at org.junit.internal.runners.JUnit38ClassRunner.run(JUnit38ClassRunner.java:84)
	at com.gzoltar.lib.instrumentation.testing.junit.a.call(Unknown Source)
	at java.util.concurrent.FutureTask.run(FutureTask.java:262)
	at java.util.concurrent.ThreadPoolExecutor.runWorker(ThreadPoolExecutor.java:1145)
	at java.util.concurrent.ThreadPoolExecutor$Worker.run(ThreadPoolExecutor.java:615)
	at java.lang.Thread.run(Thread.java:745)
[ERROR] Class not found
java.lang.ClassNotFoundException: org.apache.commons.math.MessagesResources_en_US
	at java.lang.ClassLoader.findClass(ClassLoader.java:531)
	at java.lang.ClassLoader.loadClass(ClassLoader.java:425)
	at java.lang.ClassLoader.loadClass(ClassLoader.java:358)
	at com.gzoltar.lib.instrumentation.util.GZoltarClassLoader.loadClass(Unknown Source)
	at java.util.ResourceBundle$Control.newBundle(ResourceBundle.java:2566)
	at java.util.ResourceBundle.loadBundle(ResourceBundle.java:1436)
	at java.util.ResourceBundle.findBundle(ResourceBundle.java:1400)
	at java.util.ResourceBundle.getBundleImpl(ResourceBundle.java:1296)
	at java.util.ResourceBundle.getBundle(ResourceBundle.java:795)
	at org.apache.commons.math.MathRuntimeException.translate(MathRuntimeException.java:66)
	at org.apache.commons.math.MathRuntimeException.buildMessage(MathRuntimeException.java:94)
	at org.apache.commons.math.MathRuntimeException.createArithmeticException(MathRuntimeException.java:200)
	at org.apache.commons.math.fraction.Fraction.addSub(Fraction.java:453)
	at org.apache.commons.math.fraction.Fraction.add(Fraction.java:387)
	at org.apache.commons.math.fraction.FractionTest.testAdd(FractionTest.java:352)
	at sun.reflect.NativeMethodAccessorImpl.invoke0(Native Method)
	at sun.reflect.NativeMethodAccessorImpl.invoke(NativeMethodAccessorImpl.java:57)
	at sun.reflect.DelegatingMethodAccessorImpl.invoke(DelegatingMethodAccessorImpl.java:43)
	at java.lang.reflect.Method.invoke(Method.java:606)
	at junit.framework.TestCase.runTest(TestCase.java:176)
	at junit.framework.TestCase.runBare(TestCase.java:141)
	at junit.framework.TestResult$1.protect(TestResult.java:122)
	at junit.framework.TestResult.runProtected(TestResult.java:142)
	at junit.framework.TestResult.run(TestResult.java:125)
	at junit.framework.TestCase.run(TestCase.java:129)
	at junit.framework.TestSuite.runTest(TestSuite.java:255)
	at junit.framework.TestSuite.run(TestSuite.java:250)
	at org.junit.internal.runners.JUnit38ClassRunner.run(JUnit38ClassRunner.java:84)
	at com.gzoltar.lib.instrumentation.testing.junit.a.call(Unknown Source)
	at java.util.concurrent.FutureTask.run(FutureTask.java:262)
	at java.util.concurrent.ThreadPoolExecutor.runWorker(ThreadPoolExecutor.java:1145)
	at java.util.concurrent.ThreadPoolExecutor$Worker.run(ThreadPoolExecutor.java:615)
	at java.lang.Thread.run(Thread.java:745)
* Finished org.apache.commons.math.fraction.FractionTest#testAdd
* Started org.apache.commons.math.fraction.FractionTest#testSubtract
[ERROR] Class not found
java.lang.ClassNotFoundException: org.apache.commons.math.MessagesResources
	at java.lang.ClassLoader.findClass(ClassLoader.java:531)
	at java.lang.ClassLoader.loadClass(ClassLoader.java:425)
	at java.lang.ClassLoader.loadClass(ClassLoader.java:358)
	at com.gzoltar.lib.instrumentation.util.GZoltarClassLoader.loadClass(Unknown Source)
	at java.util.ResourceBundle$Control.newBundle(ResourceBundle.java:2566)
	at java.util.ResourceBundle.loadBundle(ResourceBundle.java:1436)
	at java.util.ResourceBundle.findBundle(ResourceBundle.java:1400)
	at java.util.ResourceBundle.findBundle(ResourceBundle.java:1354)
	at java.util.ResourceBundle.findBundle(ResourceBundle.java:1354)
	at java.util.ResourceBundle.getBundleImpl(ResourceBundle.java:1296)
	at java.util.ResourceBundle.getBundle(ResourceBundle.java:795)
	at org.apache.commons.math.MathRuntimeException.translate(MathRuntimeException.java:66)
	at org.apache.commons.math.MathRuntimeException.buildMessage(MathRuntimeException.java:94)
	at org.apache.commons.math.MathRuntimeException.createArithmeticException(MathRuntimeException.java:200)
	at org.apache.commons.math.fraction.Fraction.addSub(Fraction.java:453)
	at org.apache.commons.math.fraction.Fraction.subtract(Fraction.java:401)
	at org.apache.commons.math.fraction.FractionTest.testSubtract(FractionTest.java:498)
	at sun.reflect.NativeMethodAccessorImpl.invoke0(Native Method)
	at sun.reflect.NativeMethodAccessorImpl.invoke(NativeMethodAccessorImpl.java:57)
	at sun.reflect.DelegatingMethodAccessorImpl.invoke(DelegatingMethodAccessorImpl.java:43)
	at java.lang.reflect.Method.invoke(Method.java:606)
	at junit.framework.TestCase.runTest(TestCase.java:176)
	at junit.framework.TestCase.runBare(TestCase.java:141)
	at junit.framework.TestResult$1.protect(TestResult.java:122)
	at junit.framework.TestResult.runProtected(TestResult.java:142)
	at junit.framework.TestResult.run(TestResult.java:125)
	at junit.framework.TestCase.run(TestCase.java:129)
	at junit.framework.TestSuite.runTest(TestSuite.java:255)
	at junit.framework.TestSuite.run(TestSuite.java:250)
	at org.junit.internal.runners.JUnit38ClassRunner.run(JUnit38ClassRunner.java:84)
	at com.gzoltar.lib.instrumentation.testing.junit.a.call(Unknown Source)
	at java.util.concurrent.FutureTask.run(FutureTask.java:262)
	at java.util.concurrent.ThreadPoolExecutor.runWorker(ThreadPoolExecutor.java:1145)
	at java.util.concurrent.ThreadPoolExecutor$Worker.run(ThreadPoolExecutor.java:615)
	at java.lang.Thread.run(Thread.java:745)
[ERROR] Class not found
java.lang.ClassNotFoundException: org.apache.commons.math.MessagesResources_en
	at java.lang.ClassLoader.findClass(ClassLoader.java:531)
	at java.lang.ClassLoader.loadClass(ClassLoader.java:425)
	at java.lang.ClassLoader.loadClass(ClassLoader.java:358)
	at com.gzoltar.lib.instrumentation.util.GZoltarClassLoader.loadClass(Unknown Source)
	at java.util.ResourceBundle$Control.newBundle(ResourceBundle.java:2566)
	at java.util.ResourceBundle.loadBundle(ResourceBundle.java:1436)
	at java.util.ResourceBundle.findBundle(ResourceBundle.java:1400)
	at java.util.ResourceBundle.findBundle(ResourceBundle.java:1354)
	at java.util.ResourceBundle.getBundleImpl(ResourceBundle.java:1296)
	at java.util.ResourceBundle.getBundle(ResourceBundle.java:795)
	at org.apache.commons.math.MathRuntimeException.translate(MathRuntimeException.java:66)
	at org.apache.commons.math.MathRuntimeException.buildMessage(MathRuntimeException.java:94)
	at org.apache.commons.math.MathRuntimeException.createArithmeticException(MathRuntimeException.java:200)
	at org.apache.commons.math.fraction.Fraction.addSub(Fraction.java:453)
	at org.apache.commons.math.fraction.Fraction.subtract(Fraction.java:401)
	at org.apache.commons.math.fraction.FractionTest.testSubtract(FractionTest.java:498)
	at sun.reflect.NativeMethodAccessorImpl.invoke0(Native Method)
	at sun.reflect.NativeMethodAccessorImpl.invoke(NativeMethodAccessorImpl.java:57)
	at sun.reflect.DelegatingMethodAccessorImpl.invoke(DelegatingMethodAccessorImpl.java:43)
	at java.lang.reflect.Method.invoke(Method.java:606)
	at junit.framework.TestCase.runTest(TestCase.java:176)
	at junit.framework.TestCase.runBare(TestCase.java:141)
	at junit.framework.TestResult$1.protect(TestResult.java:122)
	at junit.framework.TestResult.runProtected(TestResult.java:142)
	at junit.framework.TestResult.run(TestResult.java:125)
	at junit.framework.TestCase.run(TestCase.java:129)
	at junit.framework.TestSuite.runTest(TestSuite.java:255)
	at junit.framework.TestSuite.run(TestSuite.java:250)
	at org.junit.internal.runners.JUnit38ClassRunner.run(JUnit38ClassRunner.java:84)
	at com.gzoltar.lib.instrumentation.testing.junit.a.call(Unknown Source)
	at java.util.concurrent.FutureTask.run(FutureTask.java:262)
	at java.util.concurrent.ThreadPoolExecutor.runWorker(ThreadPoolExecutor.java:1145)
	at java.util.concurrent.ThreadPoolExecutor$Worker.run(ThreadPoolExecutor.java:615)
	at java.lang.Thread.run(Thread.java:745)
[ERROR] Class not found
java.lang.ClassNotFoundException: org.apache.commons.math.MessagesResources_en_US
	at java.lang.ClassLoader.findClass(ClassLoader.java:531)
	at java.lang.ClassLoader.loadClass(ClassLoader.java:425)
	at java.lang.ClassLoader.loadClass(ClassLoader.java:358)
	at com.gzoltar.lib.instrumentation.util.GZoltarClassLoader.loadClass(Unknown Source)
	at java.util.ResourceBundle$Control.newBundle(ResourceBundle.java:2566)
	at java.util.ResourceBundle.loadBundle(ResourceBundle.java:1436)
	at java.util.ResourceBundle.findBundle(ResourceBundle.java:1400)
	at java.util.ResourceBundle.getBundleImpl(ResourceBundle.java:1296)
	at java.util.ResourceBundle.getBundle(ResourceBundle.java:795)
	at org.apache.commons.math.MathRuntimeException.translate(MathRuntimeException.java:66)
	at org.apache.commons.math.MathRuntimeException.buildMessage(MathRuntimeException.java:94)
	at org.apache.commons.math.MathRuntimeException.createArithmeticException(MathRuntimeException.java:200)
	at org.apache.commons.math.fraction.Fraction.addSub(Fraction.java:453)
	at org.apache.commons.math.fraction.Fraction.subtract(Fraction.java:401)
	at org.apache.commons.math.fraction.FractionTest.testSubtract(FractionTest.java:498)
	at sun.reflect.NativeMethodAccessorImpl.invoke0(Native Method)
	at sun.reflect.NativeMethodAccessorImpl.invoke(NativeMethodAccessorImpl.java:57)
	at sun.reflect.DelegatingMethodAccessorImpl.invoke(DelegatingMethodAccessorImpl.java:43)
	at java.lang.reflect.Method.invoke(Method.java:606)
	at junit.framework.TestCase.runTest(TestCase.java:176)
	at junit.framework.TestCase.runBare(TestCase.java:141)
	at junit.framework.TestResult$1.protect(TestResult.java:122)
	at junit.framework.TestResult.runProtected(TestResult.java:142)
	at junit.framework.TestResult.run(TestResult.java:125)
	at junit.framework.TestCase.run(TestCase.java:129)
	at junit.framework.TestSuite.runTest(TestSuite.java:255)
	at junit.framework.TestSuite.run(TestSuite.java:250)
	at org.junit.internal.runners.JUnit38ClassRunner.run(JUnit38ClassRunner.java:84)
	at com.gzoltar.lib.instrumentation.testing.junit.a.call(Unknown Source)
	at java.util.concurrent.FutureTask.run(FutureTask.java:262)
	at java.util.concurrent.ThreadPoolExecutor.runWorker(ThreadPoolExecutor.java:1145)
	at java.util.concurrent.ThreadPoolExecutor$Worker.run(ThreadPoolExecutor.java:615)
	at java.lang.Thread.run(Thread.java:745)
* Finished org.apache.commons.math.fraction.FractionTest#testSubtract
* Started org.apache.commons.math.fraction.FractionTest#testReciprocal
[ERROR] Class not found
java.lang.ClassNotFoundException: org.apache.commons.math.MessagesResources
	at java.lang.ClassLoader.findClass(ClassLoader.java:531)
	at java.lang.ClassLoader.loadClass(ClassLoader.java:425)
	at java.lang.ClassLoader.loadClass(ClassLoader.java:358)
	at com.gzoltar.lib.instrumentation.util.GZoltarClassLoader.loadClass(Unknown Source)
	at java.util.ResourceBundle$Control.newBundle(ResourceBundle.java:2566)
	at java.util.ResourceBundle.loadBundle(ResourceBundle.java:1436)
	at java.util.ResourceBundle.findBundle(ResourceBundle.java:1400)
	at java.util.ResourceBundle.findBundle(ResourceBundle.java:1354)
	at java.util.ResourceBundle.findBundle(ResourceBundle.java:1354)
	at java.util.ResourceBundle.getBundleImpl(ResourceBundle.java:1296)
	at java.util.ResourceBundle.getBundle(ResourceBundle.java:795)
	at org.apache.commons.math.MathRuntimeException.translate(MathRuntimeException.java:66)
	at org.apache.commons.math.MathRuntimeException.buildMessage(MathRuntimeException.java:94)
	at org.apache.commons.math.MathRuntimeException.createArithmeticException(MathRuntimeException.java:200)
	at org.apache.commons.math.fraction.Fraction.<init>(Fraction.java:211)
	at org.apache.commons.math.fraction.Fraction.reciprocal(Fraction.java:373)
	at org.apache.commons.math.fraction.FractionTest.testReciprocal(FractionTest.java:260)
	at sun.reflect.NativeMethodAccessorImpl.invoke0(Native Method)
	at sun.reflect.NativeMethodAccessorImpl.invoke(NativeMethodAccessorImpl.java:57)
	at sun.reflect.DelegatingMethodAccessorImpl.invoke(DelegatingMethodAccessorImpl.java:43)
	at java.lang.reflect.Method.invoke(Method.java:606)
	at junit.framework.TestCase.runTest(TestCase.java:176)
	at junit.framework.TestCase.runBare(TestCase.java:141)
	at junit.framework.TestResult$1.protect(TestResult.java:122)
	at junit.framework.TestResult.runProtected(TestResult.java:142)
	at junit.framework.TestResult.run(TestResult.java:125)
	at junit.framework.TestCase.run(TestCase.java:129)
	at junit.framework.TestSuite.runTest(TestSuite.java:255)
	at junit.framework.TestSuite.run(TestSuite.java:250)
	at org.junit.internal.runners.JUnit38ClassRunner.run(JUnit38ClassRunner.java:84)
	at com.gzoltar.lib.instrumentation.testing.junit.a.call(Unknown Source)
	at java.util.concurrent.FutureTask.run(FutureTask.java:262)
	at java.util.concurrent.ThreadPoolExecutor.runWorker(ThreadPoolExecutor.java:1145)
	at java.util.concurrent.ThreadPoolExecutor$Worker.run(ThreadPoolExecutor.java:615)
	at java.lang.Thread.run(Thread.java:745)
[ERROR] Class not found
java.lang.ClassNotFoundException: org.apache.commons.math.MessagesResources_en
	at java.lang.ClassLoader.findClass(ClassLoader.java:531)
	at java.lang.ClassLoader.loadClass(ClassLoader.java:425)
	at java.lang.ClassLoader.loadClass(ClassLoader.java:358)
	at com.gzoltar.lib.instrumentation.util.GZoltarClassLoader.loadClass(Unknown Source)
	at java.util.ResourceBundle$Control.newBundle(ResourceBundle.java:2566)
	at java.util.ResourceBundle.loadBundle(ResourceBundle.java:1436)
	at java.util.ResourceBundle.findBundle(ResourceBundle.java:1400)
	at java.util.ResourceBundle.findBundle(ResourceBundle.java:1354)
	at java.util.ResourceBundle.getBundleImpl(ResourceBundle.java:1296)
	at java.util.ResourceBundle.getBundle(ResourceBundle.java:795)
	at org.apache.commons.math.MathRuntimeException.translate(MathRuntimeException.java:66)
	at org.apache.commons.math.MathRuntimeException.buildMessage(MathRuntimeException.java:94)
	at org.apache.commons.math.MathRuntimeException.createArithmeticException(MathRuntimeException.java:200)
	at org.apache.commons.math.fraction.Fraction.<init>(Fraction.java:211)
	at org.apache.commons.math.fraction.Fraction.reciprocal(Fraction.java:373)
	at org.apache.commons.math.fraction.FractionTest.testReciprocal(FractionTest.java:260)
	at sun.reflect.NativeMethodAccessorImpl.invoke0(Native Method)
	at sun.reflect.NativeMethodAccessorImpl.invoke(NativeMethodAccessorImpl.java:57)
	at sun.reflect.DelegatingMethodAccessorImpl.invoke(DelegatingMethodAccessorImpl.java:43)
	at java.lang.reflect.Method.invoke(Method.java:606)
	at junit.framework.TestCase.runTest(TestCase.java:176)
	at junit.framework.TestCase.runBare(TestCase.java:141)
	at junit.framework.TestResult$1.protect(TestResult.java:122)
	at junit.framework.TestResult.runProtected(TestResult.java:142)
	at junit.framework.TestResult.run(TestResult.java:125)
	at junit.framework.TestCase.run(TestCase.java:129)
	at junit.framework.TestSuite.runTest(TestSuite.java:255)
	at junit.framework.TestSuite.run(TestSuite.java:250)
	at org.junit.internal.runners.JUnit38ClassRunner.run(JUnit38ClassRunner.java:84)
	at com.gzoltar.lib.instrumentation.testing.junit.a.call(Unknown Source)
	at java.util.concurrent.FutureTask.run(FutureTask.java:262)
	at java.util.concurrent.ThreadPoolExecutor.runWorker(ThreadPoolExecutor.java:1145)
	at java.util.concurrent.ThreadPoolExecutor$Worker.run(ThreadPoolExecutor.java:615)
	at java.lang.Thread.run(Thread.java:745)
[ERROR] Class not found
java.lang.ClassNotFoundException: org.apache.commons.math.MessagesResources_en_US
	at java.lang.ClassLoader.findClass(ClassLoader.java:531)
	at java.lang.ClassLoader.loadClass(ClassLoader.java:425)
	at java.lang.ClassLoader.loadClass(ClassLoader.java:358)
	at com.gzoltar.lib.instrumentation.util.GZoltarClassLoader.loadClass(Unknown Source)
	at java.util.ResourceBundle$Control.newBundle(ResourceBundle.java:2566)
	at java.util.ResourceBundle.loadBundle(ResourceBundle.java:1436)
	at java.util.ResourceBundle.findBundle(ResourceBundle.java:1400)
	at java.util.ResourceBundle.getBundleImpl(ResourceBundle.java:1296)
	at java.util.ResourceBundle.getBundle(ResourceBundle.java:795)
	at org.apache.commons.math.MathRuntimeException.translate(MathRuntimeException.java:66)
	at org.apache.commons.math.MathRuntimeException.buildMessage(MathRuntimeException.java:94)
	at org.apache.commons.math.MathRuntimeException.createArithmeticException(MathRuntimeException.java:200)
	at org.apache.commons.math.fraction.Fraction.<init>(Fraction.java:211)
	at org.apache.commons.math.fraction.Fraction.reciprocal(Fraction.java:373)
	at org.apache.commons.math.fraction.FractionTest.testReciprocal(FractionTest.java:260)
	at sun.reflect.NativeMethodAccessorImpl.invoke0(Native Method)
	at sun.reflect.NativeMethodAccessorImpl.invoke(NativeMethodAccessorImpl.java:57)
	at sun.reflect.DelegatingMethodAccessorImpl.invoke(DelegatingMethodAccessorImpl.java:43)
	at java.lang.reflect.Method.invoke(Method.java:606)
	at junit.framework.TestCase.runTest(TestCase.java:176)
	at junit.framework.TestCase.runBare(TestCase.java:141)
	at junit.framework.TestResult$1.protect(TestResult.java:122)
	at junit.framework.TestResult.runProtected(TestResult.java:142)
	at junit.framework.TestResult.run(TestResult.java:125)
	at junit.framework.TestCase.run(TestCase.java:129)
	at junit.framework.TestSuite.runTest(TestSuite.java:255)
	at junit.framework.TestSuite.run(TestSuite.java:250)
	at org.junit.internal.runners.JUnit38ClassRunner.run(JUnit38ClassRunner.java:84)
	at com.gzoltar.lib.instrumentation.testing.junit.a.call(Unknown Source)
	at java.util.concurrent.FutureTask.run(FutureTask.java:262)
	at java.util.concurrent.ThreadPoolExecutor.runWorker(ThreadPoolExecutor.java:1145)
	at java.util.concurrent.ThreadPoolExecutor$Worker.run(ThreadPoolExecutor.java:615)
	at java.lang.Thread.run(Thread.java:745)
* Finished org.apache.commons.math.fraction.FractionTest#testReciprocal
* Started org.apache.commons.math.fraction.FractionTest#testEpsilonLimitConstructor
* Finished org.apache.commons.math.fraction.FractionTest#testEpsilonLimitConstructor
* Started org.apache.commons.math.fraction.FractionTest#testGetReducedFraction
[ERROR] Class not found
java.lang.ClassNotFoundException: org.apache.commons.math.MessagesResources
	at java.lang.ClassLoader.findClass(ClassLoader.java:531)
	at java.lang.ClassLoader.loadClass(ClassLoader.java:425)
	at java.lang.ClassLoader.loadClass(ClassLoader.java:358)
	at com.gzoltar.lib.instrumentation.util.GZoltarClassLoader.loadClass(Unknown Source)
	at java.util.ResourceBundle$Control.newBundle(ResourceBundle.java:2566)
	at java.util.ResourceBundle.loadBundle(ResourceBundle.java:1436)
	at java.util.ResourceBundle.findBundle(ResourceBundle.java:1400)
	at java.util.ResourceBundle.findBundle(ResourceBundle.java:1354)
	at java.util.ResourceBundle.findBundle(ResourceBundle.java:1354)
	at java.util.ResourceBundle.getBundleImpl(ResourceBundle.java:1296)
	at java.util.ResourceBundle.getBundle(ResourceBundle.java:795)
	at org.apache.commons.math.MathRuntimeException.translate(MathRuntimeException.java:66)
	at org.apache.commons.math.MathRuntimeException.buildMessage(MathRuntimeException.java:94)
	at org.apache.commons.math.MathRuntimeException.createArithmeticException(MathRuntimeException.java:200)
	at org.apache.commons.math.fraction.Fraction.getReducedFraction(Fraction.java:522)
	at org.apache.commons.math.fraction.FractionTest.testGetReducedFraction(FractionTest.java:540)
	at sun.reflect.NativeMethodAccessorImpl.invoke0(Native Method)
	at sun.reflect.NativeMethodAccessorImpl.invoke(NativeMethodAccessorImpl.java:57)
	at sun.reflect.DelegatingMethodAccessorImpl.invoke(DelegatingMethodAccessorImpl.java:43)
	at java.lang.reflect.Method.invoke(Method.java:606)
	at junit.framework.TestCase.runTest(TestCase.java:176)
	at junit.framework.TestCase.runBare(TestCase.java:141)
	at junit.framework.TestResult$1.protect(TestResult.java:122)
	at junit.framework.TestResult.runProtected(TestResult.java:142)
	at junit.framework.TestResult.run(TestResult.java:125)
	at junit.framework.TestCase.run(TestCase.java:129)
	at junit.framework.TestSuite.runTest(TestSuite.java:255)
	at junit.framework.TestSuite.run(TestSuite.java:250)
	at org.junit.internal.runners.JUnit38ClassRunner.run(JUnit38ClassRunner.java:84)
	at com.gzoltar.lib.instrumentation.testing.junit.a.call(Unknown Source)
	at java.util.concurrent.FutureTask.run(FutureTask.java:262)
	at java.util.concurrent.ThreadPoolExecutor.runWorker(ThreadPoolExecutor.java:1145)
	at java.util.concurrent.ThreadPoolExecutor$Worker.run(ThreadPoolExecutor.java:615)
	at java.lang.Thread.run(Thread.java:745)
[ERROR] Class not found
java.lang.ClassNotFoundException: org.apache.commons.math.MessagesResources_en
	at java.lang.ClassLoader.findClass(ClassLoader.java:531)
	at java.lang.ClassLoader.loadClass(ClassLoader.java:425)
	at java.lang.ClassLoader.loadClass(ClassLoader.java:358)
	at com.gzoltar.lib.instrumentation.util.GZoltarClassLoader.loadClass(Unknown Source)
	at java.util.ResourceBundle$Control.newBundle(ResourceBundle.java:2566)
	at java.util.ResourceBundle.loadBundle(ResourceBundle.java:1436)
	at java.util.ResourceBundle.findBundle(ResourceBundle.java:1400)
	at java.util.ResourceBundle.findBundle(ResourceBundle.java:1354)
	at java.util.ResourceBundle.getBundleImpl(ResourceBundle.java:1296)
	at java.util.ResourceBundle.getBundle(ResourceBundle.java:795)
	at org.apache.commons.math.MathRuntimeException.translate(MathRuntimeException.java:66)
	at org.apache.commons.math.MathRuntimeException.buildMessage(MathRuntimeException.java:94)
	at org.apache.commons.math.MathRuntimeException.createArithmeticException(MathRuntimeException.java:200)
	at org.apache.commons.math.fraction.Fraction.getReducedFraction(Fraction.java:522)
	at org.apache.commons.math.fraction.FractionTest.testGetReducedFraction(FractionTest.java:540)
	at sun.reflect.NativeMethodAccessorImpl.invoke0(Native Method)
	at sun.reflect.NativeMethodAccessorImpl.invoke(NativeMethodAccessorImpl.java:57)
	at sun.reflect.DelegatingMethodAccessorImpl.invoke(DelegatingMethodAccessorImpl.java:43)
	at java.lang.reflect.Method.invoke(Method.java:606)
	at junit.framework.TestCase.runTest(TestCase.java:176)
	at junit.framework.TestCase.runBare(TestCase.java:141)
	at junit.framework.TestResult$1.protect(TestResult.java:122)
	at junit.framework.TestResult.runProtected(TestResult.java:142)
	at junit.framework.TestResult.run(TestResult.java:125)
	at junit.framework.TestCase.run(TestCase.java:129)
	at junit.framework.TestSuite.runTest(TestSuite.java:255)
	at junit.framework.TestSuite.run(TestSuite.java:250)
	at org.junit.internal.runners.JUnit38ClassRunner.run(JUnit38ClassRunner.java:84)
	at com.gzoltar.lib.instrumentation.testing.junit.a.call(Unknown Source)
	at java.util.concurrent.FutureTask.run(FutureTask.java:262)
	at java.util.concurrent.ThreadPoolExecutor.runWorker(ThreadPoolExecutor.java:1145)
	at java.util.concurrent.ThreadPoolExecutor$Worker.run(ThreadPoolExecutor.java:615)
	at java.lang.Thread.run(Thread.java:745)
[ERROR] Class not found
java.lang.ClassNotFoundException: org.apache.commons.math.MessagesResources_en_US
	at java.lang.ClassLoader.findClass(ClassLoader.java:531)
	at java.lang.ClassLoader.loadClass(ClassLoader.java:425)
	at java.lang.ClassLoader.loadClass(ClassLoader.java:358)
	at com.gzoltar.lib.instrumentation.util.GZoltarClassLoader.loadClass(Unknown Source)
	at java.util.ResourceBundle$Control.newBundle(ResourceBundle.java:2566)
	at java.util.ResourceBundle.loadBundle(ResourceBundle.java:1436)
	at java.util.ResourceBundle.findBundle(ResourceBundle.java:1400)
	at java.util.ResourceBundle.getBundleImpl(ResourceBundle.java:1296)
	at java.util.ResourceBundle.getBundle(ResourceBundle.java:795)
	at org.apache.commons.math.MathRuntimeException.translate(MathRuntimeException.java:66)
	at org.apache.commons.math.MathRuntimeException.buildMessage(MathRuntimeException.java:94)
	at org.apache.commons.math.MathRuntimeException.createArithmeticException(MathRuntimeException.java:200)
	at org.apache.commons.math.fraction.Fraction.getReducedFraction(Fraction.java:522)
	at org.apache.commons.math.fraction.FractionTest.testGetReducedFraction(FractionTest.java:540)
	at sun.reflect.NativeMethodAccessorImpl.invoke0(Native Method)
	at sun.reflect.NativeMethodAccessorImpl.invoke(NativeMethodAccessorImpl.java:57)
	at sun.reflect.DelegatingMethodAccessorImpl.invoke(DelegatingMethodAccessorImpl.java:43)
	at java.lang.reflect.Method.invoke(Method.java:606)
	at junit.framework.TestCase.runTest(TestCase.java:176)
	at junit.framework.TestCase.runBare(TestCase.java:141)
	at junit.framework.TestResult$1.protect(TestResult.java:122)
	at junit.framework.TestResult.runProtected(TestResult.java:142)
	at junit.framework.TestResult.run(TestResult.java:125)
	at junit.framework.TestCase.run(TestCase.java:129)
	at junit.framework.TestSuite.runTest(TestSuite.java:255)
	at junit.framework.TestSuite.run(TestSuite.java:250)
	at org.junit.internal.runners.JUnit38ClassRunner.run(JUnit38ClassRunner.java:84)
	at com.gzoltar.lib.instrumentation.testing.junit.a.call(Unknown Source)
	at java.util.concurrent.FutureTask.run(FutureTask.java:262)
	at java.util.concurrent.ThreadPoolExecutor.runWorker(ThreadPoolExecutor.java:1145)
	at java.util.concurrent.ThreadPoolExecutor$Worker.run(ThreadPoolExecutor.java:615)
	at java.lang.Thread.run(Thread.java:745)
* Finished org.apache.commons.math.fraction.FractionTest#testGetReducedFraction
* Started org.apache.commons.math.fraction.FractionTest#testConstructorDouble
* Finished org.apache.commons.math.fraction.FractionTest#testConstructorDouble
* Started org.apache.commons.math.fraction.FractionTest#testCompareTo
* Failure: expected:<-1> but was:<0> | testCompareTo(org.apache.commons.math.fraction.FractionTest)
junit.framework.AssertionFailedError: expected:<-1> but was:<0>
	at junit.framework.Assert.fail(Assert.java:57)
	at junit.framework.Assert.failNotEquals(Assert.java:329)
	at junit.framework.Assert.assertEquals(Assert.java:78)
	at junit.framework.Assert.assertEquals(Assert.java:234)
	at junit.framework.Assert.assertEquals(Assert.java:241)
	at junit.framework.TestCase.assertEquals(TestCase.java:409)
	at org.apache.commons.math.fraction.FractionTest.testCompareTo(FractionTest.java:178)
	at sun.reflect.NativeMethodAccessorImpl.invoke0(Native Method)
	at sun.reflect.NativeMethodAccessorImpl.invoke(NativeMethodAccessorImpl.java:57)
	at sun.reflect.DelegatingMethodAccessorImpl.invoke(DelegatingMethodAccessorImpl.java:43)
	at java.lang.reflect.Method.invoke(Method.java:606)
	at junit.framework.TestCase.runTest(TestCase.java:176)
	at junit.framework.TestCase.runBare(TestCase.java:141)
	at junit.framework.TestResult$1.protect(TestResult.java:122)
	at junit.framework.TestResult.runProtected(TestResult.java:142)
	at junit.framework.TestResult.run(TestResult.java:125)
	at junit.framework.TestCase.run(TestCase.java:129)
	at junit.framework.TestSuite.runTest(TestSuite.java:255)
	at junit.framework.TestSuite.run(TestSuite.java:250)
	at org.junit.internal.runners.JUnit38ClassRunner.run(JUnit38ClassRunner.java:84)
	at com.gzoltar.lib.instrumentation.testing.junit.a.call(Unknown Source)
	at java.util.concurrent.FutureTask.run(FutureTask.java:262)
	at java.util.concurrent.ThreadPoolExecutor.runWorker(ThreadPoolExecutor.java:1145)
	at java.util.concurrent.ThreadPoolExecutor$Worker.run(ThreadPoolExecutor.java:615)
	at java.lang.Thread.run(Thread.java:745)

* Finished org.apache.commons.math.fraction.FractionTest#testCompareTo
* Started org.apache.commons.math.fraction.FractionTest#testDoubleConstructor
* Finished org.apache.commons.math.fraction.FractionTest#testDoubleConstructor
* Started org.apache.commons.math.fraction.FractionTest#testLongValue
* Finished org.apache.commons.math.fraction.FractionTest#testLongValue
* Started org.apache.commons.math.fraction.FractionTest#testDigitLimitConstructor
* Finished org.apache.commons.math.fraction.FractionTest#testDigitLimitConstructor
* Started org.apache.commons.math.fraction.FractionTest#testIntValue
* Finished org.apache.commons.math.fraction.FractionTest#testIntValue
* Started org.apache.commons.math.fraction.FractionTest#testDivide
[ERROR] Class not found
java.lang.ClassNotFoundException: org.apache.commons.math.MessagesResources
	at java.lang.ClassLoader.findClass(ClassLoader.java:531)
	at java.lang.ClassLoader.loadClass(ClassLoader.java:425)
	at java.lang.ClassLoader.loadClass(ClassLoader.java:358)
	at com.gzoltar.lib.instrumentation.util.GZoltarClassLoader.loadClass(Unknown Source)
	at java.util.ResourceBundle$Control.newBundle(ResourceBundle.java:2566)
	at java.util.ResourceBundle.loadBundle(ResourceBundle.java:1436)
	at java.util.ResourceBundle.findBundle(ResourceBundle.java:1400)
	at java.util.ResourceBundle.findBundle(ResourceBundle.java:1354)
	at java.util.ResourceBundle.findBundle(ResourceBundle.java:1354)
	at java.util.ResourceBundle.getBundleImpl(ResourceBundle.java:1296)
	at java.util.ResourceBundle.getBundle(ResourceBundle.java:795)
	at org.apache.commons.math.MathRuntimeException.translate(MathRuntimeException.java:66)
	at org.apache.commons.math.MathRuntimeException.buildMessage(MathRuntimeException.java:94)
	at org.apache.commons.math.MathRuntimeException.createArithmeticException(MathRuntimeException.java:200)
	at org.apache.commons.math.fraction.Fraction.divide(Fraction.java:502)
	at org.apache.commons.math.fraction.FractionTest.testDivide(FractionTest.java:388)
	at sun.reflect.NativeMethodAccessorImpl.invoke0(Native Method)
	at sun.reflect.NativeMethodAccessorImpl.invoke(NativeMethodAccessorImpl.java:57)
	at sun.reflect.DelegatingMethodAccessorImpl.invoke(DelegatingMethodAccessorImpl.java:43)
	at java.lang.reflect.Method.invoke(Method.java:606)
	at junit.framework.TestCase.runTest(TestCase.java:176)
	at junit.framework.TestCase.runBare(TestCase.java:141)
	at junit.framework.TestResult$1.protect(TestResult.java:122)
	at junit.framework.TestResult.runProtected(TestResult.java:142)
	at junit.framework.TestResult.run(TestResult.java:125)
	at junit.framework.TestCase.run(TestCase.java:129)
	at junit.framework.TestSuite.runTest(TestSuite.java:255)
	at junit.framework.TestSuite.run(TestSuite.java:250)
	at org.junit.internal.runners.JUnit38ClassRunner.run(JUnit38ClassRunner.java:84)
	at com.gzoltar.lib.instrumentation.testing.junit.a.call(Unknown Source)
	at java.util.concurrent.FutureTask.run(FutureTask.java:262)
	at java.util.concurrent.ThreadPoolExecutor.runWorker(ThreadPoolExecutor.java:1145)
	at java.util.concurrent.ThreadPoolExecutor$Worker.run(ThreadPoolExecutor.java:615)
	at java.lang.Thread.run(Thread.java:745)
[ERROR] Class not found
java.lang.ClassNotFoundException: org.apache.commons.math.MessagesResources_en
	at java.lang.ClassLoader.findClass(ClassLoader.java:531)
	at java.lang.ClassLoader.loadClass(ClassLoader.java:425)
	at java.lang.ClassLoader.loadClass(ClassLoader.java:358)
	at com.gzoltar.lib.instrumentation.util.GZoltarClassLoader.loadClass(Unknown Source)
	at java.util.ResourceBundle$Control.newBundle(ResourceBundle.java:2566)
	at java.util.ResourceBundle.loadBundle(ResourceBundle.java:1436)
	at java.util.ResourceBundle.findBundle(ResourceBundle.java:1400)
	at java.util.ResourceBundle.findBundle(ResourceBundle.java:1354)
	at java.util.ResourceBundle.getBundleImpl(ResourceBundle.java:1296)
	at java.util.ResourceBundle.getBundle(ResourceBundle.java:795)
	at org.apache.commons.math.MathRuntimeException.translate(MathRuntimeException.java:66)
	at org.apache.commons.math.MathRuntimeException.buildMessage(MathRuntimeException.java:94)
	at org.apache.commons.math.MathRuntimeException.createArithmeticException(MathRuntimeException.java:200)
	at org.apache.commons.math.fraction.Fraction.divide(Fraction.java:502)
	at org.apache.commons.math.fraction.FractionTest.testDivide(FractionTest.java:388)
	at sun.reflect.NativeMethodAccessorImpl.invoke0(Native Method)
	at sun.reflect.NativeMethodAccessorImpl.invoke(NativeMethodAccessorImpl.java:57)
	at sun.reflect.DelegatingMethodAccessorImpl.invoke(DelegatingMethodAccessorImpl.java:43)
	at java.lang.reflect.Method.invoke(Method.java:606)
	at junit.framework.TestCase.runTest(TestCase.java:176)
	at junit.framework.TestCase.runBare(TestCase.java:141)
	at junit.framework.TestResult$1.protect(TestResult.java:122)
	at junit.framework.TestResult.runProtected(TestResult.java:142)
	at junit.framework.TestResult.run(TestResult.java:125)
	at junit.framework.TestCase.run(TestCase.java:129)
	at junit.framework.TestSuite.runTest(TestSuite.java:255)
	at junit.framework.TestSuite.run(TestSuite.java:250)
	at org.junit.internal.runners.JUnit38ClassRunner.run(JUnit38ClassRunner.java:84)
	at com.gzoltar.lib.instrumentation.testing.junit.a.call(Unknown Source)
	at java.util.concurrent.FutureTask.run(FutureTask.java:262)
	at java.util.concurrent.ThreadPoolExecutor.runWorker(ThreadPoolExecutor.java:1145)
	at java.util.concurrent.ThreadPoolExecutor$Worker.run(ThreadPoolExecutor.java:615)
	at java.lang.Thread.run(Thread.java:745)
[ERROR] Class not found
java.lang.ClassNotFoundException: org.apache.commons.math.MessagesResources_en_US
	at java.lang.ClassLoader.findClass(ClassLoader.java:531)
	at java.lang.ClassLoader.loadClass(ClassLoader.java:425)
	at java.lang.ClassLoader.loadClass(ClassLoader.java:358)
	at com.gzoltar.lib.instrumentation.util.GZoltarClassLoader.loadClass(Unknown Source)
	at java.util.ResourceBundle$Control.newBundle(ResourceBundle.java:2566)
	at java.util.ResourceBundle.loadBundle(ResourceBundle.java:1436)
	at java.util.ResourceBundle.findBundle(ResourceBundle.java:1400)
	at java.util.ResourceBundle.getBundleImpl(ResourceBundle.java:1296)
	at java.util.ResourceBundle.getBundle(ResourceBundle.java:795)
	at org.apache.commons.math.MathRuntimeException.translate(MathRuntimeException.java:66)
	at org.apache.commons.math.MathRuntimeException.buildMessage(MathRuntimeException.java:94)
	at org.apache.commons.math.MathRuntimeException.createArithmeticException(MathRuntimeException.java:200)
	at org.apache.commons.math.fraction.Fraction.divide(Fraction.java:502)
	at org.apache.commons.math.fraction.FractionTest.testDivide(FractionTest.java:388)
	at sun.reflect.NativeMethodAccessorImpl.invoke0(Native Method)
	at sun.reflect.NativeMethodAccessorImpl.invoke(NativeMethodAccessorImpl.java:57)
	at sun.reflect.DelegatingMethodAccessorImpl.invoke(DelegatingMethodAccessorImpl.java:43)
	at java.lang.reflect.Method.invoke(Method.java:606)
	at junit.framework.TestCase.runTest(TestCase.java:176)
	at junit.framework.TestCase.runBare(TestCase.java:141)
	at junit.framework.TestResult$1.protect(TestResult.java:122)
	at junit.framework.TestResult.runProtected(TestResult.java:142)
	at junit.framework.TestResult.run(TestResult.java:125)
	at junit.framework.TestCase.run(TestCase.java:129)
	at junit.framework.TestSuite.runTest(TestSuite.java:255)
	at junit.framework.TestSuite.run(TestSuite.java:250)
	at org.junit.internal.runners.JUnit38ClassRunner.run(JUnit38ClassRunner.java:84)
	at com.gzoltar.lib.instrumentation.testing.junit.a.call(Unknown Source)
	at java.util.concurrent.FutureTask.run(FutureTask.java:262)
	at java.util.concurrent.ThreadPoolExecutor.runWorker(ThreadPoolExecutor.java:1145)
	at java.util.concurrent.ThreadPoolExecutor$Worker.run(ThreadPoolExecutor.java:615)
	at java.lang.Thread.run(Thread.java:745)
* Finished org.apache.commons.math.fraction.FractionTest#testDivide
* Started org.apache.commons.math.fraction.FractionTest#testMultiply
* Finished org.apache.commons.math.fraction.FractionTest#testMultiply
* Started org.apache.commons.math.fraction.FractionTest#testEqualsAndHashCode
* Finished org.apache.commons.math.fraction.FractionTest#testEqualsAndHashCode
* Started org.apache.commons.math.fraction.FractionTest#testNegate
[ERROR] Class not found
java.lang.ClassNotFoundException: org.apache.commons.math.MessagesResources
	at java.lang.ClassLoader.findClass(ClassLoader.java:531)
	at java.lang.ClassLoader.loadClass(ClassLoader.java:425)
	at java.lang.ClassLoader.loadClass(ClassLoader.java:358)
	at com.gzoltar.lib.instrumentation.util.GZoltarClassLoader.loadClass(Unknown Source)
	at java.util.ResourceBundle$Control.newBundle(ResourceBundle.java:2566)
	at java.util.ResourceBundle.loadBundle(ResourceBundle.java:1436)
	at java.util.ResourceBundle.findBundle(ResourceBundle.java:1400)
	at java.util.ResourceBundle.findBundle(ResourceBundle.java:1354)
	at java.util.ResourceBundle.findBundle(ResourceBundle.java:1354)
	at java.util.ResourceBundle.getBundleImpl(ResourceBundle.java:1296)
	at java.util.ResourceBundle.getBundle(ResourceBundle.java:795)
	at org.apache.commons.math.MathRuntimeException.translate(MathRuntimeException.java:66)
	at org.apache.commons.math.MathRuntimeException.buildMessage(MathRuntimeException.java:94)
	at org.apache.commons.math.MathRuntimeException.createArithmeticException(MathRuntimeException.java:200)
	at org.apache.commons.math.fraction.Fraction.negate(Fraction.java:362)
	at org.apache.commons.math.fraction.FractionTest.testNegate(FractionTest.java:292)
	at sun.reflect.NativeMethodAccessorImpl.invoke0(Native Method)
	at sun.reflect.NativeMethodAccessorImpl.invoke(NativeMethodAccessorImpl.java:57)
	at sun.reflect.DelegatingMethodAccessorImpl.invoke(DelegatingMethodAccessorImpl.java:43)
	at java.lang.reflect.Method.invoke(Method.java:606)
	at junit.framework.TestCase.runTest(TestCase.java:176)
	at junit.framework.TestCase.runBare(TestCase.java:141)
	at junit.framework.TestResult$1.protect(TestResult.java:122)
	at junit.framework.TestResult.runProtected(TestResult.java:142)
	at junit.framework.TestResult.run(TestResult.java:125)
	at junit.framework.TestCase.run(TestCase.java:129)
	at junit.framework.TestSuite.runTest(TestSuite.java:255)
	at junit.framework.TestSuite.run(TestSuite.java:250)
	at org.junit.internal.runners.JUnit38ClassRunner.run(JUnit38ClassRunner.java:84)
	at com.gzoltar.lib.instrumentation.testing.junit.a.call(Unknown Source)
	at java.util.concurrent.FutureTask.run(FutureTask.java:262)
	at java.util.concurrent.ThreadPoolExecutor.runWorker(ThreadPoolExecutor.java:1145)
	at java.util.concurrent.ThreadPoolExecutor$Worker.run(ThreadPoolExecutor.java:615)
	at java.lang.Thread.run(Thread.java:745)
[ERROR] Class not found
java.lang.ClassNotFoundException: org.apache.commons.math.MessagesResources_en
	at java.lang.ClassLoader.findClass(ClassLoader.java:531)
	at java.lang.ClassLoader.loadClass(ClassLoader.java:425)
	at java.lang.ClassLoader.loadClass(ClassLoader.java:358)
	at com.gzoltar.lib.instrumentation.util.GZoltarClassLoader.loadClass(Unknown Source)
	at java.util.ResourceBundle$Control.newBundle(ResourceBundle.java:2566)
	at java.util.ResourceBundle.loadBundle(ResourceBundle.java:1436)
	at java.util.ResourceBundle.findBundle(ResourceBundle.java:1400)
	at java.util.ResourceBundle.findBundle(ResourceBundle.java:1354)
	at java.util.ResourceBundle.getBundleImpl(ResourceBundle.java:1296)
	at java.util.ResourceBundle.getBundle(ResourceBundle.java:795)
	at org.apache.commons.math.MathRuntimeException.translate(MathRuntimeException.java:66)
	at org.apache.commons.math.MathRuntimeException.buildMessage(MathRuntimeException.java:94)
	at org.apache.commons.math.MathRuntimeException.createArithmeticException(MathRuntimeException.java:200)
	at org.apache.commons.math.fraction.Fraction.negate(Fraction.java:362)
	at org.apache.commons.math.fraction.FractionTest.testNegate(FractionTest.java:292)
	at sun.reflect.NativeMethodAccessorImpl.invoke0(Native Method)
	at sun.reflect.NativeMethodAccessorImpl.invoke(NativeMethodAccessorImpl.java:57)
	at sun.reflect.DelegatingMethodAccessorImpl.invoke(DelegatingMethodAccessorImpl.java:43)
	at java.lang.reflect.Method.invoke(Method.java:606)
	at junit.framework.TestCase.runTest(TestCase.java:176)
	at junit.framework.TestCase.runBare(TestCase.java:141)
	at junit.framework.TestResult$1.protect(TestResult.java:122)
	at junit.framework.TestResult.runProtected(TestResult.java:142)
	at junit.framework.TestResult.run(TestResult.java:125)
	at junit.framework.TestCase.run(TestCase.java:129)
	at junit.framework.TestSuite.runTest(TestSuite.java:255)
	at junit.framework.TestSuite.run(TestSuite.java:250)
	at org.junit.internal.runners.JUnit38ClassRunner.run(JUnit38ClassRunner.java:84)
	at com.gzoltar.lib.instrumentation.testing.junit.a.call(Unknown Source)
	at java.util.concurrent.FutureTask.run(FutureTask.java:262)
	at java.util.concurrent.ThreadPoolExecutor.runWorker(ThreadPoolExecutor.java:1145)
	at java.util.concurrent.ThreadPoolExecutor$Worker.run(ThreadPoolExecutor.java:615)
	at java.lang.Thread.run(Thread.java:745)
[ERROR] Class not found
java.lang.ClassNotFoundException: org.apache.commons.math.MessagesResources_en_US
	at java.lang.ClassLoader.findClass(ClassLoader.java:531)
	at java.lang.ClassLoader.loadClass(ClassLoader.java:425)
	at java.lang.ClassLoader.loadClass(ClassLoader.java:358)
	at com.gzoltar.lib.instrumentation.util.GZoltarClassLoader.loadClass(Unknown Source)
	at java.util.ResourceBundle$Control.newBundle(ResourceBundle.java:2566)
	at java.util.ResourceBundle.loadBundle(ResourceBundle.java:1436)
	at java.util.ResourceBundle.findBundle(ResourceBundle.java:1400)
	at java.util.ResourceBundle.getBundleImpl(ResourceBundle.java:1296)
	at java.util.ResourceBundle.getBundle(ResourceBundle.java:795)
	at org.apache.commons.math.MathRuntimeException.translate(MathRuntimeException.java:66)
	at org.apache.commons.math.MathRuntimeException.buildMessage(MathRuntimeException.java:94)
	at org.apache.commons.math.MathRuntimeException.createArithmeticException(MathRuntimeException.java:200)
	at org.apache.commons.math.fraction.Fraction.negate(Fraction.java:362)
	at org.apache.commons.math.fraction.FractionTest.testNegate(FractionTest.java:292)
	at sun.reflect.NativeMethodAccessorImpl.invoke0(Native Method)
	at sun.reflect.NativeMethodAccessorImpl.invoke(NativeMethodAccessorImpl.java:57)
	at sun.reflect.DelegatingMethodAccessorImpl.invoke(DelegatingMethodAccessorImpl.java:43)
	at java.lang.reflect.Method.invoke(Method.java:606)
	at junit.framework.TestCase.runTest(TestCase.java:176)
	at junit.framework.TestCase.runBare(TestCase.java:141)
	at junit.framework.TestResult$1.protect(TestResult.java:122)
	at junit.framework.TestResult.runProtected(TestResult.java:142)
	at junit.framework.TestResult.run(TestResult.java:125)
	at junit.framework.TestCase.run(TestCase.java:129)
	at junit.framework.TestSuite.runTest(TestSuite.java:255)
	at junit.framework.TestSuite.run(TestSuite.java:250)
	at org.junit.internal.runners.JUnit38ClassRunner.run(JUnit38ClassRunner.java:84)
	at com.gzoltar.lib.instrumentation.testing.junit.a.call(Unknown Source)
	at java.util.concurrent.FutureTask.run(FutureTask.java:262)
	at java.util.concurrent.ThreadPoolExecutor.runWorker(ThreadPoolExecutor.java:1145)
	at java.util.concurrent.ThreadPoolExecutor$Worker.run(ThreadPoolExecutor.java:615)
	at java.lang.Thread.run(Thread.java:745)
* Finished org.apache.commons.math.fraction.FractionTest#testNegate
* Started org.apache.commons.math.fraction.FractionTest#testGoldenRatio
[ERROR] Class not found
java.lang.ClassNotFoundException: org.apache.commons.math.MessagesResources
	at java.lang.ClassLoader.findClass(ClassLoader.java:531)
	at java.lang.ClassLoader.loadClass(ClassLoader.java:425)
	at java.lang.ClassLoader.loadClass(ClassLoader.java:358)
	at com.gzoltar.lib.instrumentation.util.GZoltarClassLoader.loadClass(Unknown Source)
	at java.util.ResourceBundle$Control.newBundle(ResourceBundle.java:2566)
	at java.util.ResourceBundle.loadBundle(ResourceBundle.java:1436)
	at java.util.ResourceBundle.findBundle(ResourceBundle.java:1400)
	at java.util.ResourceBundle.findBundle(ResourceBundle.java:1354)
	at java.util.ResourceBundle.findBundle(ResourceBundle.java:1354)
	at java.util.ResourceBundle.getBundleImpl(ResourceBundle.java:1296)
	at java.util.ResourceBundle.getBundle(ResourceBundle.java:795)
	at org.apache.commons.math.MathException.translate(MathException.java:65)
	at org.apache.commons.math.MathException.buildMessage(MathException.java:92)
	at org.apache.commons.math.MathException.<init>(MathException.java:113)
	at org.apache.commons.math.ConvergenceException.<init>(ConvergenceException.java:45)
	at org.apache.commons.math.fraction.FractionConversionException.<init>(FractionConversionException.java:41)
	at org.apache.commons.math.fraction.Fraction.<init>(Fraction.java:188)
	at org.apache.commons.math.fraction.Fraction.<init>(Fraction.java:82)
	at org.apache.commons.math.fraction.FractionTest.testGoldenRatio(FractionTest.java:70)
	at sun.reflect.NativeMethodAccessorImpl.invoke0(Native Method)
	at sun.reflect.NativeMethodAccessorImpl.invoke(NativeMethodAccessorImpl.java:57)
	at sun.reflect.DelegatingMethodAccessorImpl.invoke(DelegatingMethodAccessorImpl.java:43)
	at java.lang.reflect.Method.invoke(Method.java:606)
	at junit.framework.TestCase.runTest(TestCase.java:176)
	at junit.framework.TestCase.runBare(TestCase.java:141)
	at junit.framework.TestResult$1.protect(TestResult.java:122)
	at junit.framework.TestResult.runProtected(TestResult.java:142)
	at junit.framework.TestResult.run(TestResult.java:125)
	at junit.framework.TestCase.run(TestCase.java:129)
	at junit.framework.TestSuite.runTest(TestSuite.java:255)
	at junit.framework.TestSuite.run(TestSuite.java:250)
	at org.junit.internal.runners.JUnit38ClassRunner.run(JUnit38ClassRunner.java:84)
	at com.gzoltar.lib.instrumentation.testing.junit.a.call(Unknown Source)
	at java.util.concurrent.FutureTask.run(FutureTask.java:262)
	at java.util.concurrent.ThreadPoolExecutor.runWorker(ThreadPoolExecutor.java:1145)
	at java.util.concurrent.ThreadPoolExecutor$Worker.run(ThreadPoolExecutor.java:615)
	at java.lang.Thread.run(Thread.java:745)
[ERROR] Class not found
java.lang.ClassNotFoundException: org.apache.commons.math.MessagesResources_en
	at java.lang.ClassLoader.findClass(ClassLoader.java:531)
	at java.lang.ClassLoader.loadClass(ClassLoader.java:425)
	at java.lang.ClassLoader.loadClass(ClassLoader.java:358)
	at com.gzoltar.lib.instrumentation.util.GZoltarClassLoader.loadClass(Unknown Source)
	at java.util.ResourceBundle$Control.newBundle(ResourceBundle.java:2566)
	at java.util.ResourceBundle.loadBundle(ResourceBundle.java:1436)
	at java.util.ResourceBundle.findBundle(ResourceBundle.java:1400)
	at java.util.ResourceBundle.findBundle(ResourceBundle.java:1354)
	at java.util.ResourceBundle.getBundleImpl(ResourceBundle.java:1296)
	at java.util.ResourceBundle.getBundle(ResourceBundle.java:795)
	at org.apache.commons.math.MathException.translate(MathException.java:65)
	at org.apache.commons.math.MathException.buildMessage(MathException.java:92)
	at org.apache.commons.math.MathException.<init>(MathException.java:113)
	at org.apache.commons.math.ConvergenceException.<init>(ConvergenceException.java:45)
	at org.apache.commons.math.fraction.FractionConversionException.<init>(FractionConversionException.java:41)
	at org.apache.commons.math.fraction.Fraction.<init>(Fraction.java:188)
	at org.apache.commons.math.fraction.Fraction.<init>(Fraction.java:82)
	at org.apache.commons.math.fraction.FractionTest.testGoldenRatio(FractionTest.java:70)
	at sun.reflect.NativeMethodAccessorImpl.invoke0(Native Method)
	at sun.reflect.NativeMethodAccessorImpl.invoke(NativeMethodAccessorImpl.java:57)
	at sun.reflect.DelegatingMethodAccessorImpl.invoke(DelegatingMethodAccessorImpl.java:43)
	at java.lang.reflect.Method.invoke(Method.java:606)
	at junit.framework.TestCase.runTest(TestCase.java:176)
	at junit.framework.TestCase.runBare(TestCase.java:141)
	at junit.framework.TestResult$1.protect(TestResult.java:122)
	at junit.framework.TestResult.runProtected(TestResult.java:142)
	at junit.framework.TestResult.run(TestResult.java:125)
	at junit.framework.TestCase.run(TestCase.java:129)
	at junit.framework.TestSuite.runTest(TestSuite.java:255)
	at junit.framework.TestSuite.run(TestSuite.java:250)
	at org.junit.internal.runners.JUnit38ClassRunner.run(JUnit38ClassRunner.java:84)
	at com.gzoltar.lib.instrumentation.testing.junit.a.call(Unknown Source)
	at java.util.concurrent.FutureTask.run(FutureTask.java:262)
	at java.util.concurrent.ThreadPoolExecutor.runWorker(ThreadPoolExecutor.java:1145)
	at java.util.concurrent.ThreadPoolExecutor$Worker.run(ThreadPoolExecutor.java:615)
	at java.lang.Thread.run(Thread.java:745)
[ERROR] Class not found
java.lang.ClassNotFoundException: org.apache.commons.math.MessagesResources_en_US
	at java.lang.ClassLoader.findClass(ClassLoader.java:531)
	at java.lang.ClassLoader.loadClass(ClassLoader.java:425)
	at java.lang.ClassLoader.loadClass(ClassLoader.java:358)
	at com.gzoltar.lib.instrumentation.util.GZoltarClassLoader.loadClass(Unknown Source)
	at java.util.ResourceBundle$Control.newBundle(ResourceBundle.java:2566)
	at java.util.ResourceBundle.loadBundle(ResourceBundle.java:1436)
	at java.util.ResourceBundle.findBundle(ResourceBundle.java:1400)
	at java.util.ResourceBundle.getBundleImpl(ResourceBundle.java:1296)
	at java.util.ResourceBundle.getBundle(ResourceBundle.java:795)
	at org.apache.commons.math.MathException.translate(MathException.java:65)
	at org.apache.commons.math.MathException.buildMessage(MathException.java:92)
	at org.apache.commons.math.MathException.<init>(MathException.java:113)
	at org.apache.commons.math.ConvergenceException.<init>(ConvergenceException.java:45)
	at org.apache.commons.math.fraction.FractionConversionException.<init>(FractionConversionException.java:41)
	at org.apache.commons.math.fraction.Fraction.<init>(Fraction.java:188)
	at org.apache.commons.math.fraction.Fraction.<init>(Fraction.java:82)
	at org.apache.commons.math.fraction.FractionTest.testGoldenRatio(FractionTest.java:70)
	at sun.reflect.NativeMethodAccessorImpl.invoke0(Native Method)
	at sun.reflect.NativeMethodAccessorImpl.invoke(NativeMethodAccessorImpl.java:57)
	at sun.reflect.DelegatingMethodAccessorImpl.invoke(DelegatingMethodAccessorImpl.java:43)
	at java.lang.reflect.Method.invoke(Method.java:606)
	at junit.framework.TestCase.runTest(TestCase.java:176)
	at junit.framework.TestCase.runBare(TestCase.java:141)
	at junit.framework.TestResult$1.protect(TestResult.java:122)
	at junit.framework.TestResult.runProtected(TestResult.java:142)
	at junit.framework.TestResult.run(TestResult.java:125)
	at junit.framework.TestCase.run(TestCase.java:129)
	at junit.framework.TestSuite.runTest(TestSuite.java:255)
	at junit.framework.TestSuite.run(TestSuite.java:250)
	at org.junit.internal.runners.JUnit38ClassRunner.run(JUnit38ClassRunner.java:84)
	at com.gzoltar.lib.instrumentation.testing.junit.a.call(Unknown Source)
	at java.util.concurrent.FutureTask.run(FutureTask.java:262)
	at java.util.concurrent.ThreadPoolExecutor.runWorker(ThreadPoolExecutor.java:1145)
	at java.util.concurrent.ThreadPoolExecutor$Worker.run(ThreadPoolExecutor.java:615)
	at java.lang.Thread.run(Thread.java:745)
* Finished org.apache.commons.math.fraction.FractionTest#testGoldenRatio
* Started org.apache.commons.math.fraction.FractionTest#testIntegerOverflow
[ERROR] Class not found
java.lang.ClassNotFoundException: org.apache.commons.math.MessagesResources
	at java.lang.ClassLoader.findClass(ClassLoader.java:531)
	at java.lang.ClassLoader.loadClass(ClassLoader.java:425)
	at java.lang.ClassLoader.loadClass(ClassLoader.java:358)
	at com.gzoltar.lib.instrumentation.util.GZoltarClassLoader.loadClass(Unknown Source)
	at java.util.ResourceBundle$Control.newBundle(ResourceBundle.java:2566)
	at java.util.ResourceBundle.loadBundle(ResourceBundle.java:1436)
	at java.util.ResourceBundle.findBundle(ResourceBundle.java:1400)
	at java.util.ResourceBundle.findBundle(ResourceBundle.java:1354)
	at java.util.ResourceBundle.findBundle(ResourceBundle.java:1354)
	at java.util.ResourceBundle.getBundleImpl(ResourceBundle.java:1296)
	at java.util.ResourceBundle.getBundle(ResourceBundle.java:795)
	at org.apache.commons.math.MathException.translate(MathException.java:65)
	at org.apache.commons.math.MathException.buildMessage(MathException.java:92)
	at org.apache.commons.math.MathException.<init>(MathException.java:113)
	at org.apache.commons.math.ConvergenceException.<init>(ConvergenceException.java:45)
	at org.apache.commons.math.fraction.FractionConversionException.<init>(FractionConversionException.java:52)
	at org.apache.commons.math.fraction.Fraction.<init>(Fraction.java:171)
	at org.apache.commons.math.fraction.Fraction.<init>(Fraction.java:82)
	at org.apache.commons.math.fraction.FractionTest.checkIntegerOverflow(FractionTest.java:143)
	at org.apache.commons.math.fraction.FractionTest.testIntegerOverflow(FractionTest.java:137)
	at sun.reflect.NativeMethodAccessorImpl.invoke0(Native Method)
	at sun.reflect.NativeMethodAccessorImpl.invoke(NativeMethodAccessorImpl.java:57)
	at sun.reflect.DelegatingMethodAccessorImpl.invoke(DelegatingMethodAccessorImpl.java:43)
	at java.lang.reflect.Method.invoke(Method.java:606)
	at junit.framework.TestCase.runTest(TestCase.java:176)
	at junit.framework.TestCase.runBare(TestCase.java:141)
	at junit.framework.TestResult$1.protect(TestResult.java:122)
	at junit.framework.TestResult.runProtected(TestResult.java:142)
	at junit.framework.TestResult.run(TestResult.java:125)
	at junit.framework.TestCase.run(TestCase.java:129)
	at junit.framework.TestSuite.runTest(TestSuite.java:255)
	at junit.framework.TestSuite.run(TestSuite.java:250)
	at org.junit.internal.runners.JUnit38ClassRunner.run(JUnit38ClassRunner.java:84)
	at com.gzoltar.lib.instrumentation.testing.junit.a.call(Unknown Source)
	at java.util.concurrent.FutureTask.run(FutureTask.java:262)
	at java.util.concurrent.ThreadPoolExecutor.runWorker(ThreadPoolExecutor.java:1145)
	at java.util.concurrent.ThreadPoolExecutor$Worker.run(ThreadPoolExecutor.java:615)
	at java.lang.Thread.run(Thread.java:745)
[ERROR] Class not found
java.lang.ClassNotFoundException: org.apache.commons.math.MessagesResources_en
	at java.lang.ClassLoader.findClass(ClassLoader.java:531)
	at java.lang.ClassLoader.loadClass(ClassLoader.java:425)
	at java.lang.ClassLoader.loadClass(ClassLoader.java:358)
	at com.gzoltar.lib.instrumentation.util.GZoltarClassLoader.loadClass(Unknown Source)
	at java.util.ResourceBundle$Control.newBundle(ResourceBundle.java:2566)
	at java.util.ResourceBundle.loadBundle(ResourceBundle.java:1436)
	at java.util.ResourceBundle.findBundle(ResourceBundle.java:1400)
	at java.util.ResourceBundle.findBundle(ResourceBundle.java:1354)
	at java.util.ResourceBundle.getBundleImpl(ResourceBundle.java:1296)
	at java.util.ResourceBundle.getBundle(ResourceBundle.java:795)
	at org.apache.commons.math.MathException.translate(MathException.java:65)
	at org.apache.commons.math.MathException.buildMessage(MathException.java:92)
	at org.apache.commons.math.MathException.<init>(MathException.java:113)
	at org.apache.commons.math.ConvergenceException.<init>(ConvergenceException.java:45)
	at org.apache.commons.math.fraction.FractionConversionException.<init>(FractionConversionException.java:52)
	at org.apache.commons.math.fraction.Fraction.<init>(Fraction.java:171)
	at org.apache.commons.math.fraction.Fraction.<init>(Fraction.java:82)
	at org.apache.commons.math.fraction.FractionTest.checkIntegerOverflow(FractionTest.java:143)
	at org.apache.commons.math.fraction.FractionTest.testIntegerOverflow(FractionTest.java:137)
	at sun.reflect.NativeMethodAccessorImpl.invoke0(Native Method)
	at sun.reflect.NativeMethodAccessorImpl.invoke(NativeMethodAccessorImpl.java:57)
	at sun.reflect.DelegatingMethodAccessorImpl.invoke(DelegatingMethodAccessorImpl.java:43)
	at java.lang.reflect.Method.invoke(Method.java:606)
	at junit.framework.TestCase.runTest(TestCase.java:176)
	at junit.framework.TestCase.runBare(TestCase.java:141)
	at junit.framework.TestResult$1.protect(TestResult.java:122)
	at junit.framework.TestResult.runProtected(TestResult.java:142)
	at junit.framework.TestResult.run(TestResult.java:125)
	at junit.framework.TestCase.run(TestCase.java:129)
	at junit.framework.TestSuite.runTest(TestSuite.java:255)
	at junit.framework.TestSuite.run(TestSuite.java:250)
	at org.junit.internal.runners.JUnit38ClassRunner.run(JUnit38ClassRunner.java:84)
	at com.gzoltar.lib.instrumentation.testing.junit.a.call(Unknown Source)
	at java.util.concurrent.FutureTask.run(FutureTask.java:262)
	at java.util.concurrent.ThreadPoolExecutor.runWorker(ThreadPoolExecutor.java:1145)
	at java.util.concurrent.ThreadPoolExecutor$Worker.run(ThreadPoolExecutor.java:615)
	at java.lang.Thread.run(Thread.java:745)
[ERROR] Class not found
java.lang.ClassNotFoundException: org.apache.commons.math.MessagesResources_en_US
	at java.lang.ClassLoader.findClass(ClassLoader.java:531)
	at java.lang.ClassLoader.loadClass(ClassLoader.java:425)
	at java.lang.ClassLoader.loadClass(ClassLoader.java:358)
	at com.gzoltar.lib.instrumentation.util.GZoltarClassLoader.loadClass(Unknown Source)
	at java.util.ResourceBundle$Control.newBundle(ResourceBundle.java:2566)
	at java.util.ResourceBundle.loadBundle(ResourceBundle.java:1436)
	at java.util.ResourceBundle.findBundle(ResourceBundle.java:1400)
	at java.util.ResourceBundle.getBundleImpl(ResourceBundle.java:1296)
	at java.util.ResourceBundle.getBundle(ResourceBundle.java:795)
	at org.apache.commons.math.MathException.translate(MathException.java:65)
	at org.apache.commons.math.MathException.buildMessage(MathException.java:92)
	at org.apache.commons.math.MathException.<init>(MathException.java:113)
	at org.apache.commons.math.ConvergenceException.<init>(ConvergenceException.java:45)
	at org.apache.commons.math.fraction.FractionConversionException.<init>(FractionConversionException.java:52)
	at org.apache.commons.math.fraction.Fraction.<init>(Fraction.java:171)
	at org.apache.commons.math.fraction.Fraction.<init>(Fraction.java:82)
	at org.apache.commons.math.fraction.FractionTest.checkIntegerOverflow(FractionTest.java:143)
	at org.apache.commons.math.fraction.FractionTest.testIntegerOverflow(FractionTest.java:137)
	at sun.reflect.NativeMethodAccessorImpl.invoke0(Native Method)
	at sun.reflect.NativeMethodAccessorImpl.invoke(NativeMethodAccessorImpl.java:57)
	at sun.reflect.DelegatingMethodAccessorImpl.invoke(DelegatingMethodAccessorImpl.java:43)
	at java.lang.reflect.Method.invoke(Method.java:606)
	at junit.framework.TestCase.runTest(TestCase.java:176)
	at junit.framework.TestCase.runBare(TestCase.java:141)
	at junit.framework.TestResult$1.protect(TestResult.java:122)
	at junit.framework.TestResult.runProtected(TestResult.java:142)
	at junit.framework.TestResult.run(TestResult.java:125)
	at junit.framework.TestCase.run(TestCase.java:129)
	at junit.framework.TestSuite.runTest(TestSuite.java:255)
	at junit.framework.TestSuite.run(TestSuite.java:250)
	at org.junit.internal.runners.JUnit38ClassRunner.run(JUnit38ClassRunner.java:84)
	at com.gzoltar.lib.instrumentation.testing.junit.a.call(Unknown Source)
	at java.util.concurrent.FutureTask.run(FutureTask.java:262)
	at java.util.concurrent.ThreadPoolExecutor.runWorker(ThreadPoolExecutor.java:1145)
	at java.util.concurrent.ThreadPoolExecutor$Worker.run(ThreadPoolExecutor.java:615)
	at java.lang.Thread.run(Thread.java:745)
* Finished org.apache.commons.math.fraction.FractionTest#testIntegerOverflow
* Started org.apache.commons.math.fraction.FractionTest#testDoubleValue
* Finished org.apache.commons.math.fraction.FractionTest#testDoubleValue
* Started org.apache.commons.math.fraction.FractionTest#testConstructor
[ERROR] Class not found
java.lang.ClassNotFoundException: org.apache.commons.math.MessagesResources
	at java.lang.ClassLoader.findClass(ClassLoader.java:531)
	at java.lang.ClassLoader.loadClass(ClassLoader.java:425)
	at java.lang.ClassLoader.loadClass(ClassLoader.java:358)
	at com.gzoltar.lib.instrumentation.util.GZoltarClassLoader.loadClass(Unknown Source)
	at java.util.ResourceBundle$Control.newBundle(ResourceBundle.java:2566)
	at java.util.ResourceBundle.loadBundle(ResourceBundle.java:1436)
	at java.util.ResourceBundle.findBundle(ResourceBundle.java:1400)
	at java.util.ResourceBundle.findBundle(ResourceBundle.java:1354)
	at java.util.ResourceBundle.findBundle(ResourceBundle.java:1354)
	at java.util.ResourceBundle.getBundleImpl(ResourceBundle.java:1296)
	at java.util.ResourceBundle.getBundle(ResourceBundle.java:795)
	at org.apache.commons.math.MathRuntimeException.translate(MathRuntimeException.java:66)
	at org.apache.commons.math.MathRuntimeException.buildMessage(MathRuntimeException.java:94)
	at org.apache.commons.math.MathRuntimeException.createArithmeticException(MathRuntimeException.java:200)
	at org.apache.commons.math.fraction.Fraction.<init>(Fraction.java:216)
	at org.apache.commons.math.fraction.FractionTest.testConstructor(FractionTest.java:46)
	at sun.reflect.NativeMethodAccessorImpl.invoke0(Native Method)
	at sun.reflect.NativeMethodAccessorImpl.invoke(NativeMethodAccessorImpl.java:57)
	at sun.reflect.DelegatingMethodAccessorImpl.invoke(DelegatingMethodAccessorImpl.java:43)
	at java.lang.reflect.Method.invoke(Method.java:606)
	at junit.framework.TestCase.runTest(TestCase.java:176)
	at junit.framework.TestCase.runBare(TestCase.java:141)
	at junit.framework.TestResult$1.protect(TestResult.java:122)
	at junit.framework.TestResult.runProtected(TestResult.java:142)
	at junit.framework.TestResult.run(TestResult.java:125)
	at junit.framework.TestCase.run(TestCase.java:129)
	at junit.framework.TestSuite.runTest(TestSuite.java:255)
	at junit.framework.TestSuite.run(TestSuite.java:250)
	at org.junit.internal.runners.JUnit38ClassRunner.run(JUnit38ClassRunner.java:84)
	at com.gzoltar.lib.instrumentation.testing.junit.a.call(Unknown Source)
	at java.util.concurrent.FutureTask.run(FutureTask.java:262)
	at java.util.concurrent.ThreadPoolExecutor.runWorker(ThreadPoolExecutor.java:1145)
	at java.util.concurrent.ThreadPoolExecutor$Worker.run(ThreadPoolExecutor.java:615)
	at java.lang.Thread.run(Thread.java:745)
[ERROR] Class not found
java.lang.ClassNotFoundException: org.apache.commons.math.MessagesResources_en
	at java.lang.ClassLoader.findClass(ClassLoader.java:531)
	at java.lang.ClassLoader.loadClass(ClassLoader.java:425)
	at java.lang.ClassLoader.loadClass(ClassLoader.java:358)
	at com.gzoltar.lib.instrumentation.util.GZoltarClassLoader.loadClass(Unknown Source)
	at java.util.ResourceBundle$Control.newBundle(ResourceBundle.java:2566)
	at java.util.ResourceBundle.loadBundle(ResourceBundle.java:1436)
	at java.util.ResourceBundle.findBundle(ResourceBundle.java:1400)
	at java.util.ResourceBundle.findBundle(ResourceBundle.java:1354)
	at java.util.ResourceBundle.getBundleImpl(ResourceBundle.java:1296)
	at java.util.ResourceBundle.getBundle(ResourceBundle.java:795)
	at org.apache.commons.math.MathRuntimeException.translate(MathRuntimeException.java:66)
	at org.apache.commons.math.MathRuntimeException.buildMessage(MathRuntimeException.java:94)
	at org.apache.commons.math.MathRuntimeException.createArithmeticException(MathRuntimeException.java:200)
	at org.apache.commons.math.fraction.Fraction.<init>(Fraction.java:216)
	at org.apache.commons.math.fraction.FractionTest.testConstructor(FractionTest.java:46)
	at sun.reflect.NativeMethodAccessorImpl.invoke0(Native Method)
	at sun.reflect.NativeMethodAccessorImpl.invoke(NativeMethodAccessorImpl.java:57)
	at sun.reflect.DelegatingMethodAccessorImpl.invoke(DelegatingMethodAccessorImpl.java:43)
	at java.lang.reflect.Method.invoke(Method.java:606)
	at junit.framework.TestCase.runTest(TestCase.java:176)
	at junit.framework.TestCase.runBare(TestCase.java:141)
	at junit.framework.TestResult$1.protect(TestResult.java:122)
	at junit.framework.TestResult.runProtected(TestResult.java:142)
	at junit.framework.TestResult.run(TestResult.java:125)
	at junit.framework.TestCase.run(TestCase.java:129)
	at junit.framework.TestSuite.runTest(TestSuite.java:255)
	at junit.framework.TestSuite.run(TestSuite.java:250)
	at org.junit.internal.runners.JUnit38ClassRunner.run(JUnit38ClassRunner.java:84)
	at com.gzoltar.lib.instrumentation.testing.junit.a.call(Unknown Source)
	at java.util.concurrent.FutureTask.run(FutureTask.java:262)
	at java.util.concurrent.ThreadPoolExecutor.runWorker(ThreadPoolExecutor.java:1145)
	at java.util.concurrent.ThreadPoolExecutor$Worker.run(ThreadPoolExecutor.java:615)
	at java.lang.Thread.run(Thread.java:745)
[ERROR] Class not found
java.lang.ClassNotFoundException: org.apache.commons.math.MessagesResources_en_US
	at java.lang.ClassLoader.findClass(ClassLoader.java:531)
	at java.lang.ClassLoader.loadClass(ClassLoader.java:425)
	at java.lang.ClassLoader.loadClass(ClassLoader.java:358)
	at com.gzoltar.lib.instrumentation.util.GZoltarClassLoader.loadClass(Unknown Source)
	at java.util.ResourceBundle$Control.newBundle(ResourceBundle.java:2566)
	at java.util.ResourceBundle.loadBundle(ResourceBundle.java:1436)
	at java.util.ResourceBundle.findBundle(ResourceBundle.java:1400)
	at java.util.ResourceBundle.getBundleImpl(ResourceBundle.java:1296)
	at java.util.ResourceBundle.getBundle(ResourceBundle.java:795)
	at org.apache.commons.math.MathRuntimeException.translate(MathRuntimeException.java:66)
	at org.apache.commons.math.MathRuntimeException.buildMessage(MathRuntimeException.java:94)
	at org.apache.commons.math.MathRuntimeException.createArithmeticException(MathRuntimeException.java:200)
	at org.apache.commons.math.fraction.Fraction.<init>(Fraction.java:216)
	at org.apache.commons.math.fraction.FractionTest.testConstructor(FractionTest.java:46)
	at sun.reflect.NativeMethodAccessorImpl.invoke0(Native Method)
	at sun.reflect.NativeMethodAccessorImpl.invoke(NativeMethodAccessorImpl.java:57)
	at sun.reflect.DelegatingMethodAccessorImpl.invoke(DelegatingMethodAccessorImpl.java:43)
	at java.lang.reflect.Method.invoke(Method.java:606)
	at junit.framework.TestCase.runTest(TestCase.java:176)
	at junit.framework.TestCase.runBare(TestCase.java:141)
	at junit.framework.TestResult$1.protect(TestResult.java:122)
	at junit.framework.TestResult.runProtected(TestResult.java:142)
	at junit.framework.TestResult.run(TestResult.java:125)
	at junit.framework.TestCase.run(TestCase.java:129)
	at junit.framework.TestSuite.runTest(TestSuite.java:255)
	at junit.framework.TestSuite.run(TestSuite.java:250)
	at org.junit.internal.runners.JUnit38ClassRunner.run(JUnit38ClassRunner.java:84)
	at com.gzoltar.lib.instrumentation.testing.junit.a.call(Unknown Source)
	at java.util.concurrent.FutureTask.run(FutureTask.java:262)
	at java.util.concurrent.ThreadPoolExecutor.runWorker(ThreadPoolExecutor.java:1145)
	at java.util.concurrent.ThreadPoolExecutor$Worker.run(ThreadPoolExecutor.java:615)
	at java.lang.Thread.run(Thread.java:745)
* Finished org.apache.commons.math.fraction.FractionTest#testConstructor
* Started org.apache.commons.math.fraction.FractionFormatTest#testNumeratorFormat
* Finished org.apache.commons.math.fraction.FractionFormatTest#testNumeratorFormat
* Started org.apache.commons.math.fraction.FractionFormatTest#testFormatImproperNegative
* Finished org.apache.commons.math.fraction.FractionFormatTest#testFormatImproperNegative
* Started org.apache.commons.math.fraction.FractionFormatTest#testLongFormat
* Finished org.apache.commons.math.fraction.FractionFormatTest#testLongFormat
* Started org.apache.commons.math.fraction.FractionFormatTest#testFormatImproper
* Finished org.apache.commons.math.fraction.FractionFormatTest#testFormatImproper
* Started org.apache.commons.math.fraction.FractionFormatTest#testParseProper
[ERROR] Class not found
java.lang.ClassNotFoundException: org.apache.commons.math.MessagesResources
	at java.lang.ClassLoader.findClass(ClassLoader.java:531)
	at java.lang.ClassLoader.loadClass(ClassLoader.java:425)
	at java.lang.ClassLoader.loadClass(ClassLoader.java:358)
	at com.gzoltar.lib.instrumentation.util.GZoltarClassLoader.loadClass(Unknown Source)
	at java.util.ResourceBundle$Control.newBundle(ResourceBundle.java:2566)
	at java.util.ResourceBundle.loadBundle(ResourceBundle.java:1436)
	at java.util.ResourceBundle.findBundle(ResourceBundle.java:1400)
	at java.util.ResourceBundle.findBundle(ResourceBundle.java:1354)
	at java.util.ResourceBundle.findBundle(ResourceBundle.java:1354)
	at java.util.ResourceBundle.getBundleImpl(ResourceBundle.java:1296)
	at java.util.ResourceBundle.getBundle(ResourceBundle.java:795)
	at org.apache.commons.math.MathRuntimeException.translate(MathRuntimeException.java:66)
	at org.apache.commons.math.MathRuntimeException.buildMessage(MathRuntimeException.java:94)
	at org.apache.commons.math.MathRuntimeException.createParseException(MathRuntimeException.java:396)
	at org.apache.commons.math.fraction.FractionFormat.parse(FractionFormat.java:204)
	at org.apache.commons.math.fraction.FractionFormatTest.testParseProper(FractionFormatTest.java:207)
	at sun.reflect.NativeMethodAccessorImpl.invoke0(Native Method)
	at sun.reflect.NativeMethodAccessorImpl.invoke(NativeMethodAccessorImpl.java:57)
	at sun.reflect.DelegatingMethodAccessorImpl.invoke(DelegatingMethodAccessorImpl.java:43)
	at java.lang.reflect.Method.invoke(Method.java:606)
	at junit.framework.TestCase.runTest(TestCase.java:176)
	at junit.framework.TestCase.runBare(TestCase.java:141)
	at junit.framework.TestResult$1.protect(TestResult.java:122)
	at junit.framework.TestResult.runProtected(TestResult.java:142)
	at junit.framework.TestResult.run(TestResult.java:125)
	at junit.framework.TestCase.run(TestCase.java:129)
	at junit.framework.TestSuite.runTest(TestSuite.java:255)
	at junit.framework.TestSuite.run(TestSuite.java:250)
	at org.junit.internal.runners.JUnit38ClassRunner.run(JUnit38ClassRunner.java:84)
	at com.gzoltar.lib.instrumentation.testing.junit.a.call(Unknown Source)
	at java.util.concurrent.FutureTask.run(FutureTask.java:262)
	at java.util.concurrent.ThreadPoolExecutor.runWorker(ThreadPoolExecutor.java:1145)
	at java.util.concurrent.ThreadPoolExecutor$Worker.run(ThreadPoolExecutor.java:615)
	at java.lang.Thread.run(Thread.java:745)
[ERROR] Class not found
java.lang.ClassNotFoundException: org.apache.commons.math.MessagesResources_en
	at java.lang.ClassLoader.findClass(ClassLoader.java:531)
	at java.lang.ClassLoader.loadClass(ClassLoader.java:425)
	at java.lang.ClassLoader.loadClass(ClassLoader.java:358)
	at com.gzoltar.lib.instrumentation.util.GZoltarClassLoader.loadClass(Unknown Source)
	at java.util.ResourceBundle$Control.newBundle(ResourceBundle.java:2566)
	at java.util.ResourceBundle.loadBundle(ResourceBundle.java:1436)
	at java.util.ResourceBundle.findBundle(ResourceBundle.java:1400)
	at java.util.ResourceBundle.findBundle(ResourceBundle.java:1354)
	at java.util.ResourceBundle.getBundleImpl(ResourceBundle.java:1296)
	at java.util.ResourceBundle.getBundle(ResourceBundle.java:795)
	at org.apache.commons.math.MathRuntimeException.translate(MathRuntimeException.java:66)
	at org.apache.commons.math.MathRuntimeException.buildMessage(MathRuntimeException.java:94)
	at org.apache.commons.math.MathRuntimeException.createParseException(MathRuntimeException.java:396)
	at org.apache.commons.math.fraction.FractionFormat.parse(FractionFormat.java:204)
	at org.apache.commons.math.fraction.FractionFormatTest.testParseProper(FractionFormatTest.java:207)
	at sun.reflect.NativeMethodAccessorImpl.invoke0(Native Method)
	at sun.reflect.NativeMethodAccessorImpl.invoke(NativeMethodAccessorImpl.java:57)
	at sun.reflect.DelegatingMethodAccessorImpl.invoke(DelegatingMethodAccessorImpl.java:43)
	at java.lang.reflect.Method.invoke(Method.java:606)
	at junit.framework.TestCase.runTest(TestCase.java:176)
	at junit.framework.TestCase.runBare(TestCase.java:141)
	at junit.framework.TestResult$1.protect(TestResult.java:122)
	at junit.framework.TestResult.runProtected(TestResult.java:142)
	at junit.framework.TestResult.run(TestResult.java:125)
	at junit.framework.TestCase.run(TestCase.java:129)
	at junit.framework.TestSuite.runTest(TestSuite.java:255)
	at junit.framework.TestSuite.run(TestSuite.java:250)
	at org.junit.internal.runners.JUnit38ClassRunner.run(JUnit38ClassRunner.java:84)
	at com.gzoltar.lib.instrumentation.testing.junit.a.call(Unknown Source)
	at java.util.concurrent.FutureTask.run(FutureTask.java:262)
	at java.util.concurrent.ThreadPoolExecutor.runWorker(ThreadPoolExecutor.java:1145)
	at java.util.concurrent.ThreadPoolExecutor$Worker.run(ThreadPoolExecutor.java:615)
	at java.lang.Thread.run(Thread.java:745)
[ERROR] Class not found
java.lang.ClassNotFoundException: org.apache.commons.math.MessagesResources_en_US
	at java.lang.ClassLoader.findClass(ClassLoader.java:531)
	at java.lang.ClassLoader.loadClass(ClassLoader.java:425)
	at java.lang.ClassLoader.loadClass(ClassLoader.java:358)
	at com.gzoltar.lib.instrumentation.util.GZoltarClassLoader.loadClass(Unknown Source)
	at java.util.ResourceBundle$Control.newBundle(ResourceBundle.java:2566)
	at java.util.ResourceBundle.loadBundle(ResourceBundle.java:1436)
	at java.util.ResourceBundle.findBundle(ResourceBundle.java:1400)
	at java.util.ResourceBundle.getBundleImpl(ResourceBundle.java:1296)
	at java.util.ResourceBundle.getBundle(ResourceBundle.java:795)
	at org.apache.commons.math.MathRuntimeException.translate(MathRuntimeException.java:66)
	at org.apache.commons.math.MathRuntimeException.buildMessage(MathRuntimeException.java:94)
	at org.apache.commons.math.MathRuntimeException.createParseException(MathRuntimeException.java:396)
	at org.apache.commons.math.fraction.FractionFormat.parse(FractionFormat.java:204)
	at org.apache.commons.math.fraction.FractionFormatTest.testParseProper(FractionFormatTest.java:207)
	at sun.reflect.NativeMethodAccessorImpl.invoke0(Native Method)
	at sun.reflect.NativeMethodAccessorImpl.invoke(NativeMethodAccessorImpl.java:57)
	at sun.reflect.DelegatingMethodAccessorImpl.invoke(DelegatingMethodAccessorImpl.java:43)
	at java.lang.reflect.Method.invoke(Method.java:606)
	at junit.framework.TestCase.runTest(TestCase.java:176)
	at junit.framework.TestCase.runBare(TestCase.java:141)
	at junit.framework.TestResult$1.protect(TestResult.java:122)
	at junit.framework.TestResult.runProtected(TestResult.java:142)
	at junit.framework.TestResult.run(TestResult.java:125)
	at junit.framework.TestCase.run(TestCase.java:129)
	at junit.framework.TestSuite.runTest(TestSuite.java:255)
	at junit.framework.TestSuite.run(TestSuite.java:250)
	at org.junit.internal.runners.JUnit38ClassRunner.run(JUnit38ClassRunner.java:84)
	at com.gzoltar.lib.instrumentation.testing.junit.a.call(Unknown Source)
	at java.util.concurrent.FutureTask.run(FutureTask.java:262)
	at java.util.concurrent.ThreadPoolExecutor.runWorker(ThreadPoolExecutor.java:1145)
	at java.util.concurrent.ThreadPoolExecutor$Worker.run(ThreadPoolExecutor.java:615)
	at java.lang.Thread.run(Thread.java:745)
* Finished org.apache.commons.math.fraction.FractionFormatTest#testParseProper
* Started org.apache.commons.math.fraction.FractionFormatTest#testParseProperNegative
[ERROR] Class not found
java.lang.ClassNotFoundException: org.apache.commons.math.MessagesResources
	at java.lang.ClassLoader.findClass(ClassLoader.java:531)
	at java.lang.ClassLoader.loadClass(ClassLoader.java:425)
	at java.lang.ClassLoader.loadClass(ClassLoader.java:358)
	at com.gzoltar.lib.instrumentation.util.GZoltarClassLoader.loadClass(Unknown Source)
	at java.util.ResourceBundle$Control.newBundle(ResourceBundle.java:2566)
	at java.util.ResourceBundle.loadBundle(ResourceBundle.java:1436)
	at java.util.ResourceBundle.findBundle(ResourceBundle.java:1400)
	at java.util.ResourceBundle.findBundle(ResourceBundle.java:1354)
	at java.util.ResourceBundle.findBundle(ResourceBundle.java:1354)
	at java.util.ResourceBundle.getBundleImpl(ResourceBundle.java:1296)
	at java.util.ResourceBundle.getBundle(ResourceBundle.java:795)
	at org.apache.commons.math.MathRuntimeException.translate(MathRuntimeException.java:66)
	at org.apache.commons.math.MathRuntimeException.buildMessage(MathRuntimeException.java:94)
	at org.apache.commons.math.MathRuntimeException.createParseException(MathRuntimeException.java:396)
	at org.apache.commons.math.fraction.FractionFormat.parse(FractionFormat.java:204)
	at org.apache.commons.math.fraction.FractionFormatTest.testParseProperNegative(FractionFormatTest.java:226)
	at sun.reflect.NativeMethodAccessorImpl.invoke0(Native Method)
	at sun.reflect.NativeMethodAccessorImpl.invoke(NativeMethodAccessorImpl.java:57)
	at sun.reflect.DelegatingMethodAccessorImpl.invoke(DelegatingMethodAccessorImpl.java:43)
	at java.lang.reflect.Method.invoke(Method.java:606)
	at junit.framework.TestCase.runTest(TestCase.java:176)
	at junit.framework.TestCase.runBare(TestCase.java:141)
	at junit.framework.TestResult$1.protect(TestResult.java:122)
	at junit.framework.TestResult.runProtected(TestResult.java:142)
	at junit.framework.TestResult.run(TestResult.java:125)
	at junit.framework.TestCase.run(TestCase.java:129)
	at junit.framework.TestSuite.runTest(TestSuite.java:255)
	at junit.framework.TestSuite.run(TestSuite.java:250)
	at org.junit.internal.runners.JUnit38ClassRunner.run(JUnit38ClassRunner.java:84)
	at com.gzoltar.lib.instrumentation.testing.junit.a.call(Unknown Source)
	at java.util.concurrent.FutureTask.run(FutureTask.java:262)
	at java.util.concurrent.ThreadPoolExecutor.runWorker(ThreadPoolExecutor.java:1145)
	at java.util.concurrent.ThreadPoolExecutor$Worker.run(ThreadPoolExecutor.java:615)
	at java.lang.Thread.run(Thread.java:745)
[ERROR] Class not found
java.lang.ClassNotFoundException: org.apache.commons.math.MessagesResources_en
	at java.lang.ClassLoader.findClass(ClassLoader.java:531)
	at java.lang.ClassLoader.loadClass(ClassLoader.java:425)
	at java.lang.ClassLoader.loadClass(ClassLoader.java:358)
	at com.gzoltar.lib.instrumentation.util.GZoltarClassLoader.loadClass(Unknown Source)
	at java.util.ResourceBundle$Control.newBundle(ResourceBundle.java:2566)
	at java.util.ResourceBundle.loadBundle(ResourceBundle.java:1436)
	at java.util.ResourceBundle.findBundle(ResourceBundle.java:1400)
	at java.util.ResourceBundle.findBundle(ResourceBundle.java:1354)
	at java.util.ResourceBundle.getBundleImpl(ResourceBundle.java:1296)
	at java.util.ResourceBundle.getBundle(ResourceBundle.java:795)
	at org.apache.commons.math.MathRuntimeException.translate(MathRuntimeException.java:66)
	at org.apache.commons.math.MathRuntimeException.buildMessage(MathRuntimeException.java:94)
	at org.apache.commons.math.MathRuntimeException.createParseException(MathRuntimeException.java:396)
	at org.apache.commons.math.fraction.FractionFormat.parse(FractionFormat.java:204)
	at org.apache.commons.math.fraction.FractionFormatTest.testParseProperNegative(FractionFormatTest.java:226)
	at sun.reflect.NativeMethodAccessorImpl.invoke0(Native Method)
	at sun.reflect.NativeMethodAccessorImpl.invoke(NativeMethodAccessorImpl.java:57)
	at sun.reflect.DelegatingMethodAccessorImpl.invoke(DelegatingMethodAccessorImpl.java:43)
	at java.lang.reflect.Method.invoke(Method.java:606)
	at junit.framework.TestCase.runTest(TestCase.java:176)
	at junit.framework.TestCase.runBare(TestCase.java:141)
	at junit.framework.TestResult$1.protect(TestResult.java:122)
	at junit.framework.TestResult.runProtected(TestResult.java:142)
	at junit.framework.TestResult.run(TestResult.java:125)
	at junit.framework.TestCase.run(TestCase.java:129)
	at junit.framework.TestSuite.runTest(TestSuite.java:255)
	at junit.framework.TestSuite.run(TestSuite.java:250)
	at org.junit.internal.runners.JUnit38ClassRunner.run(JUnit38ClassRunner.java:84)
	at com.gzoltar.lib.instrumentation.testing.junit.a.call(Unknown Source)
	at java.util.concurrent.FutureTask.run(FutureTask.java:262)
	at java.util.concurrent.ThreadPoolExecutor.runWorker(ThreadPoolExecutor.java:1145)
	at java.util.concurrent.ThreadPoolExecutor$Worker.run(ThreadPoolExecutor.java:615)
	at java.lang.Thread.run(Thread.java:745)
[ERROR] Class not found
java.lang.ClassNotFoundException: org.apache.commons.math.MessagesResources_en_US
	at java.lang.ClassLoader.findClass(ClassLoader.java:531)
	at java.lang.ClassLoader.loadClass(ClassLoader.java:425)
	at java.lang.ClassLoader.loadClass(ClassLoader.java:358)
	at com.gzoltar.lib.instrumentation.util.GZoltarClassLoader.loadClass(Unknown Source)
	at java.util.ResourceBundle$Control.newBundle(ResourceBundle.java:2566)
	at java.util.ResourceBundle.loadBundle(ResourceBundle.java:1436)
	at java.util.ResourceBundle.findBundle(ResourceBundle.java:1400)
	at java.util.ResourceBundle.getBundleImpl(ResourceBundle.java:1296)
	at java.util.ResourceBundle.getBundle(ResourceBundle.java:795)
	at org.apache.commons.math.MathRuntimeException.translate(MathRuntimeException.java:66)
	at org.apache.commons.math.MathRuntimeException.buildMessage(MathRuntimeException.java:94)
	at org.apache.commons.math.MathRuntimeException.createParseException(MathRuntimeException.java:396)
	at org.apache.commons.math.fraction.FractionFormat.parse(FractionFormat.java:204)
	at org.apache.commons.math.fraction.FractionFormatTest.testParseProperNegative(FractionFormatTest.java:226)
	at sun.reflect.NativeMethodAccessorImpl.invoke0(Native Method)
	at sun.reflect.NativeMethodAccessorImpl.invoke(NativeMethodAccessorImpl.java:57)
	at sun.reflect.DelegatingMethodAccessorImpl.invoke(DelegatingMethodAccessorImpl.java:43)
	at java.lang.reflect.Method.invoke(Method.java:606)
	at junit.framework.TestCase.runTest(TestCase.java:176)
	at junit.framework.TestCase.runBare(TestCase.java:141)
	at junit.framework.TestResult$1.protect(TestResult.java:122)
	at junit.framework.TestResult.runProtected(TestResult.java:142)
	at junit.framework.TestResult.run(TestResult.java:125)
	at junit.framework.TestCase.run(TestCase.java:129)
	at junit.framework.TestSuite.runTest(TestSuite.java:255)
	at junit.framework.TestSuite.run(TestSuite.java:250)
	at org.junit.internal.runners.JUnit38ClassRunner.run(JUnit38ClassRunner.java:84)
	at com.gzoltar.lib.instrumentation.testing.junit.a.call(Unknown Source)
	at java.util.concurrent.FutureTask.run(FutureTask.java:262)
	at java.util.concurrent.ThreadPoolExecutor.runWorker(ThreadPoolExecutor.java:1145)
	at java.util.concurrent.ThreadPoolExecutor$Worker.run(ThreadPoolExecutor.java:615)
	at java.lang.Thread.run(Thread.java:745)
* Finished org.apache.commons.math.fraction.FractionFormatTest#testParseProperNegative
* Started org.apache.commons.math.fraction.FractionFormatTest#testParse
* Finished org.apache.commons.math.fraction.FractionFormatTest#testParse
* Started org.apache.commons.math.fraction.FractionFormatTest#testWholeFormat
* Finished org.apache.commons.math.fraction.FractionFormatTest#testWholeFormat
* Started org.apache.commons.math.fraction.FractionFormatTest#testFormatZero
* Finished org.apache.commons.math.fraction.FractionFormatTest#testFormatZero
* Started org.apache.commons.math.fraction.FractionFormatTest#testFormatNegative
* Finished org.apache.commons.math.fraction.FractionFormatTest#testFormatNegative
* Started org.apache.commons.math.fraction.FractionFormatTest#testParseInvalidDenominator
[ERROR] Class not found
java.lang.ClassNotFoundException: org.apache.commons.math.MessagesResources
	at java.lang.ClassLoader.findClass(ClassLoader.java:531)
	at java.lang.ClassLoader.loadClass(ClassLoader.java:425)
	at java.lang.ClassLoader.loadClass(ClassLoader.java:358)
	at com.gzoltar.lib.instrumentation.util.GZoltarClassLoader.loadClass(Unknown Source)
	at java.util.ResourceBundle$Control.newBundle(ResourceBundle.java:2566)
	at java.util.ResourceBundle.loadBundle(ResourceBundle.java:1436)
	at java.util.ResourceBundle.findBundle(ResourceBundle.java:1400)
	at java.util.ResourceBundle.findBundle(ResourceBundle.java:1354)
	at java.util.ResourceBundle.findBundle(ResourceBundle.java:1354)
	at java.util.ResourceBundle.getBundleImpl(ResourceBundle.java:1296)
	at java.util.ResourceBundle.getBundle(ResourceBundle.java:795)
	at org.apache.commons.math.MathRuntimeException.translate(MathRuntimeException.java:66)
	at org.apache.commons.math.MathRuntimeException.buildMessage(MathRuntimeException.java:94)
	at org.apache.commons.math.MathRuntimeException.createParseException(MathRuntimeException.java:396)
	at org.apache.commons.math.fraction.FractionFormat.parse(FractionFormat.java:204)
	at org.apache.commons.math.fraction.FractionFormatTest.testParseInvalidDenominator(FractionFormatTest.java:152)
	at sun.reflect.NativeMethodAccessorImpl.invoke0(Native Method)
	at sun.reflect.NativeMethodAccessorImpl.invoke(NativeMethodAccessorImpl.java:57)
	at sun.reflect.DelegatingMethodAccessorImpl.invoke(DelegatingMethodAccessorImpl.java:43)
	at java.lang.reflect.Method.invoke(Method.java:606)
	at junit.framework.TestCase.runTest(TestCase.java:176)
	at junit.framework.TestCase.runBare(TestCase.java:141)
	at junit.framework.TestResult$1.protect(TestResult.java:122)
	at junit.framework.TestResult.runProtected(TestResult.java:142)
	at junit.framework.TestResult.run(TestResult.java:125)
	at junit.framework.TestCase.run(TestCase.java:129)
	at junit.framework.TestSuite.runTest(TestSuite.java:255)
	at junit.framework.TestSuite.run(TestSuite.java:250)
	at org.junit.internal.runners.JUnit38ClassRunner.run(JUnit38ClassRunner.java:84)
	at com.gzoltar.lib.instrumentation.testing.junit.a.call(Unknown Source)
	at java.util.concurrent.FutureTask.run(FutureTask.java:262)
	at java.util.concurrent.ThreadPoolExecutor.runWorker(ThreadPoolExecutor.java:1145)
	at java.util.concurrent.ThreadPoolExecutor$Worker.run(ThreadPoolExecutor.java:615)
	at java.lang.Thread.run(Thread.java:745)
[ERROR] Class not found
java.lang.ClassNotFoundException: org.apache.commons.math.MessagesResources_en
	at java.lang.ClassLoader.findClass(ClassLoader.java:531)
	at java.lang.ClassLoader.loadClass(ClassLoader.java:425)
	at java.lang.ClassLoader.loadClass(ClassLoader.java:358)
	at com.gzoltar.lib.instrumentation.util.GZoltarClassLoader.loadClass(Unknown Source)
	at java.util.ResourceBundle$Control.newBundle(ResourceBundle.java:2566)
	at java.util.ResourceBundle.loadBundle(ResourceBundle.java:1436)
	at java.util.ResourceBundle.findBundle(ResourceBundle.java:1400)
	at java.util.ResourceBundle.findBundle(ResourceBundle.java:1354)
	at java.util.ResourceBundle.getBundleImpl(ResourceBundle.java:1296)
	at java.util.ResourceBundle.getBundle(ResourceBundle.java:795)
	at org.apache.commons.math.MathRuntimeException.translate(MathRuntimeException.java:66)
	at org.apache.commons.math.MathRuntimeException.buildMessage(MathRuntimeException.java:94)
	at org.apache.commons.math.MathRuntimeException.createParseException(MathRuntimeException.java:396)
	at org.apache.commons.math.fraction.FractionFormat.parse(FractionFormat.java:204)
	at org.apache.commons.math.fraction.FractionFormatTest.testParseInvalidDenominator(FractionFormatTest.java:152)
	at sun.reflect.NativeMethodAccessorImpl.invoke0(Native Method)
	at sun.reflect.NativeMethodAccessorImpl.invoke(NativeMethodAccessorImpl.java:57)
	at sun.reflect.DelegatingMethodAccessorImpl.invoke(DelegatingMethodAccessorImpl.java:43)
	at java.lang.reflect.Method.invoke(Method.java:606)
	at junit.framework.TestCase.runTest(TestCase.java:176)
	at junit.framework.TestCase.runBare(TestCase.java:141)
	at junit.framework.TestResult$1.protect(TestResult.java:122)
	at junit.framework.TestResult.runProtected(TestResult.java:142)
	at junit.framework.TestResult.run(TestResult.java:125)
	at junit.framework.TestCase.run(TestCase.java:129)
	at junit.framework.TestSuite.runTest(TestSuite.java:255)
	at junit.framework.TestSuite.run(TestSuite.java:250)
	at org.junit.internal.runners.JUnit38ClassRunner.run(JUnit38ClassRunner.java:84)
	at com.gzoltar.lib.instrumentation.testing.junit.a.call(Unknown Source)
	at java.util.concurrent.FutureTask.run(FutureTask.java:262)
	at java.util.concurrent.ThreadPoolExecutor.runWorker(ThreadPoolExecutor.java:1145)
	at java.util.concurrent.ThreadPoolExecutor$Worker.run(ThreadPoolExecutor.java:615)
	at java.lang.Thread.run(Thread.java:745)
[ERROR] Class not found
java.lang.ClassNotFoundException: org.apache.commons.math.MessagesResources_en_US
	at java.lang.ClassLoader.findClass(ClassLoader.java:531)
	at java.lang.ClassLoader.loadClass(ClassLoader.java:425)
	at java.lang.ClassLoader.loadClass(ClassLoader.java:358)
	at com.gzoltar.lib.instrumentation.util.GZoltarClassLoader.loadClass(Unknown Source)
	at java.util.ResourceBundle$Control.newBundle(ResourceBundle.java:2566)
	at java.util.ResourceBundle.loadBundle(ResourceBundle.java:1436)
	at java.util.ResourceBundle.findBundle(ResourceBundle.java:1400)
	at java.util.ResourceBundle.getBundleImpl(ResourceBundle.java:1296)
	at java.util.ResourceBundle.getBundle(ResourceBundle.java:795)
	at org.apache.commons.math.MathRuntimeException.translate(MathRuntimeException.java:66)
	at org.apache.commons.math.MathRuntimeException.buildMessage(MathRuntimeException.java:94)
	at org.apache.commons.math.MathRuntimeException.createParseException(MathRuntimeException.java:396)
	at org.apache.commons.math.fraction.FractionFormat.parse(FractionFormat.java:204)
	at org.apache.commons.math.fraction.FractionFormatTest.testParseInvalidDenominator(FractionFormatTest.java:152)
	at sun.reflect.NativeMethodAccessorImpl.invoke0(Native Method)
	at sun.reflect.NativeMethodAccessorImpl.invoke(NativeMethodAccessorImpl.java:57)
	at sun.reflect.DelegatingMethodAccessorImpl.invoke(DelegatingMethodAccessorImpl.java:43)
	at java.lang.reflect.Method.invoke(Method.java:606)
	at junit.framework.TestCase.runTest(TestCase.java:176)
	at junit.framework.TestCase.runBare(TestCase.java:141)
	at junit.framework.TestResult$1.protect(TestResult.java:122)
	at junit.framework.TestResult.runProtected(TestResult.java:142)
	at junit.framework.TestResult.run(TestResult.java:125)
	at junit.framework.TestCase.run(TestCase.java:129)
	at junit.framework.TestSuite.runTest(TestSuite.java:255)
	at junit.framework.TestSuite.run(TestSuite.java:250)
	at org.junit.internal.runners.JUnit38ClassRunner.run(JUnit38ClassRunner.java:84)
	at com.gzoltar.lib.instrumentation.testing.junit.a.call(Unknown Source)
	at java.util.concurrent.FutureTask.run(FutureTask.java:262)
	at java.util.concurrent.ThreadPoolExecutor.runWorker(ThreadPoolExecutor.java:1145)
	at java.util.concurrent.ThreadPoolExecutor$Worker.run(ThreadPoolExecutor.java:615)
	at java.lang.Thread.run(Thread.java:745)
* Finished org.apache.commons.math.fraction.FractionFormatTest#testParseInvalidDenominator
* Started org.apache.commons.math.fraction.FractionFormatTest#testDenominatorFormat
* Finished org.apache.commons.math.fraction.FractionFormatTest#testDenominatorFormat
* Started org.apache.commons.math.fraction.FractionFormatTest#testParseProperInvalidMinus
[ERROR] Class not found
java.lang.ClassNotFoundException: org.apache.commons.math.MessagesResources
	at java.lang.ClassLoader.findClass(ClassLoader.java:531)
	at java.lang.ClassLoader.loadClass(ClassLoader.java:425)
	at java.lang.ClassLoader.loadClass(ClassLoader.java:358)
	at com.gzoltar.lib.instrumentation.util.GZoltarClassLoader.loadClass(Unknown Source)
	at java.util.ResourceBundle$Control.newBundle(ResourceBundle.java:2566)
	at java.util.ResourceBundle.loadBundle(ResourceBundle.java:1436)
	at java.util.ResourceBundle.findBundle(ResourceBundle.java:1400)
	at java.util.ResourceBundle.findBundle(ResourceBundle.java:1354)
	at java.util.ResourceBundle.findBundle(ResourceBundle.java:1354)
	at java.util.ResourceBundle.getBundleImpl(ResourceBundle.java:1296)
	at java.util.ResourceBundle.getBundle(ResourceBundle.java:795)
	at org.apache.commons.math.MathRuntimeException.translate(MathRuntimeException.java:66)
	at org.apache.commons.math.MathRuntimeException.buildMessage(MathRuntimeException.java:94)
	at org.apache.commons.math.MathRuntimeException.createParseException(MathRuntimeException.java:396)
	at org.apache.commons.math.fraction.FractionFormat.parse(FractionFormat.java:204)
	at org.apache.commons.math.fraction.FractionFormatTest.testParseProperInvalidMinus(FractionFormatTest.java:236)
	at sun.reflect.NativeMethodAccessorImpl.invoke0(Native Method)
	at sun.reflect.NativeMethodAccessorImpl.invoke(NativeMethodAccessorImpl.java:57)
	at sun.reflect.DelegatingMethodAccessorImpl.invoke(DelegatingMethodAccessorImpl.java:43)
	at java.lang.reflect.Method.invoke(Method.java:606)
	at junit.framework.TestCase.runTest(TestCase.java:176)
	at junit.framework.TestCase.runBare(TestCase.java:141)
	at junit.framework.TestResult$1.protect(TestResult.java:122)
	at junit.framework.TestResult.runProtected(TestResult.java:142)
	at junit.framework.TestResult.run(TestResult.java:125)
	at junit.framework.TestCase.run(TestCase.java:129)
	at junit.framework.TestSuite.runTest(TestSuite.java:255)
	at junit.framework.TestSuite.run(TestSuite.java:250)
	at org.junit.internal.runners.JUnit38ClassRunner.run(JUnit38ClassRunner.java:84)
	at com.gzoltar.lib.instrumentation.testing.junit.a.call(Unknown Source)
	at java.util.concurrent.FutureTask.run(FutureTask.java:262)
	at java.util.concurrent.ThreadPoolExecutor.runWorker(ThreadPoolExecutor.java:1145)
	at java.util.concurrent.ThreadPoolExecutor$Worker.run(ThreadPoolExecutor.java:615)
	at java.lang.Thread.run(Thread.java:745)
[ERROR] Class not found
java.lang.ClassNotFoundException: org.apache.commons.math.MessagesResources_en
	at java.lang.ClassLoader.findClass(ClassLoader.java:531)
	at java.lang.ClassLoader.loadClass(ClassLoader.java:425)
	at java.lang.ClassLoader.loadClass(ClassLoader.java:358)
	at com.gzoltar.lib.instrumentation.util.GZoltarClassLoader.loadClass(Unknown Source)
	at java.util.ResourceBundle$Control.newBundle(ResourceBundle.java:2566)
	at java.util.ResourceBundle.loadBundle(ResourceBundle.java:1436)
	at java.util.ResourceBundle.findBundle(ResourceBundle.java:1400)
	at java.util.ResourceBundle.findBundle(ResourceBundle.java:1354)
	at java.util.ResourceBundle.getBundleImpl(ResourceBundle.java:1296)
	at java.util.ResourceBundle.getBundle(ResourceBundle.java:795)
	at org.apache.commons.math.MathRuntimeException.translate(MathRuntimeException.java:66)
	at org.apache.commons.math.MathRuntimeException.buildMessage(MathRuntimeException.java:94)
	at org.apache.commons.math.MathRuntimeException.createParseException(MathRuntimeException.java:396)
	at org.apache.commons.math.fraction.FractionFormat.parse(FractionFormat.java:204)
	at org.apache.commons.math.fraction.FractionFormatTest.testParseProperInvalidMinus(FractionFormatTest.java:236)
	at sun.reflect.NativeMethodAccessorImpl.invoke0(Native Method)
	at sun.reflect.NativeMethodAccessorImpl.invoke(NativeMethodAccessorImpl.java:57)
	at sun.reflect.DelegatingMethodAccessorImpl.invoke(DelegatingMethodAccessorImpl.java:43)
	at java.lang.reflect.Method.invoke(Method.java:606)
	at junit.framework.TestCase.runTest(TestCase.java:176)
	at junit.framework.TestCase.runBare(TestCase.java:141)
	at junit.framework.TestResult$1.protect(TestResult.java:122)
	at junit.framework.TestResult.runProtected(TestResult.java:142)
	at junit.framework.TestResult.run(TestResult.java:125)
	at junit.framework.TestCase.run(TestCase.java:129)
	at junit.framework.TestSuite.runTest(TestSuite.java:255)
	at junit.framework.TestSuite.run(TestSuite.java:250)
	at org.junit.internal.runners.JUnit38ClassRunner.run(JUnit38ClassRunner.java:84)
	at com.gzoltar.lib.instrumentation.testing.junit.a.call(Unknown Source)
	at java.util.concurrent.FutureTask.run(FutureTask.java:262)
	at java.util.concurrent.ThreadPoolExecutor.runWorker(ThreadPoolExecutor.java:1145)
	at java.util.concurrent.ThreadPoolExecutor$Worker.run(ThreadPoolExecutor.java:615)
	at java.lang.Thread.run(Thread.java:745)
[ERROR] Class not found
java.lang.ClassNotFoundException: org.apache.commons.math.MessagesResources_en_US
	at java.lang.ClassLoader.findClass(ClassLoader.java:531)
	at java.lang.ClassLoader.loadClass(ClassLoader.java:425)
	at java.lang.ClassLoader.loadClass(ClassLoader.java:358)
	at com.gzoltar.lib.instrumentation.util.GZoltarClassLoader.loadClass(Unknown Source)
	at java.util.ResourceBundle$Control.newBundle(ResourceBundle.java:2566)
	at java.util.ResourceBundle.loadBundle(ResourceBundle.java:1436)
	at java.util.ResourceBundle.findBundle(ResourceBundle.java:1400)
	at java.util.ResourceBundle.getBundleImpl(ResourceBundle.java:1296)
	at java.util.ResourceBundle.getBundle(ResourceBundle.java:795)
	at org.apache.commons.math.MathRuntimeException.translate(MathRuntimeException.java:66)
	at org.apache.commons.math.MathRuntimeException.buildMessage(MathRuntimeException.java:94)
	at org.apache.commons.math.MathRuntimeException.createParseException(MathRuntimeException.java:396)
	at org.apache.commons.math.fraction.FractionFormat.parse(FractionFormat.java:204)
	at org.apache.commons.math.fraction.FractionFormatTest.testParseProperInvalidMinus(FractionFormatTest.java:236)
	at sun.reflect.NativeMethodAccessorImpl.invoke0(Native Method)
	at sun.reflect.NativeMethodAccessorImpl.invoke(NativeMethodAccessorImpl.java:57)
	at sun.reflect.DelegatingMethodAccessorImpl.invoke(DelegatingMethodAccessorImpl.java:43)
	at java.lang.reflect.Method.invoke(Method.java:606)
	at junit.framework.TestCase.runTest(TestCase.java:176)
	at junit.framework.TestCase.runBare(TestCase.java:141)
	at junit.framework.TestResult$1.protect(TestResult.java:122)
	at junit.framework.TestResult.runProtected(TestResult.java:142)
	at junit.framework.TestResult.run(TestResult.java:125)
	at junit.framework.TestCase.run(TestCase.java:129)
	at junit.framework.TestSuite.runTest(TestSuite.java:255)
	at junit.framework.TestSuite.run(TestSuite.java:250)
	at org.junit.internal.runners.JUnit38ClassRunner.run(JUnit38ClassRunner.java:84)
	at com.gzoltar.lib.instrumentation.testing.junit.a.call(Unknown Source)
	at java.util.concurrent.FutureTask.run(FutureTask.java:262)
	at java.util.concurrent.ThreadPoolExecutor.runWorker(ThreadPoolExecutor.java:1145)
	at java.util.concurrent.ThreadPoolExecutor$Worker.run(ThreadPoolExecutor.java:615)
	at java.lang.Thread.run(Thread.java:745)
* Finished org.apache.commons.math.fraction.FractionFormatTest#testParseProperInvalidMinus
* Started org.apache.commons.math.fraction.FractionFormatTest#testParseInteger
* Finished org.apache.commons.math.fraction.FractionFormatTest#testParseInteger
* Started org.apache.commons.math.fraction.FractionFormatTest#testParseInvalid
[ERROR] Class not found
java.lang.ClassNotFoundException: org.apache.commons.math.MessagesResources
	at java.lang.ClassLoader.findClass(ClassLoader.java:531)
	at java.lang.ClassLoader.loadClass(ClassLoader.java:425)
	at java.lang.ClassLoader.loadClass(ClassLoader.java:358)
	at com.gzoltar.lib.instrumentation.util.GZoltarClassLoader.loadClass(Unknown Source)
	at java.util.ResourceBundle$Control.newBundle(ResourceBundle.java:2566)
	at java.util.ResourceBundle.loadBundle(ResourceBundle.java:1436)
	at java.util.ResourceBundle.findBundle(ResourceBundle.java:1400)
	at java.util.ResourceBundle.findBundle(ResourceBundle.java:1354)
	at java.util.ResourceBundle.findBundle(ResourceBundle.java:1354)
	at java.util.ResourceBundle.getBundleImpl(ResourceBundle.java:1296)
	at java.util.ResourceBundle.getBundle(ResourceBundle.java:795)
	at org.apache.commons.math.MathRuntimeException.translate(MathRuntimeException.java:66)
	at org.apache.commons.math.MathRuntimeException.buildMessage(MathRuntimeException.java:94)
	at org.apache.commons.math.MathRuntimeException.createParseException(MathRuntimeException.java:396)
	at org.apache.commons.math.fraction.FractionFormat.parse(FractionFormat.java:204)
	at org.apache.commons.math.fraction.FractionFormatTest.testParseInvalid(FractionFormatTest.java:135)
	at sun.reflect.NativeMethodAccessorImpl.invoke0(Native Method)
	at sun.reflect.NativeMethodAccessorImpl.invoke(NativeMethodAccessorImpl.java:57)
	at sun.reflect.DelegatingMethodAccessorImpl.invoke(DelegatingMethodAccessorImpl.java:43)
	at java.lang.reflect.Method.invoke(Method.java:606)
	at junit.framework.TestCase.runTest(TestCase.java:176)
	at junit.framework.TestCase.runBare(TestCase.java:141)
	at junit.framework.TestResult$1.protect(TestResult.java:122)
	at junit.framework.TestResult.runProtected(TestResult.java:142)
	at junit.framework.TestResult.run(TestResult.java:125)
	at junit.framework.TestCase.run(TestCase.java:129)
	at junit.framework.TestSuite.runTest(TestSuite.java:255)
	at junit.framework.TestSuite.run(TestSuite.java:250)
	at org.junit.internal.runners.JUnit38ClassRunner.run(JUnit38ClassRunner.java:84)
	at com.gzoltar.lib.instrumentation.testing.junit.a.call(Unknown Source)
	at java.util.concurrent.FutureTask.run(FutureTask.java:262)
	at java.util.concurrent.ThreadPoolExecutor.runWorker(ThreadPoolExecutor.java:1145)
	at java.util.concurrent.ThreadPoolExecutor$Worker.run(ThreadPoolExecutor.java:615)
	at java.lang.Thread.run(Thread.java:745)
[ERROR] Class not found
java.lang.ClassNotFoundException: org.apache.commons.math.MessagesResources_en
	at java.lang.ClassLoader.findClass(ClassLoader.java:531)
	at java.lang.ClassLoader.loadClass(ClassLoader.java:425)
	at java.lang.ClassLoader.loadClass(ClassLoader.java:358)
	at com.gzoltar.lib.instrumentation.util.GZoltarClassLoader.loadClass(Unknown Source)
	at java.util.ResourceBundle$Control.newBundle(ResourceBundle.java:2566)
	at java.util.ResourceBundle.loadBundle(ResourceBundle.java:1436)
	at java.util.ResourceBundle.findBundle(ResourceBundle.java:1400)
	at java.util.ResourceBundle.findBundle(ResourceBundle.java:1354)
	at java.util.ResourceBundle.getBundleImpl(ResourceBundle.java:1296)
	at java.util.ResourceBundle.getBundle(ResourceBundle.java:795)
	at org.apache.commons.math.MathRuntimeException.translate(MathRuntimeException.java:66)
	at org.apache.commons.math.MathRuntimeException.buildMessage(MathRuntimeException.java:94)
	at org.apache.commons.math.MathRuntimeException.createParseException(MathRuntimeException.java:396)
	at org.apache.commons.math.fraction.FractionFormat.parse(FractionFormat.java:204)
	at org.apache.commons.math.fraction.FractionFormatTest.testParseInvalid(FractionFormatTest.java:135)
	at sun.reflect.NativeMethodAccessorImpl.invoke0(Native Method)
	at sun.reflect.NativeMethodAccessorImpl.invoke(NativeMethodAccessorImpl.java:57)
	at sun.reflect.DelegatingMethodAccessorImpl.invoke(DelegatingMethodAccessorImpl.java:43)
	at java.lang.reflect.Method.invoke(Method.java:606)
	at junit.framework.TestCase.runTest(TestCase.java:176)
	at junit.framework.TestCase.runBare(TestCase.java:141)
	at junit.framework.TestResult$1.protect(TestResult.java:122)
	at junit.framework.TestResult.runProtected(TestResult.java:142)
	at junit.framework.TestResult.run(TestResult.java:125)
	at junit.framework.TestCase.run(TestCase.java:129)
	at junit.framework.TestSuite.runTest(TestSuite.java:255)
	at junit.framework.TestSuite.run(TestSuite.java:250)
	at org.junit.internal.runners.JUnit38ClassRunner.run(JUnit38ClassRunner.java:84)
	at com.gzoltar.lib.instrumentation.testing.junit.a.call(Unknown Source)
	at java.util.concurrent.FutureTask.run(FutureTask.java:262)
	at java.util.concurrent.ThreadPoolExecutor.runWorker(ThreadPoolExecutor.java:1145)
	at java.util.concurrent.ThreadPoolExecutor$Worker.run(ThreadPoolExecutor.java:615)
	at java.lang.Thread.run(Thread.java:745)
[ERROR] Class not found
java.lang.ClassNotFoundException: org.apache.commons.math.MessagesResources_en_US
	at java.lang.ClassLoader.findClass(ClassLoader.java:531)
	at java.lang.ClassLoader.loadClass(ClassLoader.java:425)
	at java.lang.ClassLoader.loadClass(ClassLoader.java:358)
	at com.gzoltar.lib.instrumentation.util.GZoltarClassLoader.loadClass(Unknown Source)
	at java.util.ResourceBundle$Control.newBundle(ResourceBundle.java:2566)
	at java.util.ResourceBundle.loadBundle(ResourceBundle.java:1436)
	at java.util.ResourceBundle.findBundle(ResourceBundle.java:1400)
	at java.util.ResourceBundle.getBundleImpl(ResourceBundle.java:1296)
	at java.util.ResourceBundle.getBundle(ResourceBundle.java:795)
	at org.apache.commons.math.MathRuntimeException.translate(MathRuntimeException.java:66)
	at org.apache.commons.math.MathRuntimeException.buildMessage(MathRuntimeException.java:94)
	at org.apache.commons.math.MathRuntimeException.createParseException(MathRuntimeException.java:396)
	at org.apache.commons.math.fraction.FractionFormat.parse(FractionFormat.java:204)
	at org.apache.commons.math.fraction.FractionFormatTest.testParseInvalid(FractionFormatTest.java:135)
	at sun.reflect.NativeMethodAccessorImpl.invoke0(Native Method)
	at sun.reflect.NativeMethodAccessorImpl.invoke(NativeMethodAccessorImpl.java:57)
	at sun.reflect.DelegatingMethodAccessorImpl.invoke(DelegatingMethodAccessorImpl.java:43)
	at java.lang.reflect.Method.invoke(Method.java:606)
	at junit.framework.TestCase.runTest(TestCase.java:176)
	at junit.framework.TestCase.runBare(TestCase.java:141)
	at junit.framework.TestResult$1.protect(TestResult.java:122)
	at junit.framework.TestResult.runProtected(TestResult.java:142)
	at junit.framework.TestResult.run(TestResult.java:125)
	at junit.framework.TestCase.run(TestCase.java:129)
	at junit.framework.TestSuite.runTest(TestSuite.java:255)
	at junit.framework.TestSuite.run(TestSuite.java:250)
	at org.junit.internal.runners.JUnit38ClassRunner.run(JUnit38ClassRunner.java:84)
	at com.gzoltar.lib.instrumentation.testing.junit.a.call(Unknown Source)
	at java.util.concurrent.FutureTask.run(FutureTask.java:262)
	at java.util.concurrent.ThreadPoolExecutor.runWorker(ThreadPoolExecutor.java:1145)
	at java.util.concurrent.ThreadPoolExecutor$Worker.run(ThreadPoolExecutor.java:615)
	at java.lang.Thread.run(Thread.java:745)
* Finished org.apache.commons.math.fraction.FractionFormatTest#testParseInvalid
* Started org.apache.commons.math.fraction.FractionFormatTest#testFormat
* Finished org.apache.commons.math.fraction.FractionFormatTest#testFormat
* Started org.apache.commons.math.fraction.FractionFormatTest#testDoubleFormat
* Finished org.apache.commons.math.fraction.FractionFormatTest#testDoubleFormat
* Started org.apache.commons.math.fraction.FractionFormatTest#testParseNegative
* Finished org.apache.commons.math.fraction.FractionFormatTest#testParseNegative
* Filtering test cases that do not cover any component
* Sending data to master
* Closing connection with client
* Performing fault localization
* Running Ochiai
* Running Ochiai2
* Running Tarantula
* Running Jaccard
* Running SBI
* Running Kulczynski2
* Running Sorensen-Dice
* Running Anderberg
* Running Simple-matching
* Running Rogers and Tanimoto
* Running Russel and Rao
* Running Dstar
* Running Opt
* Running Barinel
* Running Ideal
* Running Naish1
* Writing coverage matrix to '/fastdata/acp13jcd/GZoltar/Math/91/Math/developer/0/Math-91b-developer.0/matrix'
* Normalizing spectra, coefficient: DSTAR
* Normalizing spectra, coefficient: OPT
* Writing spectra to '/fastdata/acp13jcd/GZoltar/Math/91/Math/developer/0/Math-91b-developer.0/spectra'
* Metrics
* Writing statistics to '/fastdata/acp13jcd/GZoltar/Math/91/Math/developer/0/Math-91b-developer.0/statistics.csv'
* Computation finished

DONE!
