* Checking out Math-6 to /scratch/acp13jcd/run_gzoltar_25896_Math-6
* Compiling Math-6
Running ant (compile)...................................................... OK
Running ant (compile.tests)................................................ OK
* Running GZoltar
   ____ _____     _ _               
  / ___|__  /___ | | |_ __ _ _ __   
 | |  _  / // _ \| | __/ _` | '__| 
 | |_| |/ /| (_) | | || (_| | |     
  \____/____\___/|_|\__\__,_|_| 

[ERROR] /scratch/acp13jcd/run_gzoltar_25896_Math-6/lib/junit-4.8.2.jar does not exist
java.lang.Exception
	at com.gzoltar.lib.master.modes.Diagnose.execute(Unknown Source)
	at com.gzoltar.lib.master.GZoltar.parseCommandLine(Unknown Source)
	at com.gzoltar.lib.master.GZoltar.main(Unknown Source)
* Preparing classpath
* Collecting classes under test
* Collecting test cases
* Performing analysis
* Started org.apache.commons.math3.fitting.GaussianFitterTest#testFit01
* Finished org.apache.commons.math3.fitting.GaussianFitterTest#testFit01
* Started org.apache.commons.math3.fitting.GaussianFitterTest#testFit02
* Finished org.apache.commons.math3.fitting.GaussianFitterTest#testFit02
* Started org.apache.commons.math3.fitting.GaussianFitterTest#testFit03
* Finished org.apache.commons.math3.fitting.GaussianFitterTest#testFit03
* Started org.apache.commons.math3.fitting.GaussianFitterTest#testFit04
* Finished org.apache.commons.math3.fitting.GaussianFitterTest#testFit04
* Started org.apache.commons.math3.fitting.GaussianFitterTest#testFit05
* Finished org.apache.commons.math3.fitting.GaussianFitterTest#testFit05
* Started org.apache.commons.math3.fitting.GaussianFitterTest#testFit06
* Finished org.apache.commons.math3.fitting.GaussianFitterTest#testFit06
* Started org.apache.commons.math3.fitting.GaussianFitterTest#testFit07
* Finished org.apache.commons.math3.fitting.GaussianFitterTest#testFit07
* Started org.apache.commons.math3.fitting.GaussianFitterTest#testMath519
* Finished org.apache.commons.math3.fitting.GaussianFitterTest#testMath519
* Started org.apache.commons.math3.fitting.GaussianFitterTest#testMath798
* Finished org.apache.commons.math3.fitting.GaussianFitterTest#testMath798
* Started org.apache.commons.math3.fitting.HarmonicFitterTest#test1PercentError
* Finished org.apache.commons.math3.fitting.HarmonicFitterTest#test1PercentError
* Started org.apache.commons.math3.fitting.HarmonicFitterTest#testTinyVariationsData
* Finished org.apache.commons.math3.fitting.HarmonicFitterTest#testTinyVariationsData
* Started org.apache.commons.math3.fitting.HarmonicFitterTest#testPreconditions1
* Finished org.apache.commons.math3.fitting.HarmonicFitterTest#testPreconditions1
* Started org.apache.commons.math3.fitting.HarmonicFitterTest#testMath844
* Finished org.apache.commons.math3.fitting.HarmonicFitterTest#testMath844
* Started org.apache.commons.math3.fitting.HarmonicFitterTest#testInitialGuess
* Finished org.apache.commons.math3.fitting.HarmonicFitterTest#testInitialGuess
* Started org.apache.commons.math3.fitting.HarmonicFitterTest#testUnsorted
* Finished org.apache.commons.math3.fitting.HarmonicFitterTest#testUnsorted
* Started org.apache.commons.math3.fitting.HarmonicFitterTest#testNoError
* Finished org.apache.commons.math3.fitting.HarmonicFitterTest#testNoError
* Started org.apache.commons.math3.fitting.CurveFitterTest#testMath303
* Finished org.apache.commons.math3.fitting.CurveFitterTest#testMath303
* Started org.apache.commons.math3.fitting.CurveFitterTest#testMath304
* Finished org.apache.commons.math3.fitting.CurveFitterTest#testMath304
* Started org.apache.commons.math3.fitting.CurveFitterTest#testMath372
* Finished org.apache.commons.math3.fitting.CurveFitterTest#testMath372
* Started org.apache.commons.math3.fitting.PolynomialFitterTest#testFit
* Finished org.apache.commons.math3.fitting.PolynomialFitterTest#testFit
* Started org.apache.commons.math3.fitting.PolynomialFitterTest#testMath798WithToleranceTooLowButNoException
* Finished org.apache.commons.math3.fitting.PolynomialFitterTest#testMath798WithToleranceTooLowButNoException
* Started org.apache.commons.math3.fitting.PolynomialFitterTest#testMath798WithToleranceTooLow
* Finished org.apache.commons.math3.fitting.PolynomialFitterTest#testMath798WithToleranceTooLow
* Started org.apache.commons.math3.fitting.PolynomialFitterTest#testMath798
* Finished org.apache.commons.math3.fitting.PolynomialFitterTest#testMath798
* Started org.apache.commons.math3.fitting.PolynomialFitterTest#testSmallError
* Finished org.apache.commons.math3.fitting.PolynomialFitterTest#testSmallError
* Started org.apache.commons.math3.fitting.PolynomialFitterTest#testRedundantSolvable
* Finished org.apache.commons.math3.fitting.PolynomialFitterTest#testRedundantSolvable
* Started org.apache.commons.math3.fitting.PolynomialFitterTest#testNoError
* Finished org.apache.commons.math3.fitting.PolynomialFitterTest#testNoError
* Started org.apache.commons.math3.fitting.PolynomialFitterTest#testLargeSample
* Finished org.apache.commons.math3.fitting.PolynomialFitterTest#testLargeSample
* Started org.apache.commons.math3.fitting.PolynomialFitterTest#testRedundantUnsolvable
* Finished org.apache.commons.math3.fitting.PolynomialFitterTest#testRedundantUnsolvable
* Started org.apache.commons.math3.optim.nonlinear.vector.jacobian.GaussNewtonOptimizerTest#testConstraintsUnsupported
* Finished org.apache.commons.math3.optim.nonlinear.vector.jacobian.GaussNewtonOptimizerTest#testConstraintsUnsupported
* Started org.apache.commons.math3.optim.nonlinear.vector.jacobian.GaussNewtonOptimizerTest#testHahn1
* Finished org.apache.commons.math3.optim.nonlinear.vector.jacobian.GaussNewtonOptimizerTest#testHahn1
* Started org.apache.commons.math3.optim.nonlinear.vector.jacobian.GaussNewtonOptimizerTest#testMoreEstimatedParametersSimple
* Finished org.apache.commons.math3.optim.nonlinear.vector.jacobian.GaussNewtonOptimizerTest#testMoreEstimatedParametersSimple
* Started org.apache.commons.math3.optim.nonlinear.vector.jacobian.GaussNewtonOptimizerTest#testMoreEstimatedParametersUnsorted
* Finished org.apache.commons.math3.optim.nonlinear.vector.jacobian.GaussNewtonOptimizerTest#testMoreEstimatedParametersUnsorted
* Started org.apache.commons.math3.optim.nonlinear.vector.jacobian.GaussNewtonOptimizerTest#testMaxEvaluations
* Finished org.apache.commons.math3.optim.nonlinear.vector.jacobian.GaussNewtonOptimizerTest#testMaxEvaluations
* Started org.apache.commons.math3.optim.nonlinear.vector.jacobian.GaussNewtonOptimizerTest#testCircleFittingBadInit
* Finished org.apache.commons.math3.optim.nonlinear.vector.jacobian.GaussNewtonOptimizerTest#testCircleFittingBadInit
* Started org.apache.commons.math3.optim.nonlinear.vector.jacobian.GaussNewtonOptimizerTest#testCircleFittingGoodInit
* Finished org.apache.commons.math3.optim.nonlinear.vector.jacobian.GaussNewtonOptimizerTest#testCircleFittingGoodInit
* Started org.apache.commons.math3.optim.nonlinear.vector.jacobian.GaussNewtonOptimizerTest#testNoDependency
* Finished org.apache.commons.math3.optim.nonlinear.vector.jacobian.GaussNewtonOptimizerTest#testNoDependency
* Started org.apache.commons.math3.optim.nonlinear.vector.jacobian.GaussNewtonOptimizerTest#testRedundantEquations
* Finished org.apache.commons.math3.optim.nonlinear.vector.jacobian.GaussNewtonOptimizerTest#testRedundantEquations
* Started org.apache.commons.math3.optim.nonlinear.vector.jacobian.GaussNewtonOptimizerTest#testTrivial
* Finished org.apache.commons.math3.optim.nonlinear.vector.jacobian.GaussNewtonOptimizerTest#testTrivial
* Started org.apache.commons.math3.optim.nonlinear.vector.jacobian.GaussNewtonOptimizerTest#testQRColumnsPermutation
* Finished org.apache.commons.math3.optim.nonlinear.vector.jacobian.GaussNewtonOptimizerTest#testQRColumnsPermutation
* Started org.apache.commons.math3.optim.nonlinear.vector.jacobian.GaussNewtonOptimizerTest#testInconsistentSizes1
* Finished org.apache.commons.math3.optim.nonlinear.vector.jacobian.GaussNewtonOptimizerTest#testInconsistentSizes1
* Started org.apache.commons.math3.optim.nonlinear.vector.jacobian.GaussNewtonOptimizerTest#testInconsistentSizes2
* Finished org.apache.commons.math3.optim.nonlinear.vector.jacobian.GaussNewtonOptimizerTest#testInconsistentSizes2
* Started org.apache.commons.math3.optim.nonlinear.vector.jacobian.GaussNewtonOptimizerTest#testTwoSets
* Finished org.apache.commons.math3.optim.nonlinear.vector.jacobian.GaussNewtonOptimizerTest#testTwoSets
* Started org.apache.commons.math3.optim.nonlinear.vector.jacobian.GaussNewtonOptimizerTest#testIllConditioned
* Finished org.apache.commons.math3.optim.nonlinear.vector.jacobian.GaussNewtonOptimizerTest#testIllConditioned
* Started org.apache.commons.math3.optim.nonlinear.vector.jacobian.GaussNewtonOptimizerTest#testGetIterations
* Failure: null | testGetIterations(org.apache.commons.math3.optim.nonlinear.vector.jacobian.GaussNewtonOptimizerTest)
java.lang.AssertionError
	at org.junit.Assert.fail(Assert.java:86)
	at org.junit.Assert.assertTrue(Assert.java:41)
	at org.junit.Assert.assertTrue(Assert.java:52)
	at org.apache.commons.math3.optim.nonlinear.vector.jacobian.AbstractLeastSquaresOptimizerAbstractTest.testGetIterations(AbstractLeastSquaresOptimizerAbstractTest.java:131)
	at sun.reflect.NativeMethodAccessorImpl.invoke0(Native Method)
	at sun.reflect.NativeMethodAccessorImpl.invoke(NativeMethodAccessorImpl.java:57)
	at sun.reflect.DelegatingMethodAccessorImpl.invoke(DelegatingMethodAccessorImpl.java:43)
	at java.lang.reflect.Method.invoke(Method.java:606)
	at org.junit.runners.model.FrameworkMethod$1.runReflectiveCall(FrameworkMethod.java:47)
	at org.junit.internal.runners.model.ReflectiveCallable.run(ReflectiveCallable.java:12)
	at org.junit.runners.model.FrameworkMethod.invokeExplosively(FrameworkMethod.java:44)
	at org.junit.internal.runners.statements.InvokeMethod.evaluate(InvokeMethod.java:17)
	at org.junit.runners.ParentRunner.runLeaf(ParentRunner.java:271)
	at org.junit.runners.BlockJUnit4ClassRunner.runChild(BlockJUnit4ClassRunner.java:70)
	at org.junit.runners.BlockJUnit4ClassRunner.runChild(BlockJUnit4ClassRunner.java:50)
	at org.junit.runners.ParentRunner$3.run(ParentRunner.java:238)
	at org.junit.runners.ParentRunner$1.schedule(ParentRunner.java:63)
	at org.junit.runners.ParentRunner.runChildren(ParentRunner.java:236)
	at org.junit.runners.ParentRunner.access$000(ParentRunner.java:53)
	at org.junit.runners.ParentRunner$2.evaluate(ParentRunner.java:229)
	at org.junit.runners.ParentRunner.run(ParentRunner.java:309)
	at com.gzoltar.lib.instrumentation.testing.junit.a.call(Unknown Source)
	at java.util.concurrent.FutureTask.run(FutureTask.java:262)
	at java.util.concurrent.ThreadPoolExecutor.runWorker(ThreadPoolExecutor.java:1145)
	at java.util.concurrent.ThreadPoolExecutor$Worker.run(ThreadPoolExecutor.java:615)
	at java.lang.Thread.run(Thread.java:745)

* Finished org.apache.commons.math3.optim.nonlinear.vector.jacobian.GaussNewtonOptimizerTest#testGetIterations
* Started org.apache.commons.math3.optim.nonlinear.vector.jacobian.GaussNewtonOptimizerTest#testNonInvertible
* Finished org.apache.commons.math3.optim.nonlinear.vector.jacobian.GaussNewtonOptimizerTest#testNonInvertible
* Started org.apache.commons.math3.optim.nonlinear.vector.jacobian.GaussNewtonOptimizerTest#testInconsistentEquations
* Finished org.apache.commons.math3.optim.nonlinear.vector.jacobian.GaussNewtonOptimizerTest#testInconsistentEquations
* Started org.apache.commons.math3.optim.nonlinear.vector.jacobian.GaussNewtonOptimizerTest#testCircleFitting
* Finished org.apache.commons.math3.optim.nonlinear.vector.jacobian.GaussNewtonOptimizerTest#testCircleFitting
* Started org.apache.commons.math3.optim.nonlinear.vector.jacobian.GaussNewtonOptimizerTest#testKirby2
* Finished org.apache.commons.math3.optim.nonlinear.vector.jacobian.GaussNewtonOptimizerTest#testKirby2
* Started org.apache.commons.math3.optim.nonlinear.vector.jacobian.GaussNewtonOptimizerTest#testOneSet
* Finished org.apache.commons.math3.optim.nonlinear.vector.jacobian.GaussNewtonOptimizerTest#testOneSet
* Started org.apache.commons.math3.optim.nonlinear.vector.jacobian.LevenbergMarquardtOptimizerTest#testConstraintsUnsupported
* Finished org.apache.commons.math3.optim.nonlinear.vector.jacobian.LevenbergMarquardtOptimizerTest#testConstraintsUnsupported
* Started org.apache.commons.math3.optim.nonlinear.vector.jacobian.LevenbergMarquardtOptimizerTest#testBevington
* Finished org.apache.commons.math3.optim.nonlinear.vector.jacobian.LevenbergMarquardtOptimizerTest#testBevington
* Started org.apache.commons.math3.optim.nonlinear.vector.jacobian.LevenbergMarquardtOptimizerTest#testNonInvertible
* Finished org.apache.commons.math3.optim.nonlinear.vector.jacobian.LevenbergMarquardtOptimizerTest#testNonInvertible
* Started org.apache.commons.math3.optim.nonlinear.vector.jacobian.LevenbergMarquardtOptimizerTest#testCircleFitting2
* Finished org.apache.commons.math3.optim.nonlinear.vector.jacobian.LevenbergMarquardtOptimizerTest#testCircleFitting2
* Started org.apache.commons.math3.optim.nonlinear.vector.jacobian.LevenbergMarquardtOptimizerTest#testControlParameters
* Finished org.apache.commons.math3.optim.nonlinear.vector.jacobian.LevenbergMarquardtOptimizerTest#testControlParameters
* Started org.apache.commons.math3.optim.nonlinear.vector.jacobian.LevenbergMarquardtOptimizerTest#testCircleFittingGoodInit
* Finished org.apache.commons.math3.optim.nonlinear.vector.jacobian.LevenbergMarquardtOptimizerTest#testCircleFittingGoodInit
* Started org.apache.commons.math3.optim.nonlinear.vector.jacobian.LevenbergMarquardtOptimizerTest#testNoDependency
* Finished org.apache.commons.math3.optim.nonlinear.vector.jacobian.LevenbergMarquardtOptimizerTest#testNoDependency
* Started org.apache.commons.math3.optim.nonlinear.vector.jacobian.LevenbergMarquardtOptimizerTest#testRedundantEquations
* Finished org.apache.commons.math3.optim.nonlinear.vector.jacobian.LevenbergMarquardtOptimizerTest#testRedundantEquations
* Started org.apache.commons.math3.optim.nonlinear.vector.jacobian.LevenbergMarquardtOptimizerTest#testTrivial
* Finished org.apache.commons.math3.optim.nonlinear.vector.jacobian.LevenbergMarquardtOptimizerTest#testTrivial
* Started org.apache.commons.math3.optim.nonlinear.vector.jacobian.LevenbergMarquardtOptimizerTest#testQRColumnsPermutation
* Finished org.apache.commons.math3.optim.nonlinear.vector.jacobian.LevenbergMarquardtOptimizerTest#testQRColumnsPermutation
* Started org.apache.commons.math3.optim.nonlinear.vector.jacobian.LevenbergMarquardtOptimizerTest#testInconsistentSizes1
* Finished org.apache.commons.math3.optim.nonlinear.vector.jacobian.LevenbergMarquardtOptimizerTest#testInconsistentSizes1
* Started org.apache.commons.math3.optim.nonlinear.vector.jacobian.LevenbergMarquardtOptimizerTest#testInconsistentSizes2
* Finished org.apache.commons.math3.optim.nonlinear.vector.jacobian.LevenbergMarquardtOptimizerTest#testInconsistentSizes2
* Started org.apache.commons.math3.optim.nonlinear.vector.jacobian.LevenbergMarquardtOptimizerTest#testTwoSets
* Finished org.apache.commons.math3.optim.nonlinear.vector.jacobian.LevenbergMarquardtOptimizerTest#testTwoSets
* Started org.apache.commons.math3.optim.nonlinear.vector.jacobian.LevenbergMarquardtOptimizerTest#testHahn1
* Finished org.apache.commons.math3.optim.nonlinear.vector.jacobian.LevenbergMarquardtOptimizerTest#testHahn1
* Started org.apache.commons.math3.optim.nonlinear.vector.jacobian.LevenbergMarquardtOptimizerTest#testMoreEstimatedParametersSimple
* Finished org.apache.commons.math3.optim.nonlinear.vector.jacobian.LevenbergMarquardtOptimizerTest#testMoreEstimatedParametersSimple
* Started org.apache.commons.math3.optim.nonlinear.vector.jacobian.LevenbergMarquardtOptimizerTest#testMoreEstimatedParametersUnsorted
* Finished org.apache.commons.math3.optim.nonlinear.vector.jacobian.LevenbergMarquardtOptimizerTest#testMoreEstimatedParametersUnsorted
* Started org.apache.commons.math3.optim.nonlinear.vector.jacobian.LevenbergMarquardtOptimizerTest#testIllConditioned
* Finished org.apache.commons.math3.optim.nonlinear.vector.jacobian.LevenbergMarquardtOptimizerTest#testIllConditioned
* Started org.apache.commons.math3.optim.nonlinear.vector.jacobian.LevenbergMarquardtOptimizerTest#testGetIterations
* Failure: null | testGetIterations(org.apache.commons.math3.optim.nonlinear.vector.jacobian.LevenbergMarquardtOptimizerTest)
java.lang.AssertionError
	at org.junit.Assert.fail(Assert.java:86)
	at org.junit.Assert.assertTrue(Assert.java:41)
	at org.junit.Assert.assertTrue(Assert.java:52)
	at org.apache.commons.math3.optim.nonlinear.vector.jacobian.AbstractLeastSquaresOptimizerAbstractTest.testGetIterations(AbstractLeastSquaresOptimizerAbstractTest.java:131)
	at sun.reflect.NativeMethodAccessorImpl.invoke0(Native Method)
	at sun.reflect.NativeMethodAccessorImpl.invoke(NativeMethodAccessorImpl.java:57)
	at sun.reflect.DelegatingMethodAccessorImpl.invoke(DelegatingMethodAccessorImpl.java:43)
	at java.lang.reflect.Method.invoke(Method.java:606)
	at org.junit.runners.model.FrameworkMethod$1.runReflectiveCall(FrameworkMethod.java:47)
	at org.junit.internal.runners.model.ReflectiveCallable.run(ReflectiveCallable.java:12)
	at org.junit.runners.model.FrameworkMethod.invokeExplosively(FrameworkMethod.java:44)
	at org.junit.internal.runners.statements.InvokeMethod.evaluate(InvokeMethod.java:17)
	at org.junit.runners.ParentRunner.runLeaf(ParentRunner.java:271)
	at org.junit.runners.BlockJUnit4ClassRunner.runChild(BlockJUnit4ClassRunner.java:70)
	at org.junit.runners.BlockJUnit4ClassRunner.runChild(BlockJUnit4ClassRunner.java:50)
	at org.junit.runners.ParentRunner$3.run(ParentRunner.java:238)
	at org.junit.runners.ParentRunner$1.schedule(ParentRunner.java:63)
	at org.junit.runners.ParentRunner.runChildren(ParentRunner.java:236)
	at org.junit.runners.ParentRunner.access$000(ParentRunner.java:53)
	at org.junit.runners.ParentRunner$2.evaluate(ParentRunner.java:229)
	at org.junit.runners.ParentRunner.run(ParentRunner.java:309)
	at com.gzoltar.lib.instrumentation.testing.junit.a.call(Unknown Source)
	at java.util.concurrent.FutureTask.run(FutureTask.java:262)
	at java.util.concurrent.ThreadPoolExecutor.runWorker(ThreadPoolExecutor.java:1145)
	at java.util.concurrent.ThreadPoolExecutor$Worker.run(ThreadPoolExecutor.java:615)
	at java.lang.Thread.run(Thread.java:745)

* Finished org.apache.commons.math3.optim.nonlinear.vector.jacobian.LevenbergMarquardtOptimizerTest#testGetIterations
* Started org.apache.commons.math3.optim.nonlinear.vector.jacobian.LevenbergMarquardtOptimizerTest#testInconsistentEquations
* Finished org.apache.commons.math3.optim.nonlinear.vector.jacobian.LevenbergMarquardtOptimizerTest#testInconsistentEquations
* Started org.apache.commons.math3.optim.nonlinear.vector.jacobian.LevenbergMarquardtOptimizerTest#testCircleFitting
* Finished org.apache.commons.math3.optim.nonlinear.vector.jacobian.LevenbergMarquardtOptimizerTest#testCircleFitting
* Started org.apache.commons.math3.optim.nonlinear.vector.jacobian.LevenbergMarquardtOptimizerTest#testKirby2
* Finished org.apache.commons.math3.optim.nonlinear.vector.jacobian.LevenbergMarquardtOptimizerTest#testKirby2
* Started org.apache.commons.math3.optim.nonlinear.vector.jacobian.LevenbergMarquardtOptimizerTest#testOneSet
* Finished org.apache.commons.math3.optim.nonlinear.vector.jacobian.LevenbergMarquardtOptimizerTest#testOneSet
* Started org.apache.commons.math3.optim.nonlinear.vector.jacobian.LevenbergMarquardtOptimizerTest#testCircleFittingBadInit
* Finished org.apache.commons.math3.optim.nonlinear.vector.jacobian.LevenbergMarquardtOptimizerTest#testCircleFittingBadInit
* Started org.apache.commons.math3.optim.nonlinear.vector.jacobian.MinpackTest#testMinpackLinearRank1
* Finished org.apache.commons.math3.optim.nonlinear.vector.jacobian.MinpackTest#testMinpackLinearRank1
* Started org.apache.commons.math3.optim.nonlinear.vector.jacobian.MinpackTest#testMinpackBrownDennis
* Finished org.apache.commons.math3.optim.nonlinear.vector.jacobian.MinpackTest#testMinpackBrownDennis
* Started org.apache.commons.math3.optim.nonlinear.vector.jacobian.MinpackTest#testMinpackJennrichSampson
* Finished org.apache.commons.math3.optim.nonlinear.vector.jacobian.MinpackTest#testMinpackJennrichSampson
* Started org.apache.commons.math3.optim.nonlinear.vector.jacobian.MinpackTest#testMinpackRosenbrok
* Finished org.apache.commons.math3.optim.nonlinear.vector.jacobian.MinpackTest#testMinpackRosenbrok
* Started org.apache.commons.math3.optim.nonlinear.vector.jacobian.MinpackTest#testMinpackBox3Dimensional
* Finished org.apache.commons.math3.optim.nonlinear.vector.jacobian.MinpackTest#testMinpackBox3Dimensional
* Started org.apache.commons.math3.optim.nonlinear.vector.jacobian.MinpackTest#testMinpackHelicalValley
* Finished org.apache.commons.math3.optim.nonlinear.vector.jacobian.MinpackTest#testMinpackHelicalValley
* Started org.apache.commons.math3.optim.nonlinear.vector.jacobian.MinpackTest#testMinpackMeyer
* Finished org.apache.commons.math3.optim.nonlinear.vector.jacobian.MinpackTest#testMinpackMeyer
* Started org.apache.commons.math3.optim.nonlinear.vector.jacobian.MinpackTest#testMinpackLinearFullRank
* Finished org.apache.commons.math3.optim.nonlinear.vector.jacobian.MinpackTest#testMinpackLinearFullRank
* Started org.apache.commons.math3.optim.nonlinear.vector.jacobian.MinpackTest#testMinpackFreudensteinRoth
* Finished org.apache.commons.math3.optim.nonlinear.vector.jacobian.MinpackTest#testMinpackFreudensteinRoth
* Started org.apache.commons.math3.optim.nonlinear.vector.jacobian.MinpackTest#testMinpackOsborne1
* Finished org.apache.commons.math3.optim.nonlinear.vector.jacobian.MinpackTest#testMinpackOsborne1
* Started org.apache.commons.math3.optim.nonlinear.vector.jacobian.MinpackTest#testMinpackOsborne2
* Finished org.apache.commons.math3.optim.nonlinear.vector.jacobian.MinpackTest#testMinpackOsborne2
* Started org.apache.commons.math3.optim.nonlinear.vector.jacobian.MinpackTest#testMinpackWatson
* Finished org.apache.commons.math3.optim.nonlinear.vector.jacobian.MinpackTest#testMinpackWatson
* Started org.apache.commons.math3.optim.nonlinear.vector.jacobian.MinpackTest#testMinpackKowalikOsborne
* Finished org.apache.commons.math3.optim.nonlinear.vector.jacobian.MinpackTest#testMinpackKowalikOsborne
* Started org.apache.commons.math3.optim.nonlinear.vector.jacobian.MinpackTest#testMinpackPowellSingular
* Finished org.apache.commons.math3.optim.nonlinear.vector.jacobian.MinpackTest#testMinpackPowellSingular
* Started org.apache.commons.math3.optim.nonlinear.vector.jacobian.MinpackTest#testMinpackChebyquad
* Finished org.apache.commons.math3.optim.nonlinear.vector.jacobian.MinpackTest#testMinpackChebyquad
* Started org.apache.commons.math3.optim.nonlinear.vector.jacobian.MinpackTest#testMinpackLinearRank1ZeroColsAndRows
* Finished org.apache.commons.math3.optim.nonlinear.vector.jacobian.MinpackTest#testMinpackLinearRank1ZeroColsAndRows
* Started org.apache.commons.math3.optim.nonlinear.vector.jacobian.MinpackTest#testMinpackBard
* Finished org.apache.commons.math3.optim.nonlinear.vector.jacobian.MinpackTest#testMinpackBard
* Started org.apache.commons.math3.optim.nonlinear.vector.jacobian.MinpackTest#testMinpackBrownAlmostLinear
* Finished org.apache.commons.math3.optim.nonlinear.vector.jacobian.MinpackTest#testMinpackBrownAlmostLinear
* Started org.apache.commons.math3.optim.nonlinear.vector.MultiStartMultivariateVectorOptimizerTest#testGetOptimaBeforeOptimize
* Finished org.apache.commons.math3.optim.nonlinear.vector.MultiStartMultivariateVectorOptimizerTest#testGetOptimaBeforeOptimize
* Started org.apache.commons.math3.optim.nonlinear.vector.MultiStartMultivariateVectorOptimizerTest#testTrivial
* Finished org.apache.commons.math3.optim.nonlinear.vector.MultiStartMultivariateVectorOptimizerTest#testTrivial
* Started org.apache.commons.math3.optim.nonlinear.vector.MultiStartMultivariateVectorOptimizerTest#testNoOptimum
* Finished org.apache.commons.math3.optim.nonlinear.vector.MultiStartMultivariateVectorOptimizerTest#testNoOptimum
* Started org.apache.commons.math3.optim.nonlinear.vector.MultiStartMultivariateVectorOptimizerTest#testIssue914
* Finished org.apache.commons.math3.optim.nonlinear.vector.MultiStartMultivariateVectorOptimizerTest#testIssue914
* Started org.apache.commons.math3.optim.nonlinear.scalar.MultiStartMultivariateOptimizerTest#testRosenbrock
* Finished org.apache.commons.math3.optim.nonlinear.scalar.MultiStartMultivariateOptimizerTest#testRosenbrock
* Started org.apache.commons.math3.optim.nonlinear.scalar.MultiStartMultivariateOptimizerTest#testCircleFitting
* Finished org.apache.commons.math3.optim.nonlinear.scalar.MultiStartMultivariateOptimizerTest#testCircleFitting
* Started org.apache.commons.math3.optim.nonlinear.scalar.gradient.NonLinearConjugateGradientOptimizerTest#testNoDependency
* Finished org.apache.commons.math3.optim.nonlinear.scalar.gradient.NonLinearConjugateGradientOptimizerTest#testNoDependency
* Started org.apache.commons.math3.optim.nonlinear.scalar.gradient.NonLinearConjugateGradientOptimizerTest#testRedundantEquations
* Finished org.apache.commons.math3.optim.nonlinear.scalar.gradient.NonLinearConjugateGradientOptimizerTest#testRedundantEquations
* Started org.apache.commons.math3.optim.nonlinear.scalar.gradient.NonLinearConjugateGradientOptimizerTest#testTrivial
* Failure: null | testTrivial(org.apache.commons.math3.optim.nonlinear.scalar.gradient.NonLinearConjugateGradientOptimizerTest)
java.lang.AssertionError
	at org.junit.Assert.fail(Assert.java:86)
	at org.junit.Assert.assertTrue(Assert.java:41)
	at org.junit.Assert.assertTrue(Assert.java:52)
	at org.apache.commons.math3.optim.nonlinear.scalar.gradient.NonLinearConjugateGradientOptimizerTest.testTrivial(NonLinearConjugateGradientOptimizerTest.java:141)
	at sun.reflect.NativeMethodAccessorImpl.invoke0(Native Method)
	at sun.reflect.NativeMethodAccessorImpl.invoke(NativeMethodAccessorImpl.java:57)
	at sun.reflect.DelegatingMethodAccessorImpl.invoke(DelegatingMethodAccessorImpl.java:43)
	at java.lang.reflect.Method.invoke(Method.java:606)
	at org.junit.runners.model.FrameworkMethod$1.runReflectiveCall(FrameworkMethod.java:47)
	at org.junit.internal.runners.model.ReflectiveCallable.run(ReflectiveCallable.java:12)
	at org.junit.runners.model.FrameworkMethod.invokeExplosively(FrameworkMethod.java:44)
	at org.junit.internal.runners.statements.InvokeMethod.evaluate(InvokeMethod.java:17)
	at org.junit.runners.ParentRunner.runLeaf(ParentRunner.java:271)
	at org.junit.runners.BlockJUnit4ClassRunner.runChild(BlockJUnit4ClassRunner.java:70)
	at org.junit.runners.BlockJUnit4ClassRunner.runChild(BlockJUnit4ClassRunner.java:50)
	at org.junit.runners.ParentRunner$3.run(ParentRunner.java:238)
	at org.junit.runners.ParentRunner$1.schedule(ParentRunner.java:63)
	at org.junit.runners.ParentRunner.runChildren(ParentRunner.java:236)
	at org.junit.runners.ParentRunner.access$000(ParentRunner.java:53)
	at org.junit.runners.ParentRunner$2.evaluate(ParentRunner.java:229)
	at org.junit.runners.ParentRunner.run(ParentRunner.java:309)
	at com.gzoltar.lib.instrumentation.testing.junit.a.call(Unknown Source)
	at java.util.concurrent.FutureTask.run(FutureTask.java:262)
	at java.util.concurrent.ThreadPoolExecutor.runWorker(ThreadPoolExecutor.java:1145)
	at java.util.concurrent.ThreadPoolExecutor$Worker.run(ThreadPoolExecutor.java:615)
	at java.lang.Thread.run(Thread.java:745)

* Finished org.apache.commons.math3.optim.nonlinear.scalar.gradient.NonLinearConjugateGradientOptimizerTest#testTrivial
* Started org.apache.commons.math3.optim.nonlinear.scalar.gradient.NonLinearConjugateGradientOptimizerTest#testTwoSets
* Finished org.apache.commons.math3.optim.nonlinear.scalar.gradient.NonLinearConjugateGradientOptimizerTest#testTwoSets
* Started org.apache.commons.math3.optim.nonlinear.scalar.gradient.NonLinearConjugateGradientOptimizerTest#testMoreEstimatedParametersSimple
* Finished org.apache.commons.math3.optim.nonlinear.scalar.gradient.NonLinearConjugateGradientOptimizerTest#testMoreEstimatedParametersSimple
* Started org.apache.commons.math3.optim.nonlinear.scalar.gradient.NonLinearConjugateGradientOptimizerTest#testMoreEstimatedParametersUnsorted
* Finished org.apache.commons.math3.optim.nonlinear.scalar.gradient.NonLinearConjugateGradientOptimizerTest#testMoreEstimatedParametersUnsorted
* Started org.apache.commons.math3.optim.nonlinear.scalar.gradient.NonLinearConjugateGradientOptimizerTest#testIllConditioned
* Finished org.apache.commons.math3.optim.nonlinear.scalar.gradient.NonLinearConjugateGradientOptimizerTest#testIllConditioned
* Started org.apache.commons.math3.optim.nonlinear.scalar.gradient.NonLinearConjugateGradientOptimizerTest#testColumnsPermutation
* Finished org.apache.commons.math3.optim.nonlinear.scalar.gradient.NonLinearConjugateGradientOptimizerTest#testColumnsPermutation
* Started org.apache.commons.math3.optim.nonlinear.scalar.gradient.NonLinearConjugateGradientOptimizerTest#testNonInversible
* Finished org.apache.commons.math3.optim.nonlinear.scalar.gradient.NonLinearConjugateGradientOptimizerTest#testNonInversible
* Started org.apache.commons.math3.optim.nonlinear.scalar.gradient.NonLinearConjugateGradientOptimizerTest#testInconsistentEquations
* Finished org.apache.commons.math3.optim.nonlinear.scalar.gradient.NonLinearConjugateGradientOptimizerTest#testInconsistentEquations
* Started org.apache.commons.math3.optim.nonlinear.scalar.gradient.NonLinearConjugateGradientOptimizerTest#testBoundsUnsupported
* Finished org.apache.commons.math3.optim.nonlinear.scalar.gradient.NonLinearConjugateGradientOptimizerTest#testBoundsUnsupported
* Started org.apache.commons.math3.optim.nonlinear.scalar.gradient.NonLinearConjugateGradientOptimizerTest#testCircleFitting
* Finished org.apache.commons.math3.optim.nonlinear.scalar.gradient.NonLinearConjugateGradientOptimizerTest#testCircleFitting
* Started org.apache.commons.math3.optim.nonlinear.scalar.gradient.NonLinearConjugateGradientOptimizerTest#testOneSet
* Finished org.apache.commons.math3.optim.nonlinear.scalar.gradient.NonLinearConjugateGradientOptimizerTest#testOneSet
* Started org.apache.commons.math3.optim.nonlinear.scalar.MultivariateFunctionPenaltyAdapterTest#testStartSimplexInsideRange
* Finished org.apache.commons.math3.optim.nonlinear.scalar.MultivariateFunctionPenaltyAdapterTest#testStartSimplexInsideRange
* Started org.apache.commons.math3.optim.nonlinear.scalar.MultivariateFunctionPenaltyAdapterTest#testOptimumOutsideRange
* Finished org.apache.commons.math3.optim.nonlinear.scalar.MultivariateFunctionPenaltyAdapterTest#testOptimumOutsideRange
* Started org.apache.commons.math3.optim.nonlinear.scalar.MultivariateFunctionPenaltyAdapterTest#testUnbounded
* Finished org.apache.commons.math3.optim.nonlinear.scalar.MultivariateFunctionPenaltyAdapterTest#testUnbounded
* Started org.apache.commons.math3.optim.nonlinear.scalar.MultivariateFunctionPenaltyAdapterTest#testStartSimplexOutsideRange
* Finished org.apache.commons.math3.optim.nonlinear.scalar.MultivariateFunctionPenaltyAdapterTest#testStartSimplexOutsideRange
* Started org.apache.commons.math3.optim.nonlinear.scalar.MultivariateFunctionPenaltyAdapterTest#testHalfBounded
* Finished org.apache.commons.math3.optim.nonlinear.scalar.MultivariateFunctionPenaltyAdapterTest#testHalfBounded
* Started org.apache.commons.math3.optim.nonlinear.scalar.noderiv.SimplexOptimizerMultiDirectionalTest#testMath283
* Finished org.apache.commons.math3.optim.nonlinear.scalar.noderiv.SimplexOptimizerMultiDirectionalTest#testMath283
* Started org.apache.commons.math3.optim.nonlinear.scalar.noderiv.SimplexOptimizerMultiDirectionalTest#testMaximize1
* Failure: null | testMaximize1(org.apache.commons.math3.optim.nonlinear.scalar.noderiv.SimplexOptimizerMultiDirectionalTest)
java.lang.AssertionError
	at org.junit.Assert.fail(Assert.java:86)
	at org.junit.Assert.assertTrue(Assert.java:41)
	at org.junit.Assert.assertTrue(Assert.java:52)
	at org.apache.commons.math3.optim.nonlinear.scalar.noderiv.SimplexOptimizerMultiDirectionalTest.testMaximize1(SimplexOptimizerMultiDirectionalTest.java:108)
	at sun.reflect.NativeMethodAccessorImpl.invoke0(Native Method)
	at sun.reflect.NativeMethodAccessorImpl.invoke(NativeMethodAccessorImpl.java:57)
	at sun.reflect.DelegatingMethodAccessorImpl.invoke(DelegatingMethodAccessorImpl.java:43)
	at java.lang.reflect.Method.invoke(Method.java:606)
	at org.junit.runners.model.FrameworkMethod$1.runReflectiveCall(FrameworkMethod.java:47)
	at org.junit.internal.runners.model.ReflectiveCallable.run(ReflectiveCallable.java:12)
	at org.junit.runners.model.FrameworkMethod.invokeExplosively(FrameworkMethod.java:44)
	at org.junit.internal.runners.statements.InvokeMethod.evaluate(InvokeMethod.java:17)
	at org.junit.runners.ParentRunner.runLeaf(ParentRunner.java:271)
	at org.junit.runners.BlockJUnit4ClassRunner.runChild(BlockJUnit4ClassRunner.java:70)
	at org.junit.runners.BlockJUnit4ClassRunner.runChild(BlockJUnit4ClassRunner.java:50)
	at org.junit.runners.ParentRunner$3.run(ParentRunner.java:238)
	at org.junit.runners.ParentRunner$1.schedule(ParentRunner.java:63)
	at org.junit.runners.ParentRunner.runChildren(ParentRunner.java:236)
	at org.junit.runners.ParentRunner.access$000(ParentRunner.java:53)
	at org.junit.runners.ParentRunner$2.evaluate(ParentRunner.java:229)
	at org.junit.runners.ParentRunner.run(ParentRunner.java:309)
	at com.gzoltar.lib.instrumentation.testing.junit.a.call(Unknown Source)
	at java.util.concurrent.FutureTask.run(FutureTask.java:262)
	at java.util.concurrent.ThreadPoolExecutor.runWorker(ThreadPoolExecutor.java:1145)
	at java.util.concurrent.ThreadPoolExecutor$Worker.run(ThreadPoolExecutor.java:615)
	at java.lang.Thread.run(Thread.java:745)

* Finished org.apache.commons.math3.optim.nonlinear.scalar.noderiv.SimplexOptimizerMultiDirectionalTest#testMaximize1
* Started org.apache.commons.math3.optim.nonlinear.scalar.noderiv.SimplexOptimizerMultiDirectionalTest#testMaximize2
* Failure: null | testMaximize2(org.apache.commons.math3.optim.nonlinear.scalar.noderiv.SimplexOptimizerMultiDirectionalTest)
java.lang.AssertionError
	at org.junit.Assert.fail(Assert.java:86)
	at org.junit.Assert.assertTrue(Assert.java:41)
	at org.junit.Assert.assertTrue(Assert.java:52)
	at org.apache.commons.math3.optim.nonlinear.scalar.noderiv.SimplexOptimizerMultiDirectionalTest.testMaximize2(SimplexOptimizerMultiDirectionalTest.java:129)
	at sun.reflect.NativeMethodAccessorImpl.invoke0(Native Method)
	at sun.reflect.NativeMethodAccessorImpl.invoke(NativeMethodAccessorImpl.java:57)
	at sun.reflect.DelegatingMethodAccessorImpl.invoke(DelegatingMethodAccessorImpl.java:43)
	at java.lang.reflect.Method.invoke(Method.java:606)
	at org.junit.runners.model.FrameworkMethod$1.runReflectiveCall(FrameworkMethod.java:47)
	at org.junit.internal.runners.model.ReflectiveCallable.run(ReflectiveCallable.java:12)
	at org.junit.runners.model.FrameworkMethod.invokeExplosively(FrameworkMethod.java:44)
	at org.junit.internal.runners.statements.InvokeMethod.evaluate(InvokeMethod.java:17)
	at org.junit.runners.ParentRunner.runLeaf(ParentRunner.java:271)
	at org.junit.runners.BlockJUnit4ClassRunner.runChild(BlockJUnit4ClassRunner.java:70)
	at org.junit.runners.BlockJUnit4ClassRunner.runChild(BlockJUnit4ClassRunner.java:50)
	at org.junit.runners.ParentRunner$3.run(ParentRunner.java:238)
	at org.junit.runners.ParentRunner$1.schedule(ParentRunner.java:63)
	at org.junit.runners.ParentRunner.runChildren(ParentRunner.java:236)
	at org.junit.runners.ParentRunner.access$000(ParentRunner.java:53)
	at org.junit.runners.ParentRunner$2.evaluate(ParentRunner.java:229)
	at org.junit.runners.ParentRunner.run(ParentRunner.java:309)
	at com.gzoltar.lib.instrumentation.testing.junit.a.call(Unknown Source)
	at java.util.concurrent.FutureTask.run(FutureTask.java:262)
	at java.util.concurrent.ThreadPoolExecutor.runWorker(ThreadPoolExecutor.java:1145)
	at java.util.concurrent.ThreadPoolExecutor$Worker.run(ThreadPoolExecutor.java:615)
	at java.lang.Thread.run(Thread.java:745)

* Finished org.apache.commons.math3.optim.nonlinear.scalar.noderiv.SimplexOptimizerMultiDirectionalTest#testMaximize2
* Started org.apache.commons.math3.optim.nonlinear.scalar.noderiv.SimplexOptimizerMultiDirectionalTest#testRosenbrock
* Finished org.apache.commons.math3.optim.nonlinear.scalar.noderiv.SimplexOptimizerMultiDirectionalTest#testRosenbrock
* Started org.apache.commons.math3.optim.nonlinear.scalar.noderiv.SimplexOptimizerMultiDirectionalTest#testBoundsUnsupported
* Finished org.apache.commons.math3.optim.nonlinear.scalar.noderiv.SimplexOptimizerMultiDirectionalTest#testBoundsUnsupported
* Started org.apache.commons.math3.optim.nonlinear.scalar.noderiv.SimplexOptimizerMultiDirectionalTest#testMinimize1
* Failure: null | testMinimize1(org.apache.commons.math3.optim.nonlinear.scalar.noderiv.SimplexOptimizerMultiDirectionalTest)
java.lang.AssertionError
	at org.junit.Assert.fail(Assert.java:86)
	at org.junit.Assert.assertTrue(Assert.java:41)
	at org.junit.Assert.assertTrue(Assert.java:52)
	at org.apache.commons.math3.optim.nonlinear.scalar.noderiv.SimplexOptimizerMultiDirectionalTest.testMinimize1(SimplexOptimizerMultiDirectionalTest.java:66)
	at sun.reflect.NativeMethodAccessorImpl.invoke0(Native Method)
	at sun.reflect.NativeMethodAccessorImpl.invoke(NativeMethodAccessorImpl.java:57)
	at sun.reflect.DelegatingMethodAccessorImpl.invoke(DelegatingMethodAccessorImpl.java:43)
	at java.lang.reflect.Method.invoke(Method.java:606)
	at org.junit.runners.model.FrameworkMethod$1.runReflectiveCall(FrameworkMethod.java:47)
	at org.junit.internal.runners.model.ReflectiveCallable.run(ReflectiveCallable.java:12)
	at org.junit.runners.model.FrameworkMethod.invokeExplosively(FrameworkMethod.java:44)
	at org.junit.internal.runners.statements.InvokeMethod.evaluate(InvokeMethod.java:17)
	at org.junit.runners.ParentRunner.runLeaf(ParentRunner.java:271)
	at org.junit.runners.BlockJUnit4ClassRunner.runChild(BlockJUnit4ClassRunner.java:70)
	at org.junit.runners.BlockJUnit4ClassRunner.runChild(BlockJUnit4ClassRunner.java:50)
	at org.junit.runners.ParentRunner$3.run(ParentRunner.java:238)
	at org.junit.runners.ParentRunner$1.schedule(ParentRunner.java:63)
	at org.junit.runners.ParentRunner.runChildren(ParentRunner.java:236)
	at org.junit.runners.ParentRunner.access$000(ParentRunner.java:53)
	at org.junit.runners.ParentRunner$2.evaluate(ParentRunner.java:229)
	at org.junit.runners.ParentRunner.run(ParentRunner.java:309)
	at com.gzoltar.lib.instrumentation.testing.junit.a.call(Unknown Source)
	at java.util.concurrent.FutureTask.run(FutureTask.java:262)
	at java.util.concurrent.ThreadPoolExecutor.runWorker(ThreadPoolExecutor.java:1145)
	at java.util.concurrent.ThreadPoolExecutor$Worker.run(ThreadPoolExecutor.java:615)
	at java.lang.Thread.run(Thread.java:745)

* Finished org.apache.commons.math3.optim.nonlinear.scalar.noderiv.SimplexOptimizerMultiDirectionalTest#testMinimize1
* Started org.apache.commons.math3.optim.nonlinear.scalar.noderiv.SimplexOptimizerMultiDirectionalTest#testMinimize2
* Failure: null | testMinimize2(org.apache.commons.math3.optim.nonlinear.scalar.noderiv.SimplexOptimizerMultiDirectionalTest)
java.lang.AssertionError
	at org.junit.Assert.fail(Assert.java:86)
	at org.junit.Assert.assertTrue(Assert.java:41)
	at org.junit.Assert.assertTrue(Assert.java:52)
	at org.apache.commons.math3.optim.nonlinear.scalar.noderiv.SimplexOptimizerMultiDirectionalTest.testMinimize2(SimplexOptimizerMultiDirectionalTest.java:87)
	at sun.reflect.NativeMethodAccessorImpl.invoke0(Native Method)
	at sun.reflect.NativeMethodAccessorImpl.invoke(NativeMethodAccessorImpl.java:57)
	at sun.reflect.DelegatingMethodAccessorImpl.invoke(DelegatingMethodAccessorImpl.java:43)
	at java.lang.reflect.Method.invoke(Method.java:606)
	at org.junit.runners.model.FrameworkMethod$1.runReflectiveCall(FrameworkMethod.java:47)
	at org.junit.internal.runners.model.ReflectiveCallable.run(ReflectiveCallable.java:12)
	at org.junit.runners.model.FrameworkMethod.invokeExplosively(FrameworkMethod.java:44)
	at org.junit.internal.runners.statements.InvokeMethod.evaluate(InvokeMethod.java:17)
	at org.junit.runners.ParentRunner.runLeaf(ParentRunner.java:271)
	at org.junit.runners.BlockJUnit4ClassRunner.runChild(BlockJUnit4ClassRunner.java:70)
	at org.junit.runners.BlockJUnit4ClassRunner.runChild(BlockJUnit4ClassRunner.java:50)
	at org.junit.runners.ParentRunner$3.run(ParentRunner.java:238)
	at org.junit.runners.ParentRunner$1.schedule(ParentRunner.java:63)
	at org.junit.runners.ParentRunner.runChildren(ParentRunner.java:236)
	at org.junit.runners.ParentRunner.access$000(ParentRunner.java:53)
	at org.junit.runners.ParentRunner$2.evaluate(ParentRunner.java:229)
	at org.junit.runners.ParentRunner.run(ParentRunner.java:309)
	at com.gzoltar.lib.instrumentation.testing.junit.a.call(Unknown Source)
	at java.util.concurrent.FutureTask.run(FutureTask.java:262)
	at java.util.concurrent.ThreadPoolExecutor.runWorker(ThreadPoolExecutor.java:1145)
	at java.util.concurrent.ThreadPoolExecutor$Worker.run(ThreadPoolExecutor.java:615)
	at java.lang.Thread.run(Thread.java:745)

* Finished org.apache.commons.math3.optim.nonlinear.scalar.noderiv.SimplexOptimizerMultiDirectionalTest#testMinimize2
* Started org.apache.commons.math3.optim.nonlinear.scalar.noderiv.SimplexOptimizerMultiDirectionalTest#testPowell
* Finished org.apache.commons.math3.optim.nonlinear.scalar.noderiv.SimplexOptimizerMultiDirectionalTest#testPowell
* Started org.apache.commons.math3.optim.nonlinear.scalar.noderiv.CMAESOptimizerTest#testConstrainedRosen
* Failure: null | testConstrainedRosen(org.apache.commons.math3.optim.nonlinear.scalar.noderiv.CMAESOptimizerTest)
java.lang.AssertionError
	at org.junit.Assert.fail(Assert.java:86)
	at org.junit.Assert.assertTrue(Assert.java:41)
	at org.junit.Assert.assertTrue(Assert.java:52)
	at org.apache.commons.math3.optim.nonlinear.scalar.noderiv.CMAESOptimizerTest.doTest(CMAESOptimizerTest.java:514)
	at org.apache.commons.math3.optim.nonlinear.scalar.noderiv.CMAESOptimizerTest.testConstrainedRosen(CMAESOptimizerTest.java:348)
	at sun.reflect.NativeMethodAccessorImpl.invoke0(Native Method)
	at sun.reflect.NativeMethodAccessorImpl.invoke(NativeMethodAccessorImpl.java:57)
	at sun.reflect.DelegatingMethodAccessorImpl.invoke(DelegatingMethodAccessorImpl.java:43)
	at java.lang.reflect.Method.invoke(Method.java:606)
	at org.junit.runners.model.FrameworkMethod$1.runReflectiveCall(FrameworkMethod.java:47)
	at org.junit.internal.runners.model.ReflectiveCallable.run(ReflectiveCallable.java:12)
	at org.junit.runners.model.FrameworkMethod.invokeExplosively(FrameworkMethod.java:44)
	at org.junit.internal.runners.statements.InvokeMethod.evaluate(InvokeMethod.java:17)
	at org.apache.commons.math3.RetryRunner$1.evaluate(RetryRunner.java:60)
	at org.junit.runners.ParentRunner.runLeaf(ParentRunner.java:271)
	at org.junit.runners.BlockJUnit4ClassRunner.runChild(BlockJUnit4ClassRunner.java:70)
	at org.junit.runners.BlockJUnit4ClassRunner.runChild(BlockJUnit4ClassRunner.java:50)
	at org.junit.runners.ParentRunner$3.run(ParentRunner.java:238)
	at org.junit.runners.ParentRunner$1.schedule(ParentRunner.java:63)
	at org.junit.runners.ParentRunner.runChildren(ParentRunner.java:236)
	at org.junit.runners.ParentRunner.access$000(ParentRunner.java:53)
	at org.junit.runners.ParentRunner$2.evaluate(ParentRunner.java:229)
	at org.junit.runners.ParentRunner.run(ParentRunner.java:309)
	at com.gzoltar.lib.instrumentation.testing.junit.a.call(Unknown Source)
	at java.util.concurrent.FutureTask.run(FutureTask.java:262)
	at java.util.concurrent.ThreadPoolExecutor.runWorker(ThreadPoolExecutor.java:1145)
	at java.util.concurrent.ThreadPoolExecutor$Worker.run(ThreadPoolExecutor.java:615)
	at java.lang.Thread.run(Thread.java:745)

* Finished org.apache.commons.math3.optim.nonlinear.scalar.noderiv.CMAESOptimizerTest#testConstrainedRosen
* Started org.apache.commons.math3.optim.nonlinear.scalar.noderiv.CMAESOptimizerTest#testElliRotated
* Failure: null | testElliRotated(org.apache.commons.math3.optim.nonlinear.scalar.noderiv.CMAESOptimizerTest)
java.lang.AssertionError
	at org.junit.Assert.fail(Assert.java:86)
	at org.junit.Assert.assertTrue(Assert.java:41)
	at org.junit.Assert.assertTrue(Assert.java:52)
	at org.apache.commons.math3.optim.nonlinear.scalar.noderiv.CMAESOptimizerTest.doTest(CMAESOptimizerTest.java:514)
	at org.apache.commons.math3.optim.nonlinear.scalar.noderiv.CMAESOptimizerTest.testElliRotated(CMAESOptimizerTest.java:183)
	at sun.reflect.NativeMethodAccessorImpl.invoke0(Native Method)
	at sun.reflect.NativeMethodAccessorImpl.invoke(NativeMethodAccessorImpl.java:57)
	at sun.reflect.DelegatingMethodAccessorImpl.invoke(DelegatingMethodAccessorImpl.java:43)
	at java.lang.reflect.Method.invoke(Method.java:606)
	at org.junit.runners.model.FrameworkMethod$1.runReflectiveCall(FrameworkMethod.java:47)
	at org.junit.internal.runners.model.ReflectiveCallable.run(ReflectiveCallable.java:12)
	at org.junit.runners.model.FrameworkMethod.invokeExplosively(FrameworkMethod.java:44)
	at org.junit.internal.runners.statements.InvokeMethod.evaluate(InvokeMethod.java:17)
	at org.apache.commons.math3.RetryRunner$1.evaluate(RetryRunner.java:60)
	at org.junit.runners.ParentRunner.runLeaf(ParentRunner.java:271)
	at org.junit.runners.BlockJUnit4ClassRunner.runChild(BlockJUnit4ClassRunner.java:70)
	at org.junit.runners.BlockJUnit4ClassRunner.runChild(BlockJUnit4ClassRunner.java:50)
	at org.junit.runners.ParentRunner$3.run(ParentRunner.java:238)
	at org.junit.runners.ParentRunner$1.schedule(ParentRunner.java:63)
	at org.junit.runners.ParentRunner.runChildren(ParentRunner.java:236)
	at org.junit.runners.ParentRunner.access$000(ParentRunner.java:53)
	at org.junit.runners.ParentRunner$2.evaluate(ParentRunner.java:229)
	at org.junit.runners.ParentRunner.run(ParentRunner.java:309)
	at com.gzoltar.lib.instrumentation.testing.junit.a.call(Unknown Source)
	at java.util.concurrent.FutureTask.run(FutureTask.java:262)
	at java.util.concurrent.ThreadPoolExecutor.runWorker(ThreadPoolExecutor.java:1145)
	at java.util.concurrent.ThreadPoolExecutor$Worker.run(ThreadPoolExecutor.java:615)
	at java.lang.Thread.run(Thread.java:745)

* Finished org.apache.commons.math3.optim.nonlinear.scalar.noderiv.CMAESOptimizerTest#testElliRotated
* Started org.apache.commons.math3.optim.nonlinear.scalar.noderiv.CMAESOptimizerTest#testEllipse
* Failure: null | testEllipse(org.apache.commons.math3.optim.nonlinear.scalar.noderiv.CMAESOptimizerTest)
java.lang.AssertionError
	at org.junit.Assert.fail(Assert.java:86)
	at org.junit.Assert.assertTrue(Assert.java:41)
	at org.junit.Assert.assertTrue(Assert.java:52)
	at org.apache.commons.math3.optim.nonlinear.scalar.noderiv.CMAESOptimizerTest.doTest(CMAESOptimizerTest.java:514)
	at org.apache.commons.math3.optim.nonlinear.scalar.noderiv.CMAESOptimizerTest.testEllipse(CMAESOptimizerTest.java:168)
	at sun.reflect.NativeMethodAccessorImpl.invoke0(Native Method)
	at sun.reflect.NativeMethodAccessorImpl.invoke(NativeMethodAccessorImpl.java:57)
	at sun.reflect.DelegatingMethodAccessorImpl.invoke(DelegatingMethodAccessorImpl.java:43)
	at java.lang.reflect.Method.invoke(Method.java:606)
	at org.junit.runners.model.FrameworkMethod$1.runReflectiveCall(FrameworkMethod.java:47)
	at org.junit.internal.runners.model.ReflectiveCallable.run(ReflectiveCallable.java:12)
	at org.junit.runners.model.FrameworkMethod.invokeExplosively(FrameworkMethod.java:44)
	at org.junit.internal.runners.statements.InvokeMethod.evaluate(InvokeMethod.java:17)
	at org.apache.commons.math3.RetryRunner$1.evaluate(RetryRunner.java:60)
	at org.junit.runners.ParentRunner.runLeaf(ParentRunner.java:271)
	at org.junit.runners.BlockJUnit4ClassRunner.runChild(BlockJUnit4ClassRunner.java:70)
	at org.junit.runners.BlockJUnit4ClassRunner.runChild(BlockJUnit4ClassRunner.java:50)
	at org.junit.runners.ParentRunner$3.run(ParentRunner.java:238)
	at org.junit.runners.ParentRunner$1.schedule(ParentRunner.java:63)
	at org.junit.runners.ParentRunner.runChildren(ParentRunner.java:236)
	at org.junit.runners.ParentRunner.access$000(ParentRunner.java:53)
	at org.junit.runners.ParentRunner$2.evaluate(ParentRunner.java:229)
	at org.junit.runners.ParentRunner.run(ParentRunner.java:309)
	at com.gzoltar.lib.instrumentation.testing.junit.a.call(Unknown Source)
	at java.util.concurrent.FutureTask.run(FutureTask.java:262)
	at java.util.concurrent.ThreadPoolExecutor.runWorker(ThreadPoolExecutor.java:1145)
	at java.util.concurrent.ThreadPoolExecutor$Worker.run(ThreadPoolExecutor.java:615)
	at java.lang.Thread.run(Thread.java:745)

* Finished org.apache.commons.math3.optim.nonlinear.scalar.noderiv.CMAESOptimizerTest#testEllipse
* Started org.apache.commons.math3.optim.nonlinear.scalar.noderiv.CMAESOptimizerTest#testTwoAxes
* Failure: null | testTwoAxes(org.apache.commons.math3.optim.nonlinear.scalar.noderiv.CMAESOptimizerTest)
java.lang.AssertionError
	at org.junit.Assert.fail(Assert.java:86)
	at org.junit.Assert.assertTrue(Assert.java:41)
	at org.junit.Assert.assertTrue(Assert.java:52)
	at org.apache.commons.math3.optim.nonlinear.scalar.noderiv.CMAESOptimizerTest.doTest(CMAESOptimizerTest.java:514)
	at org.apache.commons.math3.optim.nonlinear.scalar.noderiv.CMAESOptimizerTest.testTwoAxes(CMAESOptimizerTest.java:228)
	at sun.reflect.NativeMethodAccessorImpl.invoke0(Native Method)
	at sun.reflect.NativeMethodAccessorImpl.invoke(NativeMethodAccessorImpl.java:57)
	at sun.reflect.DelegatingMethodAccessorImpl.invoke(DelegatingMethodAccessorImpl.java:43)
	at java.lang.reflect.Method.invoke(Method.java:606)
	at org.junit.runners.model.FrameworkMethod$1.runReflectiveCall(FrameworkMethod.java:47)
	at org.junit.internal.runners.model.ReflectiveCallable.run(ReflectiveCallable.java:12)
	at org.junit.runners.model.FrameworkMethod.invokeExplosively(FrameworkMethod.java:44)
	at org.junit.internal.runners.statements.InvokeMethod.evaluate(InvokeMethod.java:17)
	at org.apache.commons.math3.RetryRunner$1.evaluate(RetryRunner.java:60)
	at org.junit.runners.ParentRunner.runLeaf(ParentRunner.java:271)
	at org.junit.runners.BlockJUnit4ClassRunner.runChild(BlockJUnit4ClassRunner.java:70)
	at org.junit.runners.BlockJUnit4ClassRunner.runChild(BlockJUnit4ClassRunner.java:50)
	at org.junit.runners.ParentRunner$3.run(ParentRunner.java:238)
	at org.junit.runners.ParentRunner$1.schedule(ParentRunner.java:63)
	at org.junit.runners.ParentRunner.runChildren(ParentRunner.java:236)
	at org.junit.runners.ParentRunner.access$000(ParentRunner.java:53)
	at org.junit.runners.ParentRunner$2.evaluate(ParentRunner.java:229)
	at org.junit.runners.ParentRunner.run(ParentRunner.java:309)
	at com.gzoltar.lib.instrumentation.testing.junit.a.call(Unknown Source)
	at java.util.concurrent.FutureTask.run(FutureTask.java:262)
	at java.util.concurrent.ThreadPoolExecutor.runWorker(ThreadPoolExecutor.java:1145)
	at java.util.concurrent.ThreadPoolExecutor$Worker.run(ThreadPoolExecutor.java:615)
	at java.lang.Thread.run(Thread.java:745)

* Finished org.apache.commons.math3.optim.nonlinear.scalar.noderiv.CMAESOptimizerTest#testTwoAxes
* Started org.apache.commons.math3.optim.nonlinear.scalar.noderiv.CMAESOptimizerTest#testCigar
* Failure: null | testCigar(org.apache.commons.math3.optim.nonlinear.scalar.noderiv.CMAESOptimizerTest)
java.lang.AssertionError
	at org.junit.Assert.fail(Assert.java:86)
	at org.junit.Assert.assertTrue(Assert.java:41)
	at org.junit.Assert.assertTrue(Assert.java:52)
	at org.apache.commons.math3.optim.nonlinear.scalar.noderiv.CMAESOptimizerTest.doTest(CMAESOptimizerTest.java:514)
	at org.apache.commons.math3.optim.nonlinear.scalar.noderiv.CMAESOptimizerTest.testCigar(CMAESOptimizerTest.java:198)
	at sun.reflect.NativeMethodAccessorImpl.invoke0(Native Method)
	at sun.reflect.NativeMethodAccessorImpl.invoke(NativeMethodAccessorImpl.java:57)
	at sun.reflect.DelegatingMethodAccessorImpl.invoke(DelegatingMethodAccessorImpl.java:43)
	at java.lang.reflect.Method.invoke(Method.java:606)
	at org.junit.runners.model.FrameworkMethod$1.runReflectiveCall(FrameworkMethod.java:47)
	at org.junit.internal.runners.model.ReflectiveCallable.run(ReflectiveCallable.java:12)
	at org.junit.runners.model.FrameworkMethod.invokeExplosively(FrameworkMethod.java:44)
	at org.junit.internal.runners.statements.InvokeMethod.evaluate(InvokeMethod.java:17)
	at org.apache.commons.math3.RetryRunner$1.evaluate(RetryRunner.java:60)
	at org.junit.runners.ParentRunner.runLeaf(ParentRunner.java:271)
	at org.junit.runners.BlockJUnit4ClassRunner.runChild(BlockJUnit4ClassRunner.java:70)
	at org.junit.runners.BlockJUnit4ClassRunner.runChild(BlockJUnit4ClassRunner.java:50)
	at org.junit.runners.ParentRunner$3.run(ParentRunner.java:238)
	at org.junit.runners.ParentRunner$1.schedule(ParentRunner.java:63)
	at org.junit.runners.ParentRunner.runChildren(ParentRunner.java:236)
	at org.junit.runners.ParentRunner.access$000(ParentRunner.java:53)
	at org.junit.runners.ParentRunner$2.evaluate(ParentRunner.java:229)
	at org.junit.runners.ParentRunner.run(ParentRunner.java:309)
	at com.gzoltar.lib.instrumentation.testing.junit.a.call(Unknown Source)
	at java.util.concurrent.FutureTask.run(FutureTask.java:262)
	at java.util.concurrent.ThreadPoolExecutor.runWorker(ThreadPoolExecutor.java:1145)
	at java.util.concurrent.ThreadPoolExecutor$Worker.run(ThreadPoolExecutor.java:615)
	at java.lang.Thread.run(Thread.java:745)

* Finished org.apache.commons.math3.optim.nonlinear.scalar.noderiv.CMAESOptimizerTest#testCigar
* Started org.apache.commons.math3.optim.nonlinear.scalar.noderiv.CMAESOptimizerTest#testRosen
* Failure: null | testRosen(org.apache.commons.math3.optim.nonlinear.scalar.noderiv.CMAESOptimizerTest)
java.lang.AssertionError
	at org.junit.Assert.fail(Assert.java:86)
	at org.junit.Assert.assertTrue(Assert.java:41)
	at org.junit.Assert.assertTrue(Assert.java:52)
	at org.apache.commons.math3.optim.nonlinear.scalar.noderiv.CMAESOptimizerTest.doTest(CMAESOptimizerTest.java:514)
	at org.apache.commons.math3.optim.nonlinear.scalar.noderiv.CMAESOptimizerTest.testRosen(CMAESOptimizerTest.java:132)
	at sun.reflect.NativeMethodAccessorImpl.invoke0(Native Method)
	at sun.reflect.NativeMethodAccessorImpl.invoke(NativeMethodAccessorImpl.java:57)
	at sun.reflect.DelegatingMethodAccessorImpl.invoke(DelegatingMethodAccessorImpl.java:43)
	at java.lang.reflect.Method.invoke(Method.java:606)
	at org.junit.runners.model.FrameworkMethod$1.runReflectiveCall(FrameworkMethod.java:47)
	at org.junit.internal.runners.model.ReflectiveCallable.run(ReflectiveCallable.java:12)
	at org.junit.runners.model.FrameworkMethod.invokeExplosively(FrameworkMethod.java:44)
	at org.junit.internal.runners.statements.InvokeMethod.evaluate(InvokeMethod.java:17)
	at org.apache.commons.math3.RetryRunner$1.evaluate(RetryRunner.java:67)
	at org.junit.runners.ParentRunner.runLeaf(ParentRunner.java:271)
	at org.junit.runners.BlockJUnit4ClassRunner.runChild(BlockJUnit4ClassRunner.java:70)
	at org.junit.runners.BlockJUnit4ClassRunner.runChild(BlockJUnit4ClassRunner.java:50)
	at org.junit.runners.ParentRunner$3.run(ParentRunner.java:238)
	at org.junit.runners.ParentRunner$1.schedule(ParentRunner.java:63)
	at org.junit.runners.ParentRunner.runChildren(ParentRunner.java:236)
	at org.junit.runners.ParentRunner.access$000(ParentRunner.java:53)
	at org.junit.runners.ParentRunner$2.evaluate(ParentRunner.java:229)
	at org.junit.runners.ParentRunner.run(ParentRunner.java:309)
	at com.gzoltar.lib.instrumentation.testing.junit.a.call(Unknown Source)
	at java.util.concurrent.FutureTask.run(FutureTask.java:262)
	at java.util.concurrent.ThreadPoolExecutor.runWorker(ThreadPoolExecutor.java:1145)
	at java.util.concurrent.ThreadPoolExecutor$Worker.run(ThreadPoolExecutor.java:615)
	at java.lang.Thread.run(Thread.java:745)

* Finished org.apache.commons.math3.optim.nonlinear.scalar.noderiv.CMAESOptimizerTest#testRosen
* Started org.apache.commons.math3.optim.nonlinear.scalar.noderiv.CMAESOptimizerTest#testInputSigmaOutOfRange
* Finished org.apache.commons.math3.optim.nonlinear.scalar.noderiv.CMAESOptimizerTest#testInputSigmaOutOfRange
* Started org.apache.commons.math3.optim.nonlinear.scalar.noderiv.CMAESOptimizerTest#testInputSigmaNegative
* Finished org.apache.commons.math3.optim.nonlinear.scalar.noderiv.CMAESOptimizerTest#testInputSigmaNegative
* Started org.apache.commons.math3.optim.nonlinear.scalar.noderiv.CMAESOptimizerTest#testInputSigmaDimensionMismatch
* Finished org.apache.commons.math3.optim.nonlinear.scalar.noderiv.CMAESOptimizerTest#testInputSigmaDimensionMismatch
* Started org.apache.commons.math3.optim.nonlinear.scalar.noderiv.CMAESOptimizerTest#testFitAccuracyDependsOnBoundary
* Finished org.apache.commons.math3.optim.nonlinear.scalar.noderiv.CMAESOptimizerTest#testFitAccuracyDependsOnBoundary
* Started org.apache.commons.math3.optim.nonlinear.scalar.noderiv.CMAESOptimizerTest#testRastrigin
* Failure: null | testRastrigin(org.apache.commons.math3.optim.nonlinear.scalar.noderiv.CMAESOptimizerTest)
java.lang.AssertionError
	at org.junit.Assert.fail(Assert.java:86)
	at org.junit.Assert.assertTrue(Assert.java:41)
	at org.junit.Assert.assertTrue(Assert.java:52)
	at org.apache.commons.math3.optim.nonlinear.scalar.noderiv.CMAESOptimizerTest.doTest(CMAESOptimizerTest.java:514)
	at org.apache.commons.math3.optim.nonlinear.scalar.noderiv.CMAESOptimizerTest.testRastrigin(CMAESOptimizerTest.java:333)
	at sun.reflect.NativeMethodAccessorImpl.invoke0(Native Method)
	at sun.reflect.NativeMethodAccessorImpl.invoke(NativeMethodAccessorImpl.java:57)
	at sun.reflect.DelegatingMethodAccessorImpl.invoke(DelegatingMethodAccessorImpl.java:43)
	at java.lang.reflect.Method.invoke(Method.java:606)
	at org.junit.runners.model.FrameworkMethod$1.runReflectiveCall(FrameworkMethod.java:47)
	at org.junit.internal.runners.model.ReflectiveCallable.run(ReflectiveCallable.java:12)
	at org.junit.runners.model.FrameworkMethod.invokeExplosively(FrameworkMethod.java:44)
	at org.junit.internal.runners.statements.InvokeMethod.evaluate(InvokeMethod.java:17)
	at org.apache.commons.math3.RetryRunner$1.evaluate(RetryRunner.java:60)
	at org.junit.runners.ParentRunner.runLeaf(ParentRunner.java:271)
	at org.junit.runners.BlockJUnit4ClassRunner.runChild(BlockJUnit4ClassRunner.java:70)
	at org.junit.runners.BlockJUnit4ClassRunner.runChild(BlockJUnit4ClassRunner.java:50)
	at org.junit.runners.ParentRunner$3.run(ParentRunner.java:238)
	at org.junit.runners.ParentRunner$1.schedule(ParentRunner.java:63)
	at org.junit.runners.ParentRunner.runChildren(ParentRunner.java:236)
	at org.junit.runners.ParentRunner.access$000(ParentRunner.java:53)
	at org.junit.runners.ParentRunner$2.evaluate(ParentRunner.java:229)
	at org.junit.runners.ParentRunner.run(ParentRunner.java:309)
	at com.gzoltar.lib.instrumentation.testing.junit.a.call(Unknown Source)
	at java.util.concurrent.FutureTask.run(FutureTask.java:262)
	at java.util.concurrent.ThreadPoolExecutor.runWorker(ThreadPoolExecutor.java:1145)
	at java.util.concurrent.ThreadPoolExecutor$Worker.run(ThreadPoolExecutor.java:615)
	at java.lang.Thread.run(Thread.java:745)

* Finished org.apache.commons.math3.optim.nonlinear.scalar.noderiv.CMAESOptimizerTest#testRastrigin
* Started org.apache.commons.math3.optim.nonlinear.scalar.noderiv.CMAESOptimizerTest#testMath864
* Finished org.apache.commons.math3.optim.nonlinear.scalar.noderiv.CMAESOptimizerTest#testMath864
* Started org.apache.commons.math3.optim.nonlinear.scalar.noderiv.CMAESOptimizerTest#testDiagonalRosen
* Failure: null | testDiagonalRosen(org.apache.commons.math3.optim.nonlinear.scalar.noderiv.CMAESOptimizerTest)
java.lang.AssertionError
	at org.junit.Assert.fail(Assert.java:86)
	at org.junit.Assert.assertTrue(Assert.java:41)
	at org.junit.Assert.assertTrue(Assert.java:52)
	at org.apache.commons.math3.optim.nonlinear.scalar.noderiv.CMAESOptimizerTest.doTest(CMAESOptimizerTest.java:514)
	at org.apache.commons.math3.optim.nonlinear.scalar.noderiv.CMAESOptimizerTest.testDiagonalRosen(CMAESOptimizerTest.java:363)
	at sun.reflect.NativeMethodAccessorImpl.invoke0(Native Method)
	at sun.reflect.NativeMethodAccessorImpl.invoke(NativeMethodAccessorImpl.java:57)
	at sun.reflect.DelegatingMethodAccessorImpl.invoke(DelegatingMethodAccessorImpl.java:43)
	at java.lang.reflect.Method.invoke(Method.java:606)
	at org.junit.runners.model.FrameworkMethod$1.runReflectiveCall(FrameworkMethod.java:47)
	at org.junit.internal.runners.model.ReflectiveCallable.run(ReflectiveCallable.java:12)
	at org.junit.runners.model.FrameworkMethod.invokeExplosively(FrameworkMethod.java:44)
	at org.junit.internal.runners.statements.InvokeMethod.evaluate(InvokeMethod.java:17)
	at org.apache.commons.math3.RetryRunner$1.evaluate(RetryRunner.java:60)
	at org.junit.runners.ParentRunner.runLeaf(ParentRunner.java:271)
	at org.junit.runners.BlockJUnit4ClassRunner.runChild(BlockJUnit4ClassRunner.java:70)
	at org.junit.runners.BlockJUnit4ClassRunner.runChild(BlockJUnit4ClassRunner.java:50)
	at org.junit.runners.ParentRunner$3.run(ParentRunner.java:238)
	at org.junit.runners.ParentRunner$1.schedule(ParentRunner.java:63)
	at org.junit.runners.ParentRunner.runChildren(ParentRunner.java:236)
	at org.junit.runners.ParentRunner.access$000(ParentRunner.java:53)
	at org.junit.runners.ParentRunner$2.evaluate(ParentRunner.java:229)
	at org.junit.runners.ParentRunner.run(ParentRunner.java:309)
	at com.gzoltar.lib.instrumentation.testing.junit.a.call(Unknown Source)
	at java.util.concurrent.FutureTask.run(FutureTask.java:262)
	at java.util.concurrent.ThreadPoolExecutor.runWorker(ThreadPoolExecutor.java:1145)
	at java.util.concurrent.ThreadPoolExecutor$Worker.run(ThreadPoolExecutor.java:615)
	at java.lang.Thread.run(Thread.java:745)

* Finished org.apache.commons.math3.optim.nonlinear.scalar.noderiv.CMAESOptimizerTest#testDiagonalRosen
* Started org.apache.commons.math3.optim.nonlinear.scalar.noderiv.CMAESOptimizerTest#testSsDiffPow
* Failure: null | testSsDiffPow(org.apache.commons.math3.optim.nonlinear.scalar.noderiv.CMAESOptimizerTest)
java.lang.AssertionError
	at org.junit.Assert.fail(Assert.java:86)
	at org.junit.Assert.assertTrue(Assert.java:41)
	at org.junit.Assert.assertTrue(Assert.java:52)
	at org.apache.commons.math3.optim.nonlinear.scalar.noderiv.CMAESOptimizerTest.doTest(CMAESOptimizerTest.java:514)
	at org.apache.commons.math3.optim.nonlinear.scalar.noderiv.CMAESOptimizerTest.testSsDiffPow(CMAESOptimizerTest.java:303)
	at sun.reflect.NativeMethodAccessorImpl.invoke0(Native Method)
	at sun.reflect.NativeMethodAccessorImpl.invoke(NativeMethodAccessorImpl.java:57)
	at sun.reflect.DelegatingMethodAccessorImpl.invoke(DelegatingMethodAccessorImpl.java:43)
	at java.lang.reflect.Method.invoke(Method.java:606)
	at org.junit.runners.model.FrameworkMethod$1.runReflectiveCall(FrameworkMethod.java:47)
	at org.junit.internal.runners.model.ReflectiveCallable.run(ReflectiveCallable.java:12)
	at org.junit.runners.model.FrameworkMethod.invokeExplosively(FrameworkMethod.java:44)
	at org.junit.internal.runners.statements.InvokeMethod.evaluate(InvokeMethod.java:17)
	at org.apache.commons.math3.RetryRunner$1.evaluate(RetryRunner.java:60)
	at org.junit.runners.ParentRunner.runLeaf(ParentRunner.java:271)
	at org.junit.runners.BlockJUnit4ClassRunner.runChild(BlockJUnit4ClassRunner.java:70)
	at org.junit.runners.BlockJUnit4ClassRunner.runChild(BlockJUnit4ClassRunner.java:50)
	at org.junit.runners.ParentRunner$3.run(ParentRunner.java:238)
	at org.junit.runners.ParentRunner$1.schedule(ParentRunner.java:63)
	at org.junit.runners.ParentRunner.runChildren(ParentRunner.java:236)
	at org.junit.runners.ParentRunner.access$000(ParentRunner.java:53)
	at org.junit.runners.ParentRunner$2.evaluate(ParentRunner.java:229)
	at org.junit.runners.ParentRunner.run(ParentRunner.java:309)
	at com.gzoltar.lib.instrumentation.testing.junit.a.call(Unknown Source)
	at java.util.concurrent.FutureTask.run(FutureTask.java:262)
	at java.util.concurrent.ThreadPoolExecutor.runWorker(ThreadPoolExecutor.java:1145)
	at java.util.concurrent.ThreadPoolExecutor$Worker.run(ThreadPoolExecutor.java:615)
	at java.lang.Thread.run(Thread.java:745)

* Finished org.apache.commons.math3.optim.nonlinear.scalar.noderiv.CMAESOptimizerTest#testSsDiffPow
* Started org.apache.commons.math3.optim.nonlinear.scalar.noderiv.CMAESOptimizerTest#testMaximize
* Failure: null | testMaximize(org.apache.commons.math3.optim.nonlinear.scalar.noderiv.CMAESOptimizerTest)
java.lang.AssertionError
	at org.junit.Assert.fail(Assert.java:86)
	at org.junit.Assert.assertTrue(Assert.java:41)
	at org.junit.Assert.assertTrue(Assert.java:52)
	at org.apache.commons.math3.optim.nonlinear.scalar.noderiv.CMAESOptimizerTest.doTest(CMAESOptimizerTest.java:514)
	at org.apache.commons.math3.optim.nonlinear.scalar.noderiv.CMAESOptimizerTest.testMaximize(CMAESOptimizerTest.java:148)
	at sun.reflect.NativeMethodAccessorImpl.invoke0(Native Method)
	at sun.reflect.NativeMethodAccessorImpl.invoke(NativeMethodAccessorImpl.java:57)
	at sun.reflect.DelegatingMethodAccessorImpl.invoke(DelegatingMethodAccessorImpl.java:43)
	at java.lang.reflect.Method.invoke(Method.java:606)
	at org.junit.runners.model.FrameworkMethod$1.runReflectiveCall(FrameworkMethod.java:47)
	at org.junit.internal.runners.model.ReflectiveCallable.run(ReflectiveCallable.java:12)
	at org.junit.runners.model.FrameworkMethod.invokeExplosively(FrameworkMethod.java:44)
	at org.junit.internal.runners.statements.InvokeMethod.evaluate(InvokeMethod.java:17)
	at org.apache.commons.math3.RetryRunner$1.evaluate(RetryRunner.java:67)
	at org.junit.runners.ParentRunner.runLeaf(ParentRunner.java:271)
	at org.junit.runners.BlockJUnit4ClassRunner.runChild(BlockJUnit4ClassRunner.java:70)
	at org.junit.runners.BlockJUnit4ClassRunner.runChild(BlockJUnit4ClassRunner.java:50)
	at org.junit.runners.ParentRunner$3.run(ParentRunner.java:238)
	at org.junit.runners.ParentRunner$1.schedule(ParentRunner.java:63)
	at org.junit.runners.ParentRunner.runChildren(ParentRunner.java:236)
	at org.junit.runners.ParentRunner.access$000(ParentRunner.java:53)
	at org.junit.runners.ParentRunner$2.evaluate(ParentRunner.java:229)
	at org.junit.runners.ParentRunner.run(ParentRunner.java:309)
	at com.gzoltar.lib.instrumentation.testing.junit.a.call(Unknown Source)
	at java.util.concurrent.FutureTask.run(FutureTask.java:262)
	at java.util.concurrent.ThreadPoolExecutor.runWorker(ThreadPoolExecutor.java:1145)
	at java.util.concurrent.ThreadPoolExecutor$Worker.run(ThreadPoolExecutor.java:615)
	at java.lang.Thread.run(Thread.java:745)

* Finished org.apache.commons.math3.optim.nonlinear.scalar.noderiv.CMAESOptimizerTest#testMaximize
* Started org.apache.commons.math3.optim.nonlinear.scalar.noderiv.CMAESOptimizerTest#testAckley
* Failure: null | testAckley(org.apache.commons.math3.optim.nonlinear.scalar.noderiv.CMAESOptimizerTest)
java.lang.AssertionError
	at org.junit.Assert.fail(Assert.java:86)
	at org.junit.Assert.assertTrue(Assert.java:41)
	at org.junit.Assert.assertTrue(Assert.java:52)
	at org.apache.commons.math3.optim.nonlinear.scalar.noderiv.CMAESOptimizerTest.doTest(CMAESOptimizerTest.java:514)
	at org.apache.commons.math3.optim.nonlinear.scalar.noderiv.CMAESOptimizerTest.testAckley(CMAESOptimizerTest.java:318)
	at sun.reflect.NativeMethodAccessorImpl.invoke0(Native Method)
	at sun.reflect.NativeMethodAccessorImpl.invoke(NativeMethodAccessorImpl.java:57)
	at sun.reflect.DelegatingMethodAccessorImpl.invoke(DelegatingMethodAccessorImpl.java:43)
	at java.lang.reflect.Method.invoke(Method.java:606)
	at org.junit.runners.model.FrameworkMethod$1.runReflectiveCall(FrameworkMethod.java:47)
	at org.junit.internal.runners.model.ReflectiveCallable.run(ReflectiveCallable.java:12)
	at org.junit.runners.model.FrameworkMethod.invokeExplosively(FrameworkMethod.java:44)
	at org.junit.internal.runners.statements.InvokeMethod.evaluate(InvokeMethod.java:17)
	at org.apache.commons.math3.RetryRunner$1.evaluate(RetryRunner.java:60)
	at org.junit.runners.ParentRunner.runLeaf(ParentRunner.java:271)
	at org.junit.runners.BlockJUnit4ClassRunner.runChild(BlockJUnit4ClassRunner.java:70)
	at org.junit.runners.BlockJUnit4ClassRunner.runChild(BlockJUnit4ClassRunner.java:50)
	at org.junit.runners.ParentRunner$3.run(ParentRunner.java:238)
	at org.junit.runners.ParentRunner$1.schedule(ParentRunner.java:63)
	at org.junit.runners.ParentRunner.runChildren(ParentRunner.java:236)
	at org.junit.runners.ParentRunner.access$000(ParentRunner.java:53)
	at org.junit.runners.ParentRunner$2.evaluate(ParentRunner.java:229)
	at org.junit.runners.ParentRunner.run(ParentRunner.java:309)
	at com.gzoltar.lib.instrumentation.testing.junit.a.call(Unknown Source)
	at java.util.concurrent.FutureTask.run(FutureTask.java:262)
	at java.util.concurrent.ThreadPoolExecutor.runWorker(ThreadPoolExecutor.java:1145)
	at java.util.concurrent.ThreadPoolExecutor$Worker.run(ThreadPoolExecutor.java:615)
	at java.lang.Thread.run(Thread.java:745)

* Finished org.apache.commons.math3.optim.nonlinear.scalar.noderiv.CMAESOptimizerTest#testAckley
* Started org.apache.commons.math3.optim.nonlinear.scalar.noderiv.CMAESOptimizerTest#testCigTab
* Failure: null | testCigTab(org.apache.commons.math3.optim.nonlinear.scalar.noderiv.CMAESOptimizerTest)
java.lang.AssertionError
	at org.junit.Assert.fail(Assert.java:86)
	at org.junit.Assert.assertTrue(Assert.java:41)
	at org.junit.Assert.assertTrue(Assert.java:52)
	at org.apache.commons.math3.optim.nonlinear.scalar.noderiv.CMAESOptimizerTest.doTest(CMAESOptimizerTest.java:514)
	at org.apache.commons.math3.optim.nonlinear.scalar.noderiv.CMAESOptimizerTest.testCigTab(CMAESOptimizerTest.java:243)
	at sun.reflect.NativeMethodAccessorImpl.invoke0(Native Method)
	at sun.reflect.NativeMethodAccessorImpl.invoke(NativeMethodAccessorImpl.java:57)
	at sun.reflect.DelegatingMethodAccessorImpl.invoke(DelegatingMethodAccessorImpl.java:43)
	at java.lang.reflect.Method.invoke(Method.java:606)
	at org.junit.runners.model.FrameworkMethod$1.runReflectiveCall(FrameworkMethod.java:47)
	at org.junit.internal.runners.model.ReflectiveCallable.run(ReflectiveCallable.java:12)
	at org.junit.runners.model.FrameworkMethod.invokeExplosively(FrameworkMethod.java:44)
	at org.junit.internal.runners.statements.InvokeMethod.evaluate(InvokeMethod.java:17)
	at org.apache.commons.math3.RetryRunner$1.evaluate(RetryRunner.java:60)
	at org.junit.runners.ParentRunner.runLeaf(ParentRunner.java:271)
	at org.junit.runners.BlockJUnit4ClassRunner.runChild(BlockJUnit4ClassRunner.java:70)
	at org.junit.runners.BlockJUnit4ClassRunner.runChild(BlockJUnit4ClassRunner.java:50)
	at org.junit.runners.ParentRunner$3.run(ParentRunner.java:238)
	at org.junit.runners.ParentRunner$1.schedule(ParentRunner.java:63)
	at org.junit.runners.ParentRunner.runChildren(ParentRunner.java:236)
	at org.junit.runners.ParentRunner.access$000(ParentRunner.java:53)
	at org.junit.runners.ParentRunner$2.evaluate(ParentRunner.java:229)
	at org.junit.runners.ParentRunner.run(ParentRunner.java:309)
	at com.gzoltar.lib.instrumentation.testing.junit.a.call(Unknown Source)
	at java.util.concurrent.FutureTask.run(FutureTask.java:262)
	at java.util.concurrent.ThreadPoolExecutor.runWorker(ThreadPoolExecutor.java:1145)
	at java.util.concurrent.ThreadPoolExecutor$Worker.run(ThreadPoolExecutor.java:615)
	at java.lang.Thread.run(Thread.java:745)

* Finished org.apache.commons.math3.optim.nonlinear.scalar.noderiv.CMAESOptimizerTest#testCigTab
* Started org.apache.commons.math3.optim.nonlinear.scalar.noderiv.CMAESOptimizerTest#testDiffPow
* Failure: null | testDiffPow(org.apache.commons.math3.optim.nonlinear.scalar.noderiv.CMAESOptimizerTest)
java.lang.AssertionError
	at org.junit.Assert.fail(Assert.java:86)
	at org.junit.Assert.assertTrue(Assert.java:41)
	at org.junit.Assert.assertTrue(Assert.java:52)
	at org.apache.commons.math3.optim.nonlinear.scalar.noderiv.CMAESOptimizerTest.doTest(CMAESOptimizerTest.java:514)
	at org.apache.commons.math3.optim.nonlinear.scalar.noderiv.CMAESOptimizerTest.testDiffPow(CMAESOptimizerTest.java:288)
	at sun.reflect.NativeMethodAccessorImpl.invoke0(Native Method)
	at sun.reflect.NativeMethodAccessorImpl.invoke(NativeMethodAccessorImpl.java:57)
	at sun.reflect.DelegatingMethodAccessorImpl.invoke(DelegatingMethodAccessorImpl.java:43)
	at java.lang.reflect.Method.invoke(Method.java:606)
	at org.junit.runners.model.FrameworkMethod$1.runReflectiveCall(FrameworkMethod.java:47)
	at org.junit.internal.runners.model.ReflectiveCallable.run(ReflectiveCallable.java:12)
	at org.junit.runners.model.FrameworkMethod.invokeExplosively(FrameworkMethod.java:44)
	at org.junit.internal.runners.statements.InvokeMethod.evaluate(InvokeMethod.java:17)
	at org.apache.commons.math3.RetryRunner$1.evaluate(RetryRunner.java:60)
	at org.junit.runners.ParentRunner.runLeaf(ParentRunner.java:271)
	at org.junit.runners.BlockJUnit4ClassRunner.runChild(BlockJUnit4ClassRunner.java:70)
	at org.junit.runners.BlockJUnit4ClassRunner.runChild(BlockJUnit4ClassRunner.java:50)
	at org.junit.runners.ParentRunner$3.run(ParentRunner.java:238)
	at org.junit.runners.ParentRunner$1.schedule(ParentRunner.java:63)
	at org.junit.runners.ParentRunner.runChildren(ParentRunner.java:236)
	at org.junit.runners.ParentRunner.access$000(ParentRunner.java:53)
	at org.junit.runners.ParentRunner$2.evaluate(ParentRunner.java:229)
	at org.junit.runners.ParentRunner.run(ParentRunner.java:309)
	at com.gzoltar.lib.instrumentation.testing.junit.a.call(Unknown Source)
	at java.util.concurrent.FutureTask.run(FutureTask.java:262)
	at java.util.concurrent.ThreadPoolExecutor.runWorker(ThreadPoolExecutor.java:1145)
	at java.util.concurrent.ThreadPoolExecutor$Worker.run(ThreadPoolExecutor.java:615)
	at java.lang.Thread.run(Thread.java:745)

* Finished org.apache.commons.math3.optim.nonlinear.scalar.noderiv.CMAESOptimizerTest#testDiffPow
* Started org.apache.commons.math3.optim.nonlinear.scalar.noderiv.CMAESOptimizerTest#testBoundariesDimensionMismatch
* Finished org.apache.commons.math3.optim.nonlinear.scalar.noderiv.CMAESOptimizerTest#testBoundariesDimensionMismatch
* Started org.apache.commons.math3.optim.nonlinear.scalar.noderiv.CMAESOptimizerTest#testSphere
* Failure: null | testSphere(org.apache.commons.math3.optim.nonlinear.scalar.noderiv.CMAESOptimizerTest)
java.lang.AssertionError
	at org.junit.Assert.fail(Assert.java:86)
	at org.junit.Assert.assertTrue(Assert.java:41)
	at org.junit.Assert.assertTrue(Assert.java:52)
	at org.apache.commons.math3.optim.nonlinear.scalar.noderiv.CMAESOptimizerTest.doTest(CMAESOptimizerTest.java:514)
	at org.apache.commons.math3.optim.nonlinear.scalar.noderiv.CMAESOptimizerTest.testSphere(CMAESOptimizerTest.java:258)
	at sun.reflect.NativeMethodAccessorImpl.invoke0(Native Method)
	at sun.reflect.NativeMethodAccessorImpl.invoke(NativeMethodAccessorImpl.java:57)
	at sun.reflect.DelegatingMethodAccessorImpl.invoke(DelegatingMethodAccessorImpl.java:43)
	at java.lang.reflect.Method.invoke(Method.java:606)
	at org.junit.runners.model.FrameworkMethod$1.runReflectiveCall(FrameworkMethod.java:47)
	at org.junit.internal.runners.model.ReflectiveCallable.run(ReflectiveCallable.java:12)
	at org.junit.runners.model.FrameworkMethod.invokeExplosively(FrameworkMethod.java:44)
	at org.junit.internal.runners.statements.InvokeMethod.evaluate(InvokeMethod.java:17)
	at org.apache.commons.math3.RetryRunner$1.evaluate(RetryRunner.java:60)
	at org.junit.runners.ParentRunner.runLeaf(ParentRunner.java:271)
	at org.junit.runners.BlockJUnit4ClassRunner.runChild(BlockJUnit4ClassRunner.java:70)
	at org.junit.runners.BlockJUnit4ClassRunner.runChild(BlockJUnit4ClassRunner.java:50)
	at org.junit.runners.ParentRunner$3.run(ParentRunner.java:238)
	at org.junit.runners.ParentRunner$1.schedule(ParentRunner.java:63)
	at org.junit.runners.ParentRunner.runChildren(ParentRunner.java:236)
	at org.junit.runners.ParentRunner.access$000(ParentRunner.java:53)
	at org.junit.runners.ParentRunner$2.evaluate(ParentRunner.java:229)
	at org.junit.runners.ParentRunner.run(ParentRunner.java:309)
	at com.gzoltar.lib.instrumentation.testing.junit.a.call(Unknown Source)
	at java.util.concurrent.FutureTask.run(FutureTask.java:262)
	at java.util.concurrent.ThreadPoolExecutor.runWorker(ThreadPoolExecutor.java:1145)
	at java.util.concurrent.ThreadPoolExecutor$Worker.run(ThreadPoolExecutor.java:615)
	at java.lang.Thread.run(Thread.java:745)

* Finished org.apache.commons.math3.optim.nonlinear.scalar.noderiv.CMAESOptimizerTest#testSphere
* Started org.apache.commons.math3.optim.nonlinear.scalar.noderiv.CMAESOptimizerTest#testTablet
* Failure: null | testTablet(org.apache.commons.math3.optim.nonlinear.scalar.noderiv.CMAESOptimizerTest)
java.lang.AssertionError
	at org.junit.Assert.fail(Assert.java:86)
	at org.junit.Assert.assertTrue(Assert.java:41)
	at org.junit.Assert.assertTrue(Assert.java:52)
	at org.apache.commons.math3.optim.nonlinear.scalar.noderiv.CMAESOptimizerTest.doTest(CMAESOptimizerTest.java:514)
	at org.apache.commons.math3.optim.nonlinear.scalar.noderiv.CMAESOptimizerTest.testTablet(CMAESOptimizerTest.java:273)
	at sun.reflect.NativeMethodAccessorImpl.invoke0(Native Method)
	at sun.reflect.NativeMethodAccessorImpl.invoke(NativeMethodAccessorImpl.java:57)
	at sun.reflect.DelegatingMethodAccessorImpl.invoke(DelegatingMethodAccessorImpl.java:43)
	at java.lang.reflect.Method.invoke(Method.java:606)
	at org.junit.runners.model.FrameworkMethod$1.runReflectiveCall(FrameworkMethod.java:47)
	at org.junit.internal.runners.model.ReflectiveCallable.run(ReflectiveCallable.java:12)
	at org.junit.runners.model.FrameworkMethod.invokeExplosively(FrameworkMethod.java:44)
	at org.junit.internal.runners.statements.InvokeMethod.evaluate(InvokeMethod.java:17)
	at org.apache.commons.math3.RetryRunner$1.evaluate(RetryRunner.java:60)
	at org.junit.runners.ParentRunner.runLeaf(ParentRunner.java:271)
	at org.junit.runners.BlockJUnit4ClassRunner.runChild(BlockJUnit4ClassRunner.java:70)
	at org.junit.runners.BlockJUnit4ClassRunner.runChild(BlockJUnit4ClassRunner.java:50)
	at org.junit.runners.ParentRunner$3.run(ParentRunner.java:238)
	at org.junit.runners.ParentRunner$1.schedule(ParentRunner.java:63)
	at org.junit.runners.ParentRunner.runChildren(ParentRunner.java:236)
	at org.junit.runners.ParentRunner.access$000(ParentRunner.java:53)
	at org.junit.runners.ParentRunner$2.evaluate(ParentRunner.java:229)
	at org.junit.runners.ParentRunner.run(ParentRunner.java:309)
	at com.gzoltar.lib.instrumentation.testing.junit.a.call(Unknown Source)
	at java.util.concurrent.FutureTask.run(FutureTask.java:262)
	at java.util.concurrent.ThreadPoolExecutor.runWorker(ThreadPoolExecutor.java:1145)
	at java.util.concurrent.ThreadPoolExecutor$Worker.run(ThreadPoolExecutor.java:615)
	at java.lang.Thread.run(Thread.java:745)

* Finished org.apache.commons.math3.optim.nonlinear.scalar.noderiv.CMAESOptimizerTest#testTablet
* Started org.apache.commons.math3.optim.nonlinear.scalar.noderiv.CMAESOptimizerTest#testInitOutofbounds1
* Finished org.apache.commons.math3.optim.nonlinear.scalar.noderiv.CMAESOptimizerTest#testInitOutofbounds1
* Started org.apache.commons.math3.optim.nonlinear.scalar.noderiv.CMAESOptimizerTest#testInitOutofbounds2
* Finished org.apache.commons.math3.optim.nonlinear.scalar.noderiv.CMAESOptimizerTest#testInitOutofbounds2
* Started org.apache.commons.math3.optim.nonlinear.scalar.noderiv.CMAESOptimizerTest#testCigarWithBoundaries
* Failure: null | testCigarWithBoundaries(org.apache.commons.math3.optim.nonlinear.scalar.noderiv.CMAESOptimizerTest)
java.lang.AssertionError
	at org.junit.Assert.fail(Assert.java:86)
	at org.junit.Assert.assertTrue(Assert.java:41)
	at org.junit.Assert.assertTrue(Assert.java:52)
	at org.apache.commons.math3.optim.nonlinear.scalar.noderiv.CMAESOptimizerTest.doTest(CMAESOptimizerTest.java:514)
	at org.apache.commons.math3.optim.nonlinear.scalar.noderiv.CMAESOptimizerTest.testCigarWithBoundaries(CMAESOptimizerTest.java:213)
	at sun.reflect.NativeMethodAccessorImpl.invoke0(Native Method)
	at sun.reflect.NativeMethodAccessorImpl.invoke(NativeMethodAccessorImpl.java:57)
	at sun.reflect.DelegatingMethodAccessorImpl.invoke(DelegatingMethodAccessorImpl.java:43)
	at java.lang.reflect.Method.invoke(Method.java:606)
	at org.junit.runners.model.FrameworkMethod$1.runReflectiveCall(FrameworkMethod.java:47)
	at org.junit.internal.runners.model.ReflectiveCallable.run(ReflectiveCallable.java:12)
	at org.junit.runners.model.FrameworkMethod.invokeExplosively(FrameworkMethod.java:44)
	at org.junit.internal.runners.statements.InvokeMethod.evaluate(InvokeMethod.java:17)
	at org.apache.commons.math3.RetryRunner$1.evaluate(RetryRunner.java:60)
	at org.junit.runners.ParentRunner.runLeaf(ParentRunner.java:271)
	at org.junit.runners.BlockJUnit4ClassRunner.runChild(BlockJUnit4ClassRunner.java:70)
	at org.junit.runners.BlockJUnit4ClassRunner.runChild(BlockJUnit4ClassRunner.java:50)
	at org.junit.runners.ParentRunner$3.run(ParentRunner.java:238)
	at org.junit.runners.ParentRunner$1.schedule(ParentRunner.java:63)
	at org.junit.runners.ParentRunner.runChildren(ParentRunner.java:236)
	at org.junit.runners.ParentRunner.access$000(ParentRunner.java:53)
	at org.junit.runners.ParentRunner$2.evaluate(ParentRunner.java:229)
	at org.junit.runners.ParentRunner.run(ParentRunner.java:309)
	at com.gzoltar.lib.instrumentation.testing.junit.a.call(Unknown Source)
	at java.util.concurrent.FutureTask.run(FutureTask.java:262)
	at java.util.concurrent.ThreadPoolExecutor.runWorker(ThreadPoolExecutor.java:1145)
	at java.util.concurrent.ThreadPoolExecutor$Worker.run(ThreadPoolExecutor.java:615)
	at java.lang.Thread.run(Thread.java:745)

* Finished org.apache.commons.math3.optim.nonlinear.scalar.noderiv.CMAESOptimizerTest#testCigarWithBoundaries
* Started org.apache.commons.math3.optim.nonlinear.scalar.noderiv.BOBYQAOptimizerTest#testConstrainedRosen
* Finished org.apache.commons.math3.optim.nonlinear.scalar.noderiv.BOBYQAOptimizerTest#testConstrainedRosen
* Started org.apache.commons.math3.optim.nonlinear.scalar.noderiv.BOBYQAOptimizerTest#testElliRotated
* Finished org.apache.commons.math3.optim.nonlinear.scalar.noderiv.BOBYQAOptimizerTest#testElliRotated
* Started org.apache.commons.math3.optim.nonlinear.scalar.noderiv.BOBYQAOptimizerTest#testEllipse
* Finished org.apache.commons.math3.optim.nonlinear.scalar.noderiv.BOBYQAOptimizerTest#testEllipse
* Started org.apache.commons.math3.optim.nonlinear.scalar.noderiv.BOBYQAOptimizerTest#testInitOutOfBounds
* Finished org.apache.commons.math3.optim.nonlinear.scalar.noderiv.BOBYQAOptimizerTest#testInitOutOfBounds
* Started org.apache.commons.math3.optim.nonlinear.scalar.noderiv.BOBYQAOptimizerTest#testTwoAxes
* Finished org.apache.commons.math3.optim.nonlinear.scalar.noderiv.BOBYQAOptimizerTest#testTwoAxes
* Started org.apache.commons.math3.optim.nonlinear.scalar.noderiv.BOBYQAOptimizerTest#testProblemDimensionTooSmall
* Finished org.apache.commons.math3.optim.nonlinear.scalar.noderiv.BOBYQAOptimizerTest#testProblemDimensionTooSmall
* Started org.apache.commons.math3.optim.nonlinear.scalar.noderiv.BOBYQAOptimizerTest#testCigar
* Finished org.apache.commons.math3.optim.nonlinear.scalar.noderiv.BOBYQAOptimizerTest#testCigar
* Started org.apache.commons.math3.optim.nonlinear.scalar.noderiv.BOBYQAOptimizerTest#testRosen
* Finished org.apache.commons.math3.optim.nonlinear.scalar.noderiv.BOBYQAOptimizerTest#testRosen
* Started org.apache.commons.math3.optim.nonlinear.scalar.noderiv.BOBYQAOptimizerTest#testRastrigin
* Finished org.apache.commons.math3.optim.nonlinear.scalar.noderiv.BOBYQAOptimizerTest#testRastrigin
* Started org.apache.commons.math3.optim.nonlinear.scalar.noderiv.BOBYQAOptimizerTest#testSsDiffPow
* Finished org.apache.commons.math3.optim.nonlinear.scalar.noderiv.BOBYQAOptimizerTest#testSsDiffPow
* Started org.apache.commons.math3.optim.nonlinear.scalar.noderiv.BOBYQAOptimizerTest#testMaximize
* Finished org.apache.commons.math3.optim.nonlinear.scalar.noderiv.BOBYQAOptimizerTest#testMaximize
* Started org.apache.commons.math3.optim.nonlinear.scalar.noderiv.BOBYQAOptimizerTest#testAckley
* Finished org.apache.commons.math3.optim.nonlinear.scalar.noderiv.BOBYQAOptimizerTest#testAckley
* Started org.apache.commons.math3.optim.nonlinear.scalar.noderiv.BOBYQAOptimizerTest#testConstrainedRosenWithMoreInterpolationPoints
* Finished org.apache.commons.math3.optim.nonlinear.scalar.noderiv.BOBYQAOptimizerTest#testConstrainedRosenWithMoreInterpolationPoints
* Started org.apache.commons.math3.optim.nonlinear.scalar.noderiv.BOBYQAOptimizerTest#testCigTab
* Finished org.apache.commons.math3.optim.nonlinear.scalar.noderiv.BOBYQAOptimizerTest#testCigTab
* Started org.apache.commons.math3.optim.nonlinear.scalar.noderiv.BOBYQAOptimizerTest#testDiffPow
* Finished org.apache.commons.math3.optim.nonlinear.scalar.noderiv.BOBYQAOptimizerTest#testDiffPow
* Started org.apache.commons.math3.optim.nonlinear.scalar.noderiv.BOBYQAOptimizerTest#testBoundariesDimensionMismatch
* Finished org.apache.commons.math3.optim.nonlinear.scalar.noderiv.BOBYQAOptimizerTest#testBoundariesDimensionMismatch
* Started org.apache.commons.math3.optim.nonlinear.scalar.noderiv.BOBYQAOptimizerTest#testSphere
* Finished org.apache.commons.math3.optim.nonlinear.scalar.noderiv.BOBYQAOptimizerTest#testSphere
* Started org.apache.commons.math3.optim.nonlinear.scalar.noderiv.BOBYQAOptimizerTest#testTablet
* Finished org.apache.commons.math3.optim.nonlinear.scalar.noderiv.BOBYQAOptimizerTest#testTablet
* Started org.apache.commons.math3.optim.nonlinear.scalar.noderiv.BOBYQAOptimizerTest#testMaxEvaluations
* Finished org.apache.commons.math3.optim.nonlinear.scalar.noderiv.BOBYQAOptimizerTest#testMaxEvaluations
* Started org.apache.commons.math3.optim.nonlinear.scalar.noderiv.SimplexOptimizerNelderMeadTest#testMaxIterations
* Finished org.apache.commons.math3.optim.nonlinear.scalar.noderiv.SimplexOptimizerNelderMeadTest#testMaxIterations
* Started org.apache.commons.math3.optim.nonlinear.scalar.noderiv.SimplexOptimizerNelderMeadTest#testMaximize1
* Failure: null | testMaximize1(org.apache.commons.math3.optim.nonlinear.scalar.noderiv.SimplexOptimizerNelderMeadTest)
java.lang.AssertionError
	at org.junit.Assert.fail(Assert.java:86)
	at org.junit.Assert.assertTrue(Assert.java:41)
	at org.junit.Assert.assertTrue(Assert.java:52)
	at org.apache.commons.math3.optim.nonlinear.scalar.noderiv.SimplexOptimizerNelderMeadTest.testMaximize1(SimplexOptimizerNelderMeadTest.java:113)
	at sun.reflect.NativeMethodAccessorImpl.invoke0(Native Method)
	at sun.reflect.NativeMethodAccessorImpl.invoke(NativeMethodAccessorImpl.java:57)
	at sun.reflect.DelegatingMethodAccessorImpl.invoke(DelegatingMethodAccessorImpl.java:43)
	at java.lang.reflect.Method.invoke(Method.java:606)
	at org.junit.runners.model.FrameworkMethod$1.runReflectiveCall(FrameworkMethod.java:47)
	at org.junit.internal.runners.model.ReflectiveCallable.run(ReflectiveCallable.java:12)
	at org.junit.runners.model.FrameworkMethod.invokeExplosively(FrameworkMethod.java:44)
	at org.junit.internal.runners.statements.InvokeMethod.evaluate(InvokeMethod.java:17)
	at org.junit.runners.ParentRunner.runLeaf(ParentRunner.java:271)
	at org.junit.runners.BlockJUnit4ClassRunner.runChild(BlockJUnit4ClassRunner.java:70)
	at org.junit.runners.BlockJUnit4ClassRunner.runChild(BlockJUnit4ClassRunner.java:50)
	at org.junit.runners.ParentRunner$3.run(ParentRunner.java:238)
	at org.junit.runners.ParentRunner$1.schedule(ParentRunner.java:63)
	at org.junit.runners.ParentRunner.runChildren(ParentRunner.java:236)
	at org.junit.runners.ParentRunner.access$000(ParentRunner.java:53)
	at org.junit.runners.ParentRunner$2.evaluate(ParentRunner.java:229)
	at org.junit.runners.ParentRunner.run(ParentRunner.java:309)
	at com.gzoltar.lib.instrumentation.testing.junit.a.call(Unknown Source)
	at java.util.concurrent.FutureTask.run(FutureTask.java:262)
	at java.util.concurrent.ThreadPoolExecutor.runWorker(ThreadPoolExecutor.java:1145)
	at java.util.concurrent.ThreadPoolExecutor$Worker.run(ThreadPoolExecutor.java:615)
	at java.lang.Thread.run(Thread.java:745)

* Finished org.apache.commons.math3.optim.nonlinear.scalar.noderiv.SimplexOptimizerNelderMeadTest#testMaximize1
* Started org.apache.commons.math3.optim.nonlinear.scalar.noderiv.SimplexOptimizerNelderMeadTest#testMaximize2
* Failure: null | testMaximize2(org.apache.commons.math3.optim.nonlinear.scalar.noderiv.SimplexOptimizerNelderMeadTest)
java.lang.AssertionError
	at org.junit.Assert.fail(Assert.java:86)
	at org.junit.Assert.assertTrue(Assert.java:41)
	at org.junit.Assert.assertTrue(Assert.java:52)
	at org.apache.commons.math3.optim.nonlinear.scalar.noderiv.SimplexOptimizerNelderMeadTest.testMaximize2(SimplexOptimizerNelderMeadTest.java:134)
	at sun.reflect.NativeMethodAccessorImpl.invoke0(Native Method)
	at sun.reflect.NativeMethodAccessorImpl.invoke(NativeMethodAccessorImpl.java:57)
	at sun.reflect.DelegatingMethodAccessorImpl.invoke(DelegatingMethodAccessorImpl.java:43)
	at java.lang.reflect.Method.invoke(Method.java:606)
	at org.junit.runners.model.FrameworkMethod$1.runReflectiveCall(FrameworkMethod.java:47)
	at org.junit.internal.runners.model.ReflectiveCallable.run(ReflectiveCallable.java:12)
	at org.junit.runners.model.FrameworkMethod.invokeExplosively(FrameworkMethod.java:44)
	at org.junit.internal.runners.statements.InvokeMethod.evaluate(InvokeMethod.java:17)
	at org.junit.runners.ParentRunner.runLeaf(ParentRunner.java:271)
	at org.junit.runners.BlockJUnit4ClassRunner.runChild(BlockJUnit4ClassRunner.java:70)
	at org.junit.runners.BlockJUnit4ClassRunner.runChild(BlockJUnit4ClassRunner.java:50)
	at org.junit.runners.ParentRunner$3.run(ParentRunner.java:238)
	at org.junit.runners.ParentRunner$1.schedule(ParentRunner.java:63)
	at org.junit.runners.ParentRunner.runChildren(ParentRunner.java:236)
	at org.junit.runners.ParentRunner.access$000(ParentRunner.java:53)
	at org.junit.runners.ParentRunner$2.evaluate(ParentRunner.java:229)
	at org.junit.runners.ParentRunner.run(ParentRunner.java:309)
	at com.gzoltar.lib.instrumentation.testing.junit.a.call(Unknown Source)
	at java.util.concurrent.FutureTask.run(FutureTask.java:262)
	at java.util.concurrent.ThreadPoolExecutor.runWorker(ThreadPoolExecutor.java:1145)
	at java.util.concurrent.ThreadPoolExecutor$Worker.run(ThreadPoolExecutor.java:615)
	at java.lang.Thread.run(Thread.java:745)

* Finished org.apache.commons.math3.optim.nonlinear.scalar.noderiv.SimplexOptimizerNelderMeadTest#testMaximize2
* Started org.apache.commons.math3.optim.nonlinear.scalar.noderiv.SimplexOptimizerNelderMeadTest#testRosenbrock
* Finished org.apache.commons.math3.optim.nonlinear.scalar.noderiv.SimplexOptimizerNelderMeadTest#testRosenbrock
* Started org.apache.commons.math3.optim.nonlinear.scalar.noderiv.SimplexOptimizerNelderMeadTest#testLeastSquares1
* Finished org.apache.commons.math3.optim.nonlinear.scalar.noderiv.SimplexOptimizerNelderMeadTest#testLeastSquares1
* Started org.apache.commons.math3.optim.nonlinear.scalar.noderiv.SimplexOptimizerNelderMeadTest#testLeastSquares2
* Finished org.apache.commons.math3.optim.nonlinear.scalar.noderiv.SimplexOptimizerNelderMeadTest#testLeastSquares2
* Started org.apache.commons.math3.optim.nonlinear.scalar.noderiv.SimplexOptimizerNelderMeadTest#testLeastSquares3
* Finished org.apache.commons.math3.optim.nonlinear.scalar.noderiv.SimplexOptimizerNelderMeadTest#testLeastSquares3
* Started org.apache.commons.math3.optim.nonlinear.scalar.noderiv.SimplexOptimizerNelderMeadTest#testBoundsUnsupported
* Finished org.apache.commons.math3.optim.nonlinear.scalar.noderiv.SimplexOptimizerNelderMeadTest#testBoundsUnsupported
* Started org.apache.commons.math3.optim.nonlinear.scalar.noderiv.SimplexOptimizerNelderMeadTest#testMinimize1
* Failure: null | testMinimize1(org.apache.commons.math3.optim.nonlinear.scalar.noderiv.SimplexOptimizerNelderMeadTest)
java.lang.AssertionError
	at org.junit.Assert.fail(Assert.java:86)
	at org.junit.Assert.assertTrue(Assert.java:41)
	at org.junit.Assert.assertTrue(Assert.java:52)
	at org.apache.commons.math3.optim.nonlinear.scalar.noderiv.SimplexOptimizerNelderMeadTest.testMinimize1(SimplexOptimizerNelderMeadTest.java:71)
	at sun.reflect.NativeMethodAccessorImpl.invoke0(Native Method)
	at sun.reflect.NativeMethodAccessorImpl.invoke(NativeMethodAccessorImpl.java:57)
	at sun.reflect.DelegatingMethodAccessorImpl.invoke(DelegatingMethodAccessorImpl.java:43)
	at java.lang.reflect.Method.invoke(Method.java:606)
	at org.junit.runners.model.FrameworkMethod$1.runReflectiveCall(FrameworkMethod.java:47)
	at org.junit.internal.runners.model.ReflectiveCallable.run(ReflectiveCallable.java:12)
	at org.junit.runners.model.FrameworkMethod.invokeExplosively(FrameworkMethod.java:44)
	at org.junit.internal.runners.statements.InvokeMethod.evaluate(InvokeMethod.java:17)
	at org.junit.runners.ParentRunner.runLeaf(ParentRunner.java:271)
	at org.junit.runners.BlockJUnit4ClassRunner.runChild(BlockJUnit4ClassRunner.java:70)
	at org.junit.runners.BlockJUnit4ClassRunner.runChild(BlockJUnit4ClassRunner.java:50)
	at org.junit.runners.ParentRunner$3.run(ParentRunner.java:238)
	at org.junit.runners.ParentRunner$1.schedule(ParentRunner.java:63)
	at org.junit.runners.ParentRunner.runChildren(ParentRunner.java:236)
	at org.junit.runners.ParentRunner.access$000(ParentRunner.java:53)
	at org.junit.runners.ParentRunner$2.evaluate(ParentRunner.java:229)
	at org.junit.runners.ParentRunner.run(ParentRunner.java:309)
	at com.gzoltar.lib.instrumentation.testing.junit.a.call(Unknown Source)
	at java.util.concurrent.FutureTask.run(FutureTask.java:262)
	at java.util.concurrent.ThreadPoolExecutor.runWorker(ThreadPoolExecutor.java:1145)
	at java.util.concurrent.ThreadPoolExecutor$Worker.run(ThreadPoolExecutor.java:615)
	at java.lang.Thread.run(Thread.java:745)

* Finished org.apache.commons.math3.optim.nonlinear.scalar.noderiv.SimplexOptimizerNelderMeadTest#testMinimize1
* Started org.apache.commons.math3.optim.nonlinear.scalar.noderiv.SimplexOptimizerNelderMeadTest#testMinimize2
* Failure: null | testMinimize2(org.apache.commons.math3.optim.nonlinear.scalar.noderiv.SimplexOptimizerNelderMeadTest)
java.lang.AssertionError
	at org.junit.Assert.fail(Assert.java:86)
	at org.junit.Assert.assertTrue(Assert.java:41)
	at org.junit.Assert.assertTrue(Assert.java:52)
	at org.apache.commons.math3.optim.nonlinear.scalar.noderiv.SimplexOptimizerNelderMeadTest.testMinimize2(SimplexOptimizerNelderMeadTest.java:92)
	at sun.reflect.NativeMethodAccessorImpl.invoke0(Native Method)
	at sun.reflect.NativeMethodAccessorImpl.invoke(NativeMethodAccessorImpl.java:57)
	at sun.reflect.DelegatingMethodAccessorImpl.invoke(DelegatingMethodAccessorImpl.java:43)
	at java.lang.reflect.Method.invoke(Method.java:606)
	at org.junit.runners.model.FrameworkMethod$1.runReflectiveCall(FrameworkMethod.java:47)
	at org.junit.internal.runners.model.ReflectiveCallable.run(ReflectiveCallable.java:12)
	at org.junit.runners.model.FrameworkMethod.invokeExplosively(FrameworkMethod.java:44)
	at org.junit.internal.runners.statements.InvokeMethod.evaluate(InvokeMethod.java:17)
	at org.junit.runners.ParentRunner.runLeaf(ParentRunner.java:271)
	at org.junit.runners.BlockJUnit4ClassRunner.runChild(BlockJUnit4ClassRunner.java:70)
	at org.junit.runners.BlockJUnit4ClassRunner.runChild(BlockJUnit4ClassRunner.java:50)
	at org.junit.runners.ParentRunner$3.run(ParentRunner.java:238)
	at org.junit.runners.ParentRunner$1.schedule(ParentRunner.java:63)
	at org.junit.runners.ParentRunner.runChildren(ParentRunner.java:236)
	at org.junit.runners.ParentRunner.access$000(ParentRunner.java:53)
	at org.junit.runners.ParentRunner$2.evaluate(ParentRunner.java:229)
	at org.junit.runners.ParentRunner.run(ParentRunner.java:309)
	at com.gzoltar.lib.instrumentation.testing.junit.a.call(Unknown Source)
	at java.util.concurrent.FutureTask.run(FutureTask.java:262)
	at java.util.concurrent.ThreadPoolExecutor.runWorker(ThreadPoolExecutor.java:1145)
	at java.util.concurrent.ThreadPoolExecutor$Worker.run(ThreadPoolExecutor.java:615)
	at java.lang.Thread.run(Thread.java:745)

* Finished org.apache.commons.math3.optim.nonlinear.scalar.noderiv.SimplexOptimizerNelderMeadTest#testMinimize2
* Started org.apache.commons.math3.optim.nonlinear.scalar.noderiv.SimplexOptimizerNelderMeadTest#testPowell
* Finished org.apache.commons.math3.optim.nonlinear.scalar.noderiv.SimplexOptimizerNelderMeadTest#testPowell
* Started org.apache.commons.math3.optim.nonlinear.scalar.noderiv.PowellOptimizerTest#testQuadratic
* Finished org.apache.commons.math3.optim.nonlinear.scalar.noderiv.PowellOptimizerTest#testQuadratic
* Started org.apache.commons.math3.optim.nonlinear.scalar.noderiv.PowellOptimizerTest#testRelativeToleranceOnScaledValues
* Finished org.apache.commons.math3.optim.nonlinear.scalar.noderiv.PowellOptimizerTest#testRelativeToleranceOnScaledValues
* Started org.apache.commons.math3.optim.nonlinear.scalar.noderiv.PowellOptimizerTest#testMaximizeQuadratic
* Finished org.apache.commons.math3.optim.nonlinear.scalar.noderiv.PowellOptimizerTest#testMaximizeQuadratic
* Started org.apache.commons.math3.optim.nonlinear.scalar.noderiv.PowellOptimizerTest#testBoundsUnsupported
* Finished org.apache.commons.math3.optim.nonlinear.scalar.noderiv.PowellOptimizerTest#testBoundsUnsupported
* Started org.apache.commons.math3.optim.nonlinear.scalar.noderiv.PowellOptimizerTest#testSumSinc
* Failure: null | testSumSinc(org.apache.commons.math3.optim.nonlinear.scalar.noderiv.PowellOptimizerTest)
java.lang.AssertionError
	at org.junit.Assert.fail(Assert.java:86)
	at org.junit.Assert.assertTrue(Assert.java:41)
	at org.junit.Assert.assertTrue(Assert.java:52)
	at org.apache.commons.math3.optim.nonlinear.scalar.noderiv.PowellOptimizerTest.doTest(PowellOptimizerTest.java:266)
	at org.apache.commons.math3.optim.nonlinear.scalar.noderiv.PowellOptimizerTest.testSumSinc(PowellOptimizerTest.java:75)
	at sun.reflect.NativeMethodAccessorImpl.invoke0(Native Method)
	at sun.reflect.NativeMethodAccessorImpl.invoke(NativeMethodAccessorImpl.java:57)
	at sun.reflect.DelegatingMethodAccessorImpl.invoke(DelegatingMethodAccessorImpl.java:43)
	at java.lang.reflect.Method.invoke(Method.java:606)
	at org.junit.runners.model.FrameworkMethod$1.runReflectiveCall(FrameworkMethod.java:47)
	at org.junit.internal.runners.model.ReflectiveCallable.run(ReflectiveCallable.java:12)
	at org.junit.runners.model.FrameworkMethod.invokeExplosively(FrameworkMethod.java:44)
	at org.junit.internal.runners.statements.InvokeMethod.evaluate(InvokeMethod.java:17)
	at org.junit.runners.ParentRunner.runLeaf(ParentRunner.java:271)
	at org.junit.runners.BlockJUnit4ClassRunner.runChild(BlockJUnit4ClassRunner.java:70)
	at org.junit.runners.BlockJUnit4ClassRunner.runChild(BlockJUnit4ClassRunner.java:50)
	at org.junit.runners.ParentRunner$3.run(ParentRunner.java:238)
	at org.junit.runners.ParentRunner$1.schedule(ParentRunner.java:63)
	at org.junit.runners.ParentRunner.runChildren(ParentRunner.java:236)
	at org.junit.runners.ParentRunner.access$000(ParentRunner.java:53)
	at org.junit.runners.ParentRunner$2.evaluate(ParentRunner.java:229)
	at org.junit.runners.ParentRunner.run(ParentRunner.java:309)
	at com.gzoltar.lib.instrumentation.testing.junit.a.call(Unknown Source)
	at java.util.concurrent.FutureTask.run(FutureTask.java:262)
	at java.util.concurrent.ThreadPoolExecutor.runWorker(ThreadPoolExecutor.java:1145)
	at java.util.concurrent.ThreadPoolExecutor$Worker.run(ThreadPoolExecutor.java:615)
	at java.lang.Thread.run(Thread.java:745)

* Finished org.apache.commons.math3.optim.nonlinear.scalar.noderiv.PowellOptimizerTest#testSumSinc
* Started org.apache.commons.math3.optim.nonlinear.scalar.MultivariateFunctionMappingAdapterTest#testStartSimplexInsideRange
* Finished org.apache.commons.math3.optim.nonlinear.scalar.MultivariateFunctionMappingAdapterTest#testStartSimplexInsideRange
* Started org.apache.commons.math3.optim.nonlinear.scalar.MultivariateFunctionMappingAdapterTest#testOptimumOutsideRange
* Finished org.apache.commons.math3.optim.nonlinear.scalar.MultivariateFunctionMappingAdapterTest#testOptimumOutsideRange
* Started org.apache.commons.math3.optim.nonlinear.scalar.MultivariateFunctionMappingAdapterTest#testUnbounded
* Finished org.apache.commons.math3.optim.nonlinear.scalar.MultivariateFunctionMappingAdapterTest#testUnbounded
* Started org.apache.commons.math3.optim.nonlinear.scalar.MultivariateFunctionMappingAdapterTest#testHalfBounded
* Finished org.apache.commons.math3.optim.nonlinear.scalar.MultivariateFunctionMappingAdapterTest#testHalfBounded
* Started org.apache.commons.math3.optim.univariate.BrentOptimizerTest#testBoundaries
* Finished org.apache.commons.math3.optim.univariate.BrentOptimizerTest#testBoundaries
* Started org.apache.commons.math3.optim.univariate.BrentOptimizerTest#testQuinticMax
* Finished org.apache.commons.math3.optim.univariate.BrentOptimizerTest#testQuinticMax
* Started org.apache.commons.math3.optim.univariate.BrentOptimizerTest#testQuinticMin
* Finished org.apache.commons.math3.optim.univariate.BrentOptimizerTest#testQuinticMin
* Started org.apache.commons.math3.optim.univariate.BrentOptimizerTest#testMinEndpoints
* Finished org.apache.commons.math3.optim.univariate.BrentOptimizerTest#testMinEndpoints
* Started org.apache.commons.math3.optim.univariate.BrentOptimizerTest#testKeepInitIfBest
* Finished org.apache.commons.math3.optim.univariate.BrentOptimizerTest#testKeepInitIfBest
* Started org.apache.commons.math3.optim.univariate.BrentOptimizerTest#testQuinticMinStatistics
* Finished org.apache.commons.math3.optim.univariate.BrentOptimizerTest#testQuinticMinStatistics
* Started org.apache.commons.math3.optim.univariate.BrentOptimizerTest#testMath832
* Finished org.apache.commons.math3.optim.univariate.BrentOptimizerTest#testMath832
* Started org.apache.commons.math3.optim.univariate.BrentOptimizerTest#testMath855
* Finished org.apache.commons.math3.optim.univariate.BrentOptimizerTest#testMath855
* Started org.apache.commons.math3.optim.univariate.BrentOptimizerTest#testSinMinWithValueChecker
* Finished org.apache.commons.math3.optim.univariate.BrentOptimizerTest#testSinMinWithValueChecker
* Started org.apache.commons.math3.optim.univariate.BrentOptimizerTest#testSinMin
* Finished org.apache.commons.math3.optim.univariate.BrentOptimizerTest#testSinMin
* Started org.apache.commons.math3.optim.univariate.MultiStartUnivariateOptimizerTest#testQuinticMin
* Finished org.apache.commons.math3.optim.univariate.MultiStartUnivariateOptimizerTest#testQuinticMin
* Started org.apache.commons.math3.optim.univariate.MultiStartUnivariateOptimizerTest#testMissingSearchInterval
* Finished org.apache.commons.math3.optim.univariate.MultiStartUnivariateOptimizerTest#testMissingSearchInterval
* Started org.apache.commons.math3.optim.univariate.MultiStartUnivariateOptimizerTest#testBadFunction
* Finished org.apache.commons.math3.optim.univariate.MultiStartUnivariateOptimizerTest#testBadFunction
* Started org.apache.commons.math3.optim.univariate.MultiStartUnivariateOptimizerTest#testMissingMaxEval
* Finished org.apache.commons.math3.optim.univariate.MultiStartUnivariateOptimizerTest#testMissingMaxEval
* Started org.apache.commons.math3.optim.univariate.MultiStartUnivariateOptimizerTest#testSinMin
* Finished org.apache.commons.math3.optim.univariate.MultiStartUnivariateOptimizerTest#testSinMin
* Started org.apache.commons.math3.optim.linear.SimplexSolverTest#testRestrictVariablesToNonNegative
* Finished org.apache.commons.math3.optim.linear.SimplexSolverTest#testRestrictVariablesToNonNegative
* Started org.apache.commons.math3.optim.linear.SimplexSolverTest#testEpsilon
* Finished org.apache.commons.math3.optim.linear.SimplexSolverTest#testEpsilon
* Started org.apache.commons.math3.optim.linear.SimplexSolverTest#testUnboundedSolution
* Finished org.apache.commons.math3.optim.linear.SimplexSolverTest#testUnboundedSolution
* Started org.apache.commons.math3.optim.linear.SimplexSolverTest#testSingleVariableAndConstraint
* Finished org.apache.commons.math3.optim.linear.SimplexSolverTest#testSingleVariableAndConstraint
* Started org.apache.commons.math3.optim.linear.SimplexSolverTest#testSimplexSolver
* Finished org.apache.commons.math3.optim.linear.SimplexSolverTest#testSimplexSolver
* Started org.apache.commons.math3.optim.linear.SimplexSolverTest#testMath290GEQ
* Finished org.apache.commons.math3.optim.linear.SimplexSolverTest#testMath290GEQ
* Started org.apache.commons.math3.optim.linear.SimplexSolverTest#testMath290LEQ
* Finished org.apache.commons.math3.optim.linear.SimplexSolverTest#testMath290LEQ
* Started org.apache.commons.math3.optim.linear.SimplexSolverTest#testTrivialModel
* Finished org.apache.commons.math3.optim.linear.SimplexSolverTest#testTrivialModel
* Started org.apache.commons.math3.optim.linear.SimplexSolverTest#testInfeasibleSolution
* Finished org.apache.commons.math3.optim.linear.SimplexSolverTest#testInfeasibleSolution
* Started org.apache.commons.math3.optim.linear.SimplexSolverTest#testMath713NegativeVariable
* Finished org.apache.commons.math3.optim.linear.SimplexSolverTest#testMath713NegativeVariable
* Started org.apache.commons.math3.optim.linear.SimplexSolverTest#testMath272
* Finished org.apache.commons.math3.optim.linear.SimplexSolverTest#testMath272
* Started org.apache.commons.math3.optim.linear.SimplexSolverTest#testMath286
* Finished org.apache.commons.math3.optim.linear.SimplexSolverTest#testMath286
* Started org.apache.commons.math3.optim.linear.SimplexSolverTest#testMath288
* Finished org.apache.commons.math3.optim.linear.SimplexSolverTest#testMath288
* Started org.apache.commons.math3.optim.linear.SimplexSolverTest#testMath293
* Finished org.apache.commons.math3.optim.linear.SimplexSolverTest#testMath293
* Started org.apache.commons.math3.optim.linear.SimplexSolverTest#testMath781
* Finished org.apache.commons.math3.optim.linear.SimplexSolverTest#testMath781
* Started org.apache.commons.math3.optim.linear.SimplexSolverTest#testMath828
* Finished org.apache.commons.math3.optim.linear.SimplexSolverTest#testMath828
* Started org.apache.commons.math3.optim.linear.SimplexSolverTest#testMath930
* Finished org.apache.commons.math3.optim.linear.SimplexSolverTest#testMath930
* Started org.apache.commons.math3.optim.linear.SimplexSolverTest#testModelWithNoArtificialVars
* Finished org.apache.commons.math3.optim.linear.SimplexSolverTest#testModelWithNoArtificialVars
* Started org.apache.commons.math3.optim.linear.SimplexSolverTest#testMinimization
* Finished org.apache.commons.math3.optim.linear.SimplexSolverTest#testMinimization
* Started org.apache.commons.math3.optim.linear.SimplexSolverTest#testMath434PivotRowSelection2
* Finished org.apache.commons.math3.optim.linear.SimplexSolverTest#testMath434PivotRowSelection2
* Started org.apache.commons.math3.optim.linear.SimplexSolverTest#testDegeneracy
* Finished org.apache.commons.math3.optim.linear.SimplexSolverTest#testDegeneracy
* Started org.apache.commons.math3.optim.linear.SimplexSolverTest#testMath434PivotRowSelection
* Finished org.apache.commons.math3.optim.linear.SimplexSolverTest#testMath434PivotRowSelection
* Started org.apache.commons.math3.optim.linear.SimplexSolverTest#testMath828Cycle
* Finished org.apache.commons.math3.optim.linear.SimplexSolverTest#testMath828Cycle
* Started org.apache.commons.math3.optim.linear.SimplexSolverTest#testLargeModel
* Finished org.apache.commons.math3.optim.linear.SimplexSolverTest#testLargeModel
* Started org.apache.commons.math3.optim.linear.SimplexSolverTest#testSolutionWithNegativeDecisionVariable
* Finished org.apache.commons.math3.optim.linear.SimplexSolverTest#testSolutionWithNegativeDecisionVariable
* Started org.apache.commons.math3.optim.linear.SimplexSolverTest#testMath434UnfeasibleSolution
* Finished org.apache.commons.math3.optim.linear.SimplexSolverTest#testMath434UnfeasibleSolution
* Started org.apache.commons.math3.optim.linear.SimplexSolverTest#testMath434NegativeVariable
* Finished org.apache.commons.math3.optim.linear.SimplexSolverTest#testMath434NegativeVariable
* Started org.apache.commons.math3.analysis.interpolation.SmoothingPolynomialBicubicSplineInterpolatorTest#testPlane
* Finished org.apache.commons.math3.analysis.interpolation.SmoothingPolynomialBicubicSplineInterpolatorTest#testPlane
* Started org.apache.commons.math3.analysis.interpolation.SmoothingPolynomialBicubicSplineInterpolatorTest#testPreconditions
* Finished org.apache.commons.math3.analysis.interpolation.SmoothingPolynomialBicubicSplineInterpolatorTest#testPreconditions
* Started org.apache.commons.math3.analysis.interpolation.SmoothingPolynomialBicubicSplineInterpolatorTest#testParaboloid
* Finished org.apache.commons.math3.analysis.interpolation.SmoothingPolynomialBicubicSplineInterpolatorTest#testParaboloid
* Filtering test cases that do not cover any component
* Sending data to master
* Closing connection with client
* Performing fault localization
* Running Ochiai
* Running Ochiai2
* Running Tarantula
* Running Jaccard
* Running SBI
* Running Kulczynski2
* Running Sorensen-Dice
* Running Anderberg
* Running Simple-matching
* Running Rogers and Tanimoto
* Running Russel and Rao
* Running Dstar
* Running Opt
* Running Barinel
* Running Ideal
* Running Naish1
* Writing coverage matrix to '/fastdata/acp13jcd/GZoltar/Math/6/Math/developer/0/Math-6b-developer.0/matrix'
* Normalizing spectra, coefficient: DSTAR
* Normalizing spectra, coefficient: OPT
* Writing spectra to '/fastdata/acp13jcd/GZoltar/Math/6/Math/developer/0/Math-6b-developer.0/spectra'
* Metrics
* Writing statistics to '/fastdata/acp13jcd/GZoltar/Math/6/Math/developer/0/Math-6b-developer.0/statistics.csv'
* Computation finished

DONE!
