* Checking out Math-39 to /scratch/acp13jcd/run_gzoltar_37373_Math-39
* Compiling Math-39
Running ant (compile)...................................................... OK
Running ant (compile.tests)................................................ OK
* Running GZoltar
   ____ _____     _ _               
  / ___|__  /___ | | |_ __ _ _ __   
 | |  _  / // _ \| | __/ _` | '__| 
 | |_| |/ /| (_) | | || (_| | |     
  \____/____\___/|_|\__\__,_|_| 

[ERROR] /scratch/acp13jcd/run_gzoltar_37373_Math-39/lib/junit-4.8.2.jar does not exist
java.lang.Exception
	at com.gzoltar.lib.master.modes.Diagnose.execute(Unknown Source)
	at com.gzoltar.lib.master.GZoltar.parseCommandLine(Unknown Source)
	at com.gzoltar.lib.master.GZoltar.main(Unknown Source)
* Preparing classpath
* Collecting classes under test
* Collecting test cases
* Performing analysis
* Started org.apache.commons.math.ode.ContinuousOutputModelTest#testBoundaries
* Finished org.apache.commons.math.ode.ContinuousOutputModelTest#testBoundaries
* Started org.apache.commons.math.ode.ContinuousOutputModelTest#testModelsMerging
* Finished org.apache.commons.math.ode.ContinuousOutputModelTest#testModelsMerging
* Started org.apache.commons.math.ode.ContinuousOutputModelTest#testRandomAccess
* Finished org.apache.commons.math.ode.ContinuousOutputModelTest#testRandomAccess
* Started org.apache.commons.math.ode.ContinuousOutputModelTest#testErrorConditions
* Finished org.apache.commons.math.ode.ContinuousOutputModelTest#testErrorConditions
* Started org.apache.commons.math.ode.sampling.StepNormalizerTest#testBoundaries
* Finished org.apache.commons.math.ode.sampling.StepNormalizerTest#testBoundaries
* Started org.apache.commons.math.ode.sampling.StepNormalizerTest#testBeforeEnd
* Finished org.apache.commons.math.ode.sampling.StepNormalizerTest#testBeforeEnd
* Started org.apache.commons.math.ode.sampling.NordsieckStepInterpolatorTest#derivativesConsistency
* Finished org.apache.commons.math.ode.sampling.NordsieckStepInterpolatorTest#derivativesConsistency
* Started org.apache.commons.math.ode.sampling.NordsieckStepInterpolatorTest#serialization
* Finished org.apache.commons.math.ode.sampling.NordsieckStepInterpolatorTest#serialization
* Started org.apache.commons.math.ode.JacobianMatricesTest#testLowAccuracyExternalDifferentiation
* Finished org.apache.commons.math.ode.JacobianMatricesTest#testLowAccuracyExternalDifferentiation
* Started org.apache.commons.math.ode.JacobianMatricesTest#testHighAccuracyExternalDifferentiation
* Finished org.apache.commons.math.ode.JacobianMatricesTest#testHighAccuracyExternalDifferentiation
* Started org.apache.commons.math.ode.JacobianMatricesTest#testAnalyticalDifferentiation
* Finished org.apache.commons.math.ode.JacobianMatricesTest#testAnalyticalDifferentiation
* Started org.apache.commons.math.ode.JacobianMatricesTest#testInternalDifferentiation
* Finished org.apache.commons.math.ode.JacobianMatricesTest#testInternalDifferentiation
* Started org.apache.commons.math.ode.JacobianMatricesTest#testParameterizable
* Finished org.apache.commons.math.ode.JacobianMatricesTest#testParameterizable
* Started org.apache.commons.math.ode.JacobianMatricesTest#testFinalResult
* Finished org.apache.commons.math.ode.JacobianMatricesTest#testFinalResult
* Started org.apache.commons.math.ode.nonstiff.DormandPrince853StepInterpolatorTest#derivativesConsistency
* Finished org.apache.commons.math.ode.nonstiff.DormandPrince853StepInterpolatorTest#derivativesConsistency
* Started org.apache.commons.math.ode.nonstiff.DormandPrince853StepInterpolatorTest#checklone
* Finished org.apache.commons.math.ode.nonstiff.DormandPrince853StepInterpolatorTest#checklone
* Started org.apache.commons.math.ode.nonstiff.DormandPrince853StepInterpolatorTest#serialization
* Finished org.apache.commons.math.ode.nonstiff.DormandPrince853StepInterpolatorTest#serialization
* Started org.apache.commons.math.ode.nonstiff.DormandPrince853IntegratorTest#testDimensionCheck
* Finished org.apache.commons.math.ode.nonstiff.DormandPrince853IntegratorTest#testDimensionCheck
* Started org.apache.commons.math.ode.nonstiff.DormandPrince853IntegratorTest#testBackward
* Finished org.apache.commons.math.ode.nonstiff.DormandPrince853IntegratorTest#testBackward
* Started org.apache.commons.math.ode.nonstiff.DormandPrince853IntegratorTest#testVariableSteps
* Finished org.apache.commons.math.ode.nonstiff.DormandPrince853IntegratorTest#testVariableSteps
* Started org.apache.commons.math.ode.nonstiff.DormandPrince853IntegratorTest#testMissedEndEvent
* Finished org.apache.commons.math.ode.nonstiff.DormandPrince853IntegratorTest#testMissedEndEvent
* Started org.apache.commons.math.ode.nonstiff.DormandPrince853IntegratorTest#testMinStep
* Finished org.apache.commons.math.ode.nonstiff.DormandPrince853IntegratorTest#testMinStep
* Started org.apache.commons.math.ode.nonstiff.DormandPrince853IntegratorTest#testUnstableDerivative
* Finished org.apache.commons.math.ode.nonstiff.DormandPrince853IntegratorTest#testUnstableDerivative
* Started org.apache.commons.math.ode.nonstiff.DormandPrince853IntegratorTest#testNullIntervalCheck
* Finished org.apache.commons.math.ode.nonstiff.DormandPrince853IntegratorTest#testNullIntervalCheck
* Started org.apache.commons.math.ode.nonstiff.DormandPrince853IntegratorTest#testEvents
* Finished org.apache.commons.math.ode.nonstiff.DormandPrince853IntegratorTest#testEvents
* Started org.apache.commons.math.ode.nonstiff.DormandPrince853IntegratorTest#testKepler
* Finished org.apache.commons.math.ode.nonstiff.DormandPrince853IntegratorTest#testKepler
* Started org.apache.commons.math.ode.nonstiff.DormandPrince853IntegratorTest#testIncreasingTolerance
* Finished org.apache.commons.math.ode.nonstiff.DormandPrince853IntegratorTest#testIncreasingTolerance
* Started org.apache.commons.math.ode.nonstiff.DormandPrince853IntegratorTest#testTooLargeFirstStep
* Failure: null | testTooLargeFirstStep(org.apache.commons.math.ode.nonstiff.DormandPrince853IntegratorTest)
java.lang.AssertionError
	at org.junit.Assert.fail(Assert.java:86)
	at org.junit.Assert.assertTrue(Assert.java:41)
	at org.junit.Assert.assertTrue(Assert.java:52)
	at org.apache.commons.math.ode.nonstiff.DormandPrince853IntegratorTest$3.computeDerivatives(DormandPrince853IntegratorTest.java:194)
	at org.apache.commons.math.ode.ExpandableStatefulODE.computeDerivatives(ExpandableStatefulODE.java:115)
	at org.apache.commons.math.ode.AbstractIntegrator.computeDerivatives(AbstractIntegrator.java:265)
	at org.apache.commons.math.ode.nonstiff.EmbeddedRungeKuttaIntegrator.integrate(EmbeddedRungeKuttaIntegrator.java:262)
	at org.apache.commons.math.ode.AbstractIntegrator.integrate(AbstractIntegrator.java:228)
	at org.apache.commons.math.ode.nonstiff.DormandPrince853IntegratorTest.testTooLargeFirstStep(DormandPrince853IntegratorTest.java:201)
	at sun.reflect.NativeMethodAccessorImpl.invoke0(Native Method)
	at sun.reflect.NativeMethodAccessorImpl.invoke(NativeMethodAccessorImpl.java:57)
	at sun.reflect.DelegatingMethodAccessorImpl.invoke(DelegatingMethodAccessorImpl.java:43)
	at java.lang.reflect.Method.invoke(Method.java:606)
	at org.junit.runners.model.FrameworkMethod$1.runReflectiveCall(FrameworkMethod.java:47)
	at org.junit.internal.runners.model.ReflectiveCallable.run(ReflectiveCallable.java:12)
	at org.junit.runners.model.FrameworkMethod.invokeExplosively(FrameworkMethod.java:44)
	at org.junit.internal.runners.statements.InvokeMethod.evaluate(InvokeMethod.java:17)
	at org.junit.runners.ParentRunner.runLeaf(ParentRunner.java:271)
	at org.junit.runners.BlockJUnit4ClassRunner.runChild(BlockJUnit4ClassRunner.java:70)
	at org.junit.runners.BlockJUnit4ClassRunner.runChild(BlockJUnit4ClassRunner.java:50)
	at org.junit.runners.ParentRunner$3.run(ParentRunner.java:238)
	at org.junit.runners.ParentRunner$1.schedule(ParentRunner.java:63)
	at org.junit.runners.ParentRunner.runChildren(ParentRunner.java:236)
	at org.junit.runners.ParentRunner.access$000(ParentRunner.java:53)
	at org.junit.runners.ParentRunner$2.evaluate(ParentRunner.java:229)
	at org.junit.runners.ParentRunner.run(ParentRunner.java:309)
	at com.gzoltar.lib.instrumentation.testing.junit.a.call(Unknown Source)
	at java.util.concurrent.FutureTask.run(FutureTask.java:262)
	at java.util.concurrent.ThreadPoolExecutor.runWorker(ThreadPoolExecutor.java:1145)
	at java.util.concurrent.ThreadPoolExecutor$Worker.run(ThreadPoolExecutor.java:615)
	at java.lang.Thread.run(Thread.java:745)

* Finished org.apache.commons.math.ode.nonstiff.DormandPrince853IntegratorTest#testTooLargeFirstStep
* Started org.apache.commons.math.ode.nonstiff.HighamHall54StepInterpolatorTest#derivativesConsistency
* Finished org.apache.commons.math.ode.nonstiff.HighamHall54StepInterpolatorTest#derivativesConsistency
* Started org.apache.commons.math.ode.nonstiff.HighamHall54StepInterpolatorTest#checkClone
* Finished org.apache.commons.math.ode.nonstiff.HighamHall54StepInterpolatorTest#checkClone
* Started org.apache.commons.math.ode.nonstiff.HighamHall54StepInterpolatorTest#serialization
* Finished org.apache.commons.math.ode.nonstiff.HighamHall54StepInterpolatorTest#serialization
* Started org.apache.commons.math.ode.nonstiff.DormandPrince54StepInterpolatorTest#derivativesConsistency
* Finished org.apache.commons.math.ode.nonstiff.DormandPrince54StepInterpolatorTest#derivativesConsistency
* Started org.apache.commons.math.ode.nonstiff.DormandPrince54StepInterpolatorTest#checkClone
* Finished org.apache.commons.math.ode.nonstiff.DormandPrince54StepInterpolatorTest#checkClone
* Started org.apache.commons.math.ode.nonstiff.DormandPrince54StepInterpolatorTest#serialization
* Finished org.apache.commons.math.ode.nonstiff.DormandPrince54StepInterpolatorTest#serialization
* Started org.apache.commons.math.ode.nonstiff.DormandPrince54IntegratorTest#testSmallLastStep
* Finished org.apache.commons.math.ode.nonstiff.DormandPrince54IntegratorTest#testSmallLastStep
* Started org.apache.commons.math.ode.nonstiff.DormandPrince54IntegratorTest#testDimensionCheck
* Finished org.apache.commons.math.ode.nonstiff.DormandPrince54IntegratorTest#testDimensionCheck
* Started org.apache.commons.math.ode.nonstiff.DormandPrince54IntegratorTest#testBackward
* Finished org.apache.commons.math.ode.nonstiff.DormandPrince54IntegratorTest#testBackward
* Started org.apache.commons.math.ode.nonstiff.DormandPrince54IntegratorTest#testVariableSteps
* Finished org.apache.commons.math.ode.nonstiff.DormandPrince54IntegratorTest#testVariableSteps
* Started org.apache.commons.math.ode.nonstiff.DormandPrince54IntegratorTest#testMinStep
* Finished org.apache.commons.math.ode.nonstiff.DormandPrince54IntegratorTest#testMinStep
* Started org.apache.commons.math.ode.nonstiff.DormandPrince54IntegratorTest#testEvents
* Finished org.apache.commons.math.ode.nonstiff.DormandPrince54IntegratorTest#testEvents
* Started org.apache.commons.math.ode.nonstiff.DormandPrince54IntegratorTest#testKepler
* Finished org.apache.commons.math.ode.nonstiff.DormandPrince54IntegratorTest#testKepler
* Started org.apache.commons.math.ode.nonstiff.DormandPrince54IntegratorTest#testIncreasingTolerance
* Finished org.apache.commons.math.ode.nonstiff.DormandPrince54IntegratorTest#testIncreasingTolerance
* Started org.apache.commons.math.ode.nonstiff.AdamsBashforthIntegratorTest#polynomial
* Finished org.apache.commons.math.ode.nonstiff.AdamsBashforthIntegratorTest#polynomial
* Started org.apache.commons.math.ode.nonstiff.AdamsBashforthIntegratorTest#dimensionCheck
* Finished org.apache.commons.math.ode.nonstiff.AdamsBashforthIntegratorTest#dimensionCheck
* Started org.apache.commons.math.ode.nonstiff.AdamsBashforthIntegratorTest#testMinStep
* Finished org.apache.commons.math.ode.nonstiff.AdamsBashforthIntegratorTest#testMinStep
* Started org.apache.commons.math.ode.nonstiff.AdamsBashforthIntegratorTest#exceedMaxEvaluations
* Finished org.apache.commons.math.ode.nonstiff.AdamsBashforthIntegratorTest#exceedMaxEvaluations
* Started org.apache.commons.math.ode.nonstiff.AdamsBashforthIntegratorTest#testIncreasingTolerance
* Finished org.apache.commons.math.ode.nonstiff.AdamsBashforthIntegratorTest#testIncreasingTolerance
* Started org.apache.commons.math.ode.nonstiff.AdamsBashforthIntegratorTest#backward
* Finished org.apache.commons.math.ode.nonstiff.AdamsBashforthIntegratorTest#backward
* Started org.apache.commons.math.ode.nonstiff.HighamHall54IntegratorTest#testBackward
* Finished org.apache.commons.math.ode.nonstiff.HighamHall54IntegratorTest#testBackward
* Started org.apache.commons.math.ode.nonstiff.HighamHall54IntegratorTest#testWrongDerivative
* Finished org.apache.commons.math.ode.nonstiff.HighamHall54IntegratorTest#testWrongDerivative
* Started org.apache.commons.math.ode.nonstiff.HighamHall54IntegratorTest#testMinStep
* Finished org.apache.commons.math.ode.nonstiff.HighamHall54IntegratorTest#testMinStep
* Started org.apache.commons.math.ode.nonstiff.HighamHall54IntegratorTest#testEvents
* Finished org.apache.commons.math.ode.nonstiff.HighamHall54IntegratorTest#testEvents
* Started org.apache.commons.math.ode.nonstiff.HighamHall54IntegratorTest#testEventsErrors
* Finished org.apache.commons.math.ode.nonstiff.HighamHall54IntegratorTest#testEventsErrors
* Started org.apache.commons.math.ode.nonstiff.HighamHall54IntegratorTest#testKepler
* Finished org.apache.commons.math.ode.nonstiff.HighamHall54IntegratorTest#testKepler
* Started org.apache.commons.math.ode.nonstiff.HighamHall54IntegratorTest#testIncreasingTolerance
* Finished org.apache.commons.math.ode.nonstiff.HighamHall54IntegratorTest#testIncreasingTolerance
* Started org.apache.commons.math.ode.nonstiff.HighamHall54IntegratorTest#testEventsNoConvergence
* Finished org.apache.commons.math.ode.nonstiff.HighamHall54IntegratorTest#testEventsNoConvergence
* Started org.apache.commons.math.ode.nonstiff.HighamHall54IntegratorTest#testSanityChecks
* Finished org.apache.commons.math.ode.nonstiff.HighamHall54IntegratorTest#testSanityChecks
* Started org.apache.commons.math.ode.nonstiff.AdamsMoultonIntegratorTest#polynomial
* Finished org.apache.commons.math.ode.nonstiff.AdamsMoultonIntegratorTest#polynomial
* Started org.apache.commons.math.ode.nonstiff.AdamsMoultonIntegratorTest#dimensionCheck
* Finished org.apache.commons.math.ode.nonstiff.AdamsMoultonIntegratorTest#dimensionCheck
* Started org.apache.commons.math.ode.nonstiff.AdamsMoultonIntegratorTest#testMinStep
* Finished org.apache.commons.math.ode.nonstiff.AdamsMoultonIntegratorTest#testMinStep
* Started org.apache.commons.math.ode.nonstiff.AdamsMoultonIntegratorTest#exceedMaxEvaluations
* Finished org.apache.commons.math.ode.nonstiff.AdamsMoultonIntegratorTest#exceedMaxEvaluations
* Started org.apache.commons.math.ode.nonstiff.AdamsMoultonIntegratorTest#testIncreasingTolerance
* Finished org.apache.commons.math.ode.nonstiff.AdamsMoultonIntegratorTest#testIncreasingTolerance
* Started org.apache.commons.math.ode.nonstiff.AdamsMoultonIntegratorTest#backward
* Finished org.apache.commons.math.ode.nonstiff.AdamsMoultonIntegratorTest#backward
* Started org.apache.commons.math.ode.events.ReappearingEventTest#testGragg
* Finished org.apache.commons.math.ode.events.ReappearingEventTest#testGragg
* Started org.apache.commons.math.ode.events.ReappearingEventTest#testDormandPrince
* Finished org.apache.commons.math.ode.events.ReappearingEventTest#testDormandPrince
* Started org.apache.commons.math.ode.events.EventStateTest#closeEvents
* Finished org.apache.commons.math.ode.events.EventStateTest#closeEvents
* Started org.apache.commons.math.ode.events.EventStateTest#testIssue695
* Finished org.apache.commons.math.ode.events.EventStateTest#testIssue695
* Started org.apache.commons.math.ode.events.OverlappingEventsTest#testOverlappingEvents0
* Finished org.apache.commons.math.ode.events.OverlappingEventsTest#testOverlappingEvents0
* Started org.apache.commons.math.ode.events.OverlappingEventsTest#testOverlappingEvents1
* Finished org.apache.commons.math.ode.events.OverlappingEventsTest#testOverlappingEvents1
* Filtering test cases that do not cover any component
* Sending data to master
* Closing connection with client
* Performing fault localization
* Running Ochiai
* Running Ochiai2
* Running Tarantula
* Running Jaccard
* Running SBI
* Running Kulczynski2
* Running Sorensen-Dice
* Running Anderberg
* Running Simple-matching
* Running Rogers and Tanimoto
* Running Russel and Rao
* Running Dstar
* Running Opt
* Running Barinel
* Running Ideal
* Running Naish1
* Writing coverage matrix to '/fastdata/acp13jcd/GZoltar/Math/39/Math/developer/0/Math-39b-developer.0/matrix'
* Normalizing spectra, coefficient: DSTAR
* Normalizing spectra, coefficient: OPT
* Writing spectra to '/fastdata/acp13jcd/GZoltar/Math/39/Math/developer/0/Math-39b-developer.0/spectra'
* Metrics
* Writing statistics to '/fastdata/acp13jcd/GZoltar/Math/39/Math/developer/0/Math-39b-developer.0/statistics.csv'
* Computation finished

DONE!
