* Checking out Math-40 to /scratch/acp13jcd/run_gzoltar_32120_Math-40
* Compiling Math-40
Running ant (compile)...................................................... OK
Running ant (compile.tests)................................................ OK
* Running GZoltar
   ____ _____     _ _               
  / ___|__  /___ | | |_ __ _ _ __   
 | |  _  / // _ \| | __/ _` | '__| 
 | |_| |/ /| (_) | | || (_| | |     
  \____/____\___/|_|\__\__,_|_| 

[ERROR] /scratch/acp13jcd/run_gzoltar_32120_Math-40/lib/junit-4.8.2.jar does not exist
java.lang.Exception
	at com.gzoltar.lib.master.modes.Diagnose.execute(Unknown Source)
	at com.gzoltar.lib.master.GZoltar.parseCommandLine(Unknown Source)
	at com.gzoltar.lib.master.GZoltar.main(Unknown Source)
* Preparing classpath
* Collecting classes under test
* Collecting test cases
* Performing analysis
* Started org.apache.commons.math.ode.events.EventStateTest#closeEvents
* Finished org.apache.commons.math.ode.events.EventStateTest#closeEvents
* Started org.apache.commons.math.ode.events.EventStateTest#testIssue695
* Finished org.apache.commons.math.ode.events.EventStateTest#testIssue695
* Started org.apache.commons.math.ode.nonstiff.ThreeEighthesIntegratorTest#testDimensionCheck
* Finished org.apache.commons.math.ode.nonstiff.ThreeEighthesIntegratorTest#testDimensionCheck
* Started org.apache.commons.math.ode.nonstiff.ThreeEighthesIntegratorTest#testBackward
* Finished org.apache.commons.math.ode.nonstiff.ThreeEighthesIntegratorTest#testBackward
* Started org.apache.commons.math.ode.nonstiff.ThreeEighthesIntegratorTest#testSmallStep
* Finished org.apache.commons.math.ode.nonstiff.ThreeEighthesIntegratorTest#testSmallStep
* Started org.apache.commons.math.ode.nonstiff.ThreeEighthesIntegratorTest#testDecreasingSteps
* Finished org.apache.commons.math.ode.nonstiff.ThreeEighthesIntegratorTest#testDecreasingSteps
* Started org.apache.commons.math.ode.nonstiff.ThreeEighthesIntegratorTest#testBigStep
* Finished org.apache.commons.math.ode.nonstiff.ThreeEighthesIntegratorTest#testBigStep
* Started org.apache.commons.math.ode.nonstiff.ThreeEighthesIntegratorTest#testKepler
* Finished org.apache.commons.math.ode.nonstiff.ThreeEighthesIntegratorTest#testKepler
* Started org.apache.commons.math.ode.nonstiff.ThreeEighthesIntegratorTest#testStepSize
* Finished org.apache.commons.math.ode.nonstiff.ThreeEighthesIntegratorTest#testStepSize
* Started org.apache.commons.math.ode.nonstiff.GraggBulirschStoerIntegratorTest#testDimensionCheck
* Finished org.apache.commons.math.ode.nonstiff.GraggBulirschStoerIntegratorTest#testDimensionCheck
* Started org.apache.commons.math.ode.nonstiff.GraggBulirschStoerIntegratorTest#testBackward
* Finished org.apache.commons.math.ode.nonstiff.GraggBulirschStoerIntegratorTest#testBackward
* Started org.apache.commons.math.ode.nonstiff.GraggBulirschStoerIntegratorTest#testVariableSteps
* Finished org.apache.commons.math.ode.nonstiff.GraggBulirschStoerIntegratorTest#testVariableSteps
* Started org.apache.commons.math.ode.nonstiff.GraggBulirschStoerIntegratorTest#testIntegratorControls
* Finished org.apache.commons.math.ode.nonstiff.GraggBulirschStoerIntegratorTest#testIntegratorControls
* Started org.apache.commons.math.ode.nonstiff.GraggBulirschStoerIntegratorTest#testMinStep
* Finished org.apache.commons.math.ode.nonstiff.GraggBulirschStoerIntegratorTest#testMinStep
* Started org.apache.commons.math.ode.nonstiff.GraggBulirschStoerIntegratorTest#testUnstableDerivative
* Finished org.apache.commons.math.ode.nonstiff.GraggBulirschStoerIntegratorTest#testUnstableDerivative
* Started org.apache.commons.math.ode.nonstiff.GraggBulirschStoerIntegratorTest#testNullIntervalCheck
* Finished org.apache.commons.math.ode.nonstiff.GraggBulirschStoerIntegratorTest#testNullIntervalCheck
* Started org.apache.commons.math.ode.nonstiff.GraggBulirschStoerIntegratorTest#testEvents
* Finished org.apache.commons.math.ode.nonstiff.GraggBulirschStoerIntegratorTest#testEvents
* Started org.apache.commons.math.ode.nonstiff.GraggBulirschStoerIntegratorTest#testIssue596
* Finished org.apache.commons.math.ode.nonstiff.GraggBulirschStoerIntegratorTest#testIssue596
* Started org.apache.commons.math.ode.nonstiff.GraggBulirschStoerIntegratorTest#testKepler
* Finished org.apache.commons.math.ode.nonstiff.GraggBulirschStoerIntegratorTest#testKepler
* Started org.apache.commons.math.ode.nonstiff.GraggBulirschStoerIntegratorTest#testIncreasingTolerance
* Finished org.apache.commons.math.ode.nonstiff.GraggBulirschStoerIntegratorTest#testIncreasingTolerance
* Started org.apache.commons.math.ode.nonstiff.GillIntegratorTest#testDimensionCheck
* Finished org.apache.commons.math.ode.nonstiff.GillIntegratorTest#testDimensionCheck
* Started org.apache.commons.math.ode.nonstiff.GillIntegratorTest#testBackward
* Finished org.apache.commons.math.ode.nonstiff.GillIntegratorTest#testBackward
* Started org.apache.commons.math.ode.nonstiff.GillIntegratorTest#testSmallStep
* Finished org.apache.commons.math.ode.nonstiff.GillIntegratorTest#testSmallStep
* Started org.apache.commons.math.ode.nonstiff.GillIntegratorTest#testDecreasingSteps
* Finished org.apache.commons.math.ode.nonstiff.GillIntegratorTest#testDecreasingSteps
* Started org.apache.commons.math.ode.nonstiff.GillIntegratorTest#testBigStep
* Finished org.apache.commons.math.ode.nonstiff.GillIntegratorTest#testBigStep
* Started org.apache.commons.math.ode.nonstiff.GillIntegratorTest#testUnstableDerivative
* Finished org.apache.commons.math.ode.nonstiff.GillIntegratorTest#testUnstableDerivative
* Started org.apache.commons.math.ode.nonstiff.GillIntegratorTest#testKepler
* Finished org.apache.commons.math.ode.nonstiff.GillIntegratorTest#testKepler
* Started org.apache.commons.math.ode.nonstiff.GillIntegratorTest#testStepSize
* Finished org.apache.commons.math.ode.nonstiff.GillIntegratorTest#testStepSize
* Started org.apache.commons.math.ode.nonstiff.DormandPrince853IntegratorTest#testDimensionCheck
* Finished org.apache.commons.math.ode.nonstiff.DormandPrince853IntegratorTest#testDimensionCheck
* Started org.apache.commons.math.ode.nonstiff.DormandPrince853IntegratorTest#testBackward
* Finished org.apache.commons.math.ode.nonstiff.DormandPrince853IntegratorTest#testBackward
* Started org.apache.commons.math.ode.nonstiff.DormandPrince853IntegratorTest#testVariableSteps
* Finished org.apache.commons.math.ode.nonstiff.DormandPrince853IntegratorTest#testVariableSteps
* Started org.apache.commons.math.ode.nonstiff.DormandPrince853IntegratorTest#testMissedEndEvent
* Finished org.apache.commons.math.ode.nonstiff.DormandPrince853IntegratorTest#testMissedEndEvent
* Started org.apache.commons.math.ode.nonstiff.DormandPrince853IntegratorTest#testMinStep
* Finished org.apache.commons.math.ode.nonstiff.DormandPrince853IntegratorTest#testMinStep
* Started org.apache.commons.math.ode.nonstiff.DormandPrince853IntegratorTest#testUnstableDerivative
* Finished org.apache.commons.math.ode.nonstiff.DormandPrince853IntegratorTest#testUnstableDerivative
* Started org.apache.commons.math.ode.nonstiff.DormandPrince853IntegratorTest#testNullIntervalCheck
* Finished org.apache.commons.math.ode.nonstiff.DormandPrince853IntegratorTest#testNullIntervalCheck
* Started org.apache.commons.math.ode.nonstiff.DormandPrince853IntegratorTest#testEvents
* Finished org.apache.commons.math.ode.nonstiff.DormandPrince853IntegratorTest#testEvents
* Started org.apache.commons.math.ode.nonstiff.DormandPrince853IntegratorTest#testKepler
* Finished org.apache.commons.math.ode.nonstiff.DormandPrince853IntegratorTest#testKepler
* Started org.apache.commons.math.ode.nonstiff.DormandPrince853IntegratorTest#testIncreasingTolerance
* Finished org.apache.commons.math.ode.nonstiff.DormandPrince853IntegratorTest#testIncreasingTolerance
* Started org.apache.commons.math.ode.nonstiff.EulerIntegratorTest#testDimensionCheck
* Finished org.apache.commons.math.ode.nonstiff.EulerIntegratorTest#testDimensionCheck
* Started org.apache.commons.math.ode.nonstiff.EulerIntegratorTest#testBackward
* Finished org.apache.commons.math.ode.nonstiff.EulerIntegratorTest#testBackward
* Started org.apache.commons.math.ode.nonstiff.EulerIntegratorTest#testSmallStep
* Finished org.apache.commons.math.ode.nonstiff.EulerIntegratorTest#testSmallStep
* Started org.apache.commons.math.ode.nonstiff.EulerIntegratorTest#testDecreasingSteps
* Finished org.apache.commons.math.ode.nonstiff.EulerIntegratorTest#testDecreasingSteps
* Started org.apache.commons.math.ode.nonstiff.EulerIntegratorTest#testBigStep
* Finished org.apache.commons.math.ode.nonstiff.EulerIntegratorTest#testBigStep
* Started org.apache.commons.math.ode.nonstiff.EulerIntegratorTest#testStepSize
* Finished org.apache.commons.math.ode.nonstiff.EulerIntegratorTest#testStepSize
* Started org.apache.commons.math.ode.nonstiff.DormandPrince54IntegratorTest#testSmallLastStep
* Finished org.apache.commons.math.ode.nonstiff.DormandPrince54IntegratorTest#testSmallLastStep
* Started org.apache.commons.math.ode.nonstiff.DormandPrince54IntegratorTest#testDimensionCheck
* Finished org.apache.commons.math.ode.nonstiff.DormandPrince54IntegratorTest#testDimensionCheck
* Started org.apache.commons.math.ode.nonstiff.DormandPrince54IntegratorTest#testBackward
* Finished org.apache.commons.math.ode.nonstiff.DormandPrince54IntegratorTest#testBackward
* Started org.apache.commons.math.ode.nonstiff.DormandPrince54IntegratorTest#testVariableSteps
* Finished org.apache.commons.math.ode.nonstiff.DormandPrince54IntegratorTest#testVariableSteps
* Started org.apache.commons.math.ode.nonstiff.DormandPrince54IntegratorTest#testMinStep
* Finished org.apache.commons.math.ode.nonstiff.DormandPrince54IntegratorTest#testMinStep
* Started org.apache.commons.math.ode.nonstiff.DormandPrince54IntegratorTest#testEvents
* Finished org.apache.commons.math.ode.nonstiff.DormandPrince54IntegratorTest#testEvents
* Started org.apache.commons.math.ode.nonstiff.DormandPrince54IntegratorTest#testKepler
* Finished org.apache.commons.math.ode.nonstiff.DormandPrince54IntegratorTest#testKepler
* Started org.apache.commons.math.ode.nonstiff.DormandPrince54IntegratorTest#testIncreasingTolerance
* Finished org.apache.commons.math.ode.nonstiff.DormandPrince54IntegratorTest#testIncreasingTolerance
* Started org.apache.commons.math.ode.nonstiff.ClassicalRungeKuttaIntegratorTest#testBackward
* Finished org.apache.commons.math.ode.nonstiff.ClassicalRungeKuttaIntegratorTest#testBackward
* Started org.apache.commons.math.ode.nonstiff.ClassicalRungeKuttaIntegratorTest#testMissedEndEvent
* Finished org.apache.commons.math.ode.nonstiff.ClassicalRungeKuttaIntegratorTest#testMissedEndEvent
* Started org.apache.commons.math.ode.nonstiff.ClassicalRungeKuttaIntegratorTest#testSmallStep
* Finished org.apache.commons.math.ode.nonstiff.ClassicalRungeKuttaIntegratorTest#testSmallStep
* Started org.apache.commons.math.ode.nonstiff.ClassicalRungeKuttaIntegratorTest#testDecreasingSteps
* Finished org.apache.commons.math.ode.nonstiff.ClassicalRungeKuttaIntegratorTest#testDecreasingSteps
* Started org.apache.commons.math.ode.nonstiff.ClassicalRungeKuttaIntegratorTest#testBigStep
* Finished org.apache.commons.math.ode.nonstiff.ClassicalRungeKuttaIntegratorTest#testBigStep
* Started org.apache.commons.math.ode.nonstiff.ClassicalRungeKuttaIntegratorTest#testKepler
* Finished org.apache.commons.math.ode.nonstiff.ClassicalRungeKuttaIntegratorTest#testKepler
* Started org.apache.commons.math.ode.nonstiff.ClassicalRungeKuttaIntegratorTest#testSanityChecks
* Finished org.apache.commons.math.ode.nonstiff.ClassicalRungeKuttaIntegratorTest#testSanityChecks
* Started org.apache.commons.math.ode.nonstiff.ClassicalRungeKuttaIntegratorTest#testStepSize
* Finished org.apache.commons.math.ode.nonstiff.ClassicalRungeKuttaIntegratorTest#testStepSize
* Started org.apache.commons.math.ode.nonstiff.MidpointIntegratorTest#testDimensionCheck
* Finished org.apache.commons.math.ode.nonstiff.MidpointIntegratorTest#testDimensionCheck
* Started org.apache.commons.math.ode.nonstiff.MidpointIntegratorTest#testBackward
* Finished org.apache.commons.math.ode.nonstiff.MidpointIntegratorTest#testBackward
* Started org.apache.commons.math.ode.nonstiff.MidpointIntegratorTest#testSmallStep
* Finished org.apache.commons.math.ode.nonstiff.MidpointIntegratorTest#testSmallStep
* Started org.apache.commons.math.ode.nonstiff.MidpointIntegratorTest#testDecreasingSteps
* Finished org.apache.commons.math.ode.nonstiff.MidpointIntegratorTest#testDecreasingSteps
* Started org.apache.commons.math.ode.nonstiff.MidpointIntegratorTest#testBigStep
* Finished org.apache.commons.math.ode.nonstiff.MidpointIntegratorTest#testBigStep
* Started org.apache.commons.math.ode.nonstiff.MidpointIntegratorTest#testStepSize
* Finished org.apache.commons.math.ode.nonstiff.MidpointIntegratorTest#testStepSize
* Started org.apache.commons.math.ode.nonstiff.HighamHall54IntegratorTest#testBackward
* Finished org.apache.commons.math.ode.nonstiff.HighamHall54IntegratorTest#testBackward
* Started org.apache.commons.math.ode.nonstiff.HighamHall54IntegratorTest#testWrongDerivative
* Finished org.apache.commons.math.ode.nonstiff.HighamHall54IntegratorTest#testWrongDerivative
* Started org.apache.commons.math.ode.nonstiff.HighamHall54IntegratorTest#testMinStep
* Finished org.apache.commons.math.ode.nonstiff.HighamHall54IntegratorTest#testMinStep
* Started org.apache.commons.math.ode.nonstiff.HighamHall54IntegratorTest#testEvents
* Finished org.apache.commons.math.ode.nonstiff.HighamHall54IntegratorTest#testEvents
* Started org.apache.commons.math.ode.nonstiff.HighamHall54IntegratorTest#testEventsErrors
* Finished org.apache.commons.math.ode.nonstiff.HighamHall54IntegratorTest#testEventsErrors
* Started org.apache.commons.math.ode.nonstiff.HighamHall54IntegratorTest#testKepler
* Finished org.apache.commons.math.ode.nonstiff.HighamHall54IntegratorTest#testKepler
* Started org.apache.commons.math.ode.nonstiff.HighamHall54IntegratorTest#testIncreasingTolerance
* Finished org.apache.commons.math.ode.nonstiff.HighamHall54IntegratorTest#testIncreasingTolerance
* Started org.apache.commons.math.ode.nonstiff.HighamHall54IntegratorTest#testEventsNoConvergence
* Finished org.apache.commons.math.ode.nonstiff.HighamHall54IntegratorTest#testEventsNoConvergence
* Started org.apache.commons.math.ode.nonstiff.HighamHall54IntegratorTest#testSanityChecks
* Finished org.apache.commons.math.ode.nonstiff.HighamHall54IntegratorTest#testSanityChecks
* Started org.apache.commons.math.analysis.solvers.BracketingNthOrderBrentSolverTest#testFasterThanNewton
* Finished org.apache.commons.math.analysis.solvers.BracketingNthOrderBrentSolverTest#testFasterThanNewton
* Started org.apache.commons.math.analysis.solvers.BracketingNthOrderBrentSolverTest#testConvergenceOnFunctionAccuracy
* Finished org.apache.commons.math.analysis.solvers.BracketingNthOrderBrentSolverTest#testConvergenceOnFunctionAccuracy
* Started org.apache.commons.math.analysis.solvers.BracketingNthOrderBrentSolverTest#testInsufficientOrder1
* Finished org.apache.commons.math.analysis.solvers.BracketingNthOrderBrentSolverTest#testInsufficientOrder1
* Started org.apache.commons.math.analysis.solvers.BracketingNthOrderBrentSolverTest#testInsufficientOrder2
* Finished org.apache.commons.math.analysis.solvers.BracketingNthOrderBrentSolverTest#testInsufficientOrder2
* Started org.apache.commons.math.analysis.solvers.BracketingNthOrderBrentSolverTest#testInsufficientOrder3
* Finished org.apache.commons.math.analysis.solvers.BracketingNthOrderBrentSolverTest#testInsufficientOrder3
* Started org.apache.commons.math.analysis.solvers.BracketingNthOrderBrentSolverTest#testConstructorsOK
* Finished org.apache.commons.math.analysis.solvers.BracketingNthOrderBrentSolverTest#testConstructorsOK
* Started org.apache.commons.math.analysis.solvers.BracketingNthOrderBrentSolverTest#testIssue716
[ERROR] Class not found
java.lang.ClassNotFoundException: META-INF/localization/LocalizedFormats
	at java.lang.ClassLoader.findClass(ClassLoader.java:531)
	at java.lang.ClassLoader.loadClass(ClassLoader.java:425)
	at java.lang.ClassLoader.loadClass(ClassLoader.java:358)
	at com.gzoltar.lib.instrumentation.util.GZoltarClassLoader.loadClass(Unknown Source)
	at java.util.ResourceBundle$Control.newBundle(ResourceBundle.java:2566)
	at java.util.ResourceBundle.loadBundle(ResourceBundle.java:1436)
	at java.util.ResourceBundle.findBundle(ResourceBundle.java:1400)
	at java.util.ResourceBundle.findBundle(ResourceBundle.java:1354)
	at java.util.ResourceBundle.findBundle(ResourceBundle.java:1354)
	at java.util.ResourceBundle.getBundleImpl(ResourceBundle.java:1296)
	at java.util.ResourceBundle.getBundle(ResourceBundle.java:795)
	at org.apache.commons.math.exception.util.LocalizedFormats.getLocalizedString(LocalizedFormats.java:373)
	at org.apache.commons.math.exception.util.ExceptionContext.buildMessage(ExceptionContext.java:177)
	at org.apache.commons.math.exception.util.ExceptionContext.getMessage(ExceptionContext.java:147)
	at org.apache.commons.math.exception.util.ExceptionContext.getMessage(ExceptionContext.java:128)
	at org.apache.commons.math.exception.MathIllegalStateException.getMessage(MathIllegalStateException.java:80)
	at org.junit.runner.notification.Failure.getMessage(Failure.java:82)
	at com.gzoltar.lib.instrumentation.testing.junit.JUnitListener.testFailure(Unknown Source)
	at org.junit.runner.notification.RunNotifier$4.notifyListener(RunNotifier.java:139)
	at org.junit.runner.notification.RunNotifier$SafeNotifier.run(RunNotifier.java:61)
	at org.junit.runner.notification.RunNotifier.fireTestFailures(RunNotifier.java:134)
	at org.junit.runner.notification.RunNotifier.fireTestFailure(RunNotifier.java:128)
	at org.junit.internal.runners.model.EachTestNotifier.addFailure(EachTestNotifier.java:23)
	at org.junit.runners.ParentRunner.runLeaf(ParentRunner.java:275)
	at org.junit.runners.BlockJUnit4ClassRunner.runChild(BlockJUnit4ClassRunner.java:70)
	at org.junit.runners.BlockJUnit4ClassRunner.runChild(BlockJUnit4ClassRunner.java:50)
	at org.junit.runners.ParentRunner$3.run(ParentRunner.java:238)
	at org.junit.runners.ParentRunner$1.schedule(ParentRunner.java:63)
	at org.junit.runners.ParentRunner.runChildren(ParentRunner.java:236)
	at org.junit.runners.ParentRunner.access$000(ParentRunner.java:53)
	at org.junit.runners.ParentRunner$2.evaluate(ParentRunner.java:229)
	at org.junit.runners.ParentRunner.run(ParentRunner.java:309)
	at com.gzoltar.lib.instrumentation.testing.junit.a.call(Unknown Source)
	at java.util.concurrent.FutureTask.run(FutureTask.java:262)
	at java.util.concurrent.ThreadPoolExecutor.runWorker(ThreadPoolExecutor.java:1145)
	at java.util.concurrent.ThreadPoolExecutor$Worker.run(ThreadPoolExecutor.java:615)
	at java.lang.Thread.run(Thread.java:745)
[ERROR] Class not found
java.lang.ClassNotFoundException: META-INF/localization/LocalizedFormats_en
	at java.lang.ClassLoader.findClass(ClassLoader.java:531)
	at java.lang.ClassLoader.loadClass(ClassLoader.java:425)
	at java.lang.ClassLoader.loadClass(ClassLoader.java:358)
	at com.gzoltar.lib.instrumentation.util.GZoltarClassLoader.loadClass(Unknown Source)
	at java.util.ResourceBundle$Control.newBundle(ResourceBundle.java:2566)
	at java.util.ResourceBundle.loadBundle(ResourceBundle.java:1436)
	at java.util.ResourceBundle.findBundle(ResourceBundle.java:1400)
	at java.util.ResourceBundle.findBundle(ResourceBundle.java:1354)
	at java.util.ResourceBundle.getBundleImpl(ResourceBundle.java:1296)
	at java.util.ResourceBundle.getBundle(ResourceBundle.java:795)
	at org.apache.commons.math.exception.util.LocalizedFormats.getLocalizedString(LocalizedFormats.java:373)
	at org.apache.commons.math.exception.util.ExceptionContext.buildMessage(ExceptionContext.java:177)
	at org.apache.commons.math.exception.util.ExceptionContext.getMessage(ExceptionContext.java:147)
	at org.apache.commons.math.exception.util.ExceptionContext.getMessage(ExceptionContext.java:128)
	at org.apache.commons.math.exception.MathIllegalStateException.getMessage(MathIllegalStateException.java:80)
	at org.junit.runner.notification.Failure.getMessage(Failure.java:82)
	at com.gzoltar.lib.instrumentation.testing.junit.JUnitListener.testFailure(Unknown Source)
	at org.junit.runner.notification.RunNotifier$4.notifyListener(RunNotifier.java:139)
	at org.junit.runner.notification.RunNotifier$SafeNotifier.run(RunNotifier.java:61)
	at org.junit.runner.notification.RunNotifier.fireTestFailures(RunNotifier.java:134)
	at org.junit.runner.notification.RunNotifier.fireTestFailure(RunNotifier.java:128)
	at org.junit.internal.runners.model.EachTestNotifier.addFailure(EachTestNotifier.java:23)
	at org.junit.runners.ParentRunner.runLeaf(ParentRunner.java:275)
	at org.junit.runners.BlockJUnit4ClassRunner.runChild(BlockJUnit4ClassRunner.java:70)
	at org.junit.runners.BlockJUnit4ClassRunner.runChild(BlockJUnit4ClassRunner.java:50)
	at org.junit.runners.ParentRunner$3.run(ParentRunner.java:238)
	at org.junit.runners.ParentRunner$1.schedule(ParentRunner.java:63)
	at org.junit.runners.ParentRunner.runChildren(ParentRunner.java:236)
	at org.junit.runners.ParentRunner.access$000(ParentRunner.java:53)
	at org.junit.runners.ParentRunner$2.evaluate(ParentRunner.java:229)
	at org.junit.runners.ParentRunner.run(ParentRunner.java:309)
	at com.gzoltar.lib.instrumentation.testing.junit.a.call(Unknown Source)
	at java.util.concurrent.FutureTask.run(FutureTask.java:262)
	at java.util.concurrent.ThreadPoolExecutor.runWorker(ThreadPoolExecutor.java:1145)
	at java.util.concurrent.ThreadPoolExecutor$Worker.run(ThreadPoolExecutor.java:615)
	at java.lang.Thread.run(Thread.java:745)
[ERROR] Class not found
java.lang.ClassNotFoundException: META-INF/localization/LocalizedFormats_en_US
	at java.lang.ClassLoader.findClass(ClassLoader.java:531)
	at java.lang.ClassLoader.loadClass(ClassLoader.java:425)
	at java.lang.ClassLoader.loadClass(ClassLoader.java:358)
	at com.gzoltar.lib.instrumentation.util.GZoltarClassLoader.loadClass(Unknown Source)
	at java.util.ResourceBundle$Control.newBundle(ResourceBundle.java:2566)
	at java.util.ResourceBundle.loadBundle(ResourceBundle.java:1436)
	at java.util.ResourceBundle.findBundle(ResourceBundle.java:1400)
	at java.util.ResourceBundle.getBundleImpl(ResourceBundle.java:1296)
	at java.util.ResourceBundle.getBundle(ResourceBundle.java:795)
	at org.apache.commons.math.exception.util.LocalizedFormats.getLocalizedString(LocalizedFormats.java:373)
	at org.apache.commons.math.exception.util.ExceptionContext.buildMessage(ExceptionContext.java:177)
	at org.apache.commons.math.exception.util.ExceptionContext.getMessage(ExceptionContext.java:147)
	at org.apache.commons.math.exception.util.ExceptionContext.getMessage(ExceptionContext.java:128)
	at org.apache.commons.math.exception.MathIllegalStateException.getMessage(MathIllegalStateException.java:80)
	at org.junit.runner.notification.Failure.getMessage(Failure.java:82)
	at com.gzoltar.lib.instrumentation.testing.junit.JUnitListener.testFailure(Unknown Source)
	at org.junit.runner.notification.RunNotifier$4.notifyListener(RunNotifier.java:139)
	at org.junit.runner.notification.RunNotifier$SafeNotifier.run(RunNotifier.java:61)
	at org.junit.runner.notification.RunNotifier.fireTestFailures(RunNotifier.java:134)
	at org.junit.runner.notification.RunNotifier.fireTestFailure(RunNotifier.java:128)
	at org.junit.internal.runners.model.EachTestNotifier.addFailure(EachTestNotifier.java:23)
	at org.junit.runners.ParentRunner.runLeaf(ParentRunner.java:275)
	at org.junit.runners.BlockJUnit4ClassRunner.runChild(BlockJUnit4ClassRunner.java:70)
	at org.junit.runners.BlockJUnit4ClassRunner.runChild(BlockJUnit4ClassRunner.java:50)
	at org.junit.runners.ParentRunner$3.run(ParentRunner.java:238)
	at org.junit.runners.ParentRunner$1.schedule(ParentRunner.java:63)
	at org.junit.runners.ParentRunner.runChildren(ParentRunner.java:236)
	at org.junit.runners.ParentRunner.access$000(ParentRunner.java:53)
	at org.junit.runners.ParentRunner$2.evaluate(ParentRunner.java:229)
	at org.junit.runners.ParentRunner.run(ParentRunner.java:309)
	at com.gzoltar.lib.instrumentation.testing.junit.a.call(Unknown Source)
	at java.util.concurrent.FutureTask.run(FutureTask.java:262)
	at java.util.concurrent.ThreadPoolExecutor.runWorker(ThreadPoolExecutor.java:1145)
	at java.util.concurrent.ThreadPoolExecutor$Worker.run(ThreadPoolExecutor.java:615)
	at java.lang.Thread.run(Thread.java:745)
* Failure: illegal state: maximal count (100) exceeded: evaluations | testIssue716(org.apache.commons.math.analysis.solvers.BracketingNthOrderBrentSolverTest)
org.apache.commons.math.exception.TooManyEvaluationsException: illegal state: maximal count (100) exceeded: evaluations
	at org.apache.commons.math.analysis.solvers.BaseAbstractUnivariateRealSolver.incrementEvaluationCount(BaseAbstractUnivariateRealSolver.java:296)
	at org.apache.commons.math.analysis.solvers.BaseAbstractUnivariateRealSolver.computeObjectiveValue(BaseAbstractUnivariateRealSolver.java:153)
	at org.apache.commons.math.analysis.solvers.BracketingNthOrderBrentSolver.doSolve(BracketingNthOrderBrentSolver.java:283)
	at org.apache.commons.math.analysis.solvers.BaseAbstractUnivariateRealSolver.solve(BaseAbstractUnivariateRealSolver.java:190)
	at org.apache.commons.math.analysis.solvers.BracketingNthOrderBrentSolver.solve(BracketingNthOrderBrentSolver.java:394)
	at org.apache.commons.math.analysis.solvers.BracketingNthOrderBrentSolverTest.testIssue716(BracketingNthOrderBrentSolverTest.java:93)
	at sun.reflect.NativeMethodAccessorImpl.invoke0(Native Method)
	at sun.reflect.NativeMethodAccessorImpl.invoke(NativeMethodAccessorImpl.java:57)
	at sun.reflect.DelegatingMethodAccessorImpl.invoke(DelegatingMethodAccessorImpl.java:43)
	at java.lang.reflect.Method.invoke(Method.java:606)
	at org.junit.runners.model.FrameworkMethod$1.runReflectiveCall(FrameworkMethod.java:47)
	at org.junit.internal.runners.model.ReflectiveCallable.run(ReflectiveCallable.java:12)
	at org.junit.runners.model.FrameworkMethod.invokeExplosively(FrameworkMethod.java:44)
	at org.junit.internal.runners.statements.InvokeMethod.evaluate(InvokeMethod.java:17)
	at org.junit.runners.ParentRunner.runLeaf(ParentRunner.java:271)
	at org.junit.runners.BlockJUnit4ClassRunner.runChild(BlockJUnit4ClassRunner.java:70)
	at org.junit.runners.BlockJUnit4ClassRunner.runChild(BlockJUnit4ClassRunner.java:50)
	at org.junit.runners.ParentRunner$3.run(ParentRunner.java:238)
	at org.junit.runners.ParentRunner$1.schedule(ParentRunner.java:63)
	at org.junit.runners.ParentRunner.runChildren(ParentRunner.java:236)
	at org.junit.runners.ParentRunner.access$000(ParentRunner.java:53)
	at org.junit.runners.ParentRunner$2.evaluate(ParentRunner.java:229)
	at org.junit.runners.ParentRunner.run(ParentRunner.java:309)
	at com.gzoltar.lib.instrumentation.testing.junit.a.call(Unknown Source)
	at java.util.concurrent.FutureTask.run(FutureTask.java:262)
	at java.util.concurrent.ThreadPoolExecutor.runWorker(ThreadPoolExecutor.java:1145)
	at java.util.concurrent.ThreadPoolExecutor$Worker.run(ThreadPoolExecutor.java:615)
	at java.lang.Thread.run(Thread.java:745)

* Finished org.apache.commons.math.analysis.solvers.BracketingNthOrderBrentSolverTest#testIssue716
* Started org.apache.commons.math.analysis.solvers.BracketingNthOrderBrentSolverTest#testSolutionRightSide
* Finished org.apache.commons.math.analysis.solvers.BracketingNthOrderBrentSolverTest#testSolutionRightSide
* Started org.apache.commons.math.analysis.solvers.BracketingNthOrderBrentSolverTest#testSolutionAboveSide
* Finished org.apache.commons.math.analysis.solvers.BracketingNthOrderBrentSolverTest#testSolutionAboveSide
* Started org.apache.commons.math.analysis.solvers.BracketingNthOrderBrentSolverTest#testSolutionBelowSide
* Finished org.apache.commons.math.analysis.solvers.BracketingNthOrderBrentSolverTest#testSolutionBelowSide
* Started org.apache.commons.math.analysis.solvers.BracketingNthOrderBrentSolverTest#testSolutionLeftSide
* Finished org.apache.commons.math.analysis.solvers.BracketingNthOrderBrentSolverTest#testSolutionLeftSide
* Started org.apache.commons.math.analysis.solvers.BracketingNthOrderBrentSolverTest#testBadEndpoints
* Finished org.apache.commons.math.analysis.solvers.BracketingNthOrderBrentSolverTest#testBadEndpoints
* Started org.apache.commons.math.analysis.solvers.BracketingNthOrderBrentSolverTest#testRootEndpoints
* Finished org.apache.commons.math.analysis.solvers.BracketingNthOrderBrentSolverTest#testRootEndpoints
* Started org.apache.commons.math.analysis.solvers.BracketingNthOrderBrentSolverTest#testQuinticZero
* Finished org.apache.commons.math.analysis.solvers.BracketingNthOrderBrentSolverTest#testQuinticZero
* Started org.apache.commons.math.analysis.solvers.BracketingNthOrderBrentSolverTest#testSinZero
* Finished org.apache.commons.math.analysis.solvers.BracketingNthOrderBrentSolverTest#testSinZero
* Filtering test cases that do not cover any component
* Sending data to master
* Closing connection with client
* Performing fault localization
* Running Ochiai
* Running Ochiai2
* Running Tarantula
* Running Jaccard
* Running SBI
* Running Kulczynski2
* Running Sorensen-Dice
* Running Anderberg
* Running Simple-matching
* Running Rogers and Tanimoto
* Running Russel and Rao
* Running Dstar
* Running Opt
* Running Barinel
* Running Ideal
* Running Naish1
* Writing coverage matrix to '/fastdata/acp13jcd/GZoltar/Math/40/Math/developer/0/Math-40b-developer.0/matrix'
* Normalizing spectra, coefficient: DSTAR
* Normalizing spectra, coefficient: OPT
* Writing spectra to '/fastdata/acp13jcd/GZoltar/Math/40/Math/developer/0/Math-40b-developer.0/spectra'
* Metrics
* Writing statistics to '/fastdata/acp13jcd/GZoltar/Math/40/Math/developer/0/Math-40b-developer.0/statistics.csv'
* Computation finished

DONE!
