* Checking out Math-52 to /scratch/acp13jcd/run_gzoltar_75624_Math-52
* Compiling Math-52
Running ant (compile)...................................................... OK
Running ant (compile.tests)................................................ OK
* Running GZoltar
   ____ _____     _ _               
  / ___|__  /___ | | |_ __ _ _ __   
 | |  _  / // _ \| | __/ _` | '__| 
 | |_| |/ /| (_) | | || (_| | |     
  \____/____\___/|_|\__\__,_|_| 

[ERROR] /scratch/acp13jcd/run_gzoltar_75624_Math-52/lib/junit-4.8.2.jar does not exist
java.lang.Exception
	at com.gzoltar.lib.master.modes.Diagnose.execute(Unknown Source)
	at com.gzoltar.lib.master.GZoltar.parseCommandLine(Unknown Source)
	at com.gzoltar.lib.master.GZoltar.main(Unknown Source)
* Preparing classpath
* Collecting classes under test
* Collecting test cases
* Performing analysis
* Started org.apache.commons.math.geometry.euclidean.threed.RotationTest#testAxisAngle
* Finished org.apache.commons.math.geometry.euclidean.threed.RotationTest#testAxisAngle
* Started org.apache.commons.math.geometry.euclidean.threed.RotationTest#testVectorTwoPairs
* Finished org.apache.commons.math.geometry.euclidean.threed.RotationTest#testVectorTwoPairs
* Started org.apache.commons.math.geometry.euclidean.threed.RotationTest#testCompose
* Finished org.apache.commons.math.geometry.euclidean.threed.RotationTest#testCompose
* Started org.apache.commons.math.geometry.euclidean.threed.RotationTest#testIdentity
* Finished org.apache.commons.math.geometry.euclidean.threed.RotationTest#testIdentity
* Started org.apache.commons.math.geometry.euclidean.threed.RotationTest#testComposeInverse
* Finished org.apache.commons.math.geometry.euclidean.threed.RotationTest#testComposeInverse
* Started org.apache.commons.math.geometry.euclidean.threed.RotationTest#testApplyInverseTo
* Finished org.apache.commons.math.geometry.euclidean.threed.RotationTest#testApplyInverseTo
* Started org.apache.commons.math.geometry.euclidean.threed.RotationTest#testAngles
* Finished org.apache.commons.math.geometry.euclidean.threed.RotationTest#testAngles
* Started org.apache.commons.math.geometry.euclidean.threed.RotationTest#testVectorOnePair
* Finished org.apache.commons.math.geometry.euclidean.threed.RotationTest#testVectorOnePair
* Started org.apache.commons.math.geometry.euclidean.threed.RotationTest#testIssue639
* Failure: expected:<0.6228370359608201> but was:<NaN> | testIssue639(org.apache.commons.math.geometry.euclidean.threed.RotationTest)
java.lang.AssertionError: expected:<0.6228370359608201> but was:<NaN>
	at org.junit.Assert.fail(Assert.java:88)
	at org.junit.Assert.failNotEquals(Assert.java:743)
	at org.junit.Assert.assertEquals(Assert.java:494)
	at org.junit.Assert.assertEquals(Assert.java:592)
	at org.apache.commons.math.geometry.euclidean.threed.RotationTest.testIssue639(RotationTest.java:488)
	at sun.reflect.NativeMethodAccessorImpl.invoke0(Native Method)
	at sun.reflect.NativeMethodAccessorImpl.invoke(NativeMethodAccessorImpl.java:57)
	at sun.reflect.DelegatingMethodAccessorImpl.invoke(DelegatingMethodAccessorImpl.java:43)
	at java.lang.reflect.Method.invoke(Method.java:606)
	at org.junit.runners.model.FrameworkMethod$1.runReflectiveCall(FrameworkMethod.java:47)
	at org.junit.internal.runners.model.ReflectiveCallable.run(ReflectiveCallable.java:12)
	at org.junit.runners.model.FrameworkMethod.invokeExplosively(FrameworkMethod.java:44)
	at org.junit.internal.runners.statements.InvokeMethod.evaluate(InvokeMethod.java:17)
	at org.junit.runners.ParentRunner.runLeaf(ParentRunner.java:271)
	at org.junit.runners.BlockJUnit4ClassRunner.runChild(BlockJUnit4ClassRunner.java:70)
	at org.junit.runners.BlockJUnit4ClassRunner.runChild(BlockJUnit4ClassRunner.java:50)
	at org.junit.runners.ParentRunner$3.run(ParentRunner.java:238)
	at org.junit.runners.ParentRunner$1.schedule(ParentRunner.java:63)
	at org.junit.runners.ParentRunner.runChildren(ParentRunner.java:236)
	at org.junit.runners.ParentRunner.access$000(ParentRunner.java:53)
	at org.junit.runners.ParentRunner$2.evaluate(ParentRunner.java:229)
	at org.junit.runners.ParentRunner.run(ParentRunner.java:309)
	at com.gzoltar.lib.instrumentation.testing.junit.a.call(Unknown Source)
	at java.util.concurrent.FutureTask.run(FutureTask.java:262)
	at java.util.concurrent.ThreadPoolExecutor.runWorker(ThreadPoolExecutor.java:1145)
	at java.util.concurrent.ThreadPoolExecutor$Worker.run(ThreadPoolExecutor.java:615)
	at java.lang.Thread.run(Thread.java:745)

* Finished org.apache.commons.math.geometry.euclidean.threed.RotationTest#testIssue639
* Started org.apache.commons.math.geometry.euclidean.threed.RotationTest#testMatrix
* Finished org.apache.commons.math.geometry.euclidean.threed.RotationTest#testMatrix
* Started org.apache.commons.math.geometry.euclidean.threed.RotationTest#testRevert
* Finished org.apache.commons.math.geometry.euclidean.threed.RotationTest#testRevert
* Started org.apache.commons.math.geometry.euclidean.threed.RotationTest#testSingularities
* Finished org.apache.commons.math.geometry.euclidean.threed.RotationTest#testSingularities
* Started org.apache.commons.math.geometry.euclidean.threed.RotationTest#testQuaternion
* Finished org.apache.commons.math.geometry.euclidean.threed.RotationTest#testQuaternion
* Started org.apache.commons.math.geometry.euclidean.threed.PlaneTest#testIntersection2
* Finished org.apache.commons.math.geometry.euclidean.threed.PlaneTest#testIntersection2
* Started org.apache.commons.math.geometry.euclidean.threed.PlaneTest#testIntersection3
* Finished org.apache.commons.math.geometry.euclidean.threed.PlaneTest#testIntersection3
* Started org.apache.commons.math.geometry.euclidean.threed.PlaneTest#testPoint
* Finished org.apache.commons.math.geometry.euclidean.threed.PlaneTest#testPoint
* Started org.apache.commons.math.geometry.euclidean.threed.PlaneTest#testThreePoints
* Finished org.apache.commons.math.geometry.euclidean.threed.PlaneTest#testThreePoints
* Started org.apache.commons.math.geometry.euclidean.threed.PlaneTest#testContains
* Finished org.apache.commons.math.geometry.euclidean.threed.PlaneTest#testContains
* Started org.apache.commons.math.geometry.euclidean.threed.PlaneTest#testIntersection
* Finished org.apache.commons.math.geometry.euclidean.threed.PlaneTest#testIntersection
* Started org.apache.commons.math.geometry.euclidean.threed.PlaneTest#testOffset
* Finished org.apache.commons.math.geometry.euclidean.threed.PlaneTest#testOffset
* Started org.apache.commons.math.geometry.euclidean.threed.PlaneTest#testRotate
* Finished org.apache.commons.math.geometry.euclidean.threed.PlaneTest#testRotate
* Started org.apache.commons.math.geometry.euclidean.threed.PlaneTest#testSimilar
* Finished org.apache.commons.math.geometry.euclidean.threed.PlaneTest#testSimilar
* Started org.apache.commons.math.geometry.euclidean.threed.PlaneTest#testTranslate
* Finished org.apache.commons.math.geometry.euclidean.threed.PlaneTest#testTranslate
* Started org.apache.commons.math.geometry.euclidean.threed.PolyhedronsSetTest#testBox
* Finished org.apache.commons.math.geometry.euclidean.threed.PolyhedronsSetTest#testBox
* Started org.apache.commons.math.geometry.euclidean.threed.PolyhedronsSetTest#testCross
* Finished org.apache.commons.math.geometry.euclidean.threed.PolyhedronsSetTest#testCross
* Started org.apache.commons.math.geometry.euclidean.threed.PolyhedronsSetTest#testBuildBox
* Finished org.apache.commons.math.geometry.euclidean.threed.PolyhedronsSetTest#testBuildBox
* Started org.apache.commons.math.geometry.euclidean.threed.PolyhedronsSetTest#testTetrahedron
* Finished org.apache.commons.math.geometry.euclidean.threed.PolyhedronsSetTest#testTetrahedron
* Started org.apache.commons.math.geometry.euclidean.threed.PolyhedronsSetTest#testIsometry
* Finished org.apache.commons.math.geometry.euclidean.threed.PolyhedronsSetTest#testIsometry
* Filtering test cases that do not cover any component
* Sending data to master
* Closing connection with client
* Performing fault localization
* Running Ochiai
* Running Ochiai2
* Running Tarantula
* Running Jaccard
* Running SBI
* Running Kulczynski2
* Running Sorensen-Dice
* Running Anderberg
* Running Simple-matching
* Running Rogers and Tanimoto
* Running Russel and Rao
* Running Dstar
* Running Opt
* Running Barinel
* Running Ideal
* Running Naish1
* Writing coverage matrix to '/fastdata/acp13jcd/GZoltar/Math/52/Math/developer/0/Math-52b-developer.0/matrix'
* Normalizing spectra, coefficient: DSTAR
* Normalizing spectra, coefficient: OPT
* Writing spectra to '/fastdata/acp13jcd/GZoltar/Math/52/Math/developer/0/Math-52b-developer.0/spectra'
* Metrics
* Writing statistics to '/fastdata/acp13jcd/GZoltar/Math/52/Math/developer/0/Math-52b-developer.0/statistics.csv'
* Computation finished

DONE!
