* Checking out Math-76 to /scratch/acp13jcd/run_gzoltar_34974_Math-76
* Compiling Math-76
Running ant (compile)...................................................... OK
Running ant (compile.tests)................................................ OK
* Running GZoltar
   ____ _____     _ _               
  / ___|__  /___ | | |_ __ _ _ __   
 | |  _  / // _ \| | __/ _` | '__| 
 | |_| |/ /| (_) | | || (_| | |     
  \____/____\___/|_|\__\__,_|_| 

[ERROR] /scratch/acp13jcd/run_gzoltar_34974_Math-76/lib/junit-4.4.jar does not exist
java.lang.Exception
	at com.gzoltar.lib.master.modes.Diagnose.execute(Unknown Source)
	at com.gzoltar.lib.master.GZoltar.parseCommandLine(Unknown Source)
	at com.gzoltar.lib.master.GZoltar.main(Unknown Source)
* Preparing classpath
* Collecting classes under test
* Collecting test cases
* Performing analysis
* Started org.apache.commons.math.linear.SingularValueDecompositionImplTest#testUOrthogonal
* Finished org.apache.commons.math.linear.SingularValueDecompositionImplTest#testUOrthogonal
* Started org.apache.commons.math.linear.SingularValueDecompositionImplTest#testMoreColumns
* Finished org.apache.commons.math.linear.SingularValueDecompositionImplTest#testMoreColumns
* Started org.apache.commons.math.linear.SingularValueDecompositionImplTest#testDimensions
* Finished org.apache.commons.math.linear.SingularValueDecompositionImplTest#testDimensions
* Started org.apache.commons.math.linear.SingularValueDecompositionImplTest#testConditionNumber
* Finished org.apache.commons.math.linear.SingularValueDecompositionImplTest#testConditionNumber
* Started org.apache.commons.math.linear.SingularValueDecompositionImplTest#testAEqualUSVt
* Finished org.apache.commons.math.linear.SingularValueDecompositionImplTest#testAEqualUSVt
* Started org.apache.commons.math.linear.SingularValueDecompositionImplTest#testHadamard
* Finished org.apache.commons.math.linear.SingularValueDecompositionImplTest#testHadamard
* Started org.apache.commons.math.linear.SingularValueDecompositionImplTest#testMoreRows
* Finished org.apache.commons.math.linear.SingularValueDecompositionImplTest#testMoreRows
* Started org.apache.commons.math.linear.SingularValueDecompositionImplTest#testVOrthogonal
* Finished org.apache.commons.math.linear.SingularValueDecompositionImplTest#testVOrthogonal
* Started org.apache.commons.math.linear.SingularValueDecompositionImplTest#testMatricesValues1
* Finished org.apache.commons.math.linear.SingularValueDecompositionImplTest#testMatricesValues1
* Started org.apache.commons.math.linear.SingularValueDecompositionImplTest#testMatricesValues2
* Finished org.apache.commons.math.linear.SingularValueDecompositionImplTest#testMatricesValues2
* Started org.apache.commons.math.linear.SingularValueSolverTest#testTruncated
* Finished org.apache.commons.math.linear.SingularValueSolverTest#testTruncated
* Started org.apache.commons.math.linear.SingularValueSolverTest#testSolve
* Finished org.apache.commons.math.linear.SingularValueSolverTest#testSolve
* Started org.apache.commons.math.linear.SingularValueSolverTest#testSolveDimensionErrors
* Finished org.apache.commons.math.linear.SingularValueSolverTest#testSolveDimensionErrors
* Started org.apache.commons.math.linear.SingularValueSolverTest#testConditionNumber
* Finished org.apache.commons.math.linear.SingularValueSolverTest#testConditionNumber
* Started org.apache.commons.math.linear.SingularValueSolverTest#testLeastSquareSolve
* Finished org.apache.commons.math.linear.SingularValueSolverTest#testLeastSquareSolve
* Started org.apache.commons.math.linear.SingularValueSolverTest#testMath320A
* Failure: expected:<0.0> but was:<0.09336767546650937> | testMath320A(org.apache.commons.math.linear.SingularValueSolverTest)
java.lang.AssertionError: expected:<0.0> but was:<0.09336767546650937>
	at org.junit.Assert.fail(Assert.java:88)
	at org.junit.Assert.failNotEquals(Assert.java:743)
	at org.junit.Assert.assertEquals(Assert.java:494)
	at org.junit.Assert.assertEquals(Assert.java:592)
	at org.apache.commons.math.linear.SingularValueSolverTest.testMath320A(SingularValueSolverTest.java:188)
	at sun.reflect.NativeMethodAccessorImpl.invoke0(Native Method)
	at sun.reflect.NativeMethodAccessorImpl.invoke(NativeMethodAccessorImpl.java:57)
	at sun.reflect.DelegatingMethodAccessorImpl.invoke(DelegatingMethodAccessorImpl.java:43)
	at java.lang.reflect.Method.invoke(Method.java:606)
	at org.junit.runners.model.FrameworkMethod$1.runReflectiveCall(FrameworkMethod.java:47)
	at org.junit.internal.runners.model.ReflectiveCallable.run(ReflectiveCallable.java:12)
	at org.junit.runners.model.FrameworkMethod.invokeExplosively(FrameworkMethod.java:44)
	at org.junit.internal.runners.statements.InvokeMethod.evaluate(InvokeMethod.java:17)
	at org.junit.runners.ParentRunner.runLeaf(ParentRunner.java:271)
	at org.junit.runners.BlockJUnit4ClassRunner.runChild(BlockJUnit4ClassRunner.java:70)
	at org.junit.runners.BlockJUnit4ClassRunner.runChild(BlockJUnit4ClassRunner.java:50)
	at org.junit.runners.ParentRunner$3.run(ParentRunner.java:238)
	at org.junit.runners.ParentRunner$1.schedule(ParentRunner.java:63)
	at org.junit.runners.ParentRunner.runChildren(ParentRunner.java:236)
	at org.junit.runners.ParentRunner.access$000(ParentRunner.java:53)
	at org.junit.runners.ParentRunner$2.evaluate(ParentRunner.java:229)
	at org.junit.runners.ParentRunner.run(ParentRunner.java:309)
	at com.gzoltar.lib.instrumentation.testing.junit.a.call(Unknown Source)
	at java.util.concurrent.FutureTask.run(FutureTask.java:262)
	at java.util.concurrent.ThreadPoolExecutor.runWorker(ThreadPoolExecutor.java:1145)
	at java.util.concurrent.ThreadPoolExecutor$Worker.run(ThreadPoolExecutor.java:615)
	at java.lang.Thread.run(Thread.java:745)

* Finished org.apache.commons.math.linear.SingularValueSolverTest#testMath320A
* Started org.apache.commons.math.linear.SingularValueSolverTest#testMath320B
* Failure: expected:<0.0> but was:<3.2> | testMath320B(org.apache.commons.math.linear.SingularValueSolverTest)
java.lang.AssertionError: expected:<0.0> but was:<3.2>
	at org.junit.Assert.fail(Assert.java:88)
	at org.junit.Assert.failNotEquals(Assert.java:743)
	at org.junit.Assert.assertEquals(Assert.java:494)
	at org.junit.Assert.assertEquals(Assert.java:592)
	at org.apache.commons.math.linear.SingularValueSolverTest.testMath320B(SingularValueSolverTest.java:219)
	at sun.reflect.NativeMethodAccessorImpl.invoke0(Native Method)
	at sun.reflect.NativeMethodAccessorImpl.invoke(NativeMethodAccessorImpl.java:57)
	at sun.reflect.DelegatingMethodAccessorImpl.invoke(DelegatingMethodAccessorImpl.java:43)
	at java.lang.reflect.Method.invoke(Method.java:606)
	at org.junit.runners.model.FrameworkMethod$1.runReflectiveCall(FrameworkMethod.java:47)
	at org.junit.internal.runners.model.ReflectiveCallable.run(ReflectiveCallable.java:12)
	at org.junit.runners.model.FrameworkMethod.invokeExplosively(FrameworkMethod.java:44)
	at org.junit.internal.runners.statements.InvokeMethod.evaluate(InvokeMethod.java:17)
	at org.junit.runners.ParentRunner.runLeaf(ParentRunner.java:271)
	at org.junit.runners.BlockJUnit4ClassRunner.runChild(BlockJUnit4ClassRunner.java:70)
	at org.junit.runners.BlockJUnit4ClassRunner.runChild(BlockJUnit4ClassRunner.java:50)
	at org.junit.runners.ParentRunner$3.run(ParentRunner.java:238)
	at org.junit.runners.ParentRunner$1.schedule(ParentRunner.java:63)
	at org.junit.runners.ParentRunner.runChildren(ParentRunner.java:236)
	at org.junit.runners.ParentRunner.access$000(ParentRunner.java:53)
	at org.junit.runners.ParentRunner$2.evaluate(ParentRunner.java:229)
	at org.junit.runners.ParentRunner.run(ParentRunner.java:309)
	at com.gzoltar.lib.instrumentation.testing.junit.a.call(Unknown Source)
	at java.util.concurrent.FutureTask.run(FutureTask.java:262)
	at java.util.concurrent.ThreadPoolExecutor.runWorker(ThreadPoolExecutor.java:1145)
	at java.util.concurrent.ThreadPoolExecutor$Worker.run(ThreadPoolExecutor.java:615)
	at java.lang.Thread.run(Thread.java:745)

* Finished org.apache.commons.math.linear.SingularValueSolverTest#testMath320B
* Filtering test cases that do not cover any component
* Sending data to master
* Closing connection with client
* Performing fault localization
* Running Ochiai
* Running Ochiai2
* Running Tarantula
* Running Jaccard
* Running SBI
* Running Kulczynski2
* Running Sorensen-Dice
* Running Anderberg
* Running Simple-matching
* Running Rogers and Tanimoto
* Running Russel and Rao
* Running Dstar
* Running Opt
* Running Barinel
* Running Ideal
* Running Naish1
* Writing coverage matrix to '/fastdata/acp13jcd/GZoltar/Math/76/Math/developer/0/Math-76b-developer.0/matrix'
* Normalizing spectra, coefficient: DSTAR
* Normalizing spectra, coefficient: OPT
* Writing spectra to '/fastdata/acp13jcd/GZoltar/Math/76/Math/developer/0/Math-76b-developer.0/spectra'
* Metrics
* Writing statistics to '/fastdata/acp13jcd/GZoltar/Math/76/Math/developer/0/Math-76b-developer.0/statistics.csv'
* Computation finished

DONE!
