* Checking out Math-43 to /scratch/acp13jcd/run_gzoltar_82607_Math-43
* Compiling Math-43
Running ant (compile)...................................................... OK
Running ant (compile.tests)................................................ OK
* Running GZoltar
   ____ _____     _ _               
  / ___|__  /___ | | |_ __ _ _ __   
 | |  _  / // _ \| | __/ _` | '__| 
 | |_| |/ /| (_) | | || (_| | |     
  \____/____\___/|_|\__\__,_|_| 

[ERROR] /scratch/acp13jcd/run_gzoltar_82607_Math-43/lib/junit-4.8.2.jar does not exist
java.lang.Exception
	at com.gzoltar.lib.master.modes.Diagnose.execute(Unknown Source)
	at com.gzoltar.lib.master.GZoltar.parseCommandLine(Unknown Source)
	at com.gzoltar.lib.master.GZoltar.main(Unknown Source)
* Preparing classpath
* Collecting classes under test
* Collecting test cases
* Performing analysis
* Started org.apache.commons.math.ode.JacobianMatricesTest#testLowAccuracyExternalDifferentiation
* Finished org.apache.commons.math.ode.JacobianMatricesTest#testLowAccuracyExternalDifferentiation
* Started org.apache.commons.math.ode.JacobianMatricesTest#testHighAccuracyExternalDifferentiation
* Finished org.apache.commons.math.ode.JacobianMatricesTest#testHighAccuracyExternalDifferentiation
* Started org.apache.commons.math.ode.JacobianMatricesTest#testAnalyticalDifferentiation
* Finished org.apache.commons.math.ode.JacobianMatricesTest#testAnalyticalDifferentiation
* Started org.apache.commons.math.ode.JacobianMatricesTest#testInternalDifferentiation
* Finished org.apache.commons.math.ode.JacobianMatricesTest#testInternalDifferentiation
* Started org.apache.commons.math.ode.JacobianMatricesTest#testParameterizable
* Finished org.apache.commons.math.ode.JacobianMatricesTest#testParameterizable
* Started org.apache.commons.math.ode.JacobianMatricesTest#testFinalResult
* Finished org.apache.commons.math.ode.JacobianMatricesTest#testFinalResult
* Started org.apache.commons.math.stat.descriptive.SummaryStatisticsTest#testProductAndGeometricMean
* Finished org.apache.commons.math.stat.descriptive.SummaryStatisticsTest#testProductAndGeometricMean
* Started org.apache.commons.math.stat.descriptive.SummaryStatisticsTest#testGetSummary
* Finished org.apache.commons.math.stat.descriptive.SummaryStatisticsTest#testGetSummary
* Started org.apache.commons.math.stat.descriptive.SummaryStatisticsTest#testSerialization
* Finished org.apache.commons.math.stat.descriptive.SummaryStatisticsTest#testSerialization
* Started org.apache.commons.math.stat.descriptive.SummaryStatisticsTest#testStats
* Finished org.apache.commons.math.stat.descriptive.SummaryStatisticsTest#testStats
* Started org.apache.commons.math.stat.descriptive.SummaryStatisticsTest#testCopy
* Finished org.apache.commons.math.stat.descriptive.SummaryStatisticsTest#testCopy
* Started org.apache.commons.math.stat.descriptive.SummaryStatisticsTest#testNaNContracts
* Finished org.apache.commons.math.stat.descriptive.SummaryStatisticsTest#testNaNContracts
* Started org.apache.commons.math.stat.descriptive.SummaryStatisticsTest#testN0andN1Conditions
* Finished org.apache.commons.math.stat.descriptive.SummaryStatisticsTest#testN0andN1Conditions
* Started org.apache.commons.math.stat.descriptive.SummaryStatisticsTest#testOverrideMeanWithMathClass
* Failure: expected:<2.5> but was:<NaN> | testOverrideMeanWithMathClass(org.apache.commons.math.stat.descriptive.SummaryStatisticsTest)
java.lang.AssertionError: expected:<2.5> but was:<NaN>
	at org.junit.Assert.fail(Assert.java:88)
	at org.junit.Assert.failNotEquals(Assert.java:743)
	at org.junit.Assert.assertEquals(Assert.java:494)
	at org.junit.Assert.assertEquals(Assert.java:592)
	at org.apache.commons.math.stat.descriptive.SummaryStatisticsTest.testOverrideMeanWithMathClass(SummaryStatisticsTest.java:335)
	at sun.reflect.NativeMethodAccessorImpl.invoke0(Native Method)
	at sun.reflect.NativeMethodAccessorImpl.invoke(NativeMethodAccessorImpl.java:57)
	at sun.reflect.DelegatingMethodAccessorImpl.invoke(DelegatingMethodAccessorImpl.java:43)
	at java.lang.reflect.Method.invoke(Method.java:606)
	at org.junit.runners.model.FrameworkMethod$1.runReflectiveCall(FrameworkMethod.java:47)
	at org.junit.internal.runners.model.ReflectiveCallable.run(ReflectiveCallable.java:12)
	at org.junit.runners.model.FrameworkMethod.invokeExplosively(FrameworkMethod.java:44)
	at org.junit.internal.runners.statements.InvokeMethod.evaluate(InvokeMethod.java:17)
	at org.junit.runners.ParentRunner.runLeaf(ParentRunner.java:271)
	at org.junit.runners.BlockJUnit4ClassRunner.runChild(BlockJUnit4ClassRunner.java:70)
	at org.junit.runners.BlockJUnit4ClassRunner.runChild(BlockJUnit4ClassRunner.java:50)
	at org.junit.runners.ParentRunner$3.run(ParentRunner.java:238)
	at org.junit.runners.ParentRunner$1.schedule(ParentRunner.java:63)
	at org.junit.runners.ParentRunner.runChildren(ParentRunner.java:236)
	at org.junit.runners.ParentRunner.access$000(ParentRunner.java:53)
	at org.junit.runners.ParentRunner$2.evaluate(ParentRunner.java:229)
	at org.junit.runners.ParentRunner.run(ParentRunner.java:309)
	at com.gzoltar.lib.instrumentation.testing.junit.a.call(Unknown Source)
	at java.util.concurrent.FutureTask.run(FutureTask.java:262)
	at java.util.concurrent.ThreadPoolExecutor.runWorker(ThreadPoolExecutor.java:1145)
	at java.util.concurrent.ThreadPoolExecutor$Worker.run(ThreadPoolExecutor.java:615)
	at java.lang.Thread.run(Thread.java:745)

* Finished org.apache.commons.math.stat.descriptive.SummaryStatisticsTest#testOverrideMeanWithMathClass
* Started org.apache.commons.math.stat.descriptive.SummaryStatisticsTest#testOverrideGeoMeanWithMathClass
* Failure: expected:<2.213363839400643> but was:<NaN> | testOverrideGeoMeanWithMathClass(org.apache.commons.math.stat.descriptive.SummaryStatisticsTest)
java.lang.AssertionError: expected:<2.213363839400643> but was:<NaN>
	at org.junit.Assert.fail(Assert.java:88)
	at org.junit.Assert.failNotEquals(Assert.java:743)
	at org.junit.Assert.assertEquals(Assert.java:494)
	at org.junit.Assert.assertEquals(Assert.java:592)
	at org.apache.commons.math.stat.descriptive.SummaryStatisticsTest.testOverrideGeoMeanWithMathClass(SummaryStatisticsTest.java:346)
	at sun.reflect.NativeMethodAccessorImpl.invoke0(Native Method)
	at sun.reflect.NativeMethodAccessorImpl.invoke(NativeMethodAccessorImpl.java:57)
	at sun.reflect.DelegatingMethodAccessorImpl.invoke(DelegatingMethodAccessorImpl.java:43)
	at java.lang.reflect.Method.invoke(Method.java:606)
	at org.junit.runners.model.FrameworkMethod$1.runReflectiveCall(FrameworkMethod.java:47)
	at org.junit.internal.runners.model.ReflectiveCallable.run(ReflectiveCallable.java:12)
	at org.junit.runners.model.FrameworkMethod.invokeExplosively(FrameworkMethod.java:44)
	at org.junit.internal.runners.statements.InvokeMethod.evaluate(InvokeMethod.java:17)
	at org.junit.runners.ParentRunner.runLeaf(ParentRunner.java:271)
	at org.junit.runners.BlockJUnit4ClassRunner.runChild(BlockJUnit4ClassRunner.java:70)
	at org.junit.runners.BlockJUnit4ClassRunner.runChild(BlockJUnit4ClassRunner.java:50)
	at org.junit.runners.ParentRunner$3.run(ParentRunner.java:238)
	at org.junit.runners.ParentRunner$1.schedule(ParentRunner.java:63)
	at org.junit.runners.ParentRunner.runChildren(ParentRunner.java:236)
	at org.junit.runners.ParentRunner.access$000(ParentRunner.java:53)
	at org.junit.runners.ParentRunner$2.evaluate(ParentRunner.java:229)
	at org.junit.runners.ParentRunner.run(ParentRunner.java:309)
	at com.gzoltar.lib.instrumentation.testing.junit.a.call(Unknown Source)
	at java.util.concurrent.FutureTask.run(FutureTask.java:262)
	at java.util.concurrent.ThreadPoolExecutor.runWorker(ThreadPoolExecutor.java:1145)
	at java.util.concurrent.ThreadPoolExecutor$Worker.run(ThreadPoolExecutor.java:615)
	at java.lang.Thread.run(Thread.java:745)

* Finished org.apache.commons.math.stat.descriptive.SummaryStatisticsTest#testOverrideGeoMeanWithMathClass
* Started org.apache.commons.math.stat.descriptive.SummaryStatisticsTest#testOverrideVarianceWithMathClass
* Failure: expected:<1.25> but was:<NaN> | testOverrideVarianceWithMathClass(org.apache.commons.math.stat.descriptive.SummaryStatisticsTest)
java.lang.AssertionError: expected:<1.25> but was:<NaN>
	at org.junit.Assert.fail(Assert.java:88)
	at org.junit.Assert.failNotEquals(Assert.java:743)
	at org.junit.Assert.assertEquals(Assert.java:494)
	at org.junit.Assert.assertEquals(Assert.java:592)
	at org.apache.commons.math.stat.descriptive.SummaryStatisticsTest.testOverrideVarianceWithMathClass(SummaryStatisticsTest.java:324)
	at sun.reflect.NativeMethodAccessorImpl.invoke0(Native Method)
	at sun.reflect.NativeMethodAccessorImpl.invoke(NativeMethodAccessorImpl.java:57)
	at sun.reflect.DelegatingMethodAccessorImpl.invoke(DelegatingMethodAccessorImpl.java:43)
	at java.lang.reflect.Method.invoke(Method.java:606)
	at org.junit.runners.model.FrameworkMethod$1.runReflectiveCall(FrameworkMethod.java:47)
	at org.junit.internal.runners.model.ReflectiveCallable.run(ReflectiveCallable.java:12)
	at org.junit.runners.model.FrameworkMethod.invokeExplosively(FrameworkMethod.java:44)
	at org.junit.internal.runners.statements.InvokeMethod.evaluate(InvokeMethod.java:17)
	at org.junit.runners.ParentRunner.runLeaf(ParentRunner.java:271)
	at org.junit.runners.BlockJUnit4ClassRunner.runChild(BlockJUnit4ClassRunner.java:70)
	at org.junit.runners.BlockJUnit4ClassRunner.runChild(BlockJUnit4ClassRunner.java:50)
	at org.junit.runners.ParentRunner$3.run(ParentRunner.java:238)
	at org.junit.runners.ParentRunner$1.schedule(ParentRunner.java:63)
	at org.junit.runners.ParentRunner.runChildren(ParentRunner.java:236)
	at org.junit.runners.ParentRunner.access$000(ParentRunner.java:53)
	at org.junit.runners.ParentRunner$2.evaluate(ParentRunner.java:229)
	at org.junit.runners.ParentRunner.run(ParentRunner.java:309)
	at com.gzoltar.lib.instrumentation.testing.junit.a.call(Unknown Source)
	at java.util.concurrent.FutureTask.run(FutureTask.java:262)
	at java.util.concurrent.ThreadPoolExecutor.runWorker(ThreadPoolExecutor.java:1145)
	at java.util.concurrent.ThreadPoolExecutor$Worker.run(ThreadPoolExecutor.java:615)
	at java.lang.Thread.run(Thread.java:745)

* Finished org.apache.commons.math.stat.descriptive.SummaryStatisticsTest#testOverrideVarianceWithMathClass
* Started org.apache.commons.math.stat.descriptive.SummaryStatisticsTest#testSetterInjection
* Finished org.apache.commons.math.stat.descriptive.SummaryStatisticsTest#testSetterInjection
* Started org.apache.commons.math.stat.descriptive.SummaryStatisticsTest#testSetterIllegalState
* Finished org.apache.commons.math.stat.descriptive.SummaryStatisticsTest#testSetterIllegalState
* Started org.apache.commons.math.stat.descriptive.SummaryStatisticsTest#testEqualsAndHashCode
* Finished org.apache.commons.math.stat.descriptive.SummaryStatisticsTest#testEqualsAndHashCode
* Started org.apache.commons.math.stat.descriptive.AggregateSummaryStatisticsTest#testAggregation
* Finished org.apache.commons.math.stat.descriptive.AggregateSummaryStatisticsTest#testAggregation
* Started org.apache.commons.math.stat.descriptive.AggregateSummaryStatisticsTest#testAggregateSpecialValues
* Finished org.apache.commons.math.stat.descriptive.AggregateSummaryStatisticsTest#testAggregateSpecialValues
* Started org.apache.commons.math.stat.descriptive.AggregateSummaryStatisticsTest#testAggregationConsistency
* Finished org.apache.commons.math.stat.descriptive.AggregateSummaryStatisticsTest#testAggregationConsistency
* Started org.apache.commons.math.stat.descriptive.AggregateSummaryStatisticsTest#testAggregate
* Finished org.apache.commons.math.stat.descriptive.AggregateSummaryStatisticsTest#testAggregate
* Started org.apache.commons.math.stat.descriptive.AggregateSummaryStatisticsTest#testAggregateDegenerate
* Finished org.apache.commons.math.stat.descriptive.AggregateSummaryStatisticsTest#testAggregateDegenerate
* Started org.apache.commons.math.stat.descriptive.SynchronizedDescriptiveStatisticsTest#testPercentileSetter
* Finished org.apache.commons.math.stat.descriptive.SynchronizedDescriptiveStatisticsTest#testPercentileSetter
* Started org.apache.commons.math.stat.descriptive.SynchronizedDescriptiveStatisticsTest#test20090720
* Finished org.apache.commons.math.stat.descriptive.SynchronizedDescriptiveStatisticsTest#test20090720
* Started org.apache.commons.math.stat.descriptive.SynchronizedDescriptiveStatisticsTest#testCopy
* Finished org.apache.commons.math.stat.descriptive.SynchronizedDescriptiveStatisticsTest#testCopy
* Started org.apache.commons.math.stat.descriptive.SynchronizedDescriptiveStatisticsTest#testToString
* Finished org.apache.commons.math.stat.descriptive.SynchronizedDescriptiveStatisticsTest#testToString
* Started org.apache.commons.math.stat.descriptive.SynchronizedDescriptiveStatisticsTest#testShuffledStatistics
* Finished org.apache.commons.math.stat.descriptive.SynchronizedDescriptiveStatisticsTest#testShuffledStatistics
* Started org.apache.commons.math.stat.descriptive.SynchronizedDescriptiveStatisticsTest#testSetterInjection
* Finished org.apache.commons.math.stat.descriptive.SynchronizedDescriptiveStatisticsTest#testSetterInjection
* Started org.apache.commons.math.stat.descriptive.SynchronizedDescriptiveStatisticsTest#testRemoval
* Finished org.apache.commons.math.stat.descriptive.SynchronizedDescriptiveStatisticsTest#testRemoval
* Started org.apache.commons.math.stat.descriptive.SynchronizedDescriptiveStatisticsTest#testSummaryConsistency
* Finished org.apache.commons.math.stat.descriptive.SynchronizedDescriptiveStatisticsTest#testSummaryConsistency
* Started org.apache.commons.math.stat.descriptive.SynchronizedDescriptiveStatisticsTest#testWindowSize
* Finished org.apache.commons.math.stat.descriptive.SynchronizedDescriptiveStatisticsTest#testWindowSize
* Started org.apache.commons.math.stat.descriptive.SynchronizedDescriptiveStatisticsTest#testGetValues
* Finished org.apache.commons.math.stat.descriptive.SynchronizedDescriptiveStatisticsTest#testGetValues
* Started org.apache.commons.math.stat.descriptive.DescriptiveStatisticsTest#testPercentileSetter
* Finished org.apache.commons.math.stat.descriptive.DescriptiveStatisticsTest#testPercentileSetter
* Started org.apache.commons.math.stat.descriptive.DescriptiveStatisticsTest#test20090720
* Finished org.apache.commons.math.stat.descriptive.DescriptiveStatisticsTest#test20090720
* Started org.apache.commons.math.stat.descriptive.DescriptiveStatisticsTest#testCopy
* Finished org.apache.commons.math.stat.descriptive.DescriptiveStatisticsTest#testCopy
* Started org.apache.commons.math.stat.descriptive.DescriptiveStatisticsTest#testToString
* Finished org.apache.commons.math.stat.descriptive.DescriptiveStatisticsTest#testToString
* Started org.apache.commons.math.stat.descriptive.DescriptiveStatisticsTest#testShuffledStatistics
* Finished org.apache.commons.math.stat.descriptive.DescriptiveStatisticsTest#testShuffledStatistics
* Started org.apache.commons.math.stat.descriptive.DescriptiveStatisticsTest#testSetterInjection
* Finished org.apache.commons.math.stat.descriptive.DescriptiveStatisticsTest#testSetterInjection
* Started org.apache.commons.math.stat.descriptive.DescriptiveStatisticsTest#testRemoval
* Finished org.apache.commons.math.stat.descriptive.DescriptiveStatisticsTest#testRemoval
* Started org.apache.commons.math.stat.descriptive.DescriptiveStatisticsTest#testSummaryConsistency
* Finished org.apache.commons.math.stat.descriptive.DescriptiveStatisticsTest#testSummaryConsistency
* Started org.apache.commons.math.stat.descriptive.DescriptiveStatisticsTest#testWindowSize
* Finished org.apache.commons.math.stat.descriptive.DescriptiveStatisticsTest#testWindowSize
* Started org.apache.commons.math.stat.descriptive.DescriptiveStatisticsTest#testGetValues
* Finished org.apache.commons.math.stat.descriptive.DescriptiveStatisticsTest#testGetValues
* Started org.apache.commons.math.stat.descriptive.SynchronizedSummaryStatisticsTest#testProductAndGeometricMean
* Finished org.apache.commons.math.stat.descriptive.SynchronizedSummaryStatisticsTest#testProductAndGeometricMean
* Started org.apache.commons.math.stat.descriptive.SynchronizedSummaryStatisticsTest#testGetSummary
* Finished org.apache.commons.math.stat.descriptive.SynchronizedSummaryStatisticsTest#testGetSummary
* Started org.apache.commons.math.stat.descriptive.SynchronizedSummaryStatisticsTest#testSerialization
* Finished org.apache.commons.math.stat.descriptive.SynchronizedSummaryStatisticsTest#testSerialization
* Started org.apache.commons.math.stat.descriptive.SynchronizedSummaryStatisticsTest#testStats
* Finished org.apache.commons.math.stat.descriptive.SynchronizedSummaryStatisticsTest#testStats
* Started org.apache.commons.math.stat.descriptive.SynchronizedSummaryStatisticsTest#testCopy
* Finished org.apache.commons.math.stat.descriptive.SynchronizedSummaryStatisticsTest#testCopy
* Started org.apache.commons.math.stat.descriptive.SynchronizedSummaryStatisticsTest#testNaNContracts
* Finished org.apache.commons.math.stat.descriptive.SynchronizedSummaryStatisticsTest#testNaNContracts
* Started org.apache.commons.math.stat.descriptive.SynchronizedSummaryStatisticsTest#testN0andN1Conditions
* Finished org.apache.commons.math.stat.descriptive.SynchronizedSummaryStatisticsTest#testN0andN1Conditions
* Started org.apache.commons.math.stat.descriptive.SynchronizedSummaryStatisticsTest#testOverrideMeanWithMathClass
* Failure: expected:<2.5> but was:<NaN> | testOverrideMeanWithMathClass(org.apache.commons.math.stat.descriptive.SynchronizedSummaryStatisticsTest)
java.lang.AssertionError: expected:<2.5> but was:<NaN>
	at org.junit.Assert.fail(Assert.java:88)
	at org.junit.Assert.failNotEquals(Assert.java:743)
	at org.junit.Assert.assertEquals(Assert.java:494)
	at org.junit.Assert.assertEquals(Assert.java:592)
	at org.apache.commons.math.stat.descriptive.SummaryStatisticsTest.testOverrideMeanWithMathClass(SummaryStatisticsTest.java:335)
	at sun.reflect.NativeMethodAccessorImpl.invoke0(Native Method)
	at sun.reflect.NativeMethodAccessorImpl.invoke(NativeMethodAccessorImpl.java:57)
	at sun.reflect.DelegatingMethodAccessorImpl.invoke(DelegatingMethodAccessorImpl.java:43)
	at java.lang.reflect.Method.invoke(Method.java:606)
	at org.junit.runners.model.FrameworkMethod$1.runReflectiveCall(FrameworkMethod.java:47)
	at org.junit.internal.runners.model.ReflectiveCallable.run(ReflectiveCallable.java:12)
	at org.junit.runners.model.FrameworkMethod.invokeExplosively(FrameworkMethod.java:44)
	at org.junit.internal.runners.statements.InvokeMethod.evaluate(InvokeMethod.java:17)
	at org.junit.runners.ParentRunner.runLeaf(ParentRunner.java:271)
	at org.junit.runners.BlockJUnit4ClassRunner.runChild(BlockJUnit4ClassRunner.java:70)
	at org.junit.runners.BlockJUnit4ClassRunner.runChild(BlockJUnit4ClassRunner.java:50)
	at org.junit.runners.ParentRunner$3.run(ParentRunner.java:238)
	at org.junit.runners.ParentRunner$1.schedule(ParentRunner.java:63)
	at org.junit.runners.ParentRunner.runChildren(ParentRunner.java:236)
	at org.junit.runners.ParentRunner.access$000(ParentRunner.java:53)
	at org.junit.runners.ParentRunner$2.evaluate(ParentRunner.java:229)
	at org.junit.runners.ParentRunner.run(ParentRunner.java:309)
	at com.gzoltar.lib.instrumentation.testing.junit.a.call(Unknown Source)
	at java.util.concurrent.FutureTask.run(FutureTask.java:262)
	at java.util.concurrent.ThreadPoolExecutor.runWorker(ThreadPoolExecutor.java:1145)
	at java.util.concurrent.ThreadPoolExecutor$Worker.run(ThreadPoolExecutor.java:615)
	at java.lang.Thread.run(Thread.java:745)

* Finished org.apache.commons.math.stat.descriptive.SynchronizedSummaryStatisticsTest#testOverrideMeanWithMathClass
* Started org.apache.commons.math.stat.descriptive.SynchronizedSummaryStatisticsTest#testOverrideGeoMeanWithMathClass
* Failure: expected:<2.213363839400643> but was:<NaN> | testOverrideGeoMeanWithMathClass(org.apache.commons.math.stat.descriptive.SynchronizedSummaryStatisticsTest)
java.lang.AssertionError: expected:<2.213363839400643> but was:<NaN>
	at org.junit.Assert.fail(Assert.java:88)
	at org.junit.Assert.failNotEquals(Assert.java:743)
	at org.junit.Assert.assertEquals(Assert.java:494)
	at org.junit.Assert.assertEquals(Assert.java:592)
	at org.apache.commons.math.stat.descriptive.SummaryStatisticsTest.testOverrideGeoMeanWithMathClass(SummaryStatisticsTest.java:346)
	at sun.reflect.NativeMethodAccessorImpl.invoke0(Native Method)
	at sun.reflect.NativeMethodAccessorImpl.invoke(NativeMethodAccessorImpl.java:57)
	at sun.reflect.DelegatingMethodAccessorImpl.invoke(DelegatingMethodAccessorImpl.java:43)
	at java.lang.reflect.Method.invoke(Method.java:606)
	at org.junit.runners.model.FrameworkMethod$1.runReflectiveCall(FrameworkMethod.java:47)
	at org.junit.internal.runners.model.ReflectiveCallable.run(ReflectiveCallable.java:12)
	at org.junit.runners.model.FrameworkMethod.invokeExplosively(FrameworkMethod.java:44)
	at org.junit.internal.runners.statements.InvokeMethod.evaluate(InvokeMethod.java:17)
	at org.junit.runners.ParentRunner.runLeaf(ParentRunner.java:271)
	at org.junit.runners.BlockJUnit4ClassRunner.runChild(BlockJUnit4ClassRunner.java:70)
	at org.junit.runners.BlockJUnit4ClassRunner.runChild(BlockJUnit4ClassRunner.java:50)
	at org.junit.runners.ParentRunner$3.run(ParentRunner.java:238)
	at org.junit.runners.ParentRunner$1.schedule(ParentRunner.java:63)
	at org.junit.runners.ParentRunner.runChildren(ParentRunner.java:236)
	at org.junit.runners.ParentRunner.access$000(ParentRunner.java:53)
	at org.junit.runners.ParentRunner$2.evaluate(ParentRunner.java:229)
	at org.junit.runners.ParentRunner.run(ParentRunner.java:309)
	at com.gzoltar.lib.instrumentation.testing.junit.a.call(Unknown Source)
	at java.util.concurrent.FutureTask.run(FutureTask.java:262)
	at java.util.concurrent.ThreadPoolExecutor.runWorker(ThreadPoolExecutor.java:1145)
	at java.util.concurrent.ThreadPoolExecutor$Worker.run(ThreadPoolExecutor.java:615)
	at java.lang.Thread.run(Thread.java:745)

* Finished org.apache.commons.math.stat.descriptive.SynchronizedSummaryStatisticsTest#testOverrideGeoMeanWithMathClass
* Started org.apache.commons.math.stat.descriptive.SynchronizedSummaryStatisticsTest#testOverrideVarianceWithMathClass
* Failure: expected:<1.25> but was:<NaN> | testOverrideVarianceWithMathClass(org.apache.commons.math.stat.descriptive.SynchronizedSummaryStatisticsTest)
java.lang.AssertionError: expected:<1.25> but was:<NaN>
	at org.junit.Assert.fail(Assert.java:88)
	at org.junit.Assert.failNotEquals(Assert.java:743)
	at org.junit.Assert.assertEquals(Assert.java:494)
	at org.junit.Assert.assertEquals(Assert.java:592)
	at org.apache.commons.math.stat.descriptive.SummaryStatisticsTest.testOverrideVarianceWithMathClass(SummaryStatisticsTest.java:324)
	at sun.reflect.NativeMethodAccessorImpl.invoke0(Native Method)
	at sun.reflect.NativeMethodAccessorImpl.invoke(NativeMethodAccessorImpl.java:57)
	at sun.reflect.DelegatingMethodAccessorImpl.invoke(DelegatingMethodAccessorImpl.java:43)
	at java.lang.reflect.Method.invoke(Method.java:606)
	at org.junit.runners.model.FrameworkMethod$1.runReflectiveCall(FrameworkMethod.java:47)
	at org.junit.internal.runners.model.ReflectiveCallable.run(ReflectiveCallable.java:12)
	at org.junit.runners.model.FrameworkMethod.invokeExplosively(FrameworkMethod.java:44)
	at org.junit.internal.runners.statements.InvokeMethod.evaluate(InvokeMethod.java:17)
	at org.junit.runners.ParentRunner.runLeaf(ParentRunner.java:271)
	at org.junit.runners.BlockJUnit4ClassRunner.runChild(BlockJUnit4ClassRunner.java:70)
	at org.junit.runners.BlockJUnit4ClassRunner.runChild(BlockJUnit4ClassRunner.java:50)
	at org.junit.runners.ParentRunner$3.run(ParentRunner.java:238)
	at org.junit.runners.ParentRunner$1.schedule(ParentRunner.java:63)
	at org.junit.runners.ParentRunner.runChildren(ParentRunner.java:236)
	at org.junit.runners.ParentRunner.access$000(ParentRunner.java:53)
	at org.junit.runners.ParentRunner$2.evaluate(ParentRunner.java:229)
	at org.junit.runners.ParentRunner.run(ParentRunner.java:309)
	at com.gzoltar.lib.instrumentation.testing.junit.a.call(Unknown Source)
	at java.util.concurrent.FutureTask.run(FutureTask.java:262)
	at java.util.concurrent.ThreadPoolExecutor.runWorker(ThreadPoolExecutor.java:1145)
	at java.util.concurrent.ThreadPoolExecutor$Worker.run(ThreadPoolExecutor.java:615)
	at java.lang.Thread.run(Thread.java:745)

* Finished org.apache.commons.math.stat.descriptive.SynchronizedSummaryStatisticsTest#testOverrideVarianceWithMathClass
* Started org.apache.commons.math.stat.descriptive.SynchronizedSummaryStatisticsTest#testSetterInjection
* Finished org.apache.commons.math.stat.descriptive.SynchronizedSummaryStatisticsTest#testSetterInjection
* Started org.apache.commons.math.stat.descriptive.SynchronizedSummaryStatisticsTest#testSetterIllegalState
* Finished org.apache.commons.math.stat.descriptive.SynchronizedSummaryStatisticsTest#testSetterIllegalState
* Started org.apache.commons.math.stat.descriptive.SynchronizedSummaryStatisticsTest#testEqualsAndHashCode
* Finished org.apache.commons.math.stat.descriptive.SynchronizedSummaryStatisticsTest#testEqualsAndHashCode
* Started org.apache.commons.math.stat.CertifiedDataTest#testSummaryStatistics
* Finished org.apache.commons.math.stat.CertifiedDataTest#testSummaryStatistics
* Started org.apache.commons.math.stat.CertifiedDataTest#testDescriptiveStatistics
* Finished org.apache.commons.math.stat.CertifiedDataTest#testDescriptiveStatistics
* Started org.apache.commons.math.stat.inference.TestUtilsTest#testOneSampleTTest
* Finished org.apache.commons.math.stat.inference.TestUtilsTest#testOneSampleTTest
* Started org.apache.commons.math.stat.inference.TestUtilsTest#testChiSquareIndependence
* Finished org.apache.commons.math.stat.inference.TestUtilsTest#testChiSquareIndependence
* Started org.apache.commons.math.stat.inference.TestUtilsTest#testChiSquareZeroCount
* Finished org.apache.commons.math.stat.inference.TestUtilsTest#testChiSquareZeroCount
* Started org.apache.commons.math.stat.inference.TestUtilsTest#testSmallSamples
* Finished org.apache.commons.math.stat.inference.TestUtilsTest#testSmallSamples
* Started org.apache.commons.math.stat.inference.TestUtilsTest#testTwoSampleTHeterscedastic
* Finished org.apache.commons.math.stat.inference.TestUtilsTest#testTwoSampleTHeterscedastic
* Started org.apache.commons.math.stat.inference.TestUtilsTest#testChiSquareLargeTestStatistic
* Finished org.apache.commons.math.stat.inference.TestUtilsTest#testChiSquareLargeTestStatistic
* Started org.apache.commons.math.stat.inference.TestUtilsTest#testChiSquare
* Finished org.apache.commons.math.stat.inference.TestUtilsTest#testChiSquare
* Started org.apache.commons.math.stat.inference.TestUtilsTest#testOneSampleT
* Finished org.apache.commons.math.stat.inference.TestUtilsTest#testOneSampleT
* Started org.apache.commons.math.stat.inference.TestUtilsTest#testPaired
* Finished org.apache.commons.math.stat.inference.TestUtilsTest#testPaired
* Started org.apache.commons.math.stat.inference.TestUtilsTest#testTwoSampleTHomoscedastic
* Finished org.apache.commons.math.stat.inference.TestUtilsTest#testTwoSampleTHomoscedastic
* Started org.apache.commons.math.stat.inference.TestUtilsTest#testOneWayAnovaUtils
* Finished org.apache.commons.math.stat.inference.TestUtilsTest#testOneWayAnovaUtils
* Started org.apache.commons.math.stat.inference.TTestTest#testOneSampleTTest
* Finished org.apache.commons.math.stat.inference.TTestTest#testOneSampleTTest
* Started org.apache.commons.math.stat.inference.TTestTest#testSmallSamples
* Finished org.apache.commons.math.stat.inference.TTestTest#testSmallSamples
* Started org.apache.commons.math.stat.inference.TTestTest#testTwoSampleTHeterscedastic
* Finished org.apache.commons.math.stat.inference.TTestTest#testTwoSampleTHeterscedastic
* Started org.apache.commons.math.stat.inference.TTestTest#testOneSampleT
* Finished org.apache.commons.math.stat.inference.TTestTest#testOneSampleT
* Started org.apache.commons.math.stat.inference.TTestTest#testPaired
* Finished org.apache.commons.math.stat.inference.TTestTest#testPaired
* Started org.apache.commons.math.stat.inference.TTestTest#testTwoSampleTHomoscedastic
* Finished org.apache.commons.math.stat.inference.TTestTest#testTwoSampleTHomoscedastic
* Started org.apache.commons.math.stat.data.LewTest#testCertifiedValues
* Finished org.apache.commons.math.stat.data.LewTest#testCertifiedValues
* Started org.apache.commons.math.stat.data.LotteryTest#testCertifiedValues
* Finished org.apache.commons.math.stat.data.LotteryTest#testCertifiedValues
* Filtering test cases that do not cover any component
* Sending data to master
* Closing connection with client
* Performing fault localization
* Running Ochiai
* Running Ochiai2
* Running Tarantula
* Running Jaccard
* Running SBI
* Running Kulczynski2
* Running Sorensen-Dice
* Running Anderberg
* Running Simple-matching
* Running Rogers and Tanimoto
* Running Russel and Rao
* Running Dstar
* Running Opt
* Running Barinel
* Running Ideal
* Running Naish1
* Writing coverage matrix to '/fastdata/acp13jcd/GZoltar/Math/43/Math/developer/0/Math-43b-developer.0/matrix'
* Normalizing spectra, coefficient: DSTAR
* Normalizing spectra, coefficient: OPT
* Writing spectra to '/fastdata/acp13jcd/GZoltar/Math/43/Math/developer/0/Math-43b-developer.0/spectra'
* Metrics
* Writing statistics to '/fastdata/acp13jcd/GZoltar/Math/43/Math/developer/0/Math-43b-developer.0/statistics.csv'
* Computation finished

DONE!
