* Checking out Math-73 to /scratch/acp13jcd/run_gzoltar_70821_Math-73
* Compiling Math-73
Running ant (compile)...................................................... OK
Running ant (compile.tests)................................................ OK
* Running GZoltar
   ____ _____     _ _               
  / ___|__  /___ | | |_ __ _ _ __   
 | |  _  / // _ \| | __/ _` | '__| 
 | |_| |/ /| (_) | | || (_| | |     
  \____/____\___/|_|\__\__,_|_| 

[ERROR] /scratch/acp13jcd/run_gzoltar_70821_Math-73/lib/junit-4.4.jar does not exist
java.lang.Exception
	at com.gzoltar.lib.master.modes.Diagnose.execute(Unknown Source)
	at com.gzoltar.lib.master.GZoltar.parseCommandLine(Unknown Source)
	at com.gzoltar.lib.master.GZoltar.main(Unknown Source)
* Preparing classpath
* Collecting classes under test
* Collecting test cases
* Performing analysis
* Started org.apache.commons.math.distribution.GammaDistributionTest#testProbabilities
* Finished org.apache.commons.math.distribution.GammaDistributionTest#testProbabilities
* Started org.apache.commons.math.distribution.GammaDistributionTest#testParameterAccessors
* Finished org.apache.commons.math.distribution.GammaDistributionTest#testParameterAccessors
* Started org.apache.commons.math.distribution.GammaDistributionTest#testDensity
* Finished org.apache.commons.math.distribution.GammaDistributionTest#testDensity
* Started org.apache.commons.math.distribution.GammaDistributionTest#testInverseCumulativeProbabilityExtremes
* Finished org.apache.commons.math.distribution.GammaDistributionTest#testInverseCumulativeProbabilityExtremes
* Started org.apache.commons.math.distribution.GammaDistributionTest#testValues
* Finished org.apache.commons.math.distribution.GammaDistributionTest#testValues
* Started org.apache.commons.math.distribution.GammaDistributionTest#testInverseCumulativeProbabilities
* Finished org.apache.commons.math.distribution.GammaDistributionTest#testInverseCumulativeProbabilities
* Started org.apache.commons.math.distribution.GammaDistributionTest#testCumulativeProbabilities
* Finished org.apache.commons.math.distribution.GammaDistributionTest#testCumulativeProbabilities
* Started org.apache.commons.math.distribution.GammaDistributionTest#testIllegalArguments
* Finished org.apache.commons.math.distribution.GammaDistributionTest#testIllegalArguments
* Started org.apache.commons.math.distribution.GammaDistributionTest#testConsistency
* Finished org.apache.commons.math.distribution.GammaDistributionTest#testConsistency
* Started org.apache.commons.math.distribution.TDistributionTest#testCumulativeProbabilityAgaintStackOverflow
* Finished org.apache.commons.math.distribution.TDistributionTest#testCumulativeProbabilityAgaintStackOverflow
* Started org.apache.commons.math.distribution.TDistributionTest#testDfAccessors
* Finished org.apache.commons.math.distribution.TDistributionTest#testDfAccessors
* Started org.apache.commons.math.distribution.TDistributionTest#testInverseCumulativeProbabilityExtremes
* Finished org.apache.commons.math.distribution.TDistributionTest#testInverseCumulativeProbabilityExtremes
* Started org.apache.commons.math.distribution.TDistributionTest#testSmallDf
* Finished org.apache.commons.math.distribution.TDistributionTest#testSmallDf
* Started org.apache.commons.math.distribution.TDistributionTest#testInverseCumulativeProbabilities
* Finished org.apache.commons.math.distribution.TDistributionTest#testInverseCumulativeProbabilities
* Started org.apache.commons.math.distribution.TDistributionTest#testCumulativeProbabilities
* Finished org.apache.commons.math.distribution.TDistributionTest#testCumulativeProbabilities
* Started org.apache.commons.math.distribution.TDistributionTest#testIllegalArguments
* Finished org.apache.commons.math.distribution.TDistributionTest#testIllegalArguments
* Started org.apache.commons.math.distribution.TDistributionTest#testConsistency
* Finished org.apache.commons.math.distribution.TDistributionTest#testConsistency
* Started org.apache.commons.math.distribution.BetaDistributionTest#testCumulative
* Finished org.apache.commons.math.distribution.BetaDistributionTest#testCumulative
* Started org.apache.commons.math.distribution.BetaDistributionTest#testDensity
* Finished org.apache.commons.math.distribution.BetaDistributionTest#testDensity
* Started org.apache.commons.math.distribution.FDistributionTest#testSmallDegreesOfFreedom
* Finished org.apache.commons.math.distribution.FDistributionTest#testSmallDegreesOfFreedom
* Started org.apache.commons.math.distribution.FDistributionTest#testCumulativeProbabilityExtremes
* Finished org.apache.commons.math.distribution.FDistributionTest#testCumulativeProbabilityExtremes
* Started org.apache.commons.math.distribution.FDistributionTest#testLargeDegreesOfFreedom
* Finished org.apache.commons.math.distribution.FDistributionTest#testLargeDegreesOfFreedom
* Started org.apache.commons.math.distribution.FDistributionTest#testDfAccessors
* Finished org.apache.commons.math.distribution.FDistributionTest#testDfAccessors
* Started org.apache.commons.math.distribution.FDistributionTest#testInverseCumulativeProbabilityExtremes
* Finished org.apache.commons.math.distribution.FDistributionTest#testInverseCumulativeProbabilityExtremes
* Started org.apache.commons.math.distribution.FDistributionTest#testInverseCumulativeProbabilities
* Finished org.apache.commons.math.distribution.FDistributionTest#testInverseCumulativeProbabilities
* Started org.apache.commons.math.distribution.FDistributionTest#testCumulativeProbabilities
* Finished org.apache.commons.math.distribution.FDistributionTest#testCumulativeProbabilities
* Started org.apache.commons.math.distribution.FDistributionTest#testIllegalArguments
* Finished org.apache.commons.math.distribution.FDistributionTest#testIllegalArguments
* Started org.apache.commons.math.distribution.FDistributionTest#testConsistency
* Finished org.apache.commons.math.distribution.FDistributionTest#testConsistency
* Started org.apache.commons.math.distribution.ChiSquareDistributionTest#testDensity
* Finished org.apache.commons.math.distribution.ChiSquareDistributionTest#testDensity
* Started org.apache.commons.math.distribution.ChiSquareDistributionTest#testDfAccessors
* Finished org.apache.commons.math.distribution.ChiSquareDistributionTest#testDfAccessors
* Started org.apache.commons.math.distribution.ChiSquareDistributionTest#testSmallDf
* Finished org.apache.commons.math.distribution.ChiSquareDistributionTest#testSmallDf
* Started org.apache.commons.math.distribution.ChiSquareDistributionTest#testInverseCumulativeProbabilities
* Finished org.apache.commons.math.distribution.ChiSquareDistributionTest#testInverseCumulativeProbabilities
* Started org.apache.commons.math.distribution.ChiSquareDistributionTest#testCumulativeProbabilities
* Finished org.apache.commons.math.distribution.ChiSquareDistributionTest#testCumulativeProbabilities
* Started org.apache.commons.math.distribution.ChiSquareDistributionTest#testIllegalArguments
* Finished org.apache.commons.math.distribution.ChiSquareDistributionTest#testIllegalArguments
* Started org.apache.commons.math.distribution.ChiSquareDistributionTest#testConsistency
* Finished org.apache.commons.math.distribution.ChiSquareDistributionTest#testConsistency
* Started org.apache.commons.math.distribution.NormalDistributionTest#testExtremeValues
* Finished org.apache.commons.math.distribution.NormalDistributionTest#testExtremeValues
* Started org.apache.commons.math.distribution.NormalDistributionTest#testSetStandardDeviation
* Finished org.apache.commons.math.distribution.NormalDistributionTest#testSetStandardDeviation
* Started org.apache.commons.math.distribution.NormalDistributionTest#testGetStandardDeviation
* Finished org.apache.commons.math.distribution.NormalDistributionTest#testGetStandardDeviation
* Started org.apache.commons.math.distribution.NormalDistributionTest#testQuantiles
* Finished org.apache.commons.math.distribution.NormalDistributionTest#testQuantiles
* Started org.apache.commons.math.distribution.NormalDistributionTest#testGetMean
* Finished org.apache.commons.math.distribution.NormalDistributionTest#testGetMean
* Started org.apache.commons.math.distribution.NormalDistributionTest#testMath280
* Finished org.apache.commons.math.distribution.NormalDistributionTest#testMath280
* Started org.apache.commons.math.distribution.NormalDistributionTest#testDensity
* Finished org.apache.commons.math.distribution.NormalDistributionTest#testDensity
* Started org.apache.commons.math.distribution.NormalDistributionTest#testSetMean
* Finished org.apache.commons.math.distribution.NormalDistributionTest#testSetMean
* Started org.apache.commons.math.distribution.NormalDistributionTest#testInverseCumulativeProbabilityExtremes
* Finished org.apache.commons.math.distribution.NormalDistributionTest#testInverseCumulativeProbabilityExtremes
* Started org.apache.commons.math.distribution.NormalDistributionTest#testInverseCumulativeProbabilities
* Finished org.apache.commons.math.distribution.NormalDistributionTest#testInverseCumulativeProbabilities
* Started org.apache.commons.math.distribution.NormalDistributionTest#testCumulativeProbabilities
* Finished org.apache.commons.math.distribution.NormalDistributionTest#testCumulativeProbabilities
* Started org.apache.commons.math.distribution.NormalDistributionTest#testIllegalArguments
* Finished org.apache.commons.math.distribution.NormalDistributionTest#testIllegalArguments
* Started org.apache.commons.math.distribution.NormalDistributionTest#testConsistency
* Finished org.apache.commons.math.distribution.NormalDistributionTest#testConsistency
* Started org.apache.commons.math.analysis.solvers.UnivariateRealSolverUtilsTest#testSolveNoRoot
* Finished org.apache.commons.math.analysis.solvers.UnivariateRealSolverUtilsTest#testSolveNoRoot
* Started org.apache.commons.math.analysis.solvers.UnivariateRealSolverUtilsTest#testSolveSin
* Finished org.apache.commons.math.analysis.solvers.UnivariateRealSolverUtilsTest#testSolveSin
* Started org.apache.commons.math.analysis.solvers.UnivariateRealSolverUtilsTest#testSolveAccuracySin
* Finished org.apache.commons.math.analysis.solvers.UnivariateRealSolverUtilsTest#testSolveAccuracySin
* Started org.apache.commons.math.analysis.solvers.UnivariateRealSolverUtilsTest#testSolveBadParameters
* Finished org.apache.commons.math.analysis.solvers.UnivariateRealSolverUtilsTest#testSolveBadParameters
* Started org.apache.commons.math.analysis.solvers.UnivariateRealSolverUtilsTest#testSolveNull
* Finished org.apache.commons.math.analysis.solvers.UnivariateRealSolverUtilsTest#testSolveNull
* Started org.apache.commons.math.analysis.solvers.UnivariateRealSolverUtilsTest#testBracketSin
* Finished org.apache.commons.math.analysis.solvers.UnivariateRealSolverUtilsTest#testBracketSin
* Started org.apache.commons.math.analysis.solvers.UnivariateRealSolverUtilsTest#testBracketEndpointRoot
* Finished org.apache.commons.math.analysis.solvers.UnivariateRealSolverUtilsTest#testBracketEndpointRoot
* Started org.apache.commons.math.analysis.solvers.UnivariateRealSolverUtilsTest#testSolveAccuracyNull
* Finished org.apache.commons.math.analysis.solvers.UnivariateRealSolverUtilsTest#testSolveAccuracyNull
* Started org.apache.commons.math.analysis.solvers.UnivariateRealSolverUtilsTest#testBadParameters
* Finished org.apache.commons.math.analysis.solvers.UnivariateRealSolverUtilsTest#testBadParameters
* Started org.apache.commons.math.analysis.solvers.BrentSolverTest#testBadEndpoints
* Failure: Expecting IllegalArgumentException - non-bracketing | testBadEndpoints(org.apache.commons.math.analysis.solvers.BrentSolverTest)
junit.framework.AssertionFailedError: Expecting IllegalArgumentException - non-bracketing
	at junit.framework.Assert.fail(Assert.java:57)
	at junit.framework.TestCase.fail(TestCase.java:227)
	at org.apache.commons.math.analysis.solvers.BrentSolverTest.testBadEndpoints(BrentSolverTest.java:334)
	at sun.reflect.NativeMethodAccessorImpl.invoke0(Native Method)
	at sun.reflect.NativeMethodAccessorImpl.invoke(NativeMethodAccessorImpl.java:57)
	at sun.reflect.DelegatingMethodAccessorImpl.invoke(DelegatingMethodAccessorImpl.java:43)
	at java.lang.reflect.Method.invoke(Method.java:606)
	at junit.framework.TestCase.runTest(TestCase.java:176)
	at junit.framework.TestCase.runBare(TestCase.java:141)
	at junit.framework.TestResult$1.protect(TestResult.java:122)
	at junit.framework.TestResult.runProtected(TestResult.java:142)
	at junit.framework.TestResult.run(TestResult.java:125)
	at junit.framework.TestCase.run(TestCase.java:129)
	at junit.framework.TestSuite.runTest(TestSuite.java:255)
	at junit.framework.TestSuite.run(TestSuite.java:250)
	at org.junit.internal.runners.JUnit38ClassRunner.run(JUnit38ClassRunner.java:84)
	at com.gzoltar.lib.instrumentation.testing.junit.a.call(Unknown Source)
	at java.util.concurrent.FutureTask.run(FutureTask.java:262)
	at java.util.concurrent.ThreadPoolExecutor.runWorker(ThreadPoolExecutor.java:1145)
	at java.util.concurrent.ThreadPoolExecutor$Worker.run(ThreadPoolExecutor.java:615)
	at java.lang.Thread.run(Thread.java:745)

* Finished org.apache.commons.math.analysis.solvers.BrentSolverTest#testBadEndpoints
* Started org.apache.commons.math.analysis.solvers.BrentSolverTest#testInitialGuess
* Finished org.apache.commons.math.analysis.solvers.BrentSolverTest#testInitialGuess
* Started org.apache.commons.math.analysis.solvers.BrentSolverTest#testRootEndpoints
* Finished org.apache.commons.math.analysis.solvers.BrentSolverTest#testRootEndpoints
* Started org.apache.commons.math.analysis.solvers.BrentSolverTest#testQuinticZero
* Finished org.apache.commons.math.analysis.solvers.BrentSolverTest#testQuinticZero
* Started org.apache.commons.math.analysis.solvers.BrentSolverTest#testSinZero
* Finished org.apache.commons.math.analysis.solvers.BrentSolverTest#testSinZero
* Started org.apache.commons.math.analysis.solvers.BrentSolverTest#testDeprecated
* Finished org.apache.commons.math.analysis.solvers.BrentSolverTest#testDeprecated
* Started org.apache.commons.math.analysis.solvers.UnivariateRealSolverFactoryImplTest#testNewBrentSolverValid
* Finished org.apache.commons.math.analysis.solvers.UnivariateRealSolverFactoryImplTest#testNewBrentSolverValid
* Started org.apache.commons.math.analysis.solvers.UnivariateRealSolverFactoryImplTest#testNewBisectionSolverValid
* Finished org.apache.commons.math.analysis.solvers.UnivariateRealSolverFactoryImplTest#testNewBisectionSolverValid
* Started org.apache.commons.math.analysis.solvers.UnivariateRealSolverFactoryImplTest#testNewNewtonSolverValid
* Finished org.apache.commons.math.analysis.solvers.UnivariateRealSolverFactoryImplTest#testNewNewtonSolverValid
* Started org.apache.commons.math.analysis.solvers.UnivariateRealSolverFactoryImplTest#testNewSecantSolverValid
* Finished org.apache.commons.math.analysis.solvers.UnivariateRealSolverFactoryImplTest#testNewSecantSolverValid
* Started org.apache.commons.math.optimization.MultiStartDifferentiableMultivariateRealOptimizerTest#testCircleFitting
* Finished org.apache.commons.math.optimization.MultiStartDifferentiableMultivariateRealOptimizerTest#testCircleFitting
* Started org.apache.commons.math.optimization.general.NonLinearConjugateGradientOptimizerTest#testNoDependency
* Finished org.apache.commons.math.optimization.general.NonLinearConjugateGradientOptimizerTest#testNoDependency
* Started org.apache.commons.math.optimization.general.NonLinearConjugateGradientOptimizerTest#testRedundantEquations
* Finished org.apache.commons.math.optimization.general.NonLinearConjugateGradientOptimizerTest#testRedundantEquations
* Started org.apache.commons.math.optimization.general.NonLinearConjugateGradientOptimizerTest#testTrivial
* Finished org.apache.commons.math.optimization.general.NonLinearConjugateGradientOptimizerTest#testTrivial
* Started org.apache.commons.math.optimization.general.NonLinearConjugateGradientOptimizerTest#testTwoSets
* Finished org.apache.commons.math.optimization.general.NonLinearConjugateGradientOptimizerTest#testTwoSets
* Started org.apache.commons.math.optimization.general.NonLinearConjugateGradientOptimizerTest#testMoreEstimatedParametersSimple
* Finished org.apache.commons.math.optimization.general.NonLinearConjugateGradientOptimizerTest#testMoreEstimatedParametersSimple
* Started org.apache.commons.math.optimization.general.NonLinearConjugateGradientOptimizerTest#testMoreEstimatedParametersUnsorted
* Finished org.apache.commons.math.optimization.general.NonLinearConjugateGradientOptimizerTest#testMoreEstimatedParametersUnsorted
* Started org.apache.commons.math.optimization.general.NonLinearConjugateGradientOptimizerTest#testIllConditioned
* Finished org.apache.commons.math.optimization.general.NonLinearConjugateGradientOptimizerTest#testIllConditioned
* Started org.apache.commons.math.optimization.general.NonLinearConjugateGradientOptimizerTest#testColumnsPermutation
* Finished org.apache.commons.math.optimization.general.NonLinearConjugateGradientOptimizerTest#testColumnsPermutation
* Started org.apache.commons.math.optimization.general.NonLinearConjugateGradientOptimizerTest#testNonInversible
* Finished org.apache.commons.math.optimization.general.NonLinearConjugateGradientOptimizerTest#testNonInversible
* Started org.apache.commons.math.optimization.general.NonLinearConjugateGradientOptimizerTest#testInconsistentEquations
* Finished org.apache.commons.math.optimization.general.NonLinearConjugateGradientOptimizerTest#testInconsistentEquations
* Started org.apache.commons.math.optimization.general.NonLinearConjugateGradientOptimizerTest#testCircleFitting
* Finished org.apache.commons.math.optimization.general.NonLinearConjugateGradientOptimizerTest#testCircleFitting
* Started org.apache.commons.math.optimization.general.NonLinearConjugateGradientOptimizerTest#testOneSet
* Finished org.apache.commons.math.optimization.general.NonLinearConjugateGradientOptimizerTest#testOneSet
* Started org.apache.commons.math.stat.regression.SimpleRegressionTest#testRemoveMultiplePastEmpty
* Finished org.apache.commons.math.stat.regression.SimpleRegressionTest#testRemoveMultiplePastEmpty
* Started org.apache.commons.math.stat.regression.SimpleRegressionTest#testClear
* Finished org.apache.commons.math.stat.regression.SimpleRegressionTest#testClear
* Started org.apache.commons.math.stat.regression.SimpleRegressionTest#testCorr
* Finished org.apache.commons.math.stat.regression.SimpleRegressionTest#testCorr
* Started org.apache.commons.math.stat.regression.SimpleRegressionTest#testNaNs
* Finished org.apache.commons.math.stat.regression.SimpleRegressionTest#testNaNs
* Started org.apache.commons.math.stat.regression.SimpleRegressionTest#testPerfect
* Finished org.apache.commons.math.stat.regression.SimpleRegressionTest#testPerfect
* Started org.apache.commons.math.stat.regression.SimpleRegressionTest#testRemoveObsFromEmpty
* Finished org.apache.commons.math.stat.regression.SimpleRegressionTest#testRemoveObsFromEmpty
* Started org.apache.commons.math.stat.regression.SimpleRegressionTest#testSSENonNegative
* Finished org.apache.commons.math.stat.regression.SimpleRegressionTest#testSSENonNegative
* Started org.apache.commons.math.stat.regression.SimpleRegressionTest#testRemoveObsFromSingle
* Finished org.apache.commons.math.stat.regression.SimpleRegressionTest#testRemoveObsFromSingle
* Started org.apache.commons.math.stat.regression.SimpleRegressionTest#testRemoveMultipleToEmpty
* Finished org.apache.commons.math.stat.regression.SimpleRegressionTest#testRemoveMultipleToEmpty
* Started org.apache.commons.math.stat.regression.SimpleRegressionTest#testRemoveSingle
* Finished org.apache.commons.math.stat.regression.SimpleRegressionTest#testRemoveSingle
* Started org.apache.commons.math.stat.regression.SimpleRegressionTest#testRemoveXY
* Finished org.apache.commons.math.stat.regression.SimpleRegressionTest#testRemoveXY
* Started org.apache.commons.math.stat.regression.SimpleRegressionTest#testPerfectNegative
* Finished org.apache.commons.math.stat.regression.SimpleRegressionTest#testPerfectNegative
* Started org.apache.commons.math.stat.regression.SimpleRegressionTest#testNorris
* Finished org.apache.commons.math.stat.regression.SimpleRegressionTest#testNorris
* Started org.apache.commons.math.stat.regression.SimpleRegressionTest#testInference
* Finished org.apache.commons.math.stat.regression.SimpleRegressionTest#testInference
* Started org.apache.commons.math.stat.regression.SimpleRegressionTest#testRandom
* Finished org.apache.commons.math.stat.regression.SimpleRegressionTest#testRandom
* Started org.apache.commons.math.stat.regression.SimpleRegressionTest#testRemoveMultiple
* Finished org.apache.commons.math.stat.regression.SimpleRegressionTest#testRemoveMultiple
* Started org.apache.commons.math.ode.events.EventStateTest#closeEvents
* Finished org.apache.commons.math.ode.events.EventStateTest#closeEvents
* Started org.apache.commons.math.ode.FirstOrderConverterTest#testSmallStep
* Finished org.apache.commons.math.ode.FirstOrderConverterTest#testSmallStep
* Started org.apache.commons.math.ode.FirstOrderConverterTest#testDecreasingSteps
* Finished org.apache.commons.math.ode.FirstOrderConverterTest#testDecreasingSteps
* Started org.apache.commons.math.ode.FirstOrderConverterTest#testBigStep
* Finished org.apache.commons.math.ode.FirstOrderConverterTest#testBigStep
* Started org.apache.commons.math.ode.FirstOrderConverterTest#testDoubleDimension
* Finished org.apache.commons.math.ode.FirstOrderConverterTest#testDoubleDimension
* Started org.apache.commons.math.ode.sampling.NordsieckStepInterpolatorTest#derivativesConsistency
* Finished org.apache.commons.math.ode.sampling.NordsieckStepInterpolatorTest#derivativesConsistency
* Started org.apache.commons.math.ode.sampling.NordsieckStepInterpolatorTest#serialization
* Finished org.apache.commons.math.ode.sampling.NordsieckStepInterpolatorTest#serialization
* Started org.apache.commons.math.ode.sampling.StepNormalizerTest#testBoundaries
* Finished org.apache.commons.math.ode.sampling.StepNormalizerTest#testBoundaries
* Started org.apache.commons.math.ode.sampling.StepNormalizerTest#testBeforeEnd
* Finished org.apache.commons.math.ode.sampling.StepNormalizerTest#testBeforeEnd
* Started org.apache.commons.math.ode.nonstiff.GraggBulirschStoerIntegratorTest#testDimensionCheck
* Finished org.apache.commons.math.ode.nonstiff.GraggBulirschStoerIntegratorTest#testDimensionCheck
* Started org.apache.commons.math.ode.nonstiff.GraggBulirschStoerIntegratorTest#testBackward
* Finished org.apache.commons.math.ode.nonstiff.GraggBulirschStoerIntegratorTest#testBackward
* Started org.apache.commons.math.ode.nonstiff.GraggBulirschStoerIntegratorTest#testVariableSteps
* Finished org.apache.commons.math.ode.nonstiff.GraggBulirschStoerIntegratorTest#testVariableSteps
* Started org.apache.commons.math.ode.nonstiff.GraggBulirschStoerIntegratorTest#testIntegratorControls
* Finished org.apache.commons.math.ode.nonstiff.GraggBulirschStoerIntegratorTest#testIntegratorControls
* Started org.apache.commons.math.ode.nonstiff.GraggBulirschStoerIntegratorTest#testMinStep
* Finished org.apache.commons.math.ode.nonstiff.GraggBulirschStoerIntegratorTest#testMinStep
* Started org.apache.commons.math.ode.nonstiff.GraggBulirschStoerIntegratorTest#testUnstableDerivative
* Finished org.apache.commons.math.ode.nonstiff.GraggBulirschStoerIntegratorTest#testUnstableDerivative
* Started org.apache.commons.math.ode.nonstiff.GraggBulirschStoerIntegratorTest#testNullIntervalCheck
* Finished org.apache.commons.math.ode.nonstiff.GraggBulirschStoerIntegratorTest#testNullIntervalCheck
* Started org.apache.commons.math.ode.nonstiff.GraggBulirschStoerIntegratorTest#testEvents
* Finished org.apache.commons.math.ode.nonstiff.GraggBulirschStoerIntegratorTest#testEvents
* Started org.apache.commons.math.ode.nonstiff.GraggBulirschStoerIntegratorTest#testKepler
* Finished org.apache.commons.math.ode.nonstiff.GraggBulirschStoerIntegratorTest#testKepler
* Started org.apache.commons.math.ode.nonstiff.GraggBulirschStoerIntegratorTest#testIncreasingTolerance
* Finished org.apache.commons.math.ode.nonstiff.GraggBulirschStoerIntegratorTest#testIncreasingTolerance
* Started org.apache.commons.math.ode.nonstiff.ThreeEighthesStepInterpolatorTest#derivativesConsistency
* Finished org.apache.commons.math.ode.nonstiff.ThreeEighthesStepInterpolatorTest#derivativesConsistency
* Started org.apache.commons.math.ode.nonstiff.ThreeEighthesStepInterpolatorTest#serialization
* Finished org.apache.commons.math.ode.nonstiff.ThreeEighthesStepInterpolatorTest#serialization
* Started org.apache.commons.math.ode.nonstiff.HighamHall54IntegratorTest#testBackward
* Finished org.apache.commons.math.ode.nonstiff.HighamHall54IntegratorTest#testBackward
* Started org.apache.commons.math.ode.nonstiff.HighamHall54IntegratorTest#testWrongDerivative
* Finished org.apache.commons.math.ode.nonstiff.HighamHall54IntegratorTest#testWrongDerivative
* Started org.apache.commons.math.ode.nonstiff.HighamHall54IntegratorTest#testMinStep
* Finished org.apache.commons.math.ode.nonstiff.HighamHall54IntegratorTest#testMinStep
* Started org.apache.commons.math.ode.nonstiff.HighamHall54IntegratorTest#testEvents
* Finished org.apache.commons.math.ode.nonstiff.HighamHall54IntegratorTest#testEvents
* Started org.apache.commons.math.ode.nonstiff.HighamHall54IntegratorTest#testEventsErrors
[ERROR] Class not found
java.lang.ClassNotFoundException: org.apache.commons.math.MessagesResources
	at java.lang.ClassLoader.findClass(ClassLoader.java:531)
	at java.lang.ClassLoader.loadClass(ClassLoader.java:425)
	at java.lang.ClassLoader.loadClass(ClassLoader.java:358)
	at com.gzoltar.lib.instrumentation.util.GZoltarClassLoader.loadClass(Unknown Source)
	at java.util.ResourceBundle$Control.newBundle(ResourceBundle.java:2566)
	at java.util.ResourceBundle.loadBundle(ResourceBundle.java:1436)
	at java.util.ResourceBundle.findBundle(ResourceBundle.java:1400)
	at java.util.ResourceBundle.findBundle(ResourceBundle.java:1354)
	at java.util.ResourceBundle.findBundle(ResourceBundle.java:1354)
	at java.util.ResourceBundle.getBundleImpl(ResourceBundle.java:1296)
	at java.util.ResourceBundle.getBundle(ResourceBundle.java:795)
	at org.apache.commons.math.MathException.translate(MathException.java:110)
	at org.apache.commons.math.MathException.getMessage(MathException.java:153)
	at org.apache.commons.math.MathException.getLocalizedMessage(MathException.java:165)
	at java.lang.Throwable.toString(Throwable.java:480)
	at java.lang.Throwable.<init>(Throwable.java:311)
	at java.lang.Exception.<init>(Exception.java:102)
	at org.apache.commons.math.MathException.<init>(MathException.java:80)
	at org.apache.commons.math.ode.IntegratorException.<init>(IntegratorException.java:48)
	at org.apache.commons.math.ode.events.CombinedEventsManager.evaluateStep(CombinedEventsManager.java:173)
	at org.apache.commons.math.ode.nonstiff.EmbeddedRungeKuttaIntegrator.integrate(EmbeddedRungeKuttaIntegrator.java:292)
	at org.apache.commons.math.ode.nonstiff.HighamHall54IntegratorTest.testEventsErrors(HighamHall54IntegratorTest.java:230)
	at sun.reflect.NativeMethodAccessorImpl.invoke0(Native Method)
	at sun.reflect.NativeMethodAccessorImpl.invoke(NativeMethodAccessorImpl.java:57)
	at sun.reflect.DelegatingMethodAccessorImpl.invoke(DelegatingMethodAccessorImpl.java:43)
	at java.lang.reflect.Method.invoke(Method.java:606)
	at junit.framework.TestCase.runTest(TestCase.java:176)
	at junit.framework.TestCase.runBare(TestCase.java:141)
	at junit.framework.TestResult$1.protect(TestResult.java:122)
	at junit.framework.TestResult.runProtected(TestResult.java:142)
	at junit.framework.TestResult.run(TestResult.java:125)
	at junit.framework.TestCase.run(TestCase.java:129)
	at junit.framework.TestSuite.runTest(TestSuite.java:255)
	at junit.framework.TestSuite.run(TestSuite.java:250)
	at org.junit.internal.runners.JUnit38ClassRunner.run(JUnit38ClassRunner.java:84)
	at com.gzoltar.lib.instrumentation.testing.junit.a.call(Unknown Source)
	at java.util.concurrent.FutureTask.run(FutureTask.java:262)
	at java.util.concurrent.ThreadPoolExecutor.runWorker(ThreadPoolExecutor.java:1145)
	at java.util.concurrent.ThreadPoolExecutor$Worker.run(ThreadPoolExecutor.java:615)
	at java.lang.Thread.run(Thread.java:745)
[ERROR] Class not found
java.lang.ClassNotFoundException: org.apache.commons.math.MessagesResources_en
	at java.lang.ClassLoader.findClass(ClassLoader.java:531)
	at java.lang.ClassLoader.loadClass(ClassLoader.java:425)
	at java.lang.ClassLoader.loadClass(ClassLoader.java:358)
	at com.gzoltar.lib.instrumentation.util.GZoltarClassLoader.loadClass(Unknown Source)
	at java.util.ResourceBundle$Control.newBundle(ResourceBundle.java:2566)
	at java.util.ResourceBundle.loadBundle(ResourceBundle.java:1436)
	at java.util.ResourceBundle.findBundle(ResourceBundle.java:1400)
	at java.util.ResourceBundle.findBundle(ResourceBundle.java:1354)
	at java.util.ResourceBundle.getBundleImpl(ResourceBundle.java:1296)
	at java.util.ResourceBundle.getBundle(ResourceBundle.java:795)
	at org.apache.commons.math.MathException.translate(MathException.java:110)
	at org.apache.commons.math.MathException.getMessage(MathException.java:153)
	at org.apache.commons.math.MathException.getLocalizedMessage(MathException.java:165)
	at java.lang.Throwable.toString(Throwable.java:480)
	at java.lang.Throwable.<init>(Throwable.java:311)
	at java.lang.Exception.<init>(Exception.java:102)
	at org.apache.commons.math.MathException.<init>(MathException.java:80)
	at org.apache.commons.math.ode.IntegratorException.<init>(IntegratorException.java:48)
	at org.apache.commons.math.ode.events.CombinedEventsManager.evaluateStep(CombinedEventsManager.java:173)
	at org.apache.commons.math.ode.nonstiff.EmbeddedRungeKuttaIntegrator.integrate(EmbeddedRungeKuttaIntegrator.java:292)
	at org.apache.commons.math.ode.nonstiff.HighamHall54IntegratorTest.testEventsErrors(HighamHall54IntegratorTest.java:230)
	at sun.reflect.NativeMethodAccessorImpl.invoke0(Native Method)
	at sun.reflect.NativeMethodAccessorImpl.invoke(NativeMethodAccessorImpl.java:57)
	at sun.reflect.DelegatingMethodAccessorImpl.invoke(DelegatingMethodAccessorImpl.java:43)
	at java.lang.reflect.Method.invoke(Method.java:606)
	at junit.framework.TestCase.runTest(TestCase.java:176)
	at junit.framework.TestCase.runBare(TestCase.java:141)
	at junit.framework.TestResult$1.protect(TestResult.java:122)
	at junit.framework.TestResult.runProtected(TestResult.java:142)
	at junit.framework.TestResult.run(TestResult.java:125)
	at junit.framework.TestCase.run(TestCase.java:129)
	at junit.framework.TestSuite.runTest(TestSuite.java:255)
	at junit.framework.TestSuite.run(TestSuite.java:250)
	at org.junit.internal.runners.JUnit38ClassRunner.run(JUnit38ClassRunner.java:84)
	at com.gzoltar.lib.instrumentation.testing.junit.a.call(Unknown Source)
	at java.util.concurrent.FutureTask.run(FutureTask.java:262)
	at java.util.concurrent.ThreadPoolExecutor.runWorker(ThreadPoolExecutor.java:1145)
	at java.util.concurrent.ThreadPoolExecutor$Worker.run(ThreadPoolExecutor.java:615)
	at java.lang.Thread.run(Thread.java:745)
[ERROR] Class not found
java.lang.ClassNotFoundException: org.apache.commons.math.MessagesResources_en_US
	at java.lang.ClassLoader.findClass(ClassLoader.java:531)
	at java.lang.ClassLoader.loadClass(ClassLoader.java:425)
	at java.lang.ClassLoader.loadClass(ClassLoader.java:358)
	at com.gzoltar.lib.instrumentation.util.GZoltarClassLoader.loadClass(Unknown Source)
	at java.util.ResourceBundle$Control.newBundle(ResourceBundle.java:2566)
	at java.util.ResourceBundle.loadBundle(ResourceBundle.java:1436)
	at java.util.ResourceBundle.findBundle(ResourceBundle.java:1400)
	at java.util.ResourceBundle.getBundleImpl(ResourceBundle.java:1296)
	at java.util.ResourceBundle.getBundle(ResourceBundle.java:795)
	at org.apache.commons.math.MathException.translate(MathException.java:110)
	at org.apache.commons.math.MathException.getMessage(MathException.java:153)
	at org.apache.commons.math.MathException.getLocalizedMessage(MathException.java:165)
	at java.lang.Throwable.toString(Throwable.java:480)
	at java.lang.Throwable.<init>(Throwable.java:311)
	at java.lang.Exception.<init>(Exception.java:102)
	at org.apache.commons.math.MathException.<init>(MathException.java:80)
	at org.apache.commons.math.ode.IntegratorException.<init>(IntegratorException.java:48)
	at org.apache.commons.math.ode.events.CombinedEventsManager.evaluateStep(CombinedEventsManager.java:173)
	at org.apache.commons.math.ode.nonstiff.EmbeddedRungeKuttaIntegrator.integrate(EmbeddedRungeKuttaIntegrator.java:292)
	at org.apache.commons.math.ode.nonstiff.HighamHall54IntegratorTest.testEventsErrors(HighamHall54IntegratorTest.java:230)
	at sun.reflect.NativeMethodAccessorImpl.invoke0(Native Method)
	at sun.reflect.NativeMethodAccessorImpl.invoke(NativeMethodAccessorImpl.java:57)
	at sun.reflect.DelegatingMethodAccessorImpl.invoke(DelegatingMethodAccessorImpl.java:43)
	at java.lang.reflect.Method.invoke(Method.java:606)
	at junit.framework.TestCase.runTest(TestCase.java:176)
	at junit.framework.TestCase.runBare(TestCase.java:141)
	at junit.framework.TestResult$1.protect(TestResult.java:122)
	at junit.framework.TestResult.runProtected(TestResult.java:142)
	at junit.framework.TestResult.run(TestResult.java:125)
	at junit.framework.TestCase.run(TestCase.java:129)
	at junit.framework.TestSuite.runTest(TestSuite.java:255)
	at junit.framework.TestSuite.run(TestSuite.java:250)
	at org.junit.internal.runners.JUnit38ClassRunner.run(JUnit38ClassRunner.java:84)
	at com.gzoltar.lib.instrumentation.testing.junit.a.call(Unknown Source)
	at java.util.concurrent.FutureTask.run(FutureTask.java:262)
	at java.util.concurrent.ThreadPoolExecutor.runWorker(ThreadPoolExecutor.java:1145)
	at java.util.concurrent.ThreadPoolExecutor$Worker.run(ThreadPoolExecutor.java:615)
	at java.lang.Thread.run(Thread.java:745)
* Finished org.apache.commons.math.ode.nonstiff.HighamHall54IntegratorTest#testEventsErrors
* Started org.apache.commons.math.ode.nonstiff.HighamHall54IntegratorTest#testKepler
* Finished org.apache.commons.math.ode.nonstiff.HighamHall54IntegratorTest#testKepler
* Started org.apache.commons.math.ode.nonstiff.HighamHall54IntegratorTest#testIncreasingTolerance
* Finished org.apache.commons.math.ode.nonstiff.HighamHall54IntegratorTest#testIncreasingTolerance
* Started org.apache.commons.math.ode.nonstiff.HighamHall54IntegratorTest#testEventsNoConvergence
[ERROR] Class not found
java.lang.ClassNotFoundException: org.apache.commons.math.MessagesResources
	at java.lang.ClassLoader.findClass(ClassLoader.java:531)
	at java.lang.ClassLoader.loadClass(ClassLoader.java:425)
	at java.lang.ClassLoader.loadClass(ClassLoader.java:358)
	at com.gzoltar.lib.instrumentation.util.GZoltarClassLoader.loadClass(Unknown Source)
	at java.util.ResourceBundle$Control.newBundle(ResourceBundle.java:2566)
	at java.util.ResourceBundle.loadBundle(ResourceBundle.java:1436)
	at java.util.ResourceBundle.findBundle(ResourceBundle.java:1400)
	at java.util.ResourceBundle.findBundle(ResourceBundle.java:1354)
	at java.util.ResourceBundle.findBundle(ResourceBundle.java:1354)
	at java.util.ResourceBundle.getBundleImpl(ResourceBundle.java:1296)
	at java.util.ResourceBundle.getBundle(ResourceBundle.java:795)
	at org.apache.commons.math.MathException.translate(MathException.java:110)
	at org.apache.commons.math.MathException.getMessage(MathException.java:153)
	at org.apache.commons.math.MathException.getLocalizedMessage(MathException.java:165)
	at java.lang.Throwable.toString(Throwable.java:480)
	at java.lang.Throwable.<init>(Throwable.java:311)
	at java.lang.Exception.<init>(Exception.java:102)
	at org.apache.commons.math.MathException.<init>(MathException.java:80)
	at org.apache.commons.math.ode.IntegratorException.<init>(IntegratorException.java:48)
	at org.apache.commons.math.ode.events.CombinedEventsManager.evaluateStep(CombinedEventsManager.java:175)
	at org.apache.commons.math.ode.nonstiff.EmbeddedRungeKuttaIntegrator.integrate(EmbeddedRungeKuttaIntegrator.java:292)
	at org.apache.commons.math.ode.nonstiff.HighamHall54IntegratorTest.testEventsNoConvergence(HighamHall54IntegratorTest.java:271)
	at sun.reflect.NativeMethodAccessorImpl.invoke0(Native Method)
	at sun.reflect.NativeMethodAccessorImpl.invoke(NativeMethodAccessorImpl.java:57)
	at sun.reflect.DelegatingMethodAccessorImpl.invoke(DelegatingMethodAccessorImpl.java:43)
	at java.lang.reflect.Method.invoke(Method.java:606)
	at junit.framework.TestCase.runTest(TestCase.java:176)
	at junit.framework.TestCase.runBare(TestCase.java:141)
	at junit.framework.TestResult$1.protect(TestResult.java:122)
	at junit.framework.TestResult.runProtected(TestResult.java:142)
	at junit.framework.TestResult.run(TestResult.java:125)
	at junit.framework.TestCase.run(TestCase.java:129)
	at junit.framework.TestSuite.runTest(TestSuite.java:255)
	at junit.framework.TestSuite.run(TestSuite.java:250)
	at org.junit.internal.runners.JUnit38ClassRunner.run(JUnit38ClassRunner.java:84)
	at com.gzoltar.lib.instrumentation.testing.junit.a.call(Unknown Source)
	at java.util.concurrent.FutureTask.run(FutureTask.java:262)
	at java.util.concurrent.ThreadPoolExecutor.runWorker(ThreadPoolExecutor.java:1145)
	at java.util.concurrent.ThreadPoolExecutor$Worker.run(ThreadPoolExecutor.java:615)
	at java.lang.Thread.run(Thread.java:745)
[ERROR] Class not found
java.lang.ClassNotFoundException: org.apache.commons.math.MessagesResources_en
	at java.lang.ClassLoader.findClass(ClassLoader.java:531)
	at java.lang.ClassLoader.loadClass(ClassLoader.java:425)
	at java.lang.ClassLoader.loadClass(ClassLoader.java:358)
	at com.gzoltar.lib.instrumentation.util.GZoltarClassLoader.loadClass(Unknown Source)
	at java.util.ResourceBundle$Control.newBundle(ResourceBundle.java:2566)
	at java.util.ResourceBundle.loadBundle(ResourceBundle.java:1436)
	at java.util.ResourceBundle.findBundle(ResourceBundle.java:1400)
	at java.util.ResourceBundle.findBundle(ResourceBundle.java:1354)
	at java.util.ResourceBundle.getBundleImpl(ResourceBundle.java:1296)
	at java.util.ResourceBundle.getBundle(ResourceBundle.java:795)
	at org.apache.commons.math.MathException.translate(MathException.java:110)
	at org.apache.commons.math.MathException.getMessage(MathException.java:153)
	at org.apache.commons.math.MathException.getLocalizedMessage(MathException.java:165)
	at java.lang.Throwable.toString(Throwable.java:480)
	at java.lang.Throwable.<init>(Throwable.java:311)
	at java.lang.Exception.<init>(Exception.java:102)
	at org.apache.commons.math.MathException.<init>(MathException.java:80)
	at org.apache.commons.math.ode.IntegratorException.<init>(IntegratorException.java:48)
	at org.apache.commons.math.ode.events.CombinedEventsManager.evaluateStep(CombinedEventsManager.java:175)
	at org.apache.commons.math.ode.nonstiff.EmbeddedRungeKuttaIntegrator.integrate(EmbeddedRungeKuttaIntegrator.java:292)
	at org.apache.commons.math.ode.nonstiff.HighamHall54IntegratorTest.testEventsNoConvergence(HighamHall54IntegratorTest.java:271)
	at sun.reflect.NativeMethodAccessorImpl.invoke0(Native Method)
	at sun.reflect.NativeMethodAccessorImpl.invoke(NativeMethodAccessorImpl.java:57)
	at sun.reflect.DelegatingMethodAccessorImpl.invoke(DelegatingMethodAccessorImpl.java:43)
	at java.lang.reflect.Method.invoke(Method.java:606)
	at junit.framework.TestCase.runTest(TestCase.java:176)
	at junit.framework.TestCase.runBare(TestCase.java:141)
	at junit.framework.TestResult$1.protect(TestResult.java:122)
	at junit.framework.TestResult.runProtected(TestResult.java:142)
	at junit.framework.TestResult.run(TestResult.java:125)
	at junit.framework.TestCase.run(TestCase.java:129)
	at junit.framework.TestSuite.runTest(TestSuite.java:255)
	at junit.framework.TestSuite.run(TestSuite.java:250)
	at org.junit.internal.runners.JUnit38ClassRunner.run(JUnit38ClassRunner.java:84)
	at com.gzoltar.lib.instrumentation.testing.junit.a.call(Unknown Source)
	at java.util.concurrent.FutureTask.run(FutureTask.java:262)
	at java.util.concurrent.ThreadPoolExecutor.runWorker(ThreadPoolExecutor.java:1145)
	at java.util.concurrent.ThreadPoolExecutor$Worker.run(ThreadPoolExecutor.java:615)
	at java.lang.Thread.run(Thread.java:745)
[ERROR] Class not found
java.lang.ClassNotFoundException: org.apache.commons.math.MessagesResources_en_US
	at java.lang.ClassLoader.findClass(ClassLoader.java:531)
	at java.lang.ClassLoader.loadClass(ClassLoader.java:425)
	at java.lang.ClassLoader.loadClass(ClassLoader.java:358)
	at com.gzoltar.lib.instrumentation.util.GZoltarClassLoader.loadClass(Unknown Source)
	at java.util.ResourceBundle$Control.newBundle(ResourceBundle.java:2566)
	at java.util.ResourceBundle.loadBundle(ResourceBundle.java:1436)
	at java.util.ResourceBundle.findBundle(ResourceBundle.java:1400)
	at java.util.ResourceBundle.getBundleImpl(ResourceBundle.java:1296)
	at java.util.ResourceBundle.getBundle(ResourceBundle.java:795)
	at org.apache.commons.math.MathException.translate(MathException.java:110)
	at org.apache.commons.math.MathException.getMessage(MathException.java:153)
	at org.apache.commons.math.MathException.getLocalizedMessage(MathException.java:165)
	at java.lang.Throwable.toString(Throwable.java:480)
	at java.lang.Throwable.<init>(Throwable.java:311)
	at java.lang.Exception.<init>(Exception.java:102)
	at org.apache.commons.math.MathException.<init>(MathException.java:80)
	at org.apache.commons.math.ode.IntegratorException.<init>(IntegratorException.java:48)
	at org.apache.commons.math.ode.events.CombinedEventsManager.evaluateStep(CombinedEventsManager.java:175)
	at org.apache.commons.math.ode.nonstiff.EmbeddedRungeKuttaIntegrator.integrate(EmbeddedRungeKuttaIntegrator.java:292)
	at org.apache.commons.math.ode.nonstiff.HighamHall54IntegratorTest.testEventsNoConvergence(HighamHall54IntegratorTest.java:271)
	at sun.reflect.NativeMethodAccessorImpl.invoke0(Native Method)
	at sun.reflect.NativeMethodAccessorImpl.invoke(NativeMethodAccessorImpl.java:57)
	at sun.reflect.DelegatingMethodAccessorImpl.invoke(DelegatingMethodAccessorImpl.java:43)
	at java.lang.reflect.Method.invoke(Method.java:606)
	at junit.framework.TestCase.runTest(TestCase.java:176)
	at junit.framework.TestCase.runBare(TestCase.java:141)
	at junit.framework.TestResult$1.protect(TestResult.java:122)
	at junit.framework.TestResult.runProtected(TestResult.java:142)
	at junit.framework.TestResult.run(TestResult.java:125)
	at junit.framework.TestCase.run(TestCase.java:129)
	at junit.framework.TestSuite.runTest(TestSuite.java:255)
	at junit.framework.TestSuite.run(TestSuite.java:250)
	at org.junit.internal.runners.JUnit38ClassRunner.run(JUnit38ClassRunner.java:84)
	at com.gzoltar.lib.instrumentation.testing.junit.a.call(Unknown Source)
	at java.util.concurrent.FutureTask.run(FutureTask.java:262)
	at java.util.concurrent.ThreadPoolExecutor.runWorker(ThreadPoolExecutor.java:1145)
	at java.util.concurrent.ThreadPoolExecutor$Worker.run(ThreadPoolExecutor.java:615)
	at java.lang.Thread.run(Thread.java:745)
* Finished org.apache.commons.math.ode.nonstiff.HighamHall54IntegratorTest#testEventsNoConvergence
* Started org.apache.commons.math.ode.nonstiff.HighamHall54IntegratorTest#testSanityChecks
* Finished org.apache.commons.math.ode.nonstiff.HighamHall54IntegratorTest#testSanityChecks
* Started org.apache.commons.math.ode.nonstiff.GillStepInterpolatorTest#testDerivativesConsistency
* Finished org.apache.commons.math.ode.nonstiff.GillStepInterpolatorTest#testDerivativesConsistency
* Started org.apache.commons.math.ode.nonstiff.GillStepInterpolatorTest#serialization
* Finished org.apache.commons.math.ode.nonstiff.GillStepInterpolatorTest#serialization
* Started org.apache.commons.math.ode.nonstiff.ClassicalRungeKuttaStepInterpolatorTest#derivativesConsistency
* Finished org.apache.commons.math.ode.nonstiff.ClassicalRungeKuttaStepInterpolatorTest#derivativesConsistency
* Started org.apache.commons.math.ode.nonstiff.ClassicalRungeKuttaStepInterpolatorTest#serialization
* Finished org.apache.commons.math.ode.nonstiff.ClassicalRungeKuttaStepInterpolatorTest#serialization
* Started org.apache.commons.math.ode.nonstiff.DormandPrince853StepInterpolatorTest#derivativesConsistency
* Finished org.apache.commons.math.ode.nonstiff.DormandPrince853StepInterpolatorTest#derivativesConsistency
* Started org.apache.commons.math.ode.nonstiff.DormandPrince853StepInterpolatorTest#checklone
* Finished org.apache.commons.math.ode.nonstiff.DormandPrince853StepInterpolatorTest#checklone
* Started org.apache.commons.math.ode.nonstiff.DormandPrince853StepInterpolatorTest#serialization
* Finished org.apache.commons.math.ode.nonstiff.DormandPrince853StepInterpolatorTest#serialization
* Started org.apache.commons.math.ode.nonstiff.DormandPrince853IntegratorTest#testDimensionCheck
* Finished org.apache.commons.math.ode.nonstiff.DormandPrince853IntegratorTest#testDimensionCheck
* Started org.apache.commons.math.ode.nonstiff.DormandPrince853IntegratorTest#testBackward
* Finished org.apache.commons.math.ode.nonstiff.DormandPrince853IntegratorTest#testBackward
* Started org.apache.commons.math.ode.nonstiff.DormandPrince853IntegratorTest#testVariableSteps
* Finished org.apache.commons.math.ode.nonstiff.DormandPrince853IntegratorTest#testVariableSteps
* Started org.apache.commons.math.ode.nonstiff.DormandPrince853IntegratorTest#testNoDenseOutput
* Finished org.apache.commons.math.ode.nonstiff.DormandPrince853IntegratorTest#testNoDenseOutput
* Started org.apache.commons.math.ode.nonstiff.DormandPrince853IntegratorTest#testMinStep
* Finished org.apache.commons.math.ode.nonstiff.DormandPrince853IntegratorTest#testMinStep
* Started org.apache.commons.math.ode.nonstiff.DormandPrince853IntegratorTest#testUnstableDerivative
* Finished org.apache.commons.math.ode.nonstiff.DormandPrince853IntegratorTest#testUnstableDerivative
* Started org.apache.commons.math.ode.nonstiff.DormandPrince853IntegratorTest#testNullIntervalCheck
* Finished org.apache.commons.math.ode.nonstiff.DormandPrince853IntegratorTest#testNullIntervalCheck
* Started org.apache.commons.math.ode.nonstiff.DormandPrince853IntegratorTest#testEvents
* Finished org.apache.commons.math.ode.nonstiff.DormandPrince853IntegratorTest#testEvents
* Started org.apache.commons.math.ode.nonstiff.DormandPrince853IntegratorTest#testKepler
* Finished org.apache.commons.math.ode.nonstiff.DormandPrince853IntegratorTest#testKepler
* Started org.apache.commons.math.ode.nonstiff.DormandPrince853IntegratorTest#testIncreasingTolerance
* Finished org.apache.commons.math.ode.nonstiff.DormandPrince853IntegratorTest#testIncreasingTolerance
* Started org.apache.commons.math.ode.nonstiff.ThreeEighthesIntegratorTest#testDimensionCheck
* Finished org.apache.commons.math.ode.nonstiff.ThreeEighthesIntegratorTest#testDimensionCheck
* Started org.apache.commons.math.ode.nonstiff.ThreeEighthesIntegratorTest#testBackward
* Finished org.apache.commons.math.ode.nonstiff.ThreeEighthesIntegratorTest#testBackward
* Started org.apache.commons.math.ode.nonstiff.ThreeEighthesIntegratorTest#testSmallStep
* Finished org.apache.commons.math.ode.nonstiff.ThreeEighthesIntegratorTest#testSmallStep
* Started org.apache.commons.math.ode.nonstiff.ThreeEighthesIntegratorTest#testDecreasingSteps
* Finished org.apache.commons.math.ode.nonstiff.ThreeEighthesIntegratorTest#testDecreasingSteps
* Started org.apache.commons.math.ode.nonstiff.ThreeEighthesIntegratorTest#testBigStep
* Finished org.apache.commons.math.ode.nonstiff.ThreeEighthesIntegratorTest#testBigStep
* Started org.apache.commons.math.ode.nonstiff.ThreeEighthesIntegratorTest#testKepler
* Finished org.apache.commons.math.ode.nonstiff.ThreeEighthesIntegratorTest#testKepler
* Started org.apache.commons.math.ode.nonstiff.ThreeEighthesIntegratorTest#testStepSize
* Finished org.apache.commons.math.ode.nonstiff.ThreeEighthesIntegratorTest#testStepSize
* Started org.apache.commons.math.ode.nonstiff.DormandPrince54IntegratorTest#testSmallLastStep
* Finished org.apache.commons.math.ode.nonstiff.DormandPrince54IntegratorTest#testSmallLastStep
* Started org.apache.commons.math.ode.nonstiff.DormandPrince54IntegratorTest#testDimensionCheck
* Finished org.apache.commons.math.ode.nonstiff.DormandPrince54IntegratorTest#testDimensionCheck
* Started org.apache.commons.math.ode.nonstiff.DormandPrince54IntegratorTest#testBackward
* Finished org.apache.commons.math.ode.nonstiff.DormandPrince54IntegratorTest#testBackward
* Started org.apache.commons.math.ode.nonstiff.DormandPrince54IntegratorTest#testVariableSteps
* Finished org.apache.commons.math.ode.nonstiff.DormandPrince54IntegratorTest#testVariableSteps
* Started org.apache.commons.math.ode.nonstiff.DormandPrince54IntegratorTest#testMinStep
* Finished org.apache.commons.math.ode.nonstiff.DormandPrince54IntegratorTest#testMinStep
* Started org.apache.commons.math.ode.nonstiff.DormandPrince54IntegratorTest#testEvents
* Finished org.apache.commons.math.ode.nonstiff.DormandPrince54IntegratorTest#testEvents
* Started org.apache.commons.math.ode.nonstiff.DormandPrince54IntegratorTest#testKepler
* Finished org.apache.commons.math.ode.nonstiff.DormandPrince54IntegratorTest#testKepler
* Started org.apache.commons.math.ode.nonstiff.DormandPrince54IntegratorTest#testIncreasingTolerance
* Finished org.apache.commons.math.ode.nonstiff.DormandPrince54IntegratorTest#testIncreasingTolerance
* Started org.apache.commons.math.ode.nonstiff.EulerIntegratorTest#testDimensionCheck
* Finished org.apache.commons.math.ode.nonstiff.EulerIntegratorTest#testDimensionCheck
* Started org.apache.commons.math.ode.nonstiff.EulerIntegratorTest#testBackward
* Finished org.apache.commons.math.ode.nonstiff.EulerIntegratorTest#testBackward
* Started org.apache.commons.math.ode.nonstiff.EulerIntegratorTest#testSmallStep
* Finished org.apache.commons.math.ode.nonstiff.EulerIntegratorTest#testSmallStep
* Started org.apache.commons.math.ode.nonstiff.EulerIntegratorTest#testDecreasingSteps
* Finished org.apache.commons.math.ode.nonstiff.EulerIntegratorTest#testDecreasingSteps
* Started org.apache.commons.math.ode.nonstiff.EulerIntegratorTest#testBigStep
* Finished org.apache.commons.math.ode.nonstiff.EulerIntegratorTest#testBigStep
* Started org.apache.commons.math.ode.nonstiff.EulerIntegratorTest#testStepSize
* Finished org.apache.commons.math.ode.nonstiff.EulerIntegratorTest#testStepSize
* Started org.apache.commons.math.ode.nonstiff.DormandPrince54StepInterpolatorTest#derivativesConsistency
* Finished org.apache.commons.math.ode.nonstiff.DormandPrince54StepInterpolatorTest#derivativesConsistency
* Started org.apache.commons.math.ode.nonstiff.DormandPrince54StepInterpolatorTest#checkClone
* Finished org.apache.commons.math.ode.nonstiff.DormandPrince54StepInterpolatorTest#checkClone
* Started org.apache.commons.math.ode.nonstiff.DormandPrince54StepInterpolatorTest#serialization
* Finished org.apache.commons.math.ode.nonstiff.DormandPrince54StepInterpolatorTest#serialization
* Started org.apache.commons.math.ode.nonstiff.AdamsBashforthIntegratorTest#polynomial
* Finished org.apache.commons.math.ode.nonstiff.AdamsBashforthIntegratorTest#polynomial
* Started org.apache.commons.math.ode.nonstiff.AdamsBashforthIntegratorTest#dimensionCheck
* Finished org.apache.commons.math.ode.nonstiff.AdamsBashforthIntegratorTest#dimensionCheck
* Started org.apache.commons.math.ode.nonstiff.AdamsBashforthIntegratorTest#testMinStep
* Finished org.apache.commons.math.ode.nonstiff.AdamsBashforthIntegratorTest#testMinStep
* Started org.apache.commons.math.ode.nonstiff.AdamsBashforthIntegratorTest#exceedMaxEvaluations
[ERROR] Class not found
java.lang.ClassNotFoundException: org.apache.commons.math.MessagesResources
	at java.lang.ClassLoader.findClass(ClassLoader.java:531)
	at java.lang.ClassLoader.loadClass(ClassLoader.java:425)
	at java.lang.ClassLoader.loadClass(ClassLoader.java:358)
	at com.gzoltar.lib.instrumentation.util.GZoltarClassLoader.loadClass(Unknown Source)
	at java.util.ResourceBundle$Control.newBundle(ResourceBundle.java:2566)
	at java.util.ResourceBundle.loadBundle(ResourceBundle.java:1436)
	at java.util.ResourceBundle.findBundle(ResourceBundle.java:1400)
	at java.util.ResourceBundle.findBundle(ResourceBundle.java:1354)
	at java.util.ResourceBundle.findBundle(ResourceBundle.java:1354)
	at java.util.ResourceBundle.getBundleImpl(ResourceBundle.java:1296)
	at java.util.ResourceBundle.getBundle(ResourceBundle.java:795)
	at org.apache.commons.math.MathException.translate(MathException.java:110)
	at org.apache.commons.math.MathException.getMessage(MathException.java:153)
	at org.apache.commons.math.MathException.getLocalizedMessage(MathException.java:165)
	at java.lang.Throwable.toString(Throwable.java:480)
	at java.lang.Throwable.<init>(Throwable.java:311)
	at java.lang.Exception.<init>(Exception.java:102)
	at org.apache.commons.math.MathException.<init>(MathException.java:80)
	at org.apache.commons.math.ode.DerivativeException.<init>(DerivativeException.java:48)
	at org.apache.commons.math.ode.AbstractIntegrator.computeDerivatives(AbstractIntegrator.java:180)
	at org.apache.commons.math.ode.nonstiff.AdamsBashforthIntegrator.integrate(AdamsBashforthIntegrator.java:256)
	at org.apache.commons.math.ode.nonstiff.AdamsBashforthIntegratorTest.exceedMaxEvaluations(AdamsBashforthIntegratorTest.java:111)
	at sun.reflect.NativeMethodAccessorImpl.invoke0(Native Method)
	at sun.reflect.NativeMethodAccessorImpl.invoke(NativeMethodAccessorImpl.java:57)
	at sun.reflect.DelegatingMethodAccessorImpl.invoke(DelegatingMethodAccessorImpl.java:43)
	at java.lang.reflect.Method.invoke(Method.java:606)
	at org.junit.runners.model.FrameworkMethod$1.runReflectiveCall(FrameworkMethod.java:47)
	at org.junit.internal.runners.model.ReflectiveCallable.run(ReflectiveCallable.java:12)
	at org.junit.runners.model.FrameworkMethod.invokeExplosively(FrameworkMethod.java:44)
	at org.junit.internal.runners.statements.InvokeMethod.evaluate(InvokeMethod.java:17)
	at org.junit.internal.runners.statements.ExpectException.evaluate(ExpectException.java:19)
	at org.junit.runners.ParentRunner.runLeaf(ParentRunner.java:271)
	at org.junit.runners.BlockJUnit4ClassRunner.runChild(BlockJUnit4ClassRunner.java:70)
	at org.junit.runners.BlockJUnit4ClassRunner.runChild(BlockJUnit4ClassRunner.java:50)
	at org.junit.runners.ParentRunner$3.run(ParentRunner.java:238)
	at org.junit.runners.ParentRunner$1.schedule(ParentRunner.java:63)
	at org.junit.runners.ParentRunner.runChildren(ParentRunner.java:236)
	at org.junit.runners.ParentRunner.access$000(ParentRunner.java:53)
	at org.junit.runners.ParentRunner$2.evaluate(ParentRunner.java:229)
	at org.junit.runners.ParentRunner.run(ParentRunner.java:309)
	at com.gzoltar.lib.instrumentation.testing.junit.a.call(Unknown Source)
	at java.util.concurrent.FutureTask.run(FutureTask.java:262)
	at java.util.concurrent.ThreadPoolExecutor.runWorker(ThreadPoolExecutor.java:1145)
	at java.util.concurrent.ThreadPoolExecutor$Worker.run(ThreadPoolExecutor.java:615)
	at java.lang.Thread.run(Thread.java:745)
[ERROR] Class not found
java.lang.ClassNotFoundException: org.apache.commons.math.MessagesResources_en
	at java.lang.ClassLoader.findClass(ClassLoader.java:531)
	at java.lang.ClassLoader.loadClass(ClassLoader.java:425)
	at java.lang.ClassLoader.loadClass(ClassLoader.java:358)
	at com.gzoltar.lib.instrumentation.util.GZoltarClassLoader.loadClass(Unknown Source)
	at java.util.ResourceBundle$Control.newBundle(ResourceBundle.java:2566)
	at java.util.ResourceBundle.loadBundle(ResourceBundle.java:1436)
	at java.util.ResourceBundle.findBundle(ResourceBundle.java:1400)
	at java.util.ResourceBundle.findBundle(ResourceBundle.java:1354)
	at java.util.ResourceBundle.getBundleImpl(ResourceBundle.java:1296)
	at java.util.ResourceBundle.getBundle(ResourceBundle.java:795)
	at org.apache.commons.math.MathException.translate(MathException.java:110)
	at org.apache.commons.math.MathException.getMessage(MathException.java:153)
	at org.apache.commons.math.MathException.getLocalizedMessage(MathException.java:165)
	at java.lang.Throwable.toString(Throwable.java:480)
	at java.lang.Throwable.<init>(Throwable.java:311)
	at java.lang.Exception.<init>(Exception.java:102)
	at org.apache.commons.math.MathException.<init>(MathException.java:80)
	at org.apache.commons.math.ode.DerivativeException.<init>(DerivativeException.java:48)
	at org.apache.commons.math.ode.AbstractIntegrator.computeDerivatives(AbstractIntegrator.java:180)
	at org.apache.commons.math.ode.nonstiff.AdamsBashforthIntegrator.integrate(AdamsBashforthIntegrator.java:256)
	at org.apache.commons.math.ode.nonstiff.AdamsBashforthIntegratorTest.exceedMaxEvaluations(AdamsBashforthIntegratorTest.java:111)
	at sun.reflect.NativeMethodAccessorImpl.invoke0(Native Method)
	at sun.reflect.NativeMethodAccessorImpl.invoke(NativeMethodAccessorImpl.java:57)
	at sun.reflect.DelegatingMethodAccessorImpl.invoke(DelegatingMethodAccessorImpl.java:43)
	at java.lang.reflect.Method.invoke(Method.java:606)
	at org.junit.runners.model.FrameworkMethod$1.runReflectiveCall(FrameworkMethod.java:47)
	at org.junit.internal.runners.model.ReflectiveCallable.run(ReflectiveCallable.java:12)
	at org.junit.runners.model.FrameworkMethod.invokeExplosively(FrameworkMethod.java:44)
	at org.junit.internal.runners.statements.InvokeMethod.evaluate(InvokeMethod.java:17)
	at org.junit.internal.runners.statements.ExpectException.evaluate(ExpectException.java:19)
	at org.junit.runners.ParentRunner.runLeaf(ParentRunner.java:271)
	at org.junit.runners.BlockJUnit4ClassRunner.runChild(BlockJUnit4ClassRunner.java:70)
	at org.junit.runners.BlockJUnit4ClassRunner.runChild(BlockJUnit4ClassRunner.java:50)
	at org.junit.runners.ParentRunner$3.run(ParentRunner.java:238)
	at org.junit.runners.ParentRunner$1.schedule(ParentRunner.java:63)
	at org.junit.runners.ParentRunner.runChildren(ParentRunner.java:236)
	at org.junit.runners.ParentRunner.access$000(ParentRunner.java:53)
	at org.junit.runners.ParentRunner$2.evaluate(ParentRunner.java:229)
	at org.junit.runners.ParentRunner.run(ParentRunner.java:309)
	at com.gzoltar.lib.instrumentation.testing.junit.a.call(Unknown Source)
	at java.util.concurrent.FutureTask.run(FutureTask.java:262)
	at java.util.concurrent.ThreadPoolExecutor.runWorker(ThreadPoolExecutor.java:1145)
	at java.util.concurrent.ThreadPoolExecutor$Worker.run(ThreadPoolExecutor.java:615)
	at java.lang.Thread.run(Thread.java:745)
[ERROR] Class not found
java.lang.ClassNotFoundException: org.apache.commons.math.MessagesResources_en_US
	at java.lang.ClassLoader.findClass(ClassLoader.java:531)
	at java.lang.ClassLoader.loadClass(ClassLoader.java:425)
	at java.lang.ClassLoader.loadClass(ClassLoader.java:358)
	at com.gzoltar.lib.instrumentation.util.GZoltarClassLoader.loadClass(Unknown Source)
	at java.util.ResourceBundle$Control.newBundle(ResourceBundle.java:2566)
	at java.util.ResourceBundle.loadBundle(ResourceBundle.java:1436)
	at java.util.ResourceBundle.findBundle(ResourceBundle.java:1400)
	at java.util.ResourceBundle.getBundleImpl(ResourceBundle.java:1296)
	at java.util.ResourceBundle.getBundle(ResourceBundle.java:795)
	at org.apache.commons.math.MathException.translate(MathException.java:110)
	at org.apache.commons.math.MathException.getMessage(MathException.java:153)
	at org.apache.commons.math.MathException.getLocalizedMessage(MathException.java:165)
	at java.lang.Throwable.toString(Throwable.java:480)
	at java.lang.Throwable.<init>(Throwable.java:311)
	at java.lang.Exception.<init>(Exception.java:102)
	at org.apache.commons.math.MathException.<init>(MathException.java:80)
	at org.apache.commons.math.ode.DerivativeException.<init>(DerivativeException.java:48)
	at org.apache.commons.math.ode.AbstractIntegrator.computeDerivatives(AbstractIntegrator.java:180)
	at org.apache.commons.math.ode.nonstiff.AdamsBashforthIntegrator.integrate(AdamsBashforthIntegrator.java:256)
	at org.apache.commons.math.ode.nonstiff.AdamsBashforthIntegratorTest.exceedMaxEvaluations(AdamsBashforthIntegratorTest.java:111)
	at sun.reflect.NativeMethodAccessorImpl.invoke0(Native Method)
	at sun.reflect.NativeMethodAccessorImpl.invoke(NativeMethodAccessorImpl.java:57)
	at sun.reflect.DelegatingMethodAccessorImpl.invoke(DelegatingMethodAccessorImpl.java:43)
	at java.lang.reflect.Method.invoke(Method.java:606)
	at org.junit.runners.model.FrameworkMethod$1.runReflectiveCall(FrameworkMethod.java:47)
	at org.junit.internal.runners.model.ReflectiveCallable.run(ReflectiveCallable.java:12)
	at org.junit.runners.model.FrameworkMethod.invokeExplosively(FrameworkMethod.java:44)
	at org.junit.internal.runners.statements.InvokeMethod.evaluate(InvokeMethod.java:17)
	at org.junit.internal.runners.statements.ExpectException.evaluate(ExpectException.java:19)
	at org.junit.runners.ParentRunner.runLeaf(ParentRunner.java:271)
	at org.junit.runners.BlockJUnit4ClassRunner.runChild(BlockJUnit4ClassRunner.java:70)
	at org.junit.runners.BlockJUnit4ClassRunner.runChild(BlockJUnit4ClassRunner.java:50)
	at org.junit.runners.ParentRunner$3.run(ParentRunner.java:238)
	at org.junit.runners.ParentRunner$1.schedule(ParentRunner.java:63)
	at org.junit.runners.ParentRunner.runChildren(ParentRunner.java:236)
	at org.junit.runners.ParentRunner.access$000(ParentRunner.java:53)
	at org.junit.runners.ParentRunner$2.evaluate(ParentRunner.java:229)
	at org.junit.runners.ParentRunner.run(ParentRunner.java:309)
	at com.gzoltar.lib.instrumentation.testing.junit.a.call(Unknown Source)
	at java.util.concurrent.FutureTask.run(FutureTask.java:262)
	at java.util.concurrent.ThreadPoolExecutor.runWorker(ThreadPoolExecutor.java:1145)
	at java.util.concurrent.ThreadPoolExecutor$Worker.run(ThreadPoolExecutor.java:615)
	at java.lang.Thread.run(Thread.java:745)
* Finished org.apache.commons.math.ode.nonstiff.AdamsBashforthIntegratorTest#exceedMaxEvaluations
* Started org.apache.commons.math.ode.nonstiff.AdamsBashforthIntegratorTest#testIncreasingTolerance
* Finished org.apache.commons.math.ode.nonstiff.AdamsBashforthIntegratorTest#testIncreasingTolerance
* Started org.apache.commons.math.ode.nonstiff.AdamsBashforthIntegratorTest#backward
* Finished org.apache.commons.math.ode.nonstiff.AdamsBashforthIntegratorTest#backward
* Started org.apache.commons.math.ode.nonstiff.EulerStepInterpolatorTest#interpolationAtBounds
* Finished org.apache.commons.math.ode.nonstiff.EulerStepInterpolatorTest#interpolationAtBounds
* Started org.apache.commons.math.ode.nonstiff.EulerStepInterpolatorTest#derivativesConsistency
* Finished org.apache.commons.math.ode.nonstiff.EulerStepInterpolatorTest#derivativesConsistency
* Started org.apache.commons.math.ode.nonstiff.EulerStepInterpolatorTest#interpolationInside
* Finished org.apache.commons.math.ode.nonstiff.EulerStepInterpolatorTest#interpolationInside
* Started org.apache.commons.math.ode.nonstiff.EulerStepInterpolatorTest#serialization
* Finished org.apache.commons.math.ode.nonstiff.EulerStepInterpolatorTest#serialization
* Started org.apache.commons.math.ode.nonstiff.EulerStepInterpolatorTest#noReset
* Finished org.apache.commons.math.ode.nonstiff.EulerStepInterpolatorTest#noReset
* Started org.apache.commons.math.ode.nonstiff.ClassicalRungeKuttaIntegratorTest#testBackward
* Finished org.apache.commons.math.ode.nonstiff.ClassicalRungeKuttaIntegratorTest#testBackward
* Started org.apache.commons.math.ode.nonstiff.ClassicalRungeKuttaIntegratorTest#testSmallStep
* Finished org.apache.commons.math.ode.nonstiff.ClassicalRungeKuttaIntegratorTest#testSmallStep
* Started org.apache.commons.math.ode.nonstiff.ClassicalRungeKuttaIntegratorTest#testDecreasingSteps
* Finished org.apache.commons.math.ode.nonstiff.ClassicalRungeKuttaIntegratorTest#testDecreasingSteps
* Started org.apache.commons.math.ode.nonstiff.ClassicalRungeKuttaIntegratorTest#testBigStep
* Finished org.apache.commons.math.ode.nonstiff.ClassicalRungeKuttaIntegratorTest#testBigStep
* Started org.apache.commons.math.ode.nonstiff.ClassicalRungeKuttaIntegratorTest#testKepler
* Finished org.apache.commons.math.ode.nonstiff.ClassicalRungeKuttaIntegratorTest#testKepler
* Started org.apache.commons.math.ode.nonstiff.ClassicalRungeKuttaIntegratorTest#testSanityChecks
* Finished org.apache.commons.math.ode.nonstiff.ClassicalRungeKuttaIntegratorTest#testSanityChecks
* Started org.apache.commons.math.ode.nonstiff.ClassicalRungeKuttaIntegratorTest#testStepSize
* Finished org.apache.commons.math.ode.nonstiff.ClassicalRungeKuttaIntegratorTest#testStepSize
* Started org.apache.commons.math.ode.nonstiff.AdamsMoultonIntegratorTest#polynomial
* Finished org.apache.commons.math.ode.nonstiff.AdamsMoultonIntegratorTest#polynomial
* Started org.apache.commons.math.ode.nonstiff.AdamsMoultonIntegratorTest#dimensionCheck
* Finished org.apache.commons.math.ode.nonstiff.AdamsMoultonIntegratorTest#dimensionCheck
* Started org.apache.commons.math.ode.nonstiff.AdamsMoultonIntegratorTest#testMinStep
* Finished org.apache.commons.math.ode.nonstiff.AdamsMoultonIntegratorTest#testMinStep
* Started org.apache.commons.math.ode.nonstiff.AdamsMoultonIntegratorTest#exceedMaxEvaluations
[ERROR] Class not found
java.lang.ClassNotFoundException: org.apache.commons.math.MessagesResources
	at java.lang.ClassLoader.findClass(ClassLoader.java:531)
	at java.lang.ClassLoader.loadClass(ClassLoader.java:425)
	at java.lang.ClassLoader.loadClass(ClassLoader.java:358)
	at com.gzoltar.lib.instrumentation.util.GZoltarClassLoader.loadClass(Unknown Source)
	at java.util.ResourceBundle$Control.newBundle(ResourceBundle.java:2566)
	at java.util.ResourceBundle.loadBundle(ResourceBundle.java:1436)
	at java.util.ResourceBundle.findBundle(ResourceBundle.java:1400)
	at java.util.ResourceBundle.findBundle(ResourceBundle.java:1354)
	at java.util.ResourceBundle.findBundle(ResourceBundle.java:1354)
	at java.util.ResourceBundle.getBundleImpl(ResourceBundle.java:1296)
	at java.util.ResourceBundle.getBundle(ResourceBundle.java:795)
	at org.apache.commons.math.MathException.translate(MathException.java:110)
	at org.apache.commons.math.MathException.getMessage(MathException.java:153)
	at org.apache.commons.math.MathException.getLocalizedMessage(MathException.java:165)
	at java.lang.Throwable.toString(Throwable.java:480)
	at java.lang.Throwable.<init>(Throwable.java:311)
	at java.lang.Exception.<init>(Exception.java:102)
	at org.apache.commons.math.MathException.<init>(MathException.java:80)
	at org.apache.commons.math.ode.DerivativeException.<init>(DerivativeException.java:48)
	at org.apache.commons.math.ode.AbstractIntegrator.computeDerivatives(AbstractIntegrator.java:180)
	at org.apache.commons.math.ode.nonstiff.AdamsMoultonIntegrator.integrate(AdamsMoultonIntegrator.java:275)
	at org.apache.commons.math.ode.nonstiff.AdamsMoultonIntegratorTest.exceedMaxEvaluations(AdamsMoultonIntegratorTest.java:111)
	at sun.reflect.NativeMethodAccessorImpl.invoke0(Native Method)
	at sun.reflect.NativeMethodAccessorImpl.invoke(NativeMethodAccessorImpl.java:57)
	at sun.reflect.DelegatingMethodAccessorImpl.invoke(DelegatingMethodAccessorImpl.java:43)
	at java.lang.reflect.Method.invoke(Method.java:606)
	at org.junit.runners.model.FrameworkMethod$1.runReflectiveCall(FrameworkMethod.java:47)
	at org.junit.internal.runners.model.ReflectiveCallable.run(ReflectiveCallable.java:12)
	at org.junit.runners.model.FrameworkMethod.invokeExplosively(FrameworkMethod.java:44)
	at org.junit.internal.runners.statements.InvokeMethod.evaluate(InvokeMethod.java:17)
	at org.junit.internal.runners.statements.ExpectException.evaluate(ExpectException.java:19)
	at org.junit.runners.ParentRunner.runLeaf(ParentRunner.java:271)
	at org.junit.runners.BlockJUnit4ClassRunner.runChild(BlockJUnit4ClassRunner.java:70)
	at org.junit.runners.BlockJUnit4ClassRunner.runChild(BlockJUnit4ClassRunner.java:50)
	at org.junit.runners.ParentRunner$3.run(ParentRunner.java:238)
	at org.junit.runners.ParentRunner$1.schedule(ParentRunner.java:63)
	at org.junit.runners.ParentRunner.runChildren(ParentRunner.java:236)
	at org.junit.runners.ParentRunner.access$000(ParentRunner.java:53)
	at org.junit.runners.ParentRunner$2.evaluate(ParentRunner.java:229)
	at org.junit.runners.ParentRunner.run(ParentRunner.java:309)
	at com.gzoltar.lib.instrumentation.testing.junit.a.call(Unknown Source)
	at java.util.concurrent.FutureTask.run(FutureTask.java:262)
	at java.util.concurrent.ThreadPoolExecutor.runWorker(ThreadPoolExecutor.java:1145)
	at java.util.concurrent.ThreadPoolExecutor$Worker.run(ThreadPoolExecutor.java:615)
	at java.lang.Thread.run(Thread.java:745)
[ERROR] Class not found
java.lang.ClassNotFoundException: org.apache.commons.math.MessagesResources_en
	at java.lang.ClassLoader.findClass(ClassLoader.java:531)
	at java.lang.ClassLoader.loadClass(ClassLoader.java:425)
	at java.lang.ClassLoader.loadClass(ClassLoader.java:358)
	at com.gzoltar.lib.instrumentation.util.GZoltarClassLoader.loadClass(Unknown Source)
	at java.util.ResourceBundle$Control.newBundle(ResourceBundle.java:2566)
	at java.util.ResourceBundle.loadBundle(ResourceBundle.java:1436)
	at java.util.ResourceBundle.findBundle(ResourceBundle.java:1400)
	at java.util.ResourceBundle.findBundle(ResourceBundle.java:1354)
	at java.util.ResourceBundle.getBundleImpl(ResourceBundle.java:1296)
	at java.util.ResourceBundle.getBundle(ResourceBundle.java:795)
	at org.apache.commons.math.MathException.translate(MathException.java:110)
	at org.apache.commons.math.MathException.getMessage(MathException.java:153)
	at org.apache.commons.math.MathException.getLocalizedMessage(MathException.java:165)
	at java.lang.Throwable.toString(Throwable.java:480)
	at java.lang.Throwable.<init>(Throwable.java:311)
	at java.lang.Exception.<init>(Exception.java:102)
	at org.apache.commons.math.MathException.<init>(MathException.java:80)
	at org.apache.commons.math.ode.DerivativeException.<init>(DerivativeException.java:48)
	at org.apache.commons.math.ode.AbstractIntegrator.computeDerivatives(AbstractIntegrator.java:180)
	at org.apache.commons.math.ode.nonstiff.AdamsMoultonIntegrator.integrate(AdamsMoultonIntegrator.java:275)
	at org.apache.commons.math.ode.nonstiff.AdamsMoultonIntegratorTest.exceedMaxEvaluations(AdamsMoultonIntegratorTest.java:111)
	at sun.reflect.NativeMethodAccessorImpl.invoke0(Native Method)
	at sun.reflect.NativeMethodAccessorImpl.invoke(NativeMethodAccessorImpl.java:57)
	at sun.reflect.DelegatingMethodAccessorImpl.invoke(DelegatingMethodAccessorImpl.java:43)
	at java.lang.reflect.Method.invoke(Method.java:606)
	at org.junit.runners.model.FrameworkMethod$1.runReflectiveCall(FrameworkMethod.java:47)
	at org.junit.internal.runners.model.ReflectiveCallable.run(ReflectiveCallable.java:12)
	at org.junit.runners.model.FrameworkMethod.invokeExplosively(FrameworkMethod.java:44)
	at org.junit.internal.runners.statements.InvokeMethod.evaluate(InvokeMethod.java:17)
	at org.junit.internal.runners.statements.ExpectException.evaluate(ExpectException.java:19)
	at org.junit.runners.ParentRunner.runLeaf(ParentRunner.java:271)
	at org.junit.runners.BlockJUnit4ClassRunner.runChild(BlockJUnit4ClassRunner.java:70)
	at org.junit.runners.BlockJUnit4ClassRunner.runChild(BlockJUnit4ClassRunner.java:50)
	at org.junit.runners.ParentRunner$3.run(ParentRunner.java:238)
	at org.junit.runners.ParentRunner$1.schedule(ParentRunner.java:63)
	at org.junit.runners.ParentRunner.runChildren(ParentRunner.java:236)
	at org.junit.runners.ParentRunner.access$000(ParentRunner.java:53)
	at org.junit.runners.ParentRunner$2.evaluate(ParentRunner.java:229)
	at org.junit.runners.ParentRunner.run(ParentRunner.java:309)
	at com.gzoltar.lib.instrumentation.testing.junit.a.call(Unknown Source)
	at java.util.concurrent.FutureTask.run(FutureTask.java:262)
	at java.util.concurrent.ThreadPoolExecutor.runWorker(ThreadPoolExecutor.java:1145)
	at java.util.concurrent.ThreadPoolExecutor$Worker.run(ThreadPoolExecutor.java:615)
	at java.lang.Thread.run(Thread.java:745)
[ERROR] Class not found
java.lang.ClassNotFoundException: org.apache.commons.math.MessagesResources_en_US
	at java.lang.ClassLoader.findClass(ClassLoader.java:531)
	at java.lang.ClassLoader.loadClass(ClassLoader.java:425)
	at java.lang.ClassLoader.loadClass(ClassLoader.java:358)
	at com.gzoltar.lib.instrumentation.util.GZoltarClassLoader.loadClass(Unknown Source)
	at java.util.ResourceBundle$Control.newBundle(ResourceBundle.java:2566)
	at java.util.ResourceBundle.loadBundle(ResourceBundle.java:1436)
	at java.util.ResourceBundle.findBundle(ResourceBundle.java:1400)
	at java.util.ResourceBundle.getBundleImpl(ResourceBundle.java:1296)
	at java.util.ResourceBundle.getBundle(ResourceBundle.java:795)
	at org.apache.commons.math.MathException.translate(MathException.java:110)
	at org.apache.commons.math.MathException.getMessage(MathException.java:153)
	at org.apache.commons.math.MathException.getLocalizedMessage(MathException.java:165)
	at java.lang.Throwable.toString(Throwable.java:480)
	at java.lang.Throwable.<init>(Throwable.java:311)
	at java.lang.Exception.<init>(Exception.java:102)
	at org.apache.commons.math.MathException.<init>(MathException.java:80)
	at org.apache.commons.math.ode.DerivativeException.<init>(DerivativeException.java:48)
	at org.apache.commons.math.ode.AbstractIntegrator.computeDerivatives(AbstractIntegrator.java:180)
	at org.apache.commons.math.ode.nonstiff.AdamsMoultonIntegrator.integrate(AdamsMoultonIntegrator.java:275)
	at org.apache.commons.math.ode.nonstiff.AdamsMoultonIntegratorTest.exceedMaxEvaluations(AdamsMoultonIntegratorTest.java:111)
	at sun.reflect.NativeMethodAccessorImpl.invoke0(Native Method)
	at sun.reflect.NativeMethodAccessorImpl.invoke(NativeMethodAccessorImpl.java:57)
	at sun.reflect.DelegatingMethodAccessorImpl.invoke(DelegatingMethodAccessorImpl.java:43)
	at java.lang.reflect.Method.invoke(Method.java:606)
	at org.junit.runners.model.FrameworkMethod$1.runReflectiveCall(FrameworkMethod.java:47)
	at org.junit.internal.runners.model.ReflectiveCallable.run(ReflectiveCallable.java:12)
	at org.junit.runners.model.FrameworkMethod.invokeExplosively(FrameworkMethod.java:44)
	at org.junit.internal.runners.statements.InvokeMethod.evaluate(InvokeMethod.java:17)
	at org.junit.internal.runners.statements.ExpectException.evaluate(ExpectException.java:19)
	at org.junit.runners.ParentRunner.runLeaf(ParentRunner.java:271)
	at org.junit.runners.BlockJUnit4ClassRunner.runChild(BlockJUnit4ClassRunner.java:70)
	at org.junit.runners.BlockJUnit4ClassRunner.runChild(BlockJUnit4ClassRunner.java:50)
	at org.junit.runners.ParentRunner$3.run(ParentRunner.java:238)
	at org.junit.runners.ParentRunner$1.schedule(ParentRunner.java:63)
	at org.junit.runners.ParentRunner.runChildren(ParentRunner.java:236)
	at org.junit.runners.ParentRunner.access$000(ParentRunner.java:53)
	at org.junit.runners.ParentRunner$2.evaluate(ParentRunner.java:229)
	at org.junit.runners.ParentRunner.run(ParentRunner.java:309)
	at com.gzoltar.lib.instrumentation.testing.junit.a.call(Unknown Source)
	at java.util.concurrent.FutureTask.run(FutureTask.java:262)
	at java.util.concurrent.ThreadPoolExecutor.runWorker(ThreadPoolExecutor.java:1145)
	at java.util.concurrent.ThreadPoolExecutor$Worker.run(ThreadPoolExecutor.java:615)
	at java.lang.Thread.run(Thread.java:745)
* Finished org.apache.commons.math.ode.nonstiff.AdamsMoultonIntegratorTest#exceedMaxEvaluations
* Started org.apache.commons.math.ode.nonstiff.AdamsMoultonIntegratorTest#testIncreasingTolerance
* Finished org.apache.commons.math.ode.nonstiff.AdamsMoultonIntegratorTest#testIncreasingTolerance
* Started org.apache.commons.math.ode.nonstiff.AdamsMoultonIntegratorTest#backward
* Finished org.apache.commons.math.ode.nonstiff.AdamsMoultonIntegratorTest#backward
* Started org.apache.commons.math.ode.nonstiff.GillIntegratorTest#testDimensionCheck
* Finished org.apache.commons.math.ode.nonstiff.GillIntegratorTest#testDimensionCheck
* Started org.apache.commons.math.ode.nonstiff.GillIntegratorTest#testBackward
* Finished org.apache.commons.math.ode.nonstiff.GillIntegratorTest#testBackward
* Started org.apache.commons.math.ode.nonstiff.GillIntegratorTest#testSmallStep
* Finished org.apache.commons.math.ode.nonstiff.GillIntegratorTest#testSmallStep
* Started org.apache.commons.math.ode.nonstiff.GillIntegratorTest#testDecreasingSteps
* Finished org.apache.commons.math.ode.nonstiff.GillIntegratorTest#testDecreasingSteps
* Started org.apache.commons.math.ode.nonstiff.GillIntegratorTest#testBigStep
* Finished org.apache.commons.math.ode.nonstiff.GillIntegratorTest#testBigStep
* Started org.apache.commons.math.ode.nonstiff.GillIntegratorTest#testUnstableDerivative
* Finished org.apache.commons.math.ode.nonstiff.GillIntegratorTest#testUnstableDerivative
* Started org.apache.commons.math.ode.nonstiff.GillIntegratorTest#testKepler
* Finished org.apache.commons.math.ode.nonstiff.GillIntegratorTest#testKepler
* Started org.apache.commons.math.ode.nonstiff.GillIntegratorTest#testStepSize
* Finished org.apache.commons.math.ode.nonstiff.GillIntegratorTest#testStepSize
* Started org.apache.commons.math.ode.nonstiff.HighamHall54StepInterpolatorTest#derivativesConsistency
* Finished org.apache.commons.math.ode.nonstiff.HighamHall54StepInterpolatorTest#derivativesConsistency
* Started org.apache.commons.math.ode.nonstiff.HighamHall54StepInterpolatorTest#checkClone
* Finished org.apache.commons.math.ode.nonstiff.HighamHall54StepInterpolatorTest#checkClone
* Started org.apache.commons.math.ode.nonstiff.HighamHall54StepInterpolatorTest#serialization
* Finished org.apache.commons.math.ode.nonstiff.HighamHall54StepInterpolatorTest#serialization
* Started org.apache.commons.math.ode.nonstiff.MidpointIntegratorTest#testDimensionCheck
* Finished org.apache.commons.math.ode.nonstiff.MidpointIntegratorTest#testDimensionCheck
* Started org.apache.commons.math.ode.nonstiff.MidpointIntegratorTest#testBackward
* Finished org.apache.commons.math.ode.nonstiff.MidpointIntegratorTest#testBackward
* Started org.apache.commons.math.ode.nonstiff.MidpointIntegratorTest#testSmallStep
* Finished org.apache.commons.math.ode.nonstiff.MidpointIntegratorTest#testSmallStep
* Started org.apache.commons.math.ode.nonstiff.MidpointIntegratorTest#testDecreasingSteps
* Finished org.apache.commons.math.ode.nonstiff.MidpointIntegratorTest#testDecreasingSteps
* Started org.apache.commons.math.ode.nonstiff.MidpointIntegratorTest#testBigStep
* Finished org.apache.commons.math.ode.nonstiff.MidpointIntegratorTest#testBigStep
* Started org.apache.commons.math.ode.nonstiff.MidpointIntegratorTest#testStepSize
* Finished org.apache.commons.math.ode.nonstiff.MidpointIntegratorTest#testStepSize
* Started org.apache.commons.math.ode.nonstiff.MidpointStepInterpolatorTest#testDerivativesConsistency
* Finished org.apache.commons.math.ode.nonstiff.MidpointStepInterpolatorTest#testDerivativesConsistency
* Started org.apache.commons.math.ode.nonstiff.MidpointStepInterpolatorTest#serialization
* Finished org.apache.commons.math.ode.nonstiff.MidpointStepInterpolatorTest#serialization
* Started org.apache.commons.math.ode.ContinuousOutputModelTest#testBoundaries
* Finished org.apache.commons.math.ode.ContinuousOutputModelTest#testBoundaries
* Started org.apache.commons.math.ode.ContinuousOutputModelTest#testModelsMerging
* Finished org.apache.commons.math.ode.ContinuousOutputModelTest#testModelsMerging
* Started org.apache.commons.math.ode.ContinuousOutputModelTest#testRandomAccess
* Finished org.apache.commons.math.ode.ContinuousOutputModelTest#testRandomAccess
* Started org.apache.commons.math.ode.ContinuousOutputModelTest#testErrorConditions
* Finished org.apache.commons.math.ode.ContinuousOutputModelTest#testErrorConditions
* Filtering test cases that do not cover any component
* Sending data to master
* Closing connection with client
* Performing fault localization
* Running Ochiai
* Running Ochiai2
* Running Tarantula
* Running Jaccard
* Running SBI
* Running Kulczynski2
* Running Sorensen-Dice
* Running Anderberg
* Running Simple-matching
* Running Rogers and Tanimoto
* Running Russel and Rao
* Running Dstar
* Running Opt
* Running Barinel
* Running Ideal
* Running Naish1
* Writing coverage matrix to '/fastdata/acp13jcd/GZoltar/Math/73/Math/developer/0/Math-73b-developer.0/matrix'
* Normalizing spectra, coefficient: DSTAR
* Normalizing spectra, coefficient: OPT
* Writing spectra to '/fastdata/acp13jcd/GZoltar/Math/73/Math/developer/0/Math-73b-developer.0/spectra'
* Metrics
* Writing statistics to '/fastdata/acp13jcd/GZoltar/Math/73/Math/developer/0/Math-73b-developer.0/statistics.csv'
* Computation finished

DONE!
