* Checking out Math-102 to /scratch/acp13jcd/run_gzoltar_72839_Math-102
* Compiling Math-102
Running ant (compile)...................................................... OK
Running ant (compile.tests)................................................ OK
* Running GZoltar
   ____ _____     _ _               
  / ___|__  /___ | | |_ __ _ _ __   
 | |  _  / // _ \| | __/ _` | '__| 
 | |_| |/ /| (_) | | || (_| | |     
  \____/____\___/|_|\__\__,_|_| 

* Preparing classpath
* Collecting classes under test
* Collecting test cases
* Performing analysis
[ERROR] Class not found
java.lang.ClassNotFoundException: org.apache.commons.discovery.tools.DiscoverClass
	at java.lang.ClassLoader.findClass(ClassLoader.java:531)
	at java.lang.ClassLoader.loadClass(ClassLoader.java:425)
	at java.lang.ClassLoader.loadClass(ClassLoader.java:358)
	at com.gzoltar.lib.instrumentation.util.GZoltarClassLoader.loadClass(Unknown Source)
	at org.apache.commons.math.stat.descriptive.SummaryStatistics.newInstance(SummaryStatistics.java:85)
	at org.apache.commons.math.stat.inference.TestUtilsTest.<init>(TestUtilsTest.java:197)
	at sun.reflect.NativeConstructorAccessorImpl.newInstance0(Native Method)
	at sun.reflect.NativeConstructorAccessorImpl.newInstance(NativeConstructorAccessorImpl.java:57)
	at sun.reflect.DelegatingConstructorAccessorImpl.newInstance(DelegatingConstructorAccessorImpl.java:45)
	at java.lang.reflect.Constructor.newInstance(Constructor.java:526)
	at junit.framework.TestSuite.createTest(TestSuite.java:68)
	at junit.framework.TestSuite.addTestMethod(TestSuite.java:310)
	at junit.framework.TestSuite.addTestsFromTestCase(TestSuite.java:153)
	at junit.framework.TestSuite.<init>(TestSuite.java:132)
	at org.apache.commons.math.stat.inference.TestUtilsTest.suite(TestUtilsTest.java:39)
	at sun.reflect.NativeMethodAccessorImpl.invoke0(Native Method)
	at sun.reflect.NativeMethodAccessorImpl.invoke(NativeMethodAccessorImpl.java:57)
	at sun.reflect.DelegatingMethodAccessorImpl.invoke(DelegatingMethodAccessorImpl.java:43)
	at java.lang.reflect.Method.invoke(Method.java:606)
	at org.junit.internal.runners.SuiteMethod.testFromSuiteMethod(SuiteMethod.java:35)
	at org.junit.internal.runners.SuiteMethod.<init>(SuiteMethod.java:24)
	at org.junit.internal.builders.SuiteMethodBuilder.runnerForClass(SuiteMethodBuilder.java:11)
	at org.junit.runners.model.RunnerBuilder.safeRunnerForClass(RunnerBuilder.java:59)
	at org.junit.internal.builders.AllDefaultPossibilitiesBuilder.runnerForClass(AllDefaultPossibilitiesBuilder.java:26)
	at org.junit.runners.model.RunnerBuilder.safeRunnerForClass(RunnerBuilder.java:59)
	at org.junit.internal.requests.ClassRequest.getRunner(ClassRequest.java:26)
	at org.junit.internal.requests.FilterRequest.getRunner(FilterRequest.java:31)
	at com.gzoltar.lib.instrumentation.testing.junit.JUnitRunner.execute(Unknown Source)
	at com.gzoltar.lib.instrumentation.testing.junit.JUnitRunner.runEachAtomicTestCase(Unknown Source)
	at com.gzoltar.lib.instrumentation.testing.junit.JUnitRunner.run(Unknown Source)
	at com.gzoltar.lib.client.Diagnose.main(Unknown Source)
* Started org.apache.commons.math.stat.inference.TestUtilsTest#testOneSampleTTest
* Finished org.apache.commons.math.stat.inference.TestUtilsTest#testOneSampleTTest
[ERROR] Class not found
java.lang.ClassNotFoundException: org.apache.commons.discovery.tools.DiscoverClass
	at java.lang.ClassLoader.findClass(ClassLoader.java:531)
	at java.lang.ClassLoader.loadClass(ClassLoader.java:425)
	at java.lang.ClassLoader.loadClass(ClassLoader.java:358)
	at com.gzoltar.lib.instrumentation.util.GZoltarClassLoader.loadClass(Unknown Source)
	at org.apache.commons.math.stat.descriptive.SummaryStatistics.newInstance(SummaryStatistics.java:85)
	at org.apache.commons.math.stat.inference.TestUtilsTest.<init>(TestUtilsTest.java:197)
	at sun.reflect.NativeConstructorAccessorImpl.newInstance0(Native Method)
	at sun.reflect.NativeConstructorAccessorImpl.newInstance(NativeConstructorAccessorImpl.java:57)
	at sun.reflect.DelegatingConstructorAccessorImpl.newInstance(DelegatingConstructorAccessorImpl.java:45)
	at java.lang.reflect.Constructor.newInstance(Constructor.java:526)
	at junit.framework.TestSuite.createTest(TestSuite.java:68)
	at junit.framework.TestSuite.addTestMethod(TestSuite.java:310)
	at junit.framework.TestSuite.addTestsFromTestCase(TestSuite.java:153)
	at junit.framework.TestSuite.<init>(TestSuite.java:132)
	at org.apache.commons.math.stat.inference.TestUtilsTest.suite(TestUtilsTest.java:39)
	at sun.reflect.NativeMethodAccessorImpl.invoke0(Native Method)
	at sun.reflect.NativeMethodAccessorImpl.invoke(NativeMethodAccessorImpl.java:57)
	at sun.reflect.DelegatingMethodAccessorImpl.invoke(DelegatingMethodAccessorImpl.java:43)
	at java.lang.reflect.Method.invoke(Method.java:606)
	at org.junit.internal.runners.SuiteMethod.testFromSuiteMethod(SuiteMethod.java:35)
	at org.junit.internal.runners.SuiteMethod.<init>(SuiteMethod.java:24)
	at org.junit.internal.builders.SuiteMethodBuilder.runnerForClass(SuiteMethodBuilder.java:11)
	at org.junit.runners.model.RunnerBuilder.safeRunnerForClass(RunnerBuilder.java:59)
	at org.junit.internal.builders.AllDefaultPossibilitiesBuilder.runnerForClass(AllDefaultPossibilitiesBuilder.java:26)
	at org.junit.runners.model.RunnerBuilder.safeRunnerForClass(RunnerBuilder.java:59)
	at org.junit.internal.requests.ClassRequest.getRunner(ClassRequest.java:26)
	at org.junit.internal.requests.FilterRequest.getRunner(FilterRequest.java:31)
	at com.gzoltar.lib.instrumentation.testing.junit.JUnitRunner.execute(Unknown Source)
	at com.gzoltar.lib.instrumentation.testing.junit.JUnitRunner.runEachAtomicTestCase(Unknown Source)
	at com.gzoltar.lib.instrumentation.testing.junit.JUnitRunner.run(Unknown Source)
	at com.gzoltar.lib.client.Diagnose.main(Unknown Source)
* Started org.apache.commons.math.stat.inference.TestUtilsTest#testChiSquareIndependence
* Finished org.apache.commons.math.stat.inference.TestUtilsTest#testChiSquareIndependence
[ERROR] Class not found
java.lang.ClassNotFoundException: org.apache.commons.discovery.tools.DiscoverClass
	at java.lang.ClassLoader.findClass(ClassLoader.java:531)
	at java.lang.ClassLoader.loadClass(ClassLoader.java:425)
	at java.lang.ClassLoader.loadClass(ClassLoader.java:358)
	at com.gzoltar.lib.instrumentation.util.GZoltarClassLoader.loadClass(Unknown Source)
	at org.apache.commons.math.stat.descriptive.SummaryStatistics.newInstance(SummaryStatistics.java:85)
	at org.apache.commons.math.stat.inference.TestUtilsTest.<init>(TestUtilsTest.java:197)
	at sun.reflect.NativeConstructorAccessorImpl.newInstance0(Native Method)
	at sun.reflect.NativeConstructorAccessorImpl.newInstance(NativeConstructorAccessorImpl.java:57)
	at sun.reflect.DelegatingConstructorAccessorImpl.newInstance(DelegatingConstructorAccessorImpl.java:45)
	at java.lang.reflect.Constructor.newInstance(Constructor.java:526)
	at junit.framework.TestSuite.createTest(TestSuite.java:68)
	at junit.framework.TestSuite.addTestMethod(TestSuite.java:310)
	at junit.framework.TestSuite.addTestsFromTestCase(TestSuite.java:153)
	at junit.framework.TestSuite.<init>(TestSuite.java:132)
	at org.apache.commons.math.stat.inference.TestUtilsTest.suite(TestUtilsTest.java:39)
	at sun.reflect.NativeMethodAccessorImpl.invoke0(Native Method)
	at sun.reflect.NativeMethodAccessorImpl.invoke(NativeMethodAccessorImpl.java:57)
	at sun.reflect.DelegatingMethodAccessorImpl.invoke(DelegatingMethodAccessorImpl.java:43)
	at java.lang.reflect.Method.invoke(Method.java:606)
	at org.junit.internal.runners.SuiteMethod.testFromSuiteMethod(SuiteMethod.java:35)
	at org.junit.internal.runners.SuiteMethod.<init>(SuiteMethod.java:24)
	at org.junit.internal.builders.SuiteMethodBuilder.runnerForClass(SuiteMethodBuilder.java:11)
	at org.junit.runners.model.RunnerBuilder.safeRunnerForClass(RunnerBuilder.java:59)
	at org.junit.internal.builders.AllDefaultPossibilitiesBuilder.runnerForClass(AllDefaultPossibilitiesBuilder.java:26)
	at org.junit.runners.model.RunnerBuilder.safeRunnerForClass(RunnerBuilder.java:59)
	at org.junit.internal.requests.ClassRequest.getRunner(ClassRequest.java:26)
	at org.junit.internal.requests.FilterRequest.getRunner(FilterRequest.java:31)
	at com.gzoltar.lib.instrumentation.testing.junit.JUnitRunner.execute(Unknown Source)
	at com.gzoltar.lib.instrumentation.testing.junit.JUnitRunner.runEachAtomicTestCase(Unknown Source)
	at com.gzoltar.lib.instrumentation.testing.junit.JUnitRunner.run(Unknown Source)
	at com.gzoltar.lib.client.Diagnose.main(Unknown Source)
* Started org.apache.commons.math.stat.inference.TestUtilsTest#testChiSquareZeroCount
* Finished org.apache.commons.math.stat.inference.TestUtilsTest#testChiSquareZeroCount
[ERROR] Class not found
java.lang.ClassNotFoundException: org.apache.commons.discovery.tools.DiscoverClass
	at java.lang.ClassLoader.findClass(ClassLoader.java:531)
	at java.lang.ClassLoader.loadClass(ClassLoader.java:425)
	at java.lang.ClassLoader.loadClass(ClassLoader.java:358)
	at com.gzoltar.lib.instrumentation.util.GZoltarClassLoader.loadClass(Unknown Source)
	at org.apache.commons.math.stat.descriptive.SummaryStatistics.newInstance(SummaryStatistics.java:85)
	at org.apache.commons.math.stat.inference.TestUtilsTest.<init>(TestUtilsTest.java:197)
	at sun.reflect.NativeConstructorAccessorImpl.newInstance0(Native Method)
	at sun.reflect.NativeConstructorAccessorImpl.newInstance(NativeConstructorAccessorImpl.java:57)
	at sun.reflect.DelegatingConstructorAccessorImpl.newInstance(DelegatingConstructorAccessorImpl.java:45)
	at java.lang.reflect.Constructor.newInstance(Constructor.java:526)
	at junit.framework.TestSuite.createTest(TestSuite.java:68)
	at junit.framework.TestSuite.addTestMethod(TestSuite.java:310)
	at junit.framework.TestSuite.addTestsFromTestCase(TestSuite.java:153)
	at junit.framework.TestSuite.<init>(TestSuite.java:132)
	at org.apache.commons.math.stat.inference.TestUtilsTest.suite(TestUtilsTest.java:39)
	at sun.reflect.NativeMethodAccessorImpl.invoke0(Native Method)
	at sun.reflect.NativeMethodAccessorImpl.invoke(NativeMethodAccessorImpl.java:57)
	at sun.reflect.DelegatingMethodAccessorImpl.invoke(DelegatingMethodAccessorImpl.java:43)
	at java.lang.reflect.Method.invoke(Method.java:606)
	at org.junit.internal.runners.SuiteMethod.testFromSuiteMethod(SuiteMethod.java:35)
	at org.junit.internal.runners.SuiteMethod.<init>(SuiteMethod.java:24)
	at org.junit.internal.builders.SuiteMethodBuilder.runnerForClass(SuiteMethodBuilder.java:11)
	at org.junit.runners.model.RunnerBuilder.safeRunnerForClass(RunnerBuilder.java:59)
	at org.junit.internal.builders.AllDefaultPossibilitiesBuilder.runnerForClass(AllDefaultPossibilitiesBuilder.java:26)
	at org.junit.runners.model.RunnerBuilder.safeRunnerForClass(RunnerBuilder.java:59)
	at org.junit.internal.requests.ClassRequest.getRunner(ClassRequest.java:26)
	at org.junit.internal.requests.FilterRequest.getRunner(FilterRequest.java:31)
	at com.gzoltar.lib.instrumentation.testing.junit.JUnitRunner.execute(Unknown Source)
	at com.gzoltar.lib.instrumentation.testing.junit.JUnitRunner.runEachAtomicTestCase(Unknown Source)
	at com.gzoltar.lib.instrumentation.testing.junit.JUnitRunner.run(Unknown Source)
	at com.gzoltar.lib.client.Diagnose.main(Unknown Source)
* Started org.apache.commons.math.stat.inference.TestUtilsTest#testSmallSamples
* Finished org.apache.commons.math.stat.inference.TestUtilsTest#testSmallSamples
[ERROR] Class not found
java.lang.ClassNotFoundException: org.apache.commons.discovery.tools.DiscoverClass
	at java.lang.ClassLoader.findClass(ClassLoader.java:531)
	at java.lang.ClassLoader.loadClass(ClassLoader.java:425)
	at java.lang.ClassLoader.loadClass(ClassLoader.java:358)
	at com.gzoltar.lib.instrumentation.util.GZoltarClassLoader.loadClass(Unknown Source)
	at org.apache.commons.math.stat.descriptive.SummaryStatistics.newInstance(SummaryStatistics.java:85)
	at org.apache.commons.math.stat.inference.TestUtilsTest.<init>(TestUtilsTest.java:197)
	at sun.reflect.NativeConstructorAccessorImpl.newInstance0(Native Method)
	at sun.reflect.NativeConstructorAccessorImpl.newInstance(NativeConstructorAccessorImpl.java:57)
	at sun.reflect.DelegatingConstructorAccessorImpl.newInstance(DelegatingConstructorAccessorImpl.java:45)
	at java.lang.reflect.Constructor.newInstance(Constructor.java:526)
	at junit.framework.TestSuite.createTest(TestSuite.java:68)
	at junit.framework.TestSuite.addTestMethod(TestSuite.java:310)
	at junit.framework.TestSuite.addTestsFromTestCase(TestSuite.java:153)
	at junit.framework.TestSuite.<init>(TestSuite.java:132)
	at org.apache.commons.math.stat.inference.TestUtilsTest.suite(TestUtilsTest.java:39)
	at sun.reflect.NativeMethodAccessorImpl.invoke0(Native Method)
	at sun.reflect.NativeMethodAccessorImpl.invoke(NativeMethodAccessorImpl.java:57)
	at sun.reflect.DelegatingMethodAccessorImpl.invoke(DelegatingMethodAccessorImpl.java:43)
	at java.lang.reflect.Method.invoke(Method.java:606)
	at org.junit.internal.runners.SuiteMethod.testFromSuiteMethod(SuiteMethod.java:35)
	at org.junit.internal.runners.SuiteMethod.<init>(SuiteMethod.java:24)
	at org.junit.internal.builders.SuiteMethodBuilder.runnerForClass(SuiteMethodBuilder.java:11)
	at org.junit.runners.model.RunnerBuilder.safeRunnerForClass(RunnerBuilder.java:59)
	at org.junit.internal.builders.AllDefaultPossibilitiesBuilder.runnerForClass(AllDefaultPossibilitiesBuilder.java:26)
	at org.junit.runners.model.RunnerBuilder.safeRunnerForClass(RunnerBuilder.java:59)
	at org.junit.internal.requests.ClassRequest.getRunner(ClassRequest.java:26)
	at org.junit.internal.requests.FilterRequest.getRunner(FilterRequest.java:31)
	at com.gzoltar.lib.instrumentation.testing.junit.JUnitRunner.execute(Unknown Source)
	at com.gzoltar.lib.instrumentation.testing.junit.JUnitRunner.runEachAtomicTestCase(Unknown Source)
	at com.gzoltar.lib.instrumentation.testing.junit.JUnitRunner.run(Unknown Source)
	at com.gzoltar.lib.client.Diagnose.main(Unknown Source)
* Started org.apache.commons.math.stat.inference.TestUtilsTest#testTwoSampleTHeterscedastic
* Finished org.apache.commons.math.stat.inference.TestUtilsTest#testTwoSampleTHeterscedastic
[ERROR] Class not found
java.lang.ClassNotFoundException: org.apache.commons.discovery.tools.DiscoverClass
	at java.lang.ClassLoader.findClass(ClassLoader.java:531)
	at java.lang.ClassLoader.loadClass(ClassLoader.java:425)
	at java.lang.ClassLoader.loadClass(ClassLoader.java:358)
	at com.gzoltar.lib.instrumentation.util.GZoltarClassLoader.loadClass(Unknown Source)
	at org.apache.commons.math.stat.descriptive.SummaryStatistics.newInstance(SummaryStatistics.java:85)
	at org.apache.commons.math.stat.inference.TestUtilsTest.<init>(TestUtilsTest.java:197)
	at sun.reflect.NativeConstructorAccessorImpl.newInstance0(Native Method)
	at sun.reflect.NativeConstructorAccessorImpl.newInstance(NativeConstructorAccessorImpl.java:57)
	at sun.reflect.DelegatingConstructorAccessorImpl.newInstance(DelegatingConstructorAccessorImpl.java:45)
	at java.lang.reflect.Constructor.newInstance(Constructor.java:526)
	at junit.framework.TestSuite.createTest(TestSuite.java:68)
	at junit.framework.TestSuite.addTestMethod(TestSuite.java:310)
	at junit.framework.TestSuite.addTestsFromTestCase(TestSuite.java:153)
	at junit.framework.TestSuite.<init>(TestSuite.java:132)
	at org.apache.commons.math.stat.inference.TestUtilsTest.suite(TestUtilsTest.java:39)
	at sun.reflect.NativeMethodAccessorImpl.invoke0(Native Method)
	at sun.reflect.NativeMethodAccessorImpl.invoke(NativeMethodAccessorImpl.java:57)
	at sun.reflect.DelegatingMethodAccessorImpl.invoke(DelegatingMethodAccessorImpl.java:43)
	at java.lang.reflect.Method.invoke(Method.java:606)
	at org.junit.internal.runners.SuiteMethod.testFromSuiteMethod(SuiteMethod.java:35)
	at org.junit.internal.runners.SuiteMethod.<init>(SuiteMethod.java:24)
	at org.junit.internal.builders.SuiteMethodBuilder.runnerForClass(SuiteMethodBuilder.java:11)
	at org.junit.runners.model.RunnerBuilder.safeRunnerForClass(RunnerBuilder.java:59)
	at org.junit.internal.builders.AllDefaultPossibilitiesBuilder.runnerForClass(AllDefaultPossibilitiesBuilder.java:26)
	at org.junit.runners.model.RunnerBuilder.safeRunnerForClass(RunnerBuilder.java:59)
	at org.junit.internal.requests.ClassRequest.getRunner(ClassRequest.java:26)
	at org.junit.internal.requests.FilterRequest.getRunner(FilterRequest.java:31)
	at com.gzoltar.lib.instrumentation.testing.junit.JUnitRunner.execute(Unknown Source)
	at com.gzoltar.lib.instrumentation.testing.junit.JUnitRunner.runEachAtomicTestCase(Unknown Source)
	at com.gzoltar.lib.instrumentation.testing.junit.JUnitRunner.run(Unknown Source)
	at com.gzoltar.lib.client.Diagnose.main(Unknown Source)
* Started org.apache.commons.math.stat.inference.TestUtilsTest#testChiSquareLargeTestStatistic
* Failure: chi-square test statistic expected:<114875.90421929007> but was:<3624883.3429077636> | testChiSquareLargeTestStatistic(org.apache.commons.math.stat.inference.TestUtilsTest)
junit.framework.AssertionFailedError: chi-square test statistic expected:<114875.90421929007> but was:<3624883.3429077636>
	at junit.framework.Assert.fail(Assert.java:57)
	at junit.framework.Assert.failNotEquals(Assert.java:329)
	at junit.framework.Assert.assertEquals(Assert.java:120)
	at junit.framework.TestCase.assertEquals(TestCase.java:279)
	at org.apache.commons.math.stat.inference.TestUtilsTest.testChiSquareLargeTestStatistic(TestUtilsTest.java:181)
	at sun.reflect.NativeMethodAccessorImpl.invoke0(Native Method)
	at sun.reflect.NativeMethodAccessorImpl.invoke(NativeMethodAccessorImpl.java:57)
	at sun.reflect.DelegatingMethodAccessorImpl.invoke(DelegatingMethodAccessorImpl.java:43)
	at java.lang.reflect.Method.invoke(Method.java:606)
	at junit.framework.TestCase.runTest(TestCase.java:176)
	at junit.framework.TestCase.runBare(TestCase.java:141)
	at junit.framework.TestResult$1.protect(TestResult.java:122)
	at junit.framework.TestResult.runProtected(TestResult.java:142)
	at junit.framework.TestResult.run(TestResult.java:125)
	at junit.framework.TestCase.run(TestCase.java:129)
	at junit.framework.TestSuite.runTest(TestSuite.java:255)
	at junit.framework.TestSuite.run(TestSuite.java:250)
	at org.junit.internal.runners.JUnit38ClassRunner.run(JUnit38ClassRunner.java:84)
	at com.gzoltar.lib.instrumentation.testing.junit.a.call(Unknown Source)
	at java.util.concurrent.FutureTask.run(FutureTask.java:262)
	at java.util.concurrent.ThreadPoolExecutor.runWorker(ThreadPoolExecutor.java:1145)
	at java.util.concurrent.ThreadPoolExecutor$Worker.run(ThreadPoolExecutor.java:615)
	at java.lang.Thread.run(Thread.java:745)

* Finished org.apache.commons.math.stat.inference.TestUtilsTest#testChiSquareLargeTestStatistic
[ERROR] Class not found
java.lang.ClassNotFoundException: org.apache.commons.discovery.tools.DiscoverClass
	at java.lang.ClassLoader.findClass(ClassLoader.java:531)
	at java.lang.ClassLoader.loadClass(ClassLoader.java:425)
	at java.lang.ClassLoader.loadClass(ClassLoader.java:358)
	at com.gzoltar.lib.instrumentation.util.GZoltarClassLoader.loadClass(Unknown Source)
	at org.apache.commons.math.stat.descriptive.SummaryStatistics.newInstance(SummaryStatistics.java:85)
	at org.apache.commons.math.stat.inference.TestUtilsTest.<init>(TestUtilsTest.java:197)
	at sun.reflect.NativeConstructorAccessorImpl.newInstance0(Native Method)
	at sun.reflect.NativeConstructorAccessorImpl.newInstance(NativeConstructorAccessorImpl.java:57)
	at sun.reflect.DelegatingConstructorAccessorImpl.newInstance(DelegatingConstructorAccessorImpl.java:45)
	at java.lang.reflect.Constructor.newInstance(Constructor.java:526)
	at junit.framework.TestSuite.createTest(TestSuite.java:68)
	at junit.framework.TestSuite.addTestMethod(TestSuite.java:310)
	at junit.framework.TestSuite.addTestsFromTestCase(TestSuite.java:153)
	at junit.framework.TestSuite.<init>(TestSuite.java:132)
	at org.apache.commons.math.stat.inference.TestUtilsTest.suite(TestUtilsTest.java:39)
	at sun.reflect.NativeMethodAccessorImpl.invoke0(Native Method)
	at sun.reflect.NativeMethodAccessorImpl.invoke(NativeMethodAccessorImpl.java:57)
	at sun.reflect.DelegatingMethodAccessorImpl.invoke(DelegatingMethodAccessorImpl.java:43)
	at java.lang.reflect.Method.invoke(Method.java:606)
	at org.junit.internal.runners.SuiteMethod.testFromSuiteMethod(SuiteMethod.java:35)
	at org.junit.internal.runners.SuiteMethod.<init>(SuiteMethod.java:24)
	at org.junit.internal.builders.SuiteMethodBuilder.runnerForClass(SuiteMethodBuilder.java:11)
	at org.junit.runners.model.RunnerBuilder.safeRunnerForClass(RunnerBuilder.java:59)
	at org.junit.internal.builders.AllDefaultPossibilitiesBuilder.runnerForClass(AllDefaultPossibilitiesBuilder.java:26)
	at org.junit.runners.model.RunnerBuilder.safeRunnerForClass(RunnerBuilder.java:59)
	at org.junit.internal.requests.ClassRequest.getRunner(ClassRequest.java:26)
	at org.junit.internal.requests.FilterRequest.getRunner(FilterRequest.java:31)
	at com.gzoltar.lib.instrumentation.testing.junit.JUnitRunner.execute(Unknown Source)
	at com.gzoltar.lib.instrumentation.testing.junit.JUnitRunner.runEachAtomicTestCase(Unknown Source)
	at com.gzoltar.lib.instrumentation.testing.junit.JUnitRunner.run(Unknown Source)
	at com.gzoltar.lib.client.Diagnose.main(Unknown Source)
* Started org.apache.commons.math.stat.inference.TestUtilsTest#testChiSquare
* Failure: chi-square test statistic expected:<9.023307936427388> but was:<16.413107036160778> | testChiSquare(org.apache.commons.math.stat.inference.TestUtilsTest)
junit.framework.AssertionFailedError: chi-square test statistic expected:<9.023307936427388> but was:<16.413107036160778>
	at junit.framework.Assert.fail(Assert.java:57)
	at junit.framework.Assert.failNotEquals(Assert.java:329)
	at junit.framework.Assert.assertEquals(Assert.java:120)
	at junit.framework.TestCase.assertEquals(TestCase.java:279)
	at org.apache.commons.math.stat.inference.TestUtilsTest.testChiSquare(TestUtilsTest.java:58)
	at sun.reflect.NativeMethodAccessorImpl.invoke0(Native Method)
	at sun.reflect.NativeMethodAccessorImpl.invoke(NativeMethodAccessorImpl.java:57)
	at sun.reflect.DelegatingMethodAccessorImpl.invoke(DelegatingMethodAccessorImpl.java:43)
	at java.lang.reflect.Method.invoke(Method.java:606)
	at junit.framework.TestCase.runTest(TestCase.java:176)
	at junit.framework.TestCase.runBare(TestCase.java:141)
	at junit.framework.TestResult$1.protect(TestResult.java:122)
	at junit.framework.TestResult.runProtected(TestResult.java:142)
	at junit.framework.TestResult.run(TestResult.java:125)
	at junit.framework.TestCase.run(TestCase.java:129)
	at junit.framework.TestSuite.runTest(TestSuite.java:255)
	at junit.framework.TestSuite.run(TestSuite.java:250)
	at org.junit.internal.runners.JUnit38ClassRunner.run(JUnit38ClassRunner.java:84)
	at com.gzoltar.lib.instrumentation.testing.junit.a.call(Unknown Source)
	at java.util.concurrent.FutureTask.run(FutureTask.java:262)
	at java.util.concurrent.ThreadPoolExecutor.runWorker(ThreadPoolExecutor.java:1145)
	at java.util.concurrent.ThreadPoolExecutor$Worker.run(ThreadPoolExecutor.java:615)
	at java.lang.Thread.run(Thread.java:745)

* Finished org.apache.commons.math.stat.inference.TestUtilsTest#testChiSquare
[ERROR] Class not found
java.lang.ClassNotFoundException: org.apache.commons.discovery.tools.DiscoverClass
	at java.lang.ClassLoader.findClass(ClassLoader.java:531)
	at java.lang.ClassLoader.loadClass(ClassLoader.java:425)
	at java.lang.ClassLoader.loadClass(ClassLoader.java:358)
	at com.gzoltar.lib.instrumentation.util.GZoltarClassLoader.loadClass(Unknown Source)
	at org.apache.commons.math.stat.descriptive.SummaryStatistics.newInstance(SummaryStatistics.java:85)
	at org.apache.commons.math.stat.inference.TestUtilsTest.<init>(TestUtilsTest.java:197)
	at sun.reflect.NativeConstructorAccessorImpl.newInstance0(Native Method)
	at sun.reflect.NativeConstructorAccessorImpl.newInstance(NativeConstructorAccessorImpl.java:57)
	at sun.reflect.DelegatingConstructorAccessorImpl.newInstance(DelegatingConstructorAccessorImpl.java:45)
	at java.lang.reflect.Constructor.newInstance(Constructor.java:526)
	at junit.framework.TestSuite.createTest(TestSuite.java:68)
	at junit.framework.TestSuite.addTestMethod(TestSuite.java:310)
	at junit.framework.TestSuite.addTestsFromTestCase(TestSuite.java:153)
	at junit.framework.TestSuite.<init>(TestSuite.java:132)
	at org.apache.commons.math.stat.inference.TestUtilsTest.suite(TestUtilsTest.java:39)
	at sun.reflect.NativeMethodAccessorImpl.invoke0(Native Method)
	at sun.reflect.NativeMethodAccessorImpl.invoke(NativeMethodAccessorImpl.java:57)
	at sun.reflect.DelegatingMethodAccessorImpl.invoke(DelegatingMethodAccessorImpl.java:43)
	at java.lang.reflect.Method.invoke(Method.java:606)
	at org.junit.internal.runners.SuiteMethod.testFromSuiteMethod(SuiteMethod.java:35)
	at org.junit.internal.runners.SuiteMethod.<init>(SuiteMethod.java:24)
	at org.junit.internal.builders.SuiteMethodBuilder.runnerForClass(SuiteMethodBuilder.java:11)
	at org.junit.runners.model.RunnerBuilder.safeRunnerForClass(RunnerBuilder.java:59)
	at org.junit.internal.builders.AllDefaultPossibilitiesBuilder.runnerForClass(AllDefaultPossibilitiesBuilder.java:26)
	at org.junit.runners.model.RunnerBuilder.safeRunnerForClass(RunnerBuilder.java:59)
	at org.junit.internal.requests.ClassRequest.getRunner(ClassRequest.java:26)
	at org.junit.internal.requests.FilterRequest.getRunner(FilterRequest.java:31)
	at com.gzoltar.lib.instrumentation.testing.junit.JUnitRunner.execute(Unknown Source)
	at com.gzoltar.lib.instrumentation.testing.junit.JUnitRunner.runEachAtomicTestCase(Unknown Source)
	at com.gzoltar.lib.instrumentation.testing.junit.JUnitRunner.run(Unknown Source)
	at com.gzoltar.lib.client.Diagnose.main(Unknown Source)
* Started org.apache.commons.math.stat.inference.TestUtilsTest#testOneSampleT
* Finished org.apache.commons.math.stat.inference.TestUtilsTest#testOneSampleT
[ERROR] Class not found
java.lang.ClassNotFoundException: org.apache.commons.discovery.tools.DiscoverClass
	at java.lang.ClassLoader.findClass(ClassLoader.java:531)
	at java.lang.ClassLoader.loadClass(ClassLoader.java:425)
	at java.lang.ClassLoader.loadClass(ClassLoader.java:358)
	at com.gzoltar.lib.instrumentation.util.GZoltarClassLoader.loadClass(Unknown Source)
	at org.apache.commons.math.stat.descriptive.SummaryStatistics.newInstance(SummaryStatistics.java:85)
	at org.apache.commons.math.stat.inference.TestUtilsTest.<init>(TestUtilsTest.java:197)
	at sun.reflect.NativeConstructorAccessorImpl.newInstance0(Native Method)
	at sun.reflect.NativeConstructorAccessorImpl.newInstance(NativeConstructorAccessorImpl.java:57)
	at sun.reflect.DelegatingConstructorAccessorImpl.newInstance(DelegatingConstructorAccessorImpl.java:45)
	at java.lang.reflect.Constructor.newInstance(Constructor.java:526)
	at junit.framework.TestSuite.createTest(TestSuite.java:68)
	at junit.framework.TestSuite.addTestMethod(TestSuite.java:310)
	at junit.framework.TestSuite.addTestsFromTestCase(TestSuite.java:153)
	at junit.framework.TestSuite.<init>(TestSuite.java:132)
	at org.apache.commons.math.stat.inference.TestUtilsTest.suite(TestUtilsTest.java:39)
	at sun.reflect.NativeMethodAccessorImpl.invoke0(Native Method)
	at sun.reflect.NativeMethodAccessorImpl.invoke(NativeMethodAccessorImpl.java:57)
	at sun.reflect.DelegatingMethodAccessorImpl.invoke(DelegatingMethodAccessorImpl.java:43)
	at java.lang.reflect.Method.invoke(Method.java:606)
	at org.junit.internal.runners.SuiteMethod.testFromSuiteMethod(SuiteMethod.java:35)
	at org.junit.internal.runners.SuiteMethod.<init>(SuiteMethod.java:24)
	at org.junit.internal.builders.SuiteMethodBuilder.runnerForClass(SuiteMethodBuilder.java:11)
	at org.junit.runners.model.RunnerBuilder.safeRunnerForClass(RunnerBuilder.java:59)
	at org.junit.internal.builders.AllDefaultPossibilitiesBuilder.runnerForClass(AllDefaultPossibilitiesBuilder.java:26)
	at org.junit.runners.model.RunnerBuilder.safeRunnerForClass(RunnerBuilder.java:59)
	at org.junit.internal.requests.ClassRequest.getRunner(ClassRequest.java:26)
	at org.junit.internal.requests.FilterRequest.getRunner(FilterRequest.java:31)
	at com.gzoltar.lib.instrumentation.testing.junit.JUnitRunner.execute(Unknown Source)
	at com.gzoltar.lib.instrumentation.testing.junit.JUnitRunner.runEachAtomicTestCase(Unknown Source)
	at com.gzoltar.lib.instrumentation.testing.junit.JUnitRunner.run(Unknown Source)
	at com.gzoltar.lib.client.Diagnose.main(Unknown Source)
* Started org.apache.commons.math.stat.inference.TestUtilsTest#testPaired
* Finished org.apache.commons.math.stat.inference.TestUtilsTest#testPaired
[ERROR] Class not found
java.lang.ClassNotFoundException: org.apache.commons.discovery.tools.DiscoverClass
	at java.lang.ClassLoader.findClass(ClassLoader.java:531)
	at java.lang.ClassLoader.loadClass(ClassLoader.java:425)
	at java.lang.ClassLoader.loadClass(ClassLoader.java:358)
	at com.gzoltar.lib.instrumentation.util.GZoltarClassLoader.loadClass(Unknown Source)
	at org.apache.commons.math.stat.descriptive.SummaryStatistics.newInstance(SummaryStatistics.java:85)
	at org.apache.commons.math.stat.inference.TestUtilsTest.<init>(TestUtilsTest.java:197)
	at sun.reflect.NativeConstructorAccessorImpl.newInstance0(Native Method)
	at sun.reflect.NativeConstructorAccessorImpl.newInstance(NativeConstructorAccessorImpl.java:57)
	at sun.reflect.DelegatingConstructorAccessorImpl.newInstance(DelegatingConstructorAccessorImpl.java:45)
	at java.lang.reflect.Constructor.newInstance(Constructor.java:526)
	at junit.framework.TestSuite.createTest(TestSuite.java:68)
	at junit.framework.TestSuite.addTestMethod(TestSuite.java:310)
	at junit.framework.TestSuite.addTestsFromTestCase(TestSuite.java:153)
	at junit.framework.TestSuite.<init>(TestSuite.java:132)
	at org.apache.commons.math.stat.inference.TestUtilsTest.suite(TestUtilsTest.java:39)
	at sun.reflect.NativeMethodAccessorImpl.invoke0(Native Method)
	at sun.reflect.NativeMethodAccessorImpl.invoke(NativeMethodAccessorImpl.java:57)
	at sun.reflect.DelegatingMethodAccessorImpl.invoke(DelegatingMethodAccessorImpl.java:43)
	at java.lang.reflect.Method.invoke(Method.java:606)
	at org.junit.internal.runners.SuiteMethod.testFromSuiteMethod(SuiteMethod.java:35)
	at org.junit.internal.runners.SuiteMethod.<init>(SuiteMethod.java:24)
	at org.junit.internal.builders.SuiteMethodBuilder.runnerForClass(SuiteMethodBuilder.java:11)
	at org.junit.runners.model.RunnerBuilder.safeRunnerForClass(RunnerBuilder.java:59)
	at org.junit.internal.builders.AllDefaultPossibilitiesBuilder.runnerForClass(AllDefaultPossibilitiesBuilder.java:26)
	at org.junit.runners.model.RunnerBuilder.safeRunnerForClass(RunnerBuilder.java:59)
	at org.junit.internal.requests.ClassRequest.getRunner(ClassRequest.java:26)
	at org.junit.internal.requests.FilterRequest.getRunner(FilterRequest.java:31)
	at com.gzoltar.lib.instrumentation.testing.junit.JUnitRunner.execute(Unknown Source)
	at com.gzoltar.lib.instrumentation.testing.junit.JUnitRunner.runEachAtomicTestCase(Unknown Source)
	at com.gzoltar.lib.instrumentation.testing.junit.JUnitRunner.run(Unknown Source)
	at com.gzoltar.lib.client.Diagnose.main(Unknown Source)
* Started org.apache.commons.math.stat.inference.TestUtilsTest#testTwoSampleTHomoscedastic
* Finished org.apache.commons.math.stat.inference.TestUtilsTest#testTwoSampleTHomoscedastic
* Started org.apache.commons.math.stat.inference.ChiSquareTestTest#testChiSquareDataSetsComparisonEqualCounts
* Finished org.apache.commons.math.stat.inference.ChiSquareTestTest#testChiSquareDataSetsComparisonEqualCounts
* Started org.apache.commons.math.stat.inference.ChiSquareTestTest#testChiSquareIndependence
* Finished org.apache.commons.math.stat.inference.ChiSquareTestTest#testChiSquareIndependence
* Started org.apache.commons.math.stat.inference.ChiSquareTestTest#testChiSquareDataSetsComparisonUnEqualCounts
* Finished org.apache.commons.math.stat.inference.ChiSquareTestTest#testChiSquareDataSetsComparisonUnEqualCounts
* Started org.apache.commons.math.stat.inference.ChiSquareTestTest#testChiSquareZeroCount
* Finished org.apache.commons.math.stat.inference.ChiSquareTestTest#testChiSquareZeroCount
* Started org.apache.commons.math.stat.inference.ChiSquareTestTest#testChiSquareLargeTestStatistic
* Failure: chi-square test statistic expected:<114875.90421929007> but was:<3624883.3429077636> | testChiSquareLargeTestStatistic(org.apache.commons.math.stat.inference.ChiSquareTestTest)
junit.framework.AssertionFailedError: chi-square test statistic expected:<114875.90421929007> but was:<3624883.3429077636>
	at junit.framework.Assert.fail(Assert.java:57)
	at junit.framework.Assert.failNotEquals(Assert.java:329)
	at junit.framework.Assert.assertEquals(Assert.java:120)
	at junit.framework.TestCase.assertEquals(TestCase.java:279)
	at org.apache.commons.math.stat.inference.ChiSquareTestTest.testChiSquareLargeTestStatistic(ChiSquareTestTest.java:183)
	at sun.reflect.NativeMethodAccessorImpl.invoke0(Native Method)
	at sun.reflect.NativeMethodAccessorImpl.invoke(NativeMethodAccessorImpl.java:57)
	at sun.reflect.DelegatingMethodAccessorImpl.invoke(DelegatingMethodAccessorImpl.java:43)
	at java.lang.reflect.Method.invoke(Method.java:606)
	at junit.framework.TestCase.runTest(TestCase.java:176)
	at junit.framework.TestCase.runBare(TestCase.java:141)
	at junit.framework.TestResult$1.protect(TestResult.java:122)
	at junit.framework.TestResult.runProtected(TestResult.java:142)
	at junit.framework.TestResult.run(TestResult.java:125)
	at junit.framework.TestCase.run(TestCase.java:129)
	at junit.framework.TestSuite.runTest(TestSuite.java:255)
	at junit.framework.TestSuite.run(TestSuite.java:250)
	at org.junit.internal.runners.JUnit38ClassRunner.run(JUnit38ClassRunner.java:84)
	at com.gzoltar.lib.instrumentation.testing.junit.a.call(Unknown Source)
	at java.util.concurrent.FutureTask.run(FutureTask.java:262)
	at java.util.concurrent.ThreadPoolExecutor.runWorker(ThreadPoolExecutor.java:1145)
	at java.util.concurrent.ThreadPoolExecutor$Worker.run(ThreadPoolExecutor.java:615)
	at java.lang.Thread.run(Thread.java:745)

* Finished org.apache.commons.math.stat.inference.ChiSquareTestTest#testChiSquareLargeTestStatistic
* Started org.apache.commons.math.stat.inference.ChiSquareTestTest#testChiSquare
* Failure: chi-square test statistic expected:<9.023307936427388> but was:<16.413107036160778> | testChiSquare(org.apache.commons.math.stat.inference.ChiSquareTestTest)
junit.framework.AssertionFailedError: chi-square test statistic expected:<9.023307936427388> but was:<16.413107036160778>
	at junit.framework.Assert.fail(Assert.java:57)
	at junit.framework.Assert.failNotEquals(Assert.java:329)
	at junit.framework.Assert.assertEquals(Assert.java:120)
	at junit.framework.TestCase.assertEquals(TestCase.java:279)
	at org.apache.commons.math.stat.inference.ChiSquareTestTest.testChiSquare(ChiSquareTestTest.java:60)
	at sun.reflect.NativeMethodAccessorImpl.invoke0(Native Method)
	at sun.reflect.NativeMethodAccessorImpl.invoke(NativeMethodAccessorImpl.java:57)
	at sun.reflect.DelegatingMethodAccessorImpl.invoke(DelegatingMethodAccessorImpl.java:43)
	at java.lang.reflect.Method.invoke(Method.java:606)
	at junit.framework.TestCase.runTest(TestCase.java:176)
	at junit.framework.TestCase.runBare(TestCase.java:141)
	at junit.framework.TestResult$1.protect(TestResult.java:122)
	at junit.framework.TestResult.runProtected(TestResult.java:142)
	at junit.framework.TestResult.run(TestResult.java:125)
	at junit.framework.TestCase.run(TestCase.java:129)
	at junit.framework.TestSuite.runTest(TestSuite.java:255)
	at junit.framework.TestSuite.run(TestSuite.java:250)
	at org.junit.internal.runners.JUnit38ClassRunner.run(JUnit38ClassRunner.java:84)
	at com.gzoltar.lib.instrumentation.testing.junit.a.call(Unknown Source)
	at java.util.concurrent.FutureTask.run(FutureTask.java:262)
	at java.util.concurrent.ThreadPoolExecutor.runWorker(ThreadPoolExecutor.java:1145)
	at java.util.concurrent.ThreadPoolExecutor$Worker.run(ThreadPoolExecutor.java:615)
	at java.lang.Thread.run(Thread.java:745)

* Finished org.apache.commons.math.stat.inference.ChiSquareTestTest#testChiSquare
* Started org.apache.commons.math.stat.inference.ChiSquareTestTest#testChiSquareDataSetsComparisonBadCounts
* Finished org.apache.commons.math.stat.inference.ChiSquareTestTest#testChiSquareDataSetsComparisonBadCounts
* Started org.apache.commons.math.stat.inference.ChiSquareFactoryTest#testChiSquareDataSetsComparisonEqualCounts
* Finished org.apache.commons.math.stat.inference.ChiSquareFactoryTest#testChiSquareDataSetsComparisonEqualCounts
* Started org.apache.commons.math.stat.inference.ChiSquareFactoryTest#testChiSquareIndependence
* Finished org.apache.commons.math.stat.inference.ChiSquareFactoryTest#testChiSquareIndependence
* Started org.apache.commons.math.stat.inference.ChiSquareFactoryTest#testChiSquareDataSetsComparisonUnEqualCounts
* Finished org.apache.commons.math.stat.inference.ChiSquareFactoryTest#testChiSquareDataSetsComparisonUnEqualCounts
* Started org.apache.commons.math.stat.inference.ChiSquareFactoryTest#testChiSquareZeroCount
* Finished org.apache.commons.math.stat.inference.ChiSquareFactoryTest#testChiSquareZeroCount
* Started org.apache.commons.math.stat.inference.ChiSquareFactoryTest#testChiSquareLargeTestStatistic
* Failure: chi-square test statistic expected:<114875.90421929007> but was:<3624883.3429077636> | testChiSquareLargeTestStatistic(org.apache.commons.math.stat.inference.ChiSquareFactoryTest)
junit.framework.AssertionFailedError: chi-square test statistic expected:<114875.90421929007> but was:<3624883.3429077636>
	at junit.framework.Assert.fail(Assert.java:57)
	at junit.framework.Assert.failNotEquals(Assert.java:329)
	at junit.framework.Assert.assertEquals(Assert.java:120)
	at junit.framework.TestCase.assertEquals(TestCase.java:279)
	at org.apache.commons.math.stat.inference.ChiSquareTestTest.testChiSquareLargeTestStatistic(ChiSquareTestTest.java:183)
	at sun.reflect.NativeMethodAccessorImpl.invoke0(Native Method)
	at sun.reflect.NativeMethodAccessorImpl.invoke(NativeMethodAccessorImpl.java:57)
	at sun.reflect.DelegatingMethodAccessorImpl.invoke(DelegatingMethodAccessorImpl.java:43)
	at java.lang.reflect.Method.invoke(Method.java:606)
	at junit.framework.TestCase.runTest(TestCase.java:176)
	at junit.framework.TestCase.runBare(TestCase.java:141)
	at junit.framework.TestResult$1.protect(TestResult.java:122)
	at junit.framework.TestResult.runProtected(TestResult.java:142)
	at junit.framework.TestResult.run(TestResult.java:125)
	at junit.framework.TestCase.run(TestCase.java:129)
	at junit.framework.TestSuite.runTest(TestSuite.java:255)
	at junit.framework.TestSuite.run(TestSuite.java:250)
	at org.junit.internal.runners.JUnit38ClassRunner.run(JUnit38ClassRunner.java:84)
	at com.gzoltar.lib.instrumentation.testing.junit.a.call(Unknown Source)
	at java.util.concurrent.FutureTask.run(FutureTask.java:262)
	at java.util.concurrent.ThreadPoolExecutor.runWorker(ThreadPoolExecutor.java:1145)
	at java.util.concurrent.ThreadPoolExecutor$Worker.run(ThreadPoolExecutor.java:615)
	at java.lang.Thread.run(Thread.java:745)

* Finished org.apache.commons.math.stat.inference.ChiSquareFactoryTest#testChiSquareLargeTestStatistic
* Started org.apache.commons.math.stat.inference.ChiSquareFactoryTest#testChiSquare
* Failure: chi-square test statistic expected:<9.023307936427388> but was:<16.413107036160778> | testChiSquare(org.apache.commons.math.stat.inference.ChiSquareFactoryTest)
junit.framework.AssertionFailedError: chi-square test statistic expected:<9.023307936427388> but was:<16.413107036160778>
	at junit.framework.Assert.fail(Assert.java:57)
	at junit.framework.Assert.failNotEquals(Assert.java:329)
	at junit.framework.Assert.assertEquals(Assert.java:120)
	at junit.framework.TestCase.assertEquals(TestCase.java:279)
	at org.apache.commons.math.stat.inference.ChiSquareTestTest.testChiSquare(ChiSquareTestTest.java:60)
	at sun.reflect.NativeMethodAccessorImpl.invoke0(Native Method)
	at sun.reflect.NativeMethodAccessorImpl.invoke(NativeMethodAccessorImpl.java:57)
	at sun.reflect.DelegatingMethodAccessorImpl.invoke(DelegatingMethodAccessorImpl.java:43)
	at java.lang.reflect.Method.invoke(Method.java:606)
	at junit.framework.TestCase.runTest(TestCase.java:176)
	at junit.framework.TestCase.runBare(TestCase.java:141)
	at junit.framework.TestResult$1.protect(TestResult.java:122)
	at junit.framework.TestResult.runProtected(TestResult.java:142)
	at junit.framework.TestResult.run(TestResult.java:125)
	at junit.framework.TestCase.run(TestCase.java:129)
	at junit.framework.TestSuite.runTest(TestSuite.java:255)
	at junit.framework.TestSuite.run(TestSuite.java:250)
	at org.junit.internal.runners.JUnit38ClassRunner.run(JUnit38ClassRunner.java:84)
	at com.gzoltar.lib.instrumentation.testing.junit.a.call(Unknown Source)
	at java.util.concurrent.FutureTask.run(FutureTask.java:262)
	at java.util.concurrent.ThreadPoolExecutor.runWorker(ThreadPoolExecutor.java:1145)
	at java.util.concurrent.ThreadPoolExecutor$Worker.run(ThreadPoolExecutor.java:615)
	at java.lang.Thread.run(Thread.java:745)

* Finished org.apache.commons.math.stat.inference.ChiSquareFactoryTest#testChiSquare
* Started org.apache.commons.math.stat.inference.ChiSquareFactoryTest#testChiSquareDataSetsComparisonBadCounts
* Finished org.apache.commons.math.stat.inference.ChiSquareFactoryTest#testChiSquareDataSetsComparisonBadCounts
[ERROR] Class not found
java.lang.ClassNotFoundException: org.apache.commons.discovery.tools.DiscoverClass
	at java.lang.ClassLoader.findClass(ClassLoader.java:531)
	at java.lang.ClassLoader.loadClass(ClassLoader.java:425)
	at java.lang.ClassLoader.loadClass(ClassLoader.java:358)
	at com.gzoltar.lib.instrumentation.util.GZoltarClassLoader.loadClass(Unknown Source)
	at org.apache.commons.math.stat.descriptive.SummaryStatistics.newInstance(SummaryStatistics.java:85)
	at org.apache.commons.math.stat.inference.TTestTest.<init>(TTestTest.java:36)
	at org.apache.commons.math.stat.inference.TTestFactoryTest.<init>(TTestFactoryTest.java:30)
	at sun.reflect.NativeConstructorAccessorImpl.newInstance0(Native Method)
	at sun.reflect.NativeConstructorAccessorImpl.newInstance(NativeConstructorAccessorImpl.java:57)
	at sun.reflect.DelegatingConstructorAccessorImpl.newInstance(DelegatingConstructorAccessorImpl.java:45)
	at java.lang.reflect.Constructor.newInstance(Constructor.java:526)
	at junit.framework.TestSuite.createTest(TestSuite.java:68)
	at junit.framework.TestSuite.addTestMethod(TestSuite.java:310)
	at junit.framework.TestSuite.addTestsFromTestCase(TestSuite.java:153)
	at junit.framework.TestSuite.<init>(TestSuite.java:132)
	at org.apache.commons.math.stat.inference.TTestFactoryTest.suite(TTestFactoryTest.java:39)
	at sun.reflect.NativeMethodAccessorImpl.invoke0(Native Method)
	at sun.reflect.NativeMethodAccessorImpl.invoke(NativeMethodAccessorImpl.java:57)
	at sun.reflect.DelegatingMethodAccessorImpl.invoke(DelegatingMethodAccessorImpl.java:43)
	at java.lang.reflect.Method.invoke(Method.java:606)
	at org.junit.internal.runners.SuiteMethod.testFromSuiteMethod(SuiteMethod.java:35)
	at org.junit.internal.runners.SuiteMethod.<init>(SuiteMethod.java:24)
	at org.junit.internal.builders.SuiteMethodBuilder.runnerForClass(SuiteMethodBuilder.java:11)
	at org.junit.runners.model.RunnerBuilder.safeRunnerForClass(RunnerBuilder.java:59)
	at org.junit.internal.builders.AllDefaultPossibilitiesBuilder.runnerForClass(AllDefaultPossibilitiesBuilder.java:26)
	at org.junit.runners.model.RunnerBuilder.safeRunnerForClass(RunnerBuilder.java:59)
	at org.junit.internal.requests.ClassRequest.getRunner(ClassRequest.java:26)
	at org.junit.internal.requests.FilterRequest.getRunner(FilterRequest.java:31)
	at com.gzoltar.lib.instrumentation.testing.junit.JUnitRunner.execute(Unknown Source)
	at com.gzoltar.lib.instrumentation.testing.junit.JUnitRunner.runEachAtomicTestCase(Unknown Source)
	at com.gzoltar.lib.instrumentation.testing.junit.JUnitRunner.run(Unknown Source)
	at com.gzoltar.lib.client.Diagnose.main(Unknown Source)
* Started org.apache.commons.math.stat.inference.TTestFactoryTest#testOneSampleTTest
* Finished org.apache.commons.math.stat.inference.TTestFactoryTest#testOneSampleTTest
[ERROR] Class not found
java.lang.ClassNotFoundException: org.apache.commons.discovery.tools.DiscoverClass
	at java.lang.ClassLoader.findClass(ClassLoader.java:531)
	at java.lang.ClassLoader.loadClass(ClassLoader.java:425)
	at java.lang.ClassLoader.loadClass(ClassLoader.java:358)
	at com.gzoltar.lib.instrumentation.util.GZoltarClassLoader.loadClass(Unknown Source)
	at org.apache.commons.math.stat.descriptive.SummaryStatistics.newInstance(SummaryStatistics.java:85)
	at org.apache.commons.math.stat.inference.TTestTest.<init>(TTestTest.java:36)
	at org.apache.commons.math.stat.inference.TTestFactoryTest.<init>(TTestFactoryTest.java:30)
	at sun.reflect.NativeConstructorAccessorImpl.newInstance0(Native Method)
	at sun.reflect.NativeConstructorAccessorImpl.newInstance(NativeConstructorAccessorImpl.java:57)
	at sun.reflect.DelegatingConstructorAccessorImpl.newInstance(DelegatingConstructorAccessorImpl.java:45)
	at java.lang.reflect.Constructor.newInstance(Constructor.java:526)
	at junit.framework.TestSuite.createTest(TestSuite.java:68)
	at junit.framework.TestSuite.addTestMethod(TestSuite.java:310)
	at junit.framework.TestSuite.addTestsFromTestCase(TestSuite.java:153)
	at junit.framework.TestSuite.<init>(TestSuite.java:132)
	at org.apache.commons.math.stat.inference.TTestFactoryTest.suite(TTestFactoryTest.java:39)
	at sun.reflect.NativeMethodAccessorImpl.invoke0(Native Method)
	at sun.reflect.NativeMethodAccessorImpl.invoke(NativeMethodAccessorImpl.java:57)
	at sun.reflect.DelegatingMethodAccessorImpl.invoke(DelegatingMethodAccessorImpl.java:43)
	at java.lang.reflect.Method.invoke(Method.java:606)
	at org.junit.internal.runners.SuiteMethod.testFromSuiteMethod(SuiteMethod.java:35)
	at org.junit.internal.runners.SuiteMethod.<init>(SuiteMethod.java:24)
	at org.junit.internal.builders.SuiteMethodBuilder.runnerForClass(SuiteMethodBuilder.java:11)
	at org.junit.runners.model.RunnerBuilder.safeRunnerForClass(RunnerBuilder.java:59)
	at org.junit.internal.builders.AllDefaultPossibilitiesBuilder.runnerForClass(AllDefaultPossibilitiesBuilder.java:26)
	at org.junit.runners.model.RunnerBuilder.safeRunnerForClass(RunnerBuilder.java:59)
	at org.junit.internal.requests.ClassRequest.getRunner(ClassRequest.java:26)
	at org.junit.internal.requests.FilterRequest.getRunner(FilterRequest.java:31)
	at com.gzoltar.lib.instrumentation.testing.junit.JUnitRunner.execute(Unknown Source)
	at com.gzoltar.lib.instrumentation.testing.junit.JUnitRunner.runEachAtomicTestCase(Unknown Source)
	at com.gzoltar.lib.instrumentation.testing.junit.JUnitRunner.run(Unknown Source)
	at com.gzoltar.lib.client.Diagnose.main(Unknown Source)
* Started org.apache.commons.math.stat.inference.TTestFactoryTest#testSmallSamples
* Finished org.apache.commons.math.stat.inference.TTestFactoryTest#testSmallSamples
[ERROR] Class not found
java.lang.ClassNotFoundException: org.apache.commons.discovery.tools.DiscoverClass
	at java.lang.ClassLoader.findClass(ClassLoader.java:531)
	at java.lang.ClassLoader.loadClass(ClassLoader.java:425)
	at java.lang.ClassLoader.loadClass(ClassLoader.java:358)
	at com.gzoltar.lib.instrumentation.util.GZoltarClassLoader.loadClass(Unknown Source)
	at org.apache.commons.math.stat.descriptive.SummaryStatistics.newInstance(SummaryStatistics.java:85)
	at org.apache.commons.math.stat.inference.TTestTest.<init>(TTestTest.java:36)
	at org.apache.commons.math.stat.inference.TTestFactoryTest.<init>(TTestFactoryTest.java:30)
	at sun.reflect.NativeConstructorAccessorImpl.newInstance0(Native Method)
	at sun.reflect.NativeConstructorAccessorImpl.newInstance(NativeConstructorAccessorImpl.java:57)
	at sun.reflect.DelegatingConstructorAccessorImpl.newInstance(DelegatingConstructorAccessorImpl.java:45)
	at java.lang.reflect.Constructor.newInstance(Constructor.java:526)
	at junit.framework.TestSuite.createTest(TestSuite.java:68)
	at junit.framework.TestSuite.addTestMethod(TestSuite.java:310)
	at junit.framework.TestSuite.addTestsFromTestCase(TestSuite.java:153)
	at junit.framework.TestSuite.<init>(TestSuite.java:132)
	at org.apache.commons.math.stat.inference.TTestFactoryTest.suite(TTestFactoryTest.java:39)
	at sun.reflect.NativeMethodAccessorImpl.invoke0(Native Method)
	at sun.reflect.NativeMethodAccessorImpl.invoke(NativeMethodAccessorImpl.java:57)
	at sun.reflect.DelegatingMethodAccessorImpl.invoke(DelegatingMethodAccessorImpl.java:43)
	at java.lang.reflect.Method.invoke(Method.java:606)
	at org.junit.internal.runners.SuiteMethod.testFromSuiteMethod(SuiteMethod.java:35)
	at org.junit.internal.runners.SuiteMethod.<init>(SuiteMethod.java:24)
	at org.junit.internal.builders.SuiteMethodBuilder.runnerForClass(SuiteMethodBuilder.java:11)
	at org.junit.runners.model.RunnerBuilder.safeRunnerForClass(RunnerBuilder.java:59)
	at org.junit.internal.builders.AllDefaultPossibilitiesBuilder.runnerForClass(AllDefaultPossibilitiesBuilder.java:26)
	at org.junit.runners.model.RunnerBuilder.safeRunnerForClass(RunnerBuilder.java:59)
	at org.junit.internal.requests.ClassRequest.getRunner(ClassRequest.java:26)
	at org.junit.internal.requests.FilterRequest.getRunner(FilterRequest.java:31)
	at com.gzoltar.lib.instrumentation.testing.junit.JUnitRunner.execute(Unknown Source)
	at com.gzoltar.lib.instrumentation.testing.junit.JUnitRunner.runEachAtomicTestCase(Unknown Source)
	at com.gzoltar.lib.instrumentation.testing.junit.JUnitRunner.run(Unknown Source)
	at com.gzoltar.lib.client.Diagnose.main(Unknown Source)
* Started org.apache.commons.math.stat.inference.TTestFactoryTest#testTwoSampleTHeterscedastic
* Finished org.apache.commons.math.stat.inference.TTestFactoryTest#testTwoSampleTHeterscedastic
[ERROR] Class not found
java.lang.ClassNotFoundException: org.apache.commons.discovery.tools.DiscoverClass
	at java.lang.ClassLoader.findClass(ClassLoader.java:531)
	at java.lang.ClassLoader.loadClass(ClassLoader.java:425)
	at java.lang.ClassLoader.loadClass(ClassLoader.java:358)
	at com.gzoltar.lib.instrumentation.util.GZoltarClassLoader.loadClass(Unknown Source)
	at org.apache.commons.math.stat.descriptive.SummaryStatistics.newInstance(SummaryStatistics.java:85)
	at org.apache.commons.math.stat.inference.TTestTest.<init>(TTestTest.java:36)
	at org.apache.commons.math.stat.inference.TTestFactoryTest.<init>(TTestFactoryTest.java:30)
	at sun.reflect.NativeConstructorAccessorImpl.newInstance0(Native Method)
	at sun.reflect.NativeConstructorAccessorImpl.newInstance(NativeConstructorAccessorImpl.java:57)
	at sun.reflect.DelegatingConstructorAccessorImpl.newInstance(DelegatingConstructorAccessorImpl.java:45)
	at java.lang.reflect.Constructor.newInstance(Constructor.java:526)
	at junit.framework.TestSuite.createTest(TestSuite.java:68)
	at junit.framework.TestSuite.addTestMethod(TestSuite.java:310)
	at junit.framework.TestSuite.addTestsFromTestCase(TestSuite.java:153)
	at junit.framework.TestSuite.<init>(TestSuite.java:132)
	at org.apache.commons.math.stat.inference.TTestFactoryTest.suite(TTestFactoryTest.java:39)
	at sun.reflect.NativeMethodAccessorImpl.invoke0(Native Method)
	at sun.reflect.NativeMethodAccessorImpl.invoke(NativeMethodAccessorImpl.java:57)
	at sun.reflect.DelegatingMethodAccessorImpl.invoke(DelegatingMethodAccessorImpl.java:43)
	at java.lang.reflect.Method.invoke(Method.java:606)
	at org.junit.internal.runners.SuiteMethod.testFromSuiteMethod(SuiteMethod.java:35)
	at org.junit.internal.runners.SuiteMethod.<init>(SuiteMethod.java:24)
	at org.junit.internal.builders.SuiteMethodBuilder.runnerForClass(SuiteMethodBuilder.java:11)
	at org.junit.runners.model.RunnerBuilder.safeRunnerForClass(RunnerBuilder.java:59)
	at org.junit.internal.builders.AllDefaultPossibilitiesBuilder.runnerForClass(AllDefaultPossibilitiesBuilder.java:26)
	at org.junit.runners.model.RunnerBuilder.safeRunnerForClass(RunnerBuilder.java:59)
	at org.junit.internal.requests.ClassRequest.getRunner(ClassRequest.java:26)
	at org.junit.internal.requests.FilterRequest.getRunner(FilterRequest.java:31)
	at com.gzoltar.lib.instrumentation.testing.junit.JUnitRunner.execute(Unknown Source)
	at com.gzoltar.lib.instrumentation.testing.junit.JUnitRunner.runEachAtomicTestCase(Unknown Source)
	at com.gzoltar.lib.instrumentation.testing.junit.JUnitRunner.run(Unknown Source)
	at com.gzoltar.lib.client.Diagnose.main(Unknown Source)
* Started org.apache.commons.math.stat.inference.TTestFactoryTest#testOneSampleT
* Finished org.apache.commons.math.stat.inference.TTestFactoryTest#testOneSampleT
[ERROR] Class not found
java.lang.ClassNotFoundException: org.apache.commons.discovery.tools.DiscoverClass
	at java.lang.ClassLoader.findClass(ClassLoader.java:531)
	at java.lang.ClassLoader.loadClass(ClassLoader.java:425)
	at java.lang.ClassLoader.loadClass(ClassLoader.java:358)
	at com.gzoltar.lib.instrumentation.util.GZoltarClassLoader.loadClass(Unknown Source)
	at org.apache.commons.math.stat.descriptive.SummaryStatistics.newInstance(SummaryStatistics.java:85)
	at org.apache.commons.math.stat.inference.TTestTest.<init>(TTestTest.java:36)
	at org.apache.commons.math.stat.inference.TTestFactoryTest.<init>(TTestFactoryTest.java:30)
	at sun.reflect.NativeConstructorAccessorImpl.newInstance0(Native Method)
	at sun.reflect.NativeConstructorAccessorImpl.newInstance(NativeConstructorAccessorImpl.java:57)
	at sun.reflect.DelegatingConstructorAccessorImpl.newInstance(DelegatingConstructorAccessorImpl.java:45)
	at java.lang.reflect.Constructor.newInstance(Constructor.java:526)
	at junit.framework.TestSuite.createTest(TestSuite.java:68)
	at junit.framework.TestSuite.addTestMethod(TestSuite.java:310)
	at junit.framework.TestSuite.addTestsFromTestCase(TestSuite.java:153)
	at junit.framework.TestSuite.<init>(TestSuite.java:132)
	at org.apache.commons.math.stat.inference.TTestFactoryTest.suite(TTestFactoryTest.java:39)
	at sun.reflect.NativeMethodAccessorImpl.invoke0(Native Method)
	at sun.reflect.NativeMethodAccessorImpl.invoke(NativeMethodAccessorImpl.java:57)
	at sun.reflect.DelegatingMethodAccessorImpl.invoke(DelegatingMethodAccessorImpl.java:43)
	at java.lang.reflect.Method.invoke(Method.java:606)
	at org.junit.internal.runners.SuiteMethod.testFromSuiteMethod(SuiteMethod.java:35)
	at org.junit.internal.runners.SuiteMethod.<init>(SuiteMethod.java:24)
	at org.junit.internal.builders.SuiteMethodBuilder.runnerForClass(SuiteMethodBuilder.java:11)
	at org.junit.runners.model.RunnerBuilder.safeRunnerForClass(RunnerBuilder.java:59)
	at org.junit.internal.builders.AllDefaultPossibilitiesBuilder.runnerForClass(AllDefaultPossibilitiesBuilder.java:26)
	at org.junit.runners.model.RunnerBuilder.safeRunnerForClass(RunnerBuilder.java:59)
	at org.junit.internal.requests.ClassRequest.getRunner(ClassRequest.java:26)
	at org.junit.internal.requests.FilterRequest.getRunner(FilterRequest.java:31)
	at com.gzoltar.lib.instrumentation.testing.junit.JUnitRunner.execute(Unknown Source)
	at com.gzoltar.lib.instrumentation.testing.junit.JUnitRunner.runEachAtomicTestCase(Unknown Source)
	at com.gzoltar.lib.instrumentation.testing.junit.JUnitRunner.run(Unknown Source)
	at com.gzoltar.lib.client.Diagnose.main(Unknown Source)
* Started org.apache.commons.math.stat.inference.TTestFactoryTest#testPaired
* Finished org.apache.commons.math.stat.inference.TTestFactoryTest#testPaired
[ERROR] Class not found
java.lang.ClassNotFoundException: org.apache.commons.discovery.tools.DiscoverClass
	at java.lang.ClassLoader.findClass(ClassLoader.java:531)
	at java.lang.ClassLoader.loadClass(ClassLoader.java:425)
	at java.lang.ClassLoader.loadClass(ClassLoader.java:358)
	at com.gzoltar.lib.instrumentation.util.GZoltarClassLoader.loadClass(Unknown Source)
	at org.apache.commons.math.stat.descriptive.SummaryStatistics.newInstance(SummaryStatistics.java:85)
	at org.apache.commons.math.stat.inference.TTestTest.<init>(TTestTest.java:36)
	at org.apache.commons.math.stat.inference.TTestFactoryTest.<init>(TTestFactoryTest.java:30)
	at sun.reflect.NativeConstructorAccessorImpl.newInstance0(Native Method)
	at sun.reflect.NativeConstructorAccessorImpl.newInstance(NativeConstructorAccessorImpl.java:57)
	at sun.reflect.DelegatingConstructorAccessorImpl.newInstance(DelegatingConstructorAccessorImpl.java:45)
	at java.lang.reflect.Constructor.newInstance(Constructor.java:526)
	at junit.framework.TestSuite.createTest(TestSuite.java:68)
	at junit.framework.TestSuite.addTestMethod(TestSuite.java:310)
	at junit.framework.TestSuite.addTestsFromTestCase(TestSuite.java:153)
	at junit.framework.TestSuite.<init>(TestSuite.java:132)
	at org.apache.commons.math.stat.inference.TTestFactoryTest.suite(TTestFactoryTest.java:39)
	at sun.reflect.NativeMethodAccessorImpl.invoke0(Native Method)
	at sun.reflect.NativeMethodAccessorImpl.invoke(NativeMethodAccessorImpl.java:57)
	at sun.reflect.DelegatingMethodAccessorImpl.invoke(DelegatingMethodAccessorImpl.java:43)
	at java.lang.reflect.Method.invoke(Method.java:606)
	at org.junit.internal.runners.SuiteMethod.testFromSuiteMethod(SuiteMethod.java:35)
	at org.junit.internal.runners.SuiteMethod.<init>(SuiteMethod.java:24)
	at org.junit.internal.builders.SuiteMethodBuilder.runnerForClass(SuiteMethodBuilder.java:11)
	at org.junit.runners.model.RunnerBuilder.safeRunnerForClass(RunnerBuilder.java:59)
	at org.junit.internal.builders.AllDefaultPossibilitiesBuilder.runnerForClass(AllDefaultPossibilitiesBuilder.java:26)
	at org.junit.runners.model.RunnerBuilder.safeRunnerForClass(RunnerBuilder.java:59)
	at org.junit.internal.requests.ClassRequest.getRunner(ClassRequest.java:26)
	at org.junit.internal.requests.FilterRequest.getRunner(FilterRequest.java:31)
	at com.gzoltar.lib.instrumentation.testing.junit.JUnitRunner.execute(Unknown Source)
	at com.gzoltar.lib.instrumentation.testing.junit.JUnitRunner.runEachAtomicTestCase(Unknown Source)
	at com.gzoltar.lib.instrumentation.testing.junit.JUnitRunner.run(Unknown Source)
	at com.gzoltar.lib.client.Diagnose.main(Unknown Source)
* Started org.apache.commons.math.stat.inference.TTestFactoryTest#testTwoSampleTHomoscedastic
* Finished org.apache.commons.math.stat.inference.TTestFactoryTest#testTwoSampleTHomoscedastic
* Filtering test cases that do not cover any component
* Sending data to master
* Closing connection with client
* Performing fault localization
* Running Ochiai
* Running Ochiai2
* Running Tarantula
* Running Jaccard
* Running SBI
* Running Kulczynski2
* Running Sorensen-Dice
* Running Anderberg
* Running Simple-matching
* Running Rogers and Tanimoto
* Running Russel and Rao
* Running Dstar
* Running Opt
* Running Barinel
* Running Ideal
* Running Naish1
* Writing coverage matrix to '/fastdata/acp13jcd/GZoltar/Math/102/Math/developer/0/Math-102b-developer.0/matrix'
* Normalizing spectra, coefficient: DSTAR
* Normalizing spectra, coefficient: OPT
* Writing spectra to '/fastdata/acp13jcd/GZoltar/Math/102/Math/developer/0/Math-102b-developer.0/spectra'
* Metrics
* Writing statistics to '/fastdata/acp13jcd/GZoltar/Math/102/Math/developer/0/Math-102b-developer.0/statistics.csv'
* Computation finished

DONE!
