* Checking out Math-71 to /scratch/acp13jcd/run_gzoltar_84846_Math-71
* Compiling Math-71
Running ant (compile)...................................................... OK
Running ant (compile.tests)................................................ OK
* Running GZoltar
   ____ _____     _ _               
  / ___|__  /___ | | |_ __ _ _ __   
 | |  _  / // _ \| | __/ _` | '__| 
 | |_| |/ /| (_) | | || (_| | |     
  \____/____\___/|_|\__\__,_|_| 

[ERROR] /scratch/acp13jcd/run_gzoltar_84846_Math-71/lib/junit-4.4.jar does not exist
java.lang.Exception
	at com.gzoltar.lib.master.modes.Diagnose.execute(Unknown Source)
	at com.gzoltar.lib.master.GZoltar.parseCommandLine(Unknown Source)
	at com.gzoltar.lib.master.GZoltar.main(Unknown Source)
* Preparing classpath
* Collecting classes under test
* Collecting test cases
* Performing analysis
* Started org.apache.commons.math.ode.jacobians.FirstOrderIntegratorWithJacobiansTest#testEventHandler
* Finished org.apache.commons.math.ode.jacobians.FirstOrderIntegratorWithJacobiansTest#testEventHandler
* Started org.apache.commons.math.ode.jacobians.FirstOrderIntegratorWithJacobiansTest#testLowAccuracyExternalDifferentiation
* Finished org.apache.commons.math.ode.jacobians.FirstOrderIntegratorWithJacobiansTest#testLowAccuracyExternalDifferentiation
* Started org.apache.commons.math.ode.jacobians.FirstOrderIntegratorWithJacobiansTest#testHighAccuracyExternalDifferentiation
* Finished org.apache.commons.math.ode.jacobians.FirstOrderIntegratorWithJacobiansTest#testHighAccuracyExternalDifferentiation
* Started org.apache.commons.math.ode.jacobians.FirstOrderIntegratorWithJacobiansTest#testAnalyticalDifferentiation
* Finished org.apache.commons.math.ode.jacobians.FirstOrderIntegratorWithJacobiansTest#testAnalyticalDifferentiation
* Started org.apache.commons.math.ode.jacobians.FirstOrderIntegratorWithJacobiansTest#testInternalDifferentiation
* Finished org.apache.commons.math.ode.jacobians.FirstOrderIntegratorWithJacobiansTest#testInternalDifferentiation
* Started org.apache.commons.math.ode.jacobians.FirstOrderIntegratorWithJacobiansTest#testStepHandlerResult
* Finished org.apache.commons.math.ode.jacobians.FirstOrderIntegratorWithJacobiansTest#testStepHandlerResult
* Started org.apache.commons.math.ode.jacobians.FirstOrderIntegratorWithJacobiansTest#testFinalResult
* Finished org.apache.commons.math.ode.jacobians.FirstOrderIntegratorWithJacobiansTest#testFinalResult
* Started org.apache.commons.math.ode.FirstOrderConverterTest#testSmallStep
* Finished org.apache.commons.math.ode.FirstOrderConverterTest#testSmallStep
* Started org.apache.commons.math.ode.FirstOrderConverterTest#testDecreasingSteps
* Finished org.apache.commons.math.ode.FirstOrderConverterTest#testDecreasingSteps
* Started org.apache.commons.math.ode.FirstOrderConverterTest#testBigStep
* Finished org.apache.commons.math.ode.FirstOrderConverterTest#testBigStep
* Started org.apache.commons.math.ode.FirstOrderConverterTest#testDoubleDimension
* Finished org.apache.commons.math.ode.FirstOrderConverterTest#testDoubleDimension
* Started org.apache.commons.math.ode.nonstiff.DormandPrince853IntegratorTest#testDimensionCheck
* Finished org.apache.commons.math.ode.nonstiff.DormandPrince853IntegratorTest#testDimensionCheck
* Started org.apache.commons.math.ode.nonstiff.DormandPrince853IntegratorTest#testBackward
* Finished org.apache.commons.math.ode.nonstiff.DormandPrince853IntegratorTest#testBackward
* Started org.apache.commons.math.ode.nonstiff.DormandPrince853IntegratorTest#testVariableSteps
* Finished org.apache.commons.math.ode.nonstiff.DormandPrince853IntegratorTest#testVariableSteps
* Started org.apache.commons.math.ode.nonstiff.DormandPrince853IntegratorTest#testMissedEndEvent
* Failure: expected:<1.8782503799999986E9> but was:<1.878250479999994E9> | testMissedEndEvent(org.apache.commons.math.ode.nonstiff.DormandPrince853IntegratorTest)
junit.framework.AssertionFailedError: expected:<1.8782503799999986E9> but was:<1.878250479999994E9>
	at junit.framework.Assert.fail(Assert.java:57)
	at junit.framework.Assert.failNotEquals(Assert.java:329)
	at junit.framework.Assert.assertEquals(Assert.java:120)
	at junit.framework.Assert.assertEquals(Assert.java:129)
	at org.apache.commons.math.ode.nonstiff.DormandPrince853IntegratorTest.testMissedEndEvent(DormandPrince853IntegratorTest.java:72)
	at sun.reflect.NativeMethodAccessorImpl.invoke0(Native Method)
	at sun.reflect.NativeMethodAccessorImpl.invoke(NativeMethodAccessorImpl.java:57)
	at sun.reflect.DelegatingMethodAccessorImpl.invoke(DelegatingMethodAccessorImpl.java:43)
	at java.lang.reflect.Method.invoke(Method.java:606)
	at junit.framework.TestCase.runTest(TestCase.java:176)
	at junit.framework.TestCase.runBare(TestCase.java:141)
	at junit.framework.TestResult$1.protect(TestResult.java:122)
	at junit.framework.TestResult.runProtected(TestResult.java:142)
	at junit.framework.TestResult.run(TestResult.java:125)
	at junit.framework.TestCase.run(TestCase.java:129)
	at junit.framework.TestSuite.runTest(TestSuite.java:255)
	at junit.framework.TestSuite.run(TestSuite.java:250)
	at org.junit.internal.runners.JUnit38ClassRunner.run(JUnit38ClassRunner.java:84)
	at com.gzoltar.lib.instrumentation.testing.junit.a.call(Unknown Source)
	at java.util.concurrent.FutureTask.run(FutureTask.java:262)
	at java.util.concurrent.ThreadPoolExecutor.runWorker(ThreadPoolExecutor.java:1145)
	at java.util.concurrent.ThreadPoolExecutor$Worker.run(ThreadPoolExecutor.java:615)
	at java.lang.Thread.run(Thread.java:745)

* Finished org.apache.commons.math.ode.nonstiff.DormandPrince853IntegratorTest#testMissedEndEvent
* Started org.apache.commons.math.ode.nonstiff.DormandPrince853IntegratorTest#testNoDenseOutput
* Finished org.apache.commons.math.ode.nonstiff.DormandPrince853IntegratorTest#testNoDenseOutput
* Started org.apache.commons.math.ode.nonstiff.DormandPrince853IntegratorTest#testMinStep
* Finished org.apache.commons.math.ode.nonstiff.DormandPrince853IntegratorTest#testMinStep
* Started org.apache.commons.math.ode.nonstiff.DormandPrince853IntegratorTest#testUnstableDerivative
* Finished org.apache.commons.math.ode.nonstiff.DormandPrince853IntegratorTest#testUnstableDerivative
* Started org.apache.commons.math.ode.nonstiff.DormandPrince853IntegratorTest#testNullIntervalCheck
* Finished org.apache.commons.math.ode.nonstiff.DormandPrince853IntegratorTest#testNullIntervalCheck
* Started org.apache.commons.math.ode.nonstiff.DormandPrince853IntegratorTest#testEvents
* Finished org.apache.commons.math.ode.nonstiff.DormandPrince853IntegratorTest#testEvents
* Started org.apache.commons.math.ode.nonstiff.DormandPrince853IntegratorTest#testKepler
* Finished org.apache.commons.math.ode.nonstiff.DormandPrince853IntegratorTest#testKepler
* Started org.apache.commons.math.ode.nonstiff.DormandPrince853IntegratorTest#testIncreasingTolerance
* Finished org.apache.commons.math.ode.nonstiff.DormandPrince853IntegratorTest#testIncreasingTolerance
* Started org.apache.commons.math.ode.nonstiff.AdamsMoultonIntegratorTest#polynomial
* Finished org.apache.commons.math.ode.nonstiff.AdamsMoultonIntegratorTest#polynomial
* Started org.apache.commons.math.ode.nonstiff.AdamsMoultonIntegratorTest#dimensionCheck
* Finished org.apache.commons.math.ode.nonstiff.AdamsMoultonIntegratorTest#dimensionCheck
* Started org.apache.commons.math.ode.nonstiff.AdamsMoultonIntegratorTest#testMinStep
* Finished org.apache.commons.math.ode.nonstiff.AdamsMoultonIntegratorTest#testMinStep
* Started org.apache.commons.math.ode.nonstiff.AdamsMoultonIntegratorTest#exceedMaxEvaluations
[ERROR] Class not found
java.lang.ClassNotFoundException: org.apache.commons.math.MessagesResources
	at java.lang.ClassLoader.findClass(ClassLoader.java:531)
	at java.lang.ClassLoader.loadClass(ClassLoader.java:425)
	at java.lang.ClassLoader.loadClass(ClassLoader.java:358)
	at com.gzoltar.lib.instrumentation.util.GZoltarClassLoader.loadClass(Unknown Source)
	at java.util.ResourceBundle$Control.newBundle(ResourceBundle.java:2566)
	at java.util.ResourceBundle.loadBundle(ResourceBundle.java:1436)
	at java.util.ResourceBundle.findBundle(ResourceBundle.java:1400)
	at java.util.ResourceBundle.findBundle(ResourceBundle.java:1354)
	at java.util.ResourceBundle.findBundle(ResourceBundle.java:1354)
	at java.util.ResourceBundle.getBundleImpl(ResourceBundle.java:1296)
	at java.util.ResourceBundle.getBundle(ResourceBundle.java:795)
	at org.apache.commons.math.MathException.translate(MathException.java:110)
	at org.apache.commons.math.MathException.getMessage(MathException.java:153)
	at org.apache.commons.math.MathException.getLocalizedMessage(MathException.java:165)
	at java.lang.Throwable.toString(Throwable.java:480)
	at java.lang.Throwable.<init>(Throwable.java:311)
	at java.lang.Exception.<init>(Exception.java:102)
	at org.apache.commons.math.MathException.<init>(MathException.java:80)
	at org.apache.commons.math.ode.DerivativeException.<init>(DerivativeException.java:48)
	at org.apache.commons.math.ode.AbstractIntegrator.computeDerivatives(AbstractIntegrator.java:180)
	at org.apache.commons.math.ode.nonstiff.AdamsMoultonIntegrator.integrate(AdamsMoultonIntegrator.java:275)
	at org.apache.commons.math.ode.nonstiff.AdamsMoultonIntegratorTest.exceedMaxEvaluations(AdamsMoultonIntegratorTest.java:111)
	at sun.reflect.NativeMethodAccessorImpl.invoke0(Native Method)
	at sun.reflect.NativeMethodAccessorImpl.invoke(NativeMethodAccessorImpl.java:57)
	at sun.reflect.DelegatingMethodAccessorImpl.invoke(DelegatingMethodAccessorImpl.java:43)
	at java.lang.reflect.Method.invoke(Method.java:606)
	at org.junit.runners.model.FrameworkMethod$1.runReflectiveCall(FrameworkMethod.java:47)
	at org.junit.internal.runners.model.ReflectiveCallable.run(ReflectiveCallable.java:12)
	at org.junit.runners.model.FrameworkMethod.invokeExplosively(FrameworkMethod.java:44)
	at org.junit.internal.runners.statements.InvokeMethod.evaluate(InvokeMethod.java:17)
	at org.junit.internal.runners.statements.ExpectException.evaluate(ExpectException.java:19)
	at org.junit.runners.ParentRunner.runLeaf(ParentRunner.java:271)
	at org.junit.runners.BlockJUnit4ClassRunner.runChild(BlockJUnit4ClassRunner.java:70)
	at org.junit.runners.BlockJUnit4ClassRunner.runChild(BlockJUnit4ClassRunner.java:50)
	at org.junit.runners.ParentRunner$3.run(ParentRunner.java:238)
	at org.junit.runners.ParentRunner$1.schedule(ParentRunner.java:63)
	at org.junit.runners.ParentRunner.runChildren(ParentRunner.java:236)
	at org.junit.runners.ParentRunner.access$000(ParentRunner.java:53)
	at org.junit.runners.ParentRunner$2.evaluate(ParentRunner.java:229)
	at org.junit.runners.ParentRunner.run(ParentRunner.java:309)
	at com.gzoltar.lib.instrumentation.testing.junit.a.call(Unknown Source)
	at java.util.concurrent.FutureTask.run(FutureTask.java:262)
	at java.util.concurrent.ThreadPoolExecutor.runWorker(ThreadPoolExecutor.java:1145)
	at java.util.concurrent.ThreadPoolExecutor$Worker.run(ThreadPoolExecutor.java:615)
	at java.lang.Thread.run(Thread.java:745)
[ERROR] Class not found
java.lang.ClassNotFoundException: org.apache.commons.math.MessagesResources_en
	at java.lang.ClassLoader.findClass(ClassLoader.java:531)
	at java.lang.ClassLoader.loadClass(ClassLoader.java:425)
	at java.lang.ClassLoader.loadClass(ClassLoader.java:358)
	at com.gzoltar.lib.instrumentation.util.GZoltarClassLoader.loadClass(Unknown Source)
	at java.util.ResourceBundle$Control.newBundle(ResourceBundle.java:2566)
	at java.util.ResourceBundle.loadBundle(ResourceBundle.java:1436)
	at java.util.ResourceBundle.findBundle(ResourceBundle.java:1400)
	at java.util.ResourceBundle.findBundle(ResourceBundle.java:1354)
	at java.util.ResourceBundle.getBundleImpl(ResourceBundle.java:1296)
	at java.util.ResourceBundle.getBundle(ResourceBundle.java:795)
	at org.apache.commons.math.MathException.translate(MathException.java:110)
	at org.apache.commons.math.MathException.getMessage(MathException.java:153)
	at org.apache.commons.math.MathException.getLocalizedMessage(MathException.java:165)
	at java.lang.Throwable.toString(Throwable.java:480)
	at java.lang.Throwable.<init>(Throwable.java:311)
	at java.lang.Exception.<init>(Exception.java:102)
	at org.apache.commons.math.MathException.<init>(MathException.java:80)
	at org.apache.commons.math.ode.DerivativeException.<init>(DerivativeException.java:48)
	at org.apache.commons.math.ode.AbstractIntegrator.computeDerivatives(AbstractIntegrator.java:180)
	at org.apache.commons.math.ode.nonstiff.AdamsMoultonIntegrator.integrate(AdamsMoultonIntegrator.java:275)
	at org.apache.commons.math.ode.nonstiff.AdamsMoultonIntegratorTest.exceedMaxEvaluations(AdamsMoultonIntegratorTest.java:111)
	at sun.reflect.NativeMethodAccessorImpl.invoke0(Native Method)
	at sun.reflect.NativeMethodAccessorImpl.invoke(NativeMethodAccessorImpl.java:57)
	at sun.reflect.DelegatingMethodAccessorImpl.invoke(DelegatingMethodAccessorImpl.java:43)
	at java.lang.reflect.Method.invoke(Method.java:606)
	at org.junit.runners.model.FrameworkMethod$1.runReflectiveCall(FrameworkMethod.java:47)
	at org.junit.internal.runners.model.ReflectiveCallable.run(ReflectiveCallable.java:12)
	at org.junit.runners.model.FrameworkMethod.invokeExplosively(FrameworkMethod.java:44)
	at org.junit.internal.runners.statements.InvokeMethod.evaluate(InvokeMethod.java:17)
	at org.junit.internal.runners.statements.ExpectException.evaluate(ExpectException.java:19)
	at org.junit.runners.ParentRunner.runLeaf(ParentRunner.java:271)
	at org.junit.runners.BlockJUnit4ClassRunner.runChild(BlockJUnit4ClassRunner.java:70)
	at org.junit.runners.BlockJUnit4ClassRunner.runChild(BlockJUnit4ClassRunner.java:50)
	at org.junit.runners.ParentRunner$3.run(ParentRunner.java:238)
	at org.junit.runners.ParentRunner$1.schedule(ParentRunner.java:63)
	at org.junit.runners.ParentRunner.runChildren(ParentRunner.java:236)
	at org.junit.runners.ParentRunner.access$000(ParentRunner.java:53)
	at org.junit.runners.ParentRunner$2.evaluate(ParentRunner.java:229)
	at org.junit.runners.ParentRunner.run(ParentRunner.java:309)
	at com.gzoltar.lib.instrumentation.testing.junit.a.call(Unknown Source)
	at java.util.concurrent.FutureTask.run(FutureTask.java:262)
	at java.util.concurrent.ThreadPoolExecutor.runWorker(ThreadPoolExecutor.java:1145)
	at java.util.concurrent.ThreadPoolExecutor$Worker.run(ThreadPoolExecutor.java:615)
	at java.lang.Thread.run(Thread.java:745)
[ERROR] Class not found
java.lang.ClassNotFoundException: org.apache.commons.math.MessagesResources_en_US
	at java.lang.ClassLoader.findClass(ClassLoader.java:531)
	at java.lang.ClassLoader.loadClass(ClassLoader.java:425)
	at java.lang.ClassLoader.loadClass(ClassLoader.java:358)
	at com.gzoltar.lib.instrumentation.util.GZoltarClassLoader.loadClass(Unknown Source)
	at java.util.ResourceBundle$Control.newBundle(ResourceBundle.java:2566)
	at java.util.ResourceBundle.loadBundle(ResourceBundle.java:1436)
	at java.util.ResourceBundle.findBundle(ResourceBundle.java:1400)
	at java.util.ResourceBundle.getBundleImpl(ResourceBundle.java:1296)
	at java.util.ResourceBundle.getBundle(ResourceBundle.java:795)
	at org.apache.commons.math.MathException.translate(MathException.java:110)
	at org.apache.commons.math.MathException.getMessage(MathException.java:153)
	at org.apache.commons.math.MathException.getLocalizedMessage(MathException.java:165)
	at java.lang.Throwable.toString(Throwable.java:480)
	at java.lang.Throwable.<init>(Throwable.java:311)
	at java.lang.Exception.<init>(Exception.java:102)
	at org.apache.commons.math.MathException.<init>(MathException.java:80)
	at org.apache.commons.math.ode.DerivativeException.<init>(DerivativeException.java:48)
	at org.apache.commons.math.ode.AbstractIntegrator.computeDerivatives(AbstractIntegrator.java:180)
	at org.apache.commons.math.ode.nonstiff.AdamsMoultonIntegrator.integrate(AdamsMoultonIntegrator.java:275)
	at org.apache.commons.math.ode.nonstiff.AdamsMoultonIntegratorTest.exceedMaxEvaluations(AdamsMoultonIntegratorTest.java:111)
	at sun.reflect.NativeMethodAccessorImpl.invoke0(Native Method)
	at sun.reflect.NativeMethodAccessorImpl.invoke(NativeMethodAccessorImpl.java:57)
	at sun.reflect.DelegatingMethodAccessorImpl.invoke(DelegatingMethodAccessorImpl.java:43)
	at java.lang.reflect.Method.invoke(Method.java:606)
	at org.junit.runners.model.FrameworkMethod$1.runReflectiveCall(FrameworkMethod.java:47)
	at org.junit.internal.runners.model.ReflectiveCallable.run(ReflectiveCallable.java:12)
	at org.junit.runners.model.FrameworkMethod.invokeExplosively(FrameworkMethod.java:44)
	at org.junit.internal.runners.statements.InvokeMethod.evaluate(InvokeMethod.java:17)
	at org.junit.internal.runners.statements.ExpectException.evaluate(ExpectException.java:19)
	at org.junit.runners.ParentRunner.runLeaf(ParentRunner.java:271)
	at org.junit.runners.BlockJUnit4ClassRunner.runChild(BlockJUnit4ClassRunner.java:70)
	at org.junit.runners.BlockJUnit4ClassRunner.runChild(BlockJUnit4ClassRunner.java:50)
	at org.junit.runners.ParentRunner$3.run(ParentRunner.java:238)
	at org.junit.runners.ParentRunner$1.schedule(ParentRunner.java:63)
	at org.junit.runners.ParentRunner.runChildren(ParentRunner.java:236)
	at org.junit.runners.ParentRunner.access$000(ParentRunner.java:53)
	at org.junit.runners.ParentRunner$2.evaluate(ParentRunner.java:229)
	at org.junit.runners.ParentRunner.run(ParentRunner.java:309)
	at com.gzoltar.lib.instrumentation.testing.junit.a.call(Unknown Source)
	at java.util.concurrent.FutureTask.run(FutureTask.java:262)
	at java.util.concurrent.ThreadPoolExecutor.runWorker(ThreadPoolExecutor.java:1145)
	at java.util.concurrent.ThreadPoolExecutor$Worker.run(ThreadPoolExecutor.java:615)
	at java.lang.Thread.run(Thread.java:745)
* Finished org.apache.commons.math.ode.nonstiff.AdamsMoultonIntegratorTest#exceedMaxEvaluations
* Started org.apache.commons.math.ode.nonstiff.AdamsMoultonIntegratorTest#testIncreasingTolerance
* Finished org.apache.commons.math.ode.nonstiff.AdamsMoultonIntegratorTest#testIncreasingTolerance
* Started org.apache.commons.math.ode.nonstiff.AdamsMoultonIntegratorTest#backward
* Finished org.apache.commons.math.ode.nonstiff.AdamsMoultonIntegratorTest#backward
* Started org.apache.commons.math.ode.nonstiff.EulerIntegratorTest#testDimensionCheck
* Finished org.apache.commons.math.ode.nonstiff.EulerIntegratorTest#testDimensionCheck
* Started org.apache.commons.math.ode.nonstiff.EulerIntegratorTest#testBackward
* Finished org.apache.commons.math.ode.nonstiff.EulerIntegratorTest#testBackward
* Started org.apache.commons.math.ode.nonstiff.EulerIntegratorTest#testSmallStep
* Finished org.apache.commons.math.ode.nonstiff.EulerIntegratorTest#testSmallStep
* Started org.apache.commons.math.ode.nonstiff.EulerIntegratorTest#testDecreasingSteps
* Finished org.apache.commons.math.ode.nonstiff.EulerIntegratorTest#testDecreasingSteps
* Started org.apache.commons.math.ode.nonstiff.EulerIntegratorTest#testBigStep
* Finished org.apache.commons.math.ode.nonstiff.EulerIntegratorTest#testBigStep
* Started org.apache.commons.math.ode.nonstiff.EulerIntegratorTest#testStepSize
* Finished org.apache.commons.math.ode.nonstiff.EulerIntegratorTest#testStepSize
* Started org.apache.commons.math.ode.nonstiff.AdamsBashforthIntegratorTest#polynomial
* Finished org.apache.commons.math.ode.nonstiff.AdamsBashforthIntegratorTest#polynomial
* Started org.apache.commons.math.ode.nonstiff.AdamsBashforthIntegratorTest#dimensionCheck
* Finished org.apache.commons.math.ode.nonstiff.AdamsBashforthIntegratorTest#dimensionCheck
* Started org.apache.commons.math.ode.nonstiff.AdamsBashforthIntegratorTest#testMinStep
* Finished org.apache.commons.math.ode.nonstiff.AdamsBashforthIntegratorTest#testMinStep
* Started org.apache.commons.math.ode.nonstiff.AdamsBashforthIntegratorTest#exceedMaxEvaluations
[ERROR] Class not found
java.lang.ClassNotFoundException: org.apache.commons.math.MessagesResources
	at java.lang.ClassLoader.findClass(ClassLoader.java:531)
	at java.lang.ClassLoader.loadClass(ClassLoader.java:425)
	at java.lang.ClassLoader.loadClass(ClassLoader.java:358)
	at com.gzoltar.lib.instrumentation.util.GZoltarClassLoader.loadClass(Unknown Source)
	at java.util.ResourceBundle$Control.newBundle(ResourceBundle.java:2566)
	at java.util.ResourceBundle.loadBundle(ResourceBundle.java:1436)
	at java.util.ResourceBundle.findBundle(ResourceBundle.java:1400)
	at java.util.ResourceBundle.findBundle(ResourceBundle.java:1354)
	at java.util.ResourceBundle.findBundle(ResourceBundle.java:1354)
	at java.util.ResourceBundle.getBundleImpl(ResourceBundle.java:1296)
	at java.util.ResourceBundle.getBundle(ResourceBundle.java:795)
	at org.apache.commons.math.MathException.translate(MathException.java:110)
	at org.apache.commons.math.MathException.getMessage(MathException.java:153)
	at org.apache.commons.math.MathException.getLocalizedMessage(MathException.java:165)
	at java.lang.Throwable.toString(Throwable.java:480)
	at java.lang.Throwable.<init>(Throwable.java:311)
	at java.lang.Exception.<init>(Exception.java:102)
	at org.apache.commons.math.MathException.<init>(MathException.java:80)
	at org.apache.commons.math.ode.DerivativeException.<init>(DerivativeException.java:48)
	at org.apache.commons.math.ode.AbstractIntegrator.computeDerivatives(AbstractIntegrator.java:180)
	at org.apache.commons.math.ode.nonstiff.AdamsBashforthIntegrator.integrate(AdamsBashforthIntegrator.java:256)
	at org.apache.commons.math.ode.nonstiff.AdamsBashforthIntegratorTest.exceedMaxEvaluations(AdamsBashforthIntegratorTest.java:111)
	at sun.reflect.NativeMethodAccessorImpl.invoke0(Native Method)
	at sun.reflect.NativeMethodAccessorImpl.invoke(NativeMethodAccessorImpl.java:57)
	at sun.reflect.DelegatingMethodAccessorImpl.invoke(DelegatingMethodAccessorImpl.java:43)
	at java.lang.reflect.Method.invoke(Method.java:606)
	at org.junit.runners.model.FrameworkMethod$1.runReflectiveCall(FrameworkMethod.java:47)
	at org.junit.internal.runners.model.ReflectiveCallable.run(ReflectiveCallable.java:12)
	at org.junit.runners.model.FrameworkMethod.invokeExplosively(FrameworkMethod.java:44)
	at org.junit.internal.runners.statements.InvokeMethod.evaluate(InvokeMethod.java:17)
	at org.junit.internal.runners.statements.ExpectException.evaluate(ExpectException.java:19)
	at org.junit.runners.ParentRunner.runLeaf(ParentRunner.java:271)
	at org.junit.runners.BlockJUnit4ClassRunner.runChild(BlockJUnit4ClassRunner.java:70)
	at org.junit.runners.BlockJUnit4ClassRunner.runChild(BlockJUnit4ClassRunner.java:50)
	at org.junit.runners.ParentRunner$3.run(ParentRunner.java:238)
	at org.junit.runners.ParentRunner$1.schedule(ParentRunner.java:63)
	at org.junit.runners.ParentRunner.runChildren(ParentRunner.java:236)
	at org.junit.runners.ParentRunner.access$000(ParentRunner.java:53)
	at org.junit.runners.ParentRunner$2.evaluate(ParentRunner.java:229)
	at org.junit.runners.ParentRunner.run(ParentRunner.java:309)
	at com.gzoltar.lib.instrumentation.testing.junit.a.call(Unknown Source)
	at java.util.concurrent.FutureTask.run(FutureTask.java:262)
	at java.util.concurrent.ThreadPoolExecutor.runWorker(ThreadPoolExecutor.java:1145)
	at java.util.concurrent.ThreadPoolExecutor$Worker.run(ThreadPoolExecutor.java:615)
	at java.lang.Thread.run(Thread.java:745)
[ERROR] Class not found
java.lang.ClassNotFoundException: org.apache.commons.math.MessagesResources_en
	at java.lang.ClassLoader.findClass(ClassLoader.java:531)
	at java.lang.ClassLoader.loadClass(ClassLoader.java:425)
	at java.lang.ClassLoader.loadClass(ClassLoader.java:358)
	at com.gzoltar.lib.instrumentation.util.GZoltarClassLoader.loadClass(Unknown Source)
	at java.util.ResourceBundle$Control.newBundle(ResourceBundle.java:2566)
	at java.util.ResourceBundle.loadBundle(ResourceBundle.java:1436)
	at java.util.ResourceBundle.findBundle(ResourceBundle.java:1400)
	at java.util.ResourceBundle.findBundle(ResourceBundle.java:1354)
	at java.util.ResourceBundle.getBundleImpl(ResourceBundle.java:1296)
	at java.util.ResourceBundle.getBundle(ResourceBundle.java:795)
	at org.apache.commons.math.MathException.translate(MathException.java:110)
	at org.apache.commons.math.MathException.getMessage(MathException.java:153)
	at org.apache.commons.math.MathException.getLocalizedMessage(MathException.java:165)
	at java.lang.Throwable.toString(Throwable.java:480)
	at java.lang.Throwable.<init>(Throwable.java:311)
	at java.lang.Exception.<init>(Exception.java:102)
	at org.apache.commons.math.MathException.<init>(MathException.java:80)
	at org.apache.commons.math.ode.DerivativeException.<init>(DerivativeException.java:48)
	at org.apache.commons.math.ode.AbstractIntegrator.computeDerivatives(AbstractIntegrator.java:180)
	at org.apache.commons.math.ode.nonstiff.AdamsBashforthIntegrator.integrate(AdamsBashforthIntegrator.java:256)
	at org.apache.commons.math.ode.nonstiff.AdamsBashforthIntegratorTest.exceedMaxEvaluations(AdamsBashforthIntegratorTest.java:111)
	at sun.reflect.NativeMethodAccessorImpl.invoke0(Native Method)
	at sun.reflect.NativeMethodAccessorImpl.invoke(NativeMethodAccessorImpl.java:57)
	at sun.reflect.DelegatingMethodAccessorImpl.invoke(DelegatingMethodAccessorImpl.java:43)
	at java.lang.reflect.Method.invoke(Method.java:606)
	at org.junit.runners.model.FrameworkMethod$1.runReflectiveCall(FrameworkMethod.java:47)
	at org.junit.internal.runners.model.ReflectiveCallable.run(ReflectiveCallable.java:12)
	at org.junit.runners.model.FrameworkMethod.invokeExplosively(FrameworkMethod.java:44)
	at org.junit.internal.runners.statements.InvokeMethod.evaluate(InvokeMethod.java:17)
	at org.junit.internal.runners.statements.ExpectException.evaluate(ExpectException.java:19)
	at org.junit.runners.ParentRunner.runLeaf(ParentRunner.java:271)
	at org.junit.runners.BlockJUnit4ClassRunner.runChild(BlockJUnit4ClassRunner.java:70)
	at org.junit.runners.BlockJUnit4ClassRunner.runChild(BlockJUnit4ClassRunner.java:50)
	at org.junit.runners.ParentRunner$3.run(ParentRunner.java:238)
	at org.junit.runners.ParentRunner$1.schedule(ParentRunner.java:63)
	at org.junit.runners.ParentRunner.runChildren(ParentRunner.java:236)
	at org.junit.runners.ParentRunner.access$000(ParentRunner.java:53)
	at org.junit.runners.ParentRunner$2.evaluate(ParentRunner.java:229)
	at org.junit.runners.ParentRunner.run(ParentRunner.java:309)
	at com.gzoltar.lib.instrumentation.testing.junit.a.call(Unknown Source)
	at java.util.concurrent.FutureTask.run(FutureTask.java:262)
	at java.util.concurrent.ThreadPoolExecutor.runWorker(ThreadPoolExecutor.java:1145)
	at java.util.concurrent.ThreadPoolExecutor$Worker.run(ThreadPoolExecutor.java:615)
	at java.lang.Thread.run(Thread.java:745)
[ERROR] Class not found
java.lang.ClassNotFoundException: org.apache.commons.math.MessagesResources_en_US
	at java.lang.ClassLoader.findClass(ClassLoader.java:531)
	at java.lang.ClassLoader.loadClass(ClassLoader.java:425)
	at java.lang.ClassLoader.loadClass(ClassLoader.java:358)
	at com.gzoltar.lib.instrumentation.util.GZoltarClassLoader.loadClass(Unknown Source)
	at java.util.ResourceBundle$Control.newBundle(ResourceBundle.java:2566)
	at java.util.ResourceBundle.loadBundle(ResourceBundle.java:1436)
	at java.util.ResourceBundle.findBundle(ResourceBundle.java:1400)
	at java.util.ResourceBundle.getBundleImpl(ResourceBundle.java:1296)
	at java.util.ResourceBundle.getBundle(ResourceBundle.java:795)
	at org.apache.commons.math.MathException.translate(MathException.java:110)
	at org.apache.commons.math.MathException.getMessage(MathException.java:153)
	at org.apache.commons.math.MathException.getLocalizedMessage(MathException.java:165)
	at java.lang.Throwable.toString(Throwable.java:480)
	at java.lang.Throwable.<init>(Throwable.java:311)
	at java.lang.Exception.<init>(Exception.java:102)
	at org.apache.commons.math.MathException.<init>(MathException.java:80)
	at org.apache.commons.math.ode.DerivativeException.<init>(DerivativeException.java:48)
	at org.apache.commons.math.ode.AbstractIntegrator.computeDerivatives(AbstractIntegrator.java:180)
	at org.apache.commons.math.ode.nonstiff.AdamsBashforthIntegrator.integrate(AdamsBashforthIntegrator.java:256)
	at org.apache.commons.math.ode.nonstiff.AdamsBashforthIntegratorTest.exceedMaxEvaluations(AdamsBashforthIntegratorTest.java:111)
	at sun.reflect.NativeMethodAccessorImpl.invoke0(Native Method)
	at sun.reflect.NativeMethodAccessorImpl.invoke(NativeMethodAccessorImpl.java:57)
	at sun.reflect.DelegatingMethodAccessorImpl.invoke(DelegatingMethodAccessorImpl.java:43)
	at java.lang.reflect.Method.invoke(Method.java:606)
	at org.junit.runners.model.FrameworkMethod$1.runReflectiveCall(FrameworkMethod.java:47)
	at org.junit.internal.runners.model.ReflectiveCallable.run(ReflectiveCallable.java:12)
	at org.junit.runners.model.FrameworkMethod.invokeExplosively(FrameworkMethod.java:44)
	at org.junit.internal.runners.statements.InvokeMethod.evaluate(InvokeMethod.java:17)
	at org.junit.internal.runners.statements.ExpectException.evaluate(ExpectException.java:19)
	at org.junit.runners.ParentRunner.runLeaf(ParentRunner.java:271)
	at org.junit.runners.BlockJUnit4ClassRunner.runChild(BlockJUnit4ClassRunner.java:70)
	at org.junit.runners.BlockJUnit4ClassRunner.runChild(BlockJUnit4ClassRunner.java:50)
	at org.junit.runners.ParentRunner$3.run(ParentRunner.java:238)
	at org.junit.runners.ParentRunner$1.schedule(ParentRunner.java:63)
	at org.junit.runners.ParentRunner.runChildren(ParentRunner.java:236)
	at org.junit.runners.ParentRunner.access$000(ParentRunner.java:53)
	at org.junit.runners.ParentRunner$2.evaluate(ParentRunner.java:229)
	at org.junit.runners.ParentRunner.run(ParentRunner.java:309)
	at com.gzoltar.lib.instrumentation.testing.junit.a.call(Unknown Source)
	at java.util.concurrent.FutureTask.run(FutureTask.java:262)
	at java.util.concurrent.ThreadPoolExecutor.runWorker(ThreadPoolExecutor.java:1145)
	at java.util.concurrent.ThreadPoolExecutor$Worker.run(ThreadPoolExecutor.java:615)
	at java.lang.Thread.run(Thread.java:745)
* Finished org.apache.commons.math.ode.nonstiff.AdamsBashforthIntegratorTest#exceedMaxEvaluations
* Started org.apache.commons.math.ode.nonstiff.AdamsBashforthIntegratorTest#testIncreasingTolerance
* Finished org.apache.commons.math.ode.nonstiff.AdamsBashforthIntegratorTest#testIncreasingTolerance
* Started org.apache.commons.math.ode.nonstiff.AdamsBashforthIntegratorTest#backward
* Finished org.apache.commons.math.ode.nonstiff.AdamsBashforthIntegratorTest#backward
* Started org.apache.commons.math.ode.nonstiff.MidpointIntegratorTest#testDimensionCheck
* Finished org.apache.commons.math.ode.nonstiff.MidpointIntegratorTest#testDimensionCheck
* Started org.apache.commons.math.ode.nonstiff.MidpointIntegratorTest#testBackward
* Finished org.apache.commons.math.ode.nonstiff.MidpointIntegratorTest#testBackward
* Started org.apache.commons.math.ode.nonstiff.MidpointIntegratorTest#testSmallStep
* Finished org.apache.commons.math.ode.nonstiff.MidpointIntegratorTest#testSmallStep
* Started org.apache.commons.math.ode.nonstiff.MidpointIntegratorTest#testDecreasingSteps
* Finished org.apache.commons.math.ode.nonstiff.MidpointIntegratorTest#testDecreasingSteps
* Started org.apache.commons.math.ode.nonstiff.MidpointIntegratorTest#testBigStep
* Finished org.apache.commons.math.ode.nonstiff.MidpointIntegratorTest#testBigStep
* Started org.apache.commons.math.ode.nonstiff.MidpointIntegratorTest#testStepSize
* Finished org.apache.commons.math.ode.nonstiff.MidpointIntegratorTest#testStepSize
* Started org.apache.commons.math.ode.nonstiff.DormandPrince54IntegratorTest#testSmallLastStep
* Finished org.apache.commons.math.ode.nonstiff.DormandPrince54IntegratorTest#testSmallLastStep
* Started org.apache.commons.math.ode.nonstiff.DormandPrince54IntegratorTest#testDimensionCheck
* Finished org.apache.commons.math.ode.nonstiff.DormandPrince54IntegratorTest#testDimensionCheck
* Started org.apache.commons.math.ode.nonstiff.DormandPrince54IntegratorTest#testBackward
* Finished org.apache.commons.math.ode.nonstiff.DormandPrince54IntegratorTest#testBackward
* Started org.apache.commons.math.ode.nonstiff.DormandPrince54IntegratorTest#testVariableSteps
* Finished org.apache.commons.math.ode.nonstiff.DormandPrince54IntegratorTest#testVariableSteps
* Started org.apache.commons.math.ode.nonstiff.DormandPrince54IntegratorTest#testMinStep
* Finished org.apache.commons.math.ode.nonstiff.DormandPrince54IntegratorTest#testMinStep
* Started org.apache.commons.math.ode.nonstiff.DormandPrince54IntegratorTest#testEvents
* Finished org.apache.commons.math.ode.nonstiff.DormandPrince54IntegratorTest#testEvents
* Started org.apache.commons.math.ode.nonstiff.DormandPrince54IntegratorTest#testKepler
* Finished org.apache.commons.math.ode.nonstiff.DormandPrince54IntegratorTest#testKepler
* Started org.apache.commons.math.ode.nonstiff.DormandPrince54IntegratorTest#testIncreasingTolerance
* Finished org.apache.commons.math.ode.nonstiff.DormandPrince54IntegratorTest#testIncreasingTolerance
* Started org.apache.commons.math.ode.nonstiff.ThreeEighthesStepInterpolatorTest#derivativesConsistency
* Finished org.apache.commons.math.ode.nonstiff.ThreeEighthesStepInterpolatorTest#derivativesConsistency
* Started org.apache.commons.math.ode.nonstiff.ThreeEighthesStepInterpolatorTest#serialization
* Finished org.apache.commons.math.ode.nonstiff.ThreeEighthesStepInterpolatorTest#serialization
* Started org.apache.commons.math.ode.nonstiff.DormandPrince853StepInterpolatorTest#derivativesConsistency
* Finished org.apache.commons.math.ode.nonstiff.DormandPrince853StepInterpolatorTest#derivativesConsistency
* Started org.apache.commons.math.ode.nonstiff.DormandPrince853StepInterpolatorTest#checklone
* Finished org.apache.commons.math.ode.nonstiff.DormandPrince853StepInterpolatorTest#checklone
* Started org.apache.commons.math.ode.nonstiff.DormandPrince853StepInterpolatorTest#serialization
* Finished org.apache.commons.math.ode.nonstiff.DormandPrince853StepInterpolatorTest#serialization
* Started org.apache.commons.math.ode.nonstiff.GillIntegratorTest#testDimensionCheck
* Finished org.apache.commons.math.ode.nonstiff.GillIntegratorTest#testDimensionCheck
* Started org.apache.commons.math.ode.nonstiff.GillIntegratorTest#testBackward
* Finished org.apache.commons.math.ode.nonstiff.GillIntegratorTest#testBackward
* Started org.apache.commons.math.ode.nonstiff.GillIntegratorTest#testSmallStep
* Finished org.apache.commons.math.ode.nonstiff.GillIntegratorTest#testSmallStep
* Started org.apache.commons.math.ode.nonstiff.GillIntegratorTest#testDecreasingSteps
* Finished org.apache.commons.math.ode.nonstiff.GillIntegratorTest#testDecreasingSteps
* Started org.apache.commons.math.ode.nonstiff.GillIntegratorTest#testBigStep
* Finished org.apache.commons.math.ode.nonstiff.GillIntegratorTest#testBigStep
* Started org.apache.commons.math.ode.nonstiff.GillIntegratorTest#testUnstableDerivative
* Finished org.apache.commons.math.ode.nonstiff.GillIntegratorTest#testUnstableDerivative
* Started org.apache.commons.math.ode.nonstiff.GillIntegratorTest#testKepler
* Finished org.apache.commons.math.ode.nonstiff.GillIntegratorTest#testKepler
* Started org.apache.commons.math.ode.nonstiff.GillIntegratorTest#testStepSize
* Finished org.apache.commons.math.ode.nonstiff.GillIntegratorTest#testStepSize
* Started org.apache.commons.math.ode.nonstiff.HighamHall54IntegratorTest#testBackward
* Finished org.apache.commons.math.ode.nonstiff.HighamHall54IntegratorTest#testBackward
* Started org.apache.commons.math.ode.nonstiff.HighamHall54IntegratorTest#testWrongDerivative
* Finished org.apache.commons.math.ode.nonstiff.HighamHall54IntegratorTest#testWrongDerivative
* Started org.apache.commons.math.ode.nonstiff.HighamHall54IntegratorTest#testMinStep
* Finished org.apache.commons.math.ode.nonstiff.HighamHall54IntegratorTest#testMinStep
* Started org.apache.commons.math.ode.nonstiff.HighamHall54IntegratorTest#testEvents
* Finished org.apache.commons.math.ode.nonstiff.HighamHall54IntegratorTest#testEvents
* Started org.apache.commons.math.ode.nonstiff.HighamHall54IntegratorTest#testEventsErrors
[ERROR] Class not found
java.lang.ClassNotFoundException: org.apache.commons.math.MessagesResources
	at java.lang.ClassLoader.findClass(ClassLoader.java:531)
	at java.lang.ClassLoader.loadClass(ClassLoader.java:425)
	at java.lang.ClassLoader.loadClass(ClassLoader.java:358)
	at com.gzoltar.lib.instrumentation.util.GZoltarClassLoader.loadClass(Unknown Source)
	at java.util.ResourceBundle$Control.newBundle(ResourceBundle.java:2566)
	at java.util.ResourceBundle.loadBundle(ResourceBundle.java:1436)
	at java.util.ResourceBundle.findBundle(ResourceBundle.java:1400)
	at java.util.ResourceBundle.findBundle(ResourceBundle.java:1354)
	at java.util.ResourceBundle.findBundle(ResourceBundle.java:1354)
	at java.util.ResourceBundle.getBundleImpl(ResourceBundle.java:1296)
	at java.util.ResourceBundle.getBundle(ResourceBundle.java:795)
	at org.apache.commons.math.MathException.translate(MathException.java:110)
	at org.apache.commons.math.MathException.getMessage(MathException.java:153)
	at org.apache.commons.math.MathException.getLocalizedMessage(MathException.java:165)
	at java.lang.Throwable.toString(Throwable.java:480)
	at java.lang.Throwable.<init>(Throwable.java:311)
	at java.lang.Exception.<init>(Exception.java:102)
	at org.apache.commons.math.MathException.<init>(MathException.java:80)
	at org.apache.commons.math.ode.IntegratorException.<init>(IntegratorException.java:48)
	at org.apache.commons.math.ode.events.CombinedEventsManager.evaluateStep(CombinedEventsManager.java:173)
	at org.apache.commons.math.ode.nonstiff.EmbeddedRungeKuttaIntegrator.integrate(EmbeddedRungeKuttaIntegrator.java:292)
	at org.apache.commons.math.ode.nonstiff.HighamHall54IntegratorTest.testEventsErrors(HighamHall54IntegratorTest.java:230)
	at sun.reflect.NativeMethodAccessorImpl.invoke0(Native Method)
	at sun.reflect.NativeMethodAccessorImpl.invoke(NativeMethodAccessorImpl.java:57)
	at sun.reflect.DelegatingMethodAccessorImpl.invoke(DelegatingMethodAccessorImpl.java:43)
	at java.lang.reflect.Method.invoke(Method.java:606)
	at junit.framework.TestCase.runTest(TestCase.java:176)
	at junit.framework.TestCase.runBare(TestCase.java:141)
	at junit.framework.TestResult$1.protect(TestResult.java:122)
	at junit.framework.TestResult.runProtected(TestResult.java:142)
	at junit.framework.TestResult.run(TestResult.java:125)
	at junit.framework.TestCase.run(TestCase.java:129)
	at junit.framework.TestSuite.runTest(TestSuite.java:255)
	at junit.framework.TestSuite.run(TestSuite.java:250)
	at org.junit.internal.runners.JUnit38ClassRunner.run(JUnit38ClassRunner.java:84)
	at com.gzoltar.lib.instrumentation.testing.junit.a.call(Unknown Source)
	at java.util.concurrent.FutureTask.run(FutureTask.java:262)
	at java.util.concurrent.ThreadPoolExecutor.runWorker(ThreadPoolExecutor.java:1145)
	at java.util.concurrent.ThreadPoolExecutor$Worker.run(ThreadPoolExecutor.java:615)
	at java.lang.Thread.run(Thread.java:745)
[ERROR] Class not found
java.lang.ClassNotFoundException: org.apache.commons.math.MessagesResources_en
	at java.lang.ClassLoader.findClass(ClassLoader.java:531)
	at java.lang.ClassLoader.loadClass(ClassLoader.java:425)
	at java.lang.ClassLoader.loadClass(ClassLoader.java:358)
	at com.gzoltar.lib.instrumentation.util.GZoltarClassLoader.loadClass(Unknown Source)
	at java.util.ResourceBundle$Control.newBundle(ResourceBundle.java:2566)
	at java.util.ResourceBundle.loadBundle(ResourceBundle.java:1436)
	at java.util.ResourceBundle.findBundle(ResourceBundle.java:1400)
	at java.util.ResourceBundle.findBundle(ResourceBundle.java:1354)
	at java.util.ResourceBundle.getBundleImpl(ResourceBundle.java:1296)
	at java.util.ResourceBundle.getBundle(ResourceBundle.java:795)
	at org.apache.commons.math.MathException.translate(MathException.java:110)
	at org.apache.commons.math.MathException.getMessage(MathException.java:153)
	at org.apache.commons.math.MathException.getLocalizedMessage(MathException.java:165)
	at java.lang.Throwable.toString(Throwable.java:480)
	at java.lang.Throwable.<init>(Throwable.java:311)
	at java.lang.Exception.<init>(Exception.java:102)
	at org.apache.commons.math.MathException.<init>(MathException.java:80)
	at org.apache.commons.math.ode.IntegratorException.<init>(IntegratorException.java:48)
	at org.apache.commons.math.ode.events.CombinedEventsManager.evaluateStep(CombinedEventsManager.java:173)
	at org.apache.commons.math.ode.nonstiff.EmbeddedRungeKuttaIntegrator.integrate(EmbeddedRungeKuttaIntegrator.java:292)
	at org.apache.commons.math.ode.nonstiff.HighamHall54IntegratorTest.testEventsErrors(HighamHall54IntegratorTest.java:230)
	at sun.reflect.NativeMethodAccessorImpl.invoke0(Native Method)
	at sun.reflect.NativeMethodAccessorImpl.invoke(NativeMethodAccessorImpl.java:57)
	at sun.reflect.DelegatingMethodAccessorImpl.invoke(DelegatingMethodAccessorImpl.java:43)
	at java.lang.reflect.Method.invoke(Method.java:606)
	at junit.framework.TestCase.runTest(TestCase.java:176)
	at junit.framework.TestCase.runBare(TestCase.java:141)
	at junit.framework.TestResult$1.protect(TestResult.java:122)
	at junit.framework.TestResult.runProtected(TestResult.java:142)
	at junit.framework.TestResult.run(TestResult.java:125)
	at junit.framework.TestCase.run(TestCase.java:129)
	at junit.framework.TestSuite.runTest(TestSuite.java:255)
	at junit.framework.TestSuite.run(TestSuite.java:250)
	at org.junit.internal.runners.JUnit38ClassRunner.run(JUnit38ClassRunner.java:84)
	at com.gzoltar.lib.instrumentation.testing.junit.a.call(Unknown Source)
	at java.util.concurrent.FutureTask.run(FutureTask.java:262)
	at java.util.concurrent.ThreadPoolExecutor.runWorker(ThreadPoolExecutor.java:1145)
	at java.util.concurrent.ThreadPoolExecutor$Worker.run(ThreadPoolExecutor.java:615)
	at java.lang.Thread.run(Thread.java:745)
[ERROR] Class not found
java.lang.ClassNotFoundException: org.apache.commons.math.MessagesResources_en_US
	at java.lang.ClassLoader.findClass(ClassLoader.java:531)
	at java.lang.ClassLoader.loadClass(ClassLoader.java:425)
	at java.lang.ClassLoader.loadClass(ClassLoader.java:358)
	at com.gzoltar.lib.instrumentation.util.GZoltarClassLoader.loadClass(Unknown Source)
	at java.util.ResourceBundle$Control.newBundle(ResourceBundle.java:2566)
	at java.util.ResourceBundle.loadBundle(ResourceBundle.java:1436)
	at java.util.ResourceBundle.findBundle(ResourceBundle.java:1400)
	at java.util.ResourceBundle.getBundleImpl(ResourceBundle.java:1296)
	at java.util.ResourceBundle.getBundle(ResourceBundle.java:795)
	at org.apache.commons.math.MathException.translate(MathException.java:110)
	at org.apache.commons.math.MathException.getMessage(MathException.java:153)
	at org.apache.commons.math.MathException.getLocalizedMessage(MathException.java:165)
	at java.lang.Throwable.toString(Throwable.java:480)
	at java.lang.Throwable.<init>(Throwable.java:311)
	at java.lang.Exception.<init>(Exception.java:102)
	at org.apache.commons.math.MathException.<init>(MathException.java:80)
	at org.apache.commons.math.ode.IntegratorException.<init>(IntegratorException.java:48)
	at org.apache.commons.math.ode.events.CombinedEventsManager.evaluateStep(CombinedEventsManager.java:173)
	at org.apache.commons.math.ode.nonstiff.EmbeddedRungeKuttaIntegrator.integrate(EmbeddedRungeKuttaIntegrator.java:292)
	at org.apache.commons.math.ode.nonstiff.HighamHall54IntegratorTest.testEventsErrors(HighamHall54IntegratorTest.java:230)
	at sun.reflect.NativeMethodAccessorImpl.invoke0(Native Method)
	at sun.reflect.NativeMethodAccessorImpl.invoke(NativeMethodAccessorImpl.java:57)
	at sun.reflect.DelegatingMethodAccessorImpl.invoke(DelegatingMethodAccessorImpl.java:43)
	at java.lang.reflect.Method.invoke(Method.java:606)
	at junit.framework.TestCase.runTest(TestCase.java:176)
	at junit.framework.TestCase.runBare(TestCase.java:141)
	at junit.framework.TestResult$1.protect(TestResult.java:122)
	at junit.framework.TestResult.runProtected(TestResult.java:142)
	at junit.framework.TestResult.run(TestResult.java:125)
	at junit.framework.TestCase.run(TestCase.java:129)
	at junit.framework.TestSuite.runTest(TestSuite.java:255)
	at junit.framework.TestSuite.run(TestSuite.java:250)
	at org.junit.internal.runners.JUnit38ClassRunner.run(JUnit38ClassRunner.java:84)
	at com.gzoltar.lib.instrumentation.testing.junit.a.call(Unknown Source)
	at java.util.concurrent.FutureTask.run(FutureTask.java:262)
	at java.util.concurrent.ThreadPoolExecutor.runWorker(ThreadPoolExecutor.java:1145)
	at java.util.concurrent.ThreadPoolExecutor$Worker.run(ThreadPoolExecutor.java:615)
	at java.lang.Thread.run(Thread.java:745)
* Finished org.apache.commons.math.ode.nonstiff.HighamHall54IntegratorTest#testEventsErrors
* Started org.apache.commons.math.ode.nonstiff.HighamHall54IntegratorTest#testKepler
* Finished org.apache.commons.math.ode.nonstiff.HighamHall54IntegratorTest#testKepler
* Started org.apache.commons.math.ode.nonstiff.HighamHall54IntegratorTest#testIncreasingTolerance
* Finished org.apache.commons.math.ode.nonstiff.HighamHall54IntegratorTest#testIncreasingTolerance
* Started org.apache.commons.math.ode.nonstiff.HighamHall54IntegratorTest#testEventsNoConvergence
[ERROR] Class not found
java.lang.ClassNotFoundException: org.apache.commons.math.MessagesResources
	at java.lang.ClassLoader.findClass(ClassLoader.java:531)
	at java.lang.ClassLoader.loadClass(ClassLoader.java:425)
	at java.lang.ClassLoader.loadClass(ClassLoader.java:358)
	at com.gzoltar.lib.instrumentation.util.GZoltarClassLoader.loadClass(Unknown Source)
	at java.util.ResourceBundle$Control.newBundle(ResourceBundle.java:2566)
	at java.util.ResourceBundle.loadBundle(ResourceBundle.java:1436)
	at java.util.ResourceBundle.findBundle(ResourceBundle.java:1400)
	at java.util.ResourceBundle.findBundle(ResourceBundle.java:1354)
	at java.util.ResourceBundle.findBundle(ResourceBundle.java:1354)
	at java.util.ResourceBundle.getBundleImpl(ResourceBundle.java:1296)
	at java.util.ResourceBundle.getBundle(ResourceBundle.java:795)
	at org.apache.commons.math.MathException.translate(MathException.java:110)
	at org.apache.commons.math.MathException.getMessage(MathException.java:153)
	at org.apache.commons.math.MathException.getLocalizedMessage(MathException.java:165)
	at java.lang.Throwable.toString(Throwable.java:480)
	at java.lang.Throwable.<init>(Throwable.java:311)
	at java.lang.Exception.<init>(Exception.java:102)
	at org.apache.commons.math.MathException.<init>(MathException.java:80)
	at org.apache.commons.math.ode.IntegratorException.<init>(IntegratorException.java:48)
	at org.apache.commons.math.ode.events.CombinedEventsManager.evaluateStep(CombinedEventsManager.java:175)
	at org.apache.commons.math.ode.nonstiff.EmbeddedRungeKuttaIntegrator.integrate(EmbeddedRungeKuttaIntegrator.java:292)
	at org.apache.commons.math.ode.nonstiff.HighamHall54IntegratorTest.testEventsNoConvergence(HighamHall54IntegratorTest.java:271)
	at sun.reflect.NativeMethodAccessorImpl.invoke0(Native Method)
	at sun.reflect.NativeMethodAccessorImpl.invoke(NativeMethodAccessorImpl.java:57)
	at sun.reflect.DelegatingMethodAccessorImpl.invoke(DelegatingMethodAccessorImpl.java:43)
	at java.lang.reflect.Method.invoke(Method.java:606)
	at junit.framework.TestCase.runTest(TestCase.java:176)
	at junit.framework.TestCase.runBare(TestCase.java:141)
	at junit.framework.TestResult$1.protect(TestResult.java:122)
	at junit.framework.TestResult.runProtected(TestResult.java:142)
	at junit.framework.TestResult.run(TestResult.java:125)
	at junit.framework.TestCase.run(TestCase.java:129)
	at junit.framework.TestSuite.runTest(TestSuite.java:255)
	at junit.framework.TestSuite.run(TestSuite.java:250)
	at org.junit.internal.runners.JUnit38ClassRunner.run(JUnit38ClassRunner.java:84)
	at com.gzoltar.lib.instrumentation.testing.junit.a.call(Unknown Source)
	at java.util.concurrent.FutureTask.run(FutureTask.java:262)
	at java.util.concurrent.ThreadPoolExecutor.runWorker(ThreadPoolExecutor.java:1145)
	at java.util.concurrent.ThreadPoolExecutor$Worker.run(ThreadPoolExecutor.java:615)
	at java.lang.Thread.run(Thread.java:745)
[ERROR] Class not found
java.lang.ClassNotFoundException: org.apache.commons.math.MessagesResources_en
	at java.lang.ClassLoader.findClass(ClassLoader.java:531)
	at java.lang.ClassLoader.loadClass(ClassLoader.java:425)
	at java.lang.ClassLoader.loadClass(ClassLoader.java:358)
	at com.gzoltar.lib.instrumentation.util.GZoltarClassLoader.loadClass(Unknown Source)
	at java.util.ResourceBundle$Control.newBundle(ResourceBundle.java:2566)
	at java.util.ResourceBundle.loadBundle(ResourceBundle.java:1436)
	at java.util.ResourceBundle.findBundle(ResourceBundle.java:1400)
	at java.util.ResourceBundle.findBundle(ResourceBundle.java:1354)
	at java.util.ResourceBundle.getBundleImpl(ResourceBundle.java:1296)
	at java.util.ResourceBundle.getBundle(ResourceBundle.java:795)
	at org.apache.commons.math.MathException.translate(MathException.java:110)
	at org.apache.commons.math.MathException.getMessage(MathException.java:153)
	at org.apache.commons.math.MathException.getLocalizedMessage(MathException.java:165)
	at java.lang.Throwable.toString(Throwable.java:480)
	at java.lang.Throwable.<init>(Throwable.java:311)
	at java.lang.Exception.<init>(Exception.java:102)
	at org.apache.commons.math.MathException.<init>(MathException.java:80)
	at org.apache.commons.math.ode.IntegratorException.<init>(IntegratorException.java:48)
	at org.apache.commons.math.ode.events.CombinedEventsManager.evaluateStep(CombinedEventsManager.java:175)
	at org.apache.commons.math.ode.nonstiff.EmbeddedRungeKuttaIntegrator.integrate(EmbeddedRungeKuttaIntegrator.java:292)
	at org.apache.commons.math.ode.nonstiff.HighamHall54IntegratorTest.testEventsNoConvergence(HighamHall54IntegratorTest.java:271)
	at sun.reflect.NativeMethodAccessorImpl.invoke0(Native Method)
	at sun.reflect.NativeMethodAccessorImpl.invoke(NativeMethodAccessorImpl.java:57)
	at sun.reflect.DelegatingMethodAccessorImpl.invoke(DelegatingMethodAccessorImpl.java:43)
	at java.lang.reflect.Method.invoke(Method.java:606)
	at junit.framework.TestCase.runTest(TestCase.java:176)
	at junit.framework.TestCase.runBare(TestCase.java:141)
	at junit.framework.TestResult$1.protect(TestResult.java:122)
	at junit.framework.TestResult.runProtected(TestResult.java:142)
	at junit.framework.TestResult.run(TestResult.java:125)
	at junit.framework.TestCase.run(TestCase.java:129)
	at junit.framework.TestSuite.runTest(TestSuite.java:255)
	at junit.framework.TestSuite.run(TestSuite.java:250)
	at org.junit.internal.runners.JUnit38ClassRunner.run(JUnit38ClassRunner.java:84)
	at com.gzoltar.lib.instrumentation.testing.junit.a.call(Unknown Source)
	at java.util.concurrent.FutureTask.run(FutureTask.java:262)
	at java.util.concurrent.ThreadPoolExecutor.runWorker(ThreadPoolExecutor.java:1145)
	at java.util.concurrent.ThreadPoolExecutor$Worker.run(ThreadPoolExecutor.java:615)
	at java.lang.Thread.run(Thread.java:745)
[ERROR] Class not found
java.lang.ClassNotFoundException: org.apache.commons.math.MessagesResources_en_US
	at java.lang.ClassLoader.findClass(ClassLoader.java:531)
	at java.lang.ClassLoader.loadClass(ClassLoader.java:425)
	at java.lang.ClassLoader.loadClass(ClassLoader.java:358)
	at com.gzoltar.lib.instrumentation.util.GZoltarClassLoader.loadClass(Unknown Source)
	at java.util.ResourceBundle$Control.newBundle(ResourceBundle.java:2566)
	at java.util.ResourceBundle.loadBundle(ResourceBundle.java:1436)
	at java.util.ResourceBundle.findBundle(ResourceBundle.java:1400)
	at java.util.ResourceBundle.getBundleImpl(ResourceBundle.java:1296)
	at java.util.ResourceBundle.getBundle(ResourceBundle.java:795)
	at org.apache.commons.math.MathException.translate(MathException.java:110)
	at org.apache.commons.math.MathException.getMessage(MathException.java:153)
	at org.apache.commons.math.MathException.getLocalizedMessage(MathException.java:165)
	at java.lang.Throwable.toString(Throwable.java:480)
	at java.lang.Throwable.<init>(Throwable.java:311)
	at java.lang.Exception.<init>(Exception.java:102)
	at org.apache.commons.math.MathException.<init>(MathException.java:80)
	at org.apache.commons.math.ode.IntegratorException.<init>(IntegratorException.java:48)
	at org.apache.commons.math.ode.events.CombinedEventsManager.evaluateStep(CombinedEventsManager.java:175)
	at org.apache.commons.math.ode.nonstiff.EmbeddedRungeKuttaIntegrator.integrate(EmbeddedRungeKuttaIntegrator.java:292)
	at org.apache.commons.math.ode.nonstiff.HighamHall54IntegratorTest.testEventsNoConvergence(HighamHall54IntegratorTest.java:271)
	at sun.reflect.NativeMethodAccessorImpl.invoke0(Native Method)
	at sun.reflect.NativeMethodAccessorImpl.invoke(NativeMethodAccessorImpl.java:57)
	at sun.reflect.DelegatingMethodAccessorImpl.invoke(DelegatingMethodAccessorImpl.java:43)
	at java.lang.reflect.Method.invoke(Method.java:606)
	at junit.framework.TestCase.runTest(TestCase.java:176)
	at junit.framework.TestCase.runBare(TestCase.java:141)
	at junit.framework.TestResult$1.protect(TestResult.java:122)
	at junit.framework.TestResult.runProtected(TestResult.java:142)
	at junit.framework.TestResult.run(TestResult.java:125)
	at junit.framework.TestCase.run(TestCase.java:129)
	at junit.framework.TestSuite.runTest(TestSuite.java:255)
	at junit.framework.TestSuite.run(TestSuite.java:250)
	at org.junit.internal.runners.JUnit38ClassRunner.run(JUnit38ClassRunner.java:84)
	at com.gzoltar.lib.instrumentation.testing.junit.a.call(Unknown Source)
	at java.util.concurrent.FutureTask.run(FutureTask.java:262)
	at java.util.concurrent.ThreadPoolExecutor.runWorker(ThreadPoolExecutor.java:1145)
	at java.util.concurrent.ThreadPoolExecutor$Worker.run(ThreadPoolExecutor.java:615)
	at java.lang.Thread.run(Thread.java:745)
* Finished org.apache.commons.math.ode.nonstiff.HighamHall54IntegratorTest#testEventsNoConvergence
* Started org.apache.commons.math.ode.nonstiff.HighamHall54IntegratorTest#testSanityChecks
* Finished org.apache.commons.math.ode.nonstiff.HighamHall54IntegratorTest#testSanityChecks
* Started org.apache.commons.math.ode.nonstiff.ClassicalRungeKuttaStepInterpolatorTest#derivativesConsistency
* Finished org.apache.commons.math.ode.nonstiff.ClassicalRungeKuttaStepInterpolatorTest#derivativesConsistency
* Started org.apache.commons.math.ode.nonstiff.ClassicalRungeKuttaStepInterpolatorTest#serialization
* Finished org.apache.commons.math.ode.nonstiff.ClassicalRungeKuttaStepInterpolatorTest#serialization
* Started org.apache.commons.math.ode.nonstiff.ThreeEighthesIntegratorTest#testDimensionCheck
* Finished org.apache.commons.math.ode.nonstiff.ThreeEighthesIntegratorTest#testDimensionCheck
* Started org.apache.commons.math.ode.nonstiff.ThreeEighthesIntegratorTest#testBackward
* Finished org.apache.commons.math.ode.nonstiff.ThreeEighthesIntegratorTest#testBackward
* Started org.apache.commons.math.ode.nonstiff.ThreeEighthesIntegratorTest#testSmallStep
* Finished org.apache.commons.math.ode.nonstiff.ThreeEighthesIntegratorTest#testSmallStep
* Started org.apache.commons.math.ode.nonstiff.ThreeEighthesIntegratorTest#testDecreasingSteps
* Finished org.apache.commons.math.ode.nonstiff.ThreeEighthesIntegratorTest#testDecreasingSteps
* Started org.apache.commons.math.ode.nonstiff.ThreeEighthesIntegratorTest#testBigStep
* Finished org.apache.commons.math.ode.nonstiff.ThreeEighthesIntegratorTest#testBigStep
* Started org.apache.commons.math.ode.nonstiff.ThreeEighthesIntegratorTest#testKepler
* Finished org.apache.commons.math.ode.nonstiff.ThreeEighthesIntegratorTest#testKepler
* Started org.apache.commons.math.ode.nonstiff.ThreeEighthesIntegratorTest#testStepSize
* Finished org.apache.commons.math.ode.nonstiff.ThreeEighthesIntegratorTest#testStepSize
* Started org.apache.commons.math.ode.nonstiff.DormandPrince54StepInterpolatorTest#derivativesConsistency
* Finished org.apache.commons.math.ode.nonstiff.DormandPrince54StepInterpolatorTest#derivativesConsistency
* Started org.apache.commons.math.ode.nonstiff.DormandPrince54StepInterpolatorTest#checkClone
* Finished org.apache.commons.math.ode.nonstiff.DormandPrince54StepInterpolatorTest#checkClone
* Started org.apache.commons.math.ode.nonstiff.DormandPrince54StepInterpolatorTest#serialization
* Finished org.apache.commons.math.ode.nonstiff.DormandPrince54StepInterpolatorTest#serialization
* Started org.apache.commons.math.ode.nonstiff.GillStepInterpolatorTest#testDerivativesConsistency
* Finished org.apache.commons.math.ode.nonstiff.GillStepInterpolatorTest#testDerivativesConsistency
* Started org.apache.commons.math.ode.nonstiff.GillStepInterpolatorTest#serialization
* Finished org.apache.commons.math.ode.nonstiff.GillStepInterpolatorTest#serialization
* Started org.apache.commons.math.ode.nonstiff.MidpointStepInterpolatorTest#testDerivativesConsistency
* Finished org.apache.commons.math.ode.nonstiff.MidpointStepInterpolatorTest#testDerivativesConsistency
* Started org.apache.commons.math.ode.nonstiff.MidpointStepInterpolatorTest#serialization
* Finished org.apache.commons.math.ode.nonstiff.MidpointStepInterpolatorTest#serialization
* Started org.apache.commons.math.ode.nonstiff.ClassicalRungeKuttaIntegratorTest#testBackward
* Finished org.apache.commons.math.ode.nonstiff.ClassicalRungeKuttaIntegratorTest#testBackward
* Started org.apache.commons.math.ode.nonstiff.ClassicalRungeKuttaIntegratorTest#testMissedEndEvent
* Failure: expected:<1.8782503799999986E9> but was:<1.878250439999994E9> | testMissedEndEvent(org.apache.commons.math.ode.nonstiff.ClassicalRungeKuttaIntegratorTest)
junit.framework.AssertionFailedError: expected:<1.8782503799999986E9> but was:<1.878250439999994E9>
	at junit.framework.Assert.fail(Assert.java:57)
	at junit.framework.Assert.failNotEquals(Assert.java:329)
	at junit.framework.Assert.assertEquals(Assert.java:120)
	at junit.framework.Assert.assertEquals(Assert.java:129)
	at org.apache.commons.math.ode.nonstiff.ClassicalRungeKuttaIntegratorTest.testMissedEndEvent(ClassicalRungeKuttaIntegratorTest.java:70)
	at sun.reflect.NativeMethodAccessorImpl.invoke0(Native Method)
	at sun.reflect.NativeMethodAccessorImpl.invoke(NativeMethodAccessorImpl.java:57)
	at sun.reflect.DelegatingMethodAccessorImpl.invoke(DelegatingMethodAccessorImpl.java:43)
	at java.lang.reflect.Method.invoke(Method.java:606)
	at junit.framework.TestCase.runTest(TestCase.java:176)
	at junit.framework.TestCase.runBare(TestCase.java:141)
	at junit.framework.TestResult$1.protect(TestResult.java:122)
	at junit.framework.TestResult.runProtected(TestResult.java:142)
	at junit.framework.TestResult.run(TestResult.java:125)
	at junit.framework.TestCase.run(TestCase.java:129)
	at junit.framework.TestSuite.runTest(TestSuite.java:255)
	at junit.framework.TestSuite.run(TestSuite.java:250)
	at org.junit.internal.runners.JUnit38ClassRunner.run(JUnit38ClassRunner.java:84)
	at com.gzoltar.lib.instrumentation.testing.junit.a.call(Unknown Source)
	at java.util.concurrent.FutureTask.run(FutureTask.java:262)
	at java.util.concurrent.ThreadPoolExecutor.runWorker(ThreadPoolExecutor.java:1145)
	at java.util.concurrent.ThreadPoolExecutor$Worker.run(ThreadPoolExecutor.java:615)
	at java.lang.Thread.run(Thread.java:745)

* Finished org.apache.commons.math.ode.nonstiff.ClassicalRungeKuttaIntegratorTest#testMissedEndEvent
* Started org.apache.commons.math.ode.nonstiff.ClassicalRungeKuttaIntegratorTest#testSmallStep
* Finished org.apache.commons.math.ode.nonstiff.ClassicalRungeKuttaIntegratorTest#testSmallStep
* Started org.apache.commons.math.ode.nonstiff.ClassicalRungeKuttaIntegratorTest#testDecreasingSteps
* Finished org.apache.commons.math.ode.nonstiff.ClassicalRungeKuttaIntegratorTest#testDecreasingSteps
* Started org.apache.commons.math.ode.nonstiff.ClassicalRungeKuttaIntegratorTest#testBigStep
* Finished org.apache.commons.math.ode.nonstiff.ClassicalRungeKuttaIntegratorTest#testBigStep
* Started org.apache.commons.math.ode.nonstiff.ClassicalRungeKuttaIntegratorTest#testKepler
* Finished org.apache.commons.math.ode.nonstiff.ClassicalRungeKuttaIntegratorTest#testKepler
* Started org.apache.commons.math.ode.nonstiff.ClassicalRungeKuttaIntegratorTest#testSanityChecks
* Finished org.apache.commons.math.ode.nonstiff.ClassicalRungeKuttaIntegratorTest#testSanityChecks
* Started org.apache.commons.math.ode.nonstiff.ClassicalRungeKuttaIntegratorTest#testStepSize
* Finished org.apache.commons.math.ode.nonstiff.ClassicalRungeKuttaIntegratorTest#testStepSize
* Started org.apache.commons.math.ode.nonstiff.HighamHall54StepInterpolatorTest#derivativesConsistency
* Finished org.apache.commons.math.ode.nonstiff.HighamHall54StepInterpolatorTest#derivativesConsistency
* Started org.apache.commons.math.ode.nonstiff.HighamHall54StepInterpolatorTest#checkClone
* Finished org.apache.commons.math.ode.nonstiff.HighamHall54StepInterpolatorTest#checkClone
* Started org.apache.commons.math.ode.nonstiff.HighamHall54StepInterpolatorTest#serialization
* Finished org.apache.commons.math.ode.nonstiff.HighamHall54StepInterpolatorTest#serialization
* Started org.apache.commons.math.ode.nonstiff.EulerStepInterpolatorTest#interpolationAtBounds
* Finished org.apache.commons.math.ode.nonstiff.EulerStepInterpolatorTest#interpolationAtBounds
* Started org.apache.commons.math.ode.nonstiff.EulerStepInterpolatorTest#derivativesConsistency
* Finished org.apache.commons.math.ode.nonstiff.EulerStepInterpolatorTest#derivativesConsistency
* Started org.apache.commons.math.ode.nonstiff.EulerStepInterpolatorTest#interpolationInside
* Finished org.apache.commons.math.ode.nonstiff.EulerStepInterpolatorTest#interpolationInside
* Started org.apache.commons.math.ode.nonstiff.EulerStepInterpolatorTest#serialization
* Finished org.apache.commons.math.ode.nonstiff.EulerStepInterpolatorTest#serialization
* Started org.apache.commons.math.ode.nonstiff.EulerStepInterpolatorTest#noReset
* Finished org.apache.commons.math.ode.nonstiff.EulerStepInterpolatorTest#noReset
* Started org.apache.commons.math.ode.ContinuousOutputModelTest#testBoundaries
* Finished org.apache.commons.math.ode.ContinuousOutputModelTest#testBoundaries
* Started org.apache.commons.math.ode.ContinuousOutputModelTest#testModelsMerging
* Finished org.apache.commons.math.ode.ContinuousOutputModelTest#testModelsMerging
* Started org.apache.commons.math.ode.ContinuousOutputModelTest#testRandomAccess
* Finished org.apache.commons.math.ode.ContinuousOutputModelTest#testRandomAccess
* Started org.apache.commons.math.ode.ContinuousOutputModelTest#testErrorConditions
* Finished org.apache.commons.math.ode.ContinuousOutputModelTest#testErrorConditions
* Started org.apache.commons.math.ode.sampling.StepNormalizerTest#testBoundaries
* Finished org.apache.commons.math.ode.sampling.StepNormalizerTest#testBoundaries
* Started org.apache.commons.math.ode.sampling.StepNormalizerTest#testBeforeEnd
* Finished org.apache.commons.math.ode.sampling.StepNormalizerTest#testBeforeEnd
* Started org.apache.commons.math.ode.sampling.NordsieckStepInterpolatorTest#derivativesConsistency
* Finished org.apache.commons.math.ode.sampling.NordsieckStepInterpolatorTest#derivativesConsistency
* Started org.apache.commons.math.ode.sampling.NordsieckStepInterpolatorTest#serialization
* Finished org.apache.commons.math.ode.sampling.NordsieckStepInterpolatorTest#serialization
* Filtering test cases that do not cover any component
* Sending data to master
* Closing connection with client
* Performing fault localization
* Running Ochiai
* Running Ochiai2
* Running Tarantula
* Running Jaccard
* Running SBI
* Running Kulczynski2
* Running Sorensen-Dice
* Running Anderberg
* Running Simple-matching
* Running Rogers and Tanimoto
* Running Russel and Rao
* Running Dstar
* Running Opt
* Running Barinel
* Running Ideal
* Running Naish1
* Writing coverage matrix to '/fastdata/acp13jcd/GZoltar/Math/71/Math/developer/0/Math-71b-developer.0/matrix'
* Normalizing spectra, coefficient: DSTAR
* Normalizing spectra, coefficient: OPT
* Writing spectra to '/fastdata/acp13jcd/GZoltar/Math/71/Math/developer/0/Math-71b-developer.0/spectra'
* Metrics
* Writing statistics to '/fastdata/acp13jcd/GZoltar/Math/71/Math/developer/0/Math-71b-developer.0/statistics.csv'
* Computation finished

DONE!
