* Checking out Math-49 to /scratch/acp13jcd/run_gzoltar_75168_Math-49
* Compiling Math-49
Running ant (compile)...................................................... OK
Running ant (compile.tests)................................................ OK
* Running GZoltar
   ____ _____     _ _               
  / ___|__  /___ | | |_ __ _ _ __   
 | |  _  / // _ \| | __/ _` | '__| 
 | |_| |/ /| (_) | | || (_| | |     
  \____/____\___/|_|\__\__,_|_| 

[ERROR] /scratch/acp13jcd/run_gzoltar_75168_Math-49/lib/junit-4.8.2.jar does not exist
java.lang.Exception
	at com.gzoltar.lib.master.modes.Diagnose.execute(Unknown Source)
	at com.gzoltar.lib.master.GZoltar.parseCommandLine(Unknown Source)
	at com.gzoltar.lib.master.GZoltar.main(Unknown Source)
* Preparing classpath
* Collecting classes under test
* Collecting test cases
* Performing analysis
* Started org.apache.commons.math.linear.SparseRealVectorTest#testMisc
* Finished org.apache.commons.math.linear.SparseRealVectorTest#testMisc
* Started org.apache.commons.math.linear.SparseRealVectorTest#testConstructors
* Finished org.apache.commons.math.linear.SparseRealVectorTest#testConstructors
* Started org.apache.commons.math.linear.SparseRealVectorTest#testBasicFunctions
* Finished org.apache.commons.math.linear.SparseRealVectorTest#testBasicFunctions
* Started org.apache.commons.math.linear.SparseRealVectorTest#testDataInOut
* Finished org.apache.commons.math.linear.SparseRealVectorTest#testDataInOut
* Started org.apache.commons.math.linear.SparseRealVectorTest#testPredicates
* Finished org.apache.commons.math.linear.SparseRealVectorTest#testPredicates
* Started org.apache.commons.math.linear.SparseRealVectorTest#testConcurrentModification
[ERROR] Class not found
java.lang.ClassNotFoundException: META-INF/localization/LocalizedFormats
	at java.lang.ClassLoader.findClass(ClassLoader.java:531)
	at java.lang.ClassLoader.loadClass(ClassLoader.java:425)
	at java.lang.ClassLoader.loadClass(ClassLoader.java:358)
	at com.gzoltar.lib.instrumentation.util.GZoltarClassLoader.loadClass(Unknown Source)
	at java.util.ResourceBundle$Control.newBundle(ResourceBundle.java:2566)
	at java.util.ResourceBundle.loadBundle(ResourceBundle.java:1436)
	at java.util.ResourceBundle.findBundle(ResourceBundle.java:1400)
	at java.util.ResourceBundle.findBundle(ResourceBundle.java:1354)
	at java.util.ResourceBundle.findBundle(ResourceBundle.java:1354)
	at java.util.ResourceBundle.getBundleImpl(ResourceBundle.java:1296)
	at java.util.ResourceBundle.getBundle(ResourceBundle.java:795)
	at org.apache.commons.math.exception.util.LocalizedFormats.getLocalizedString(LocalizedFormats.java:367)
	at org.apache.commons.math.MathRuntimeException.buildMessage(MathRuntimeException.java:132)
	at org.apache.commons.math.MathRuntimeException.access$000(MathRuntimeException.java:40)
	at org.apache.commons.math.MathRuntimeException$6.getMessage(MathRuntimeException.java:381)
	at org.junit.runner.notification.Failure.getMessage(Failure.java:82)
	at com.gzoltar.lib.instrumentation.testing.junit.JUnitListener.testFailure(Unknown Source)
	at org.junit.runner.notification.RunNotifier$4.notifyListener(RunNotifier.java:139)
	at org.junit.runner.notification.RunNotifier$SafeNotifier.run(RunNotifier.java:61)
	at org.junit.runner.notification.RunNotifier.fireTestFailures(RunNotifier.java:134)
	at org.junit.runner.notification.RunNotifier.fireTestFailure(RunNotifier.java:128)
	at org.junit.internal.runners.model.EachTestNotifier.addFailure(EachTestNotifier.java:23)
	at org.junit.runners.ParentRunner.runLeaf(ParentRunner.java:275)
	at org.junit.runners.BlockJUnit4ClassRunner.runChild(BlockJUnit4ClassRunner.java:70)
	at org.junit.runners.BlockJUnit4ClassRunner.runChild(BlockJUnit4ClassRunner.java:50)
	at org.junit.runners.ParentRunner$3.run(ParentRunner.java:238)
	at org.junit.runners.ParentRunner$1.schedule(ParentRunner.java:63)
	at org.junit.runners.ParentRunner.runChildren(ParentRunner.java:236)
	at org.junit.runners.ParentRunner.access$000(ParentRunner.java:53)
	at org.junit.runners.ParentRunner$2.evaluate(ParentRunner.java:229)
	at org.junit.runners.ParentRunner.run(ParentRunner.java:309)
	at com.gzoltar.lib.instrumentation.testing.junit.a.call(Unknown Source)
	at java.util.concurrent.FutureTask.run(FutureTask.java:262)
	at java.util.concurrent.ThreadPoolExecutor.runWorker(ThreadPoolExecutor.java:1145)
	at java.util.concurrent.ThreadPoolExecutor$Worker.run(ThreadPoolExecutor.java:615)
	at java.lang.Thread.run(Thread.java:745)
[ERROR] Class not found
java.lang.ClassNotFoundException: META-INF/localization/LocalizedFormats_en
	at java.lang.ClassLoader.findClass(ClassLoader.java:531)
	at java.lang.ClassLoader.loadClass(ClassLoader.java:425)
	at java.lang.ClassLoader.loadClass(ClassLoader.java:358)
	at com.gzoltar.lib.instrumentation.util.GZoltarClassLoader.loadClass(Unknown Source)
	at java.util.ResourceBundle$Control.newBundle(ResourceBundle.java:2566)
	at java.util.ResourceBundle.loadBundle(ResourceBundle.java:1436)
	at java.util.ResourceBundle.findBundle(ResourceBundle.java:1400)
	at java.util.ResourceBundle.findBundle(ResourceBundle.java:1354)
	at java.util.ResourceBundle.getBundleImpl(ResourceBundle.java:1296)
	at java.util.ResourceBundle.getBundle(ResourceBundle.java:795)
	at org.apache.commons.math.exception.util.LocalizedFormats.getLocalizedString(LocalizedFormats.java:367)
	at org.apache.commons.math.MathRuntimeException.buildMessage(MathRuntimeException.java:132)
	at org.apache.commons.math.MathRuntimeException.access$000(MathRuntimeException.java:40)
	at org.apache.commons.math.MathRuntimeException$6.getMessage(MathRuntimeException.java:381)
	at org.junit.runner.notification.Failure.getMessage(Failure.java:82)
	at com.gzoltar.lib.instrumentation.testing.junit.JUnitListener.testFailure(Unknown Source)
	at org.junit.runner.notification.RunNotifier$4.notifyListener(RunNotifier.java:139)
	at org.junit.runner.notification.RunNotifier$SafeNotifier.run(RunNotifier.java:61)
	at org.junit.runner.notification.RunNotifier.fireTestFailures(RunNotifier.java:134)
	at org.junit.runner.notification.RunNotifier.fireTestFailure(RunNotifier.java:128)
	at org.junit.internal.runners.model.EachTestNotifier.addFailure(EachTestNotifier.java:23)
	at org.junit.runners.ParentRunner.runLeaf(ParentRunner.java:275)
	at org.junit.runners.BlockJUnit4ClassRunner.runChild(BlockJUnit4ClassRunner.java:70)
	at org.junit.runners.BlockJUnit4ClassRunner.runChild(BlockJUnit4ClassRunner.java:50)
	at org.junit.runners.ParentRunner$3.run(ParentRunner.java:238)
	at org.junit.runners.ParentRunner$1.schedule(ParentRunner.java:63)
	at org.junit.runners.ParentRunner.runChildren(ParentRunner.java:236)
	at org.junit.runners.ParentRunner.access$000(ParentRunner.java:53)
	at org.junit.runners.ParentRunner$2.evaluate(ParentRunner.java:229)
	at org.junit.runners.ParentRunner.run(ParentRunner.java:309)
	at com.gzoltar.lib.instrumentation.testing.junit.a.call(Unknown Source)
	at java.util.concurrent.FutureTask.run(FutureTask.java:262)
	at java.util.concurrent.ThreadPoolExecutor.runWorker(ThreadPoolExecutor.java:1145)
	at java.util.concurrent.ThreadPoolExecutor$Worker.run(ThreadPoolExecutor.java:615)
	at java.lang.Thread.run(Thread.java:745)
[ERROR] Class not found
java.lang.ClassNotFoundException: META-INF/localization/LocalizedFormats_en_US
	at java.lang.ClassLoader.findClass(ClassLoader.java:531)
	at java.lang.ClassLoader.loadClass(ClassLoader.java:425)
	at java.lang.ClassLoader.loadClass(ClassLoader.java:358)
	at com.gzoltar.lib.instrumentation.util.GZoltarClassLoader.loadClass(Unknown Source)
	at java.util.ResourceBundle$Control.newBundle(ResourceBundle.java:2566)
	at java.util.ResourceBundle.loadBundle(ResourceBundle.java:1436)
	at java.util.ResourceBundle.findBundle(ResourceBundle.java:1400)
	at java.util.ResourceBundle.getBundleImpl(ResourceBundle.java:1296)
	at java.util.ResourceBundle.getBundle(ResourceBundle.java:795)
	at org.apache.commons.math.exception.util.LocalizedFormats.getLocalizedString(LocalizedFormats.java:367)
	at org.apache.commons.math.MathRuntimeException.buildMessage(MathRuntimeException.java:132)
	at org.apache.commons.math.MathRuntimeException.access$000(MathRuntimeException.java:40)
	at org.apache.commons.math.MathRuntimeException$6.getMessage(MathRuntimeException.java:381)
	at org.junit.runner.notification.Failure.getMessage(Failure.java:82)
	at com.gzoltar.lib.instrumentation.testing.junit.JUnitListener.testFailure(Unknown Source)
	at org.junit.runner.notification.RunNotifier$4.notifyListener(RunNotifier.java:139)
	at org.junit.runner.notification.RunNotifier$SafeNotifier.run(RunNotifier.java:61)
	at org.junit.runner.notification.RunNotifier.fireTestFailures(RunNotifier.java:134)
	at org.junit.runner.notification.RunNotifier.fireTestFailure(RunNotifier.java:128)
	at org.junit.internal.runners.model.EachTestNotifier.addFailure(EachTestNotifier.java:23)
	at org.junit.runners.ParentRunner.runLeaf(ParentRunner.java:275)
	at org.junit.runners.BlockJUnit4ClassRunner.runChild(BlockJUnit4ClassRunner.java:70)
	at org.junit.runners.BlockJUnit4ClassRunner.runChild(BlockJUnit4ClassRunner.java:50)
	at org.junit.runners.ParentRunner$3.run(ParentRunner.java:238)
	at org.junit.runners.ParentRunner$1.schedule(ParentRunner.java:63)
	at org.junit.runners.ParentRunner.runChildren(ParentRunner.java:236)
	at org.junit.runners.ParentRunner.access$000(ParentRunner.java:53)
	at org.junit.runners.ParentRunner$2.evaluate(ParentRunner.java:229)
	at org.junit.runners.ParentRunner.run(ParentRunner.java:309)
	at com.gzoltar.lib.instrumentation.testing.junit.a.call(Unknown Source)
	at java.util.concurrent.FutureTask.run(FutureTask.java:262)
	at java.util.concurrent.ThreadPoolExecutor.runWorker(ThreadPoolExecutor.java:1145)
	at java.util.concurrent.ThreadPoolExecutor$Worker.run(ThreadPoolExecutor.java:615)
	at java.lang.Thread.run(Thread.java:745)
* Failure: map has been modified while iterating | testConcurrentModification(org.apache.commons.math.linear.SparseRealVectorTest)
org.apache.commons.math.MathRuntimeException$6: map has been modified while iterating
	at org.apache.commons.math.MathRuntimeException.createConcurrentModificationException(MathRuntimeException.java:373)
	at org.apache.commons.math.util.OpenIntToDoubleHashMap$Iterator.advance(OpenIntToDoubleHashMap.java:564)
	at org.apache.commons.math.linear.OpenMapRealVector.ebeMultiply(OpenMapRealVector.java:372)
	at org.apache.commons.math.linear.OpenMapRealVector.ebeMultiply(OpenMapRealVector.java:33)
	at org.apache.commons.math.linear.SparseRealVectorTest.testConcurrentModification(SparseRealVectorTest.java:1021)
	at sun.reflect.NativeMethodAccessorImpl.invoke0(Native Method)
	at sun.reflect.NativeMethodAccessorImpl.invoke(NativeMethodAccessorImpl.java:57)
	at sun.reflect.DelegatingMethodAccessorImpl.invoke(DelegatingMethodAccessorImpl.java:43)
	at java.lang.reflect.Method.invoke(Method.java:606)
	at org.junit.runners.model.FrameworkMethod$1.runReflectiveCall(FrameworkMethod.java:47)
	at org.junit.internal.runners.model.ReflectiveCallable.run(ReflectiveCallable.java:12)
	at org.junit.runners.model.FrameworkMethod.invokeExplosively(FrameworkMethod.java:44)
	at org.junit.internal.runners.statements.InvokeMethod.evaluate(InvokeMethod.java:17)
	at org.junit.runners.ParentRunner.runLeaf(ParentRunner.java:271)
	at org.junit.runners.BlockJUnit4ClassRunner.runChild(BlockJUnit4ClassRunner.java:70)
	at org.junit.runners.BlockJUnit4ClassRunner.runChild(BlockJUnit4ClassRunner.java:50)
	at org.junit.runners.ParentRunner$3.run(ParentRunner.java:238)
	at org.junit.runners.ParentRunner$1.schedule(ParentRunner.java:63)
	at org.junit.runners.ParentRunner.runChildren(ParentRunner.java:236)
	at org.junit.runners.ParentRunner.access$000(ParentRunner.java:53)
	at org.junit.runners.ParentRunner$2.evaluate(ParentRunner.java:229)
	at org.junit.runners.ParentRunner.run(ParentRunner.java:309)
	at com.gzoltar.lib.instrumentation.testing.junit.a.call(Unknown Source)
	at java.util.concurrent.FutureTask.run(FutureTask.java:262)
	at java.util.concurrent.ThreadPoolExecutor.runWorker(ThreadPoolExecutor.java:1145)
	at java.util.concurrent.ThreadPoolExecutor$Worker.run(ThreadPoolExecutor.java:615)
	at java.lang.Thread.run(Thread.java:745)

* Finished org.apache.commons.math.linear.SparseRealVectorTest#testConcurrentModification
* Started org.apache.commons.math.linear.SparseRealVectorTest#testMapFunctions
* Finished org.apache.commons.math.linear.SparseRealVectorTest#testMapFunctions
* Started org.apache.commons.math.linear.SparseRealVectorTest#testOuterProduct
* Finished org.apache.commons.math.linear.SparseRealVectorTest#testOuterProduct
* Started org.apache.commons.math.linear.SparseRealVectorTest#testSerial
* Finished org.apache.commons.math.linear.SparseRealVectorTest#testSerial
* Started org.apache.commons.math.linear.ArrayRealVectorTest#testCombineArray
* Finished org.apache.commons.math.linear.ArrayRealVectorTest#testCombineArray
* Started org.apache.commons.math.linear.ArrayRealVectorTest#testCombineMixedTypes
* Finished org.apache.commons.math.linear.ArrayRealVectorTest#testCombineMixedTypes
* Started org.apache.commons.math.linear.ArrayRealVectorTest#testCombinePreconditionArray
* Finished org.apache.commons.math.linear.ArrayRealVectorTest#testCombinePreconditionArray
* Started org.apache.commons.math.linear.ArrayRealVectorTest#testZeroVectors
* Finished org.apache.commons.math.linear.ArrayRealVectorTest#testZeroVectors
* Started org.apache.commons.math.linear.ArrayRealVectorTest#testMisc
* Finished org.apache.commons.math.linear.ArrayRealVectorTest#testMisc
* Started org.apache.commons.math.linear.ArrayRealVectorTest#testConstructors
* Finished org.apache.commons.math.linear.ArrayRealVectorTest#testConstructors
* Started org.apache.commons.math.linear.ArrayRealVectorTest#testCombineToSelfPreconditionArray
* Finished org.apache.commons.math.linear.ArrayRealVectorTest#testCombineToSelfPreconditionArray
* Started org.apache.commons.math.linear.ArrayRealVectorTest#testCombinePreconditionMixedType
* Finished org.apache.commons.math.linear.ArrayRealVectorTest#testCombinePreconditionMixedType
* Started org.apache.commons.math.linear.ArrayRealVectorTest#testBasicFunctions
* Finished org.apache.commons.math.linear.ArrayRealVectorTest#testBasicFunctions
* Started org.apache.commons.math.linear.ArrayRealVectorTest#testCombineToSelfSameType
* Finished org.apache.commons.math.linear.ArrayRealVectorTest#testCombineToSelfSameType
* Started org.apache.commons.math.linear.ArrayRealVectorTest#testCombinePreconditionSameType
* Finished org.apache.commons.math.linear.ArrayRealVectorTest#testCombinePreconditionSameType
* Started org.apache.commons.math.linear.ArrayRealVectorTest#testCombineToSelfArray
* Finished org.apache.commons.math.linear.ArrayRealVectorTest#testCombineToSelfArray
* Started org.apache.commons.math.linear.ArrayRealVectorTest#testDataInOut
* Finished org.apache.commons.math.linear.ArrayRealVectorTest#testDataInOut
* Started org.apache.commons.math.linear.ArrayRealVectorTest#testPredicates
* Finished org.apache.commons.math.linear.ArrayRealVectorTest#testPredicates
* Started org.apache.commons.math.linear.ArrayRealVectorTest#testCombineToSelfMixedTypes
* Finished org.apache.commons.math.linear.ArrayRealVectorTest#testCombineToSelfMixedTypes
* Started org.apache.commons.math.linear.ArrayRealVectorTest#testCombineSameType
* Finished org.apache.commons.math.linear.ArrayRealVectorTest#testCombineSameType
* Started org.apache.commons.math.linear.ArrayRealVectorTest#testMapFunctions
* Finished org.apache.commons.math.linear.ArrayRealVectorTest#testMapFunctions
* Started org.apache.commons.math.linear.ArrayRealVectorTest#testCosine
* Finished org.apache.commons.math.linear.ArrayRealVectorTest#testCosine
* Started org.apache.commons.math.linear.ArrayRealVectorTest#testCosinePrecondition1
* Finished org.apache.commons.math.linear.ArrayRealVectorTest#testCosinePrecondition1
* Started org.apache.commons.math.linear.ArrayRealVectorTest#testCosinePrecondition2
* Finished org.apache.commons.math.linear.ArrayRealVectorTest#testCosinePrecondition2
* Started org.apache.commons.math.linear.ArrayRealVectorTest#testCosinePrecondition3
* Finished org.apache.commons.math.linear.ArrayRealVectorTest#testCosinePrecondition3
* Started org.apache.commons.math.linear.ArrayRealVectorTest#testMinMax
* Finished org.apache.commons.math.linear.ArrayRealVectorTest#testMinMax
* Started org.apache.commons.math.linear.ArrayRealVectorTest#testCombineToSelfPreconditionSameType
* Finished org.apache.commons.math.linear.ArrayRealVectorTest#testCombineToSelfPreconditionSameType
* Started org.apache.commons.math.linear.ArrayRealVectorTest#testOuterProduct
* Finished org.apache.commons.math.linear.ArrayRealVectorTest#testOuterProduct
* Started org.apache.commons.math.linear.ArrayRealVectorTest#testCombineToSelfPreconditionMixedType
* Finished org.apache.commons.math.linear.ArrayRealVectorTest#testCombineToSelfPreconditionMixedType
* Started org.apache.commons.math.linear.ArrayRealVectorTest#testSerial
* Finished org.apache.commons.math.linear.ArrayRealVectorTest#testSerial
* Filtering test cases that do not cover any component
* Sending data to master
* Closing connection with client
* Performing fault localization
* Running Ochiai
* Running Ochiai2
* Running Tarantula
* Running Jaccard
* Running SBI
* Running Kulczynski2
* Running Sorensen-Dice
* Running Anderberg
* Running Simple-matching
* Running Rogers and Tanimoto
* Running Russel and Rao
* Running Dstar
* Running Opt
* Running Barinel
* Running Ideal
* Running Naish1
* Writing coverage matrix to '/fastdata/acp13jcd/GZoltar/Math/49/Math/developer/0/Math-49b-developer.0/matrix'
* Normalizing spectra, coefficient: DSTAR
* Normalizing spectra, coefficient: OPT
* Writing spectra to '/fastdata/acp13jcd/GZoltar/Math/49/Math/developer/0/Math-49b-developer.0/spectra'
* Metrics
* Writing statistics to '/fastdata/acp13jcd/GZoltar/Math/49/Math/developer/0/Math-49b-developer.0/statistics.csv'
* Computation finished

DONE!
