* Checking out Math-37 to /scratch/acp13jcd/run_gzoltar_74229_Math-37
* Compiling Math-37
Running ant (compile)...................................................... OK
Running ant (compile.tests)................................................ OK
* Running GZoltar
   ____ _____     _ _               
  / ___|__  /___ | | |_ __ _ _ __   
 | |  _  / // _ \| | __/ _` | '__| 
 | |_| |/ /| (_) | | || (_| | |     
  \____/____\___/|_|\__\__,_|_| 

[ERROR] /scratch/acp13jcd/run_gzoltar_74229_Math-37/lib/junit-4.8.2.jar does not exist
java.lang.Exception
	at com.gzoltar.lib.master.modes.Diagnose.execute(Unknown Source)
	at com.gzoltar.lib.master.GZoltar.parseCommandLine(Unknown Source)
	at com.gzoltar.lib.master.GZoltar.main(Unknown Source)
* Preparing classpath
* Collecting classes under test
* Collecting test cases
* Performing analysis
* Started org.apache.commons.math.analysis.solvers.LaguerreSolverTest#testLinearFunction
* Finished org.apache.commons.math.analysis.solvers.LaguerreSolverTest#testLinearFunction
* Started org.apache.commons.math.analysis.solvers.LaguerreSolverTest#testQuadraticFunction
* Finished org.apache.commons.math.analysis.solvers.LaguerreSolverTest#testQuadraticFunction
* Started org.apache.commons.math.analysis.solvers.LaguerreSolverTest#testParameters
* Finished org.apache.commons.math.analysis.solvers.LaguerreSolverTest#testParameters
* Started org.apache.commons.math.analysis.solvers.LaguerreSolverTest#testQuinticFunction
* Finished org.apache.commons.math.analysis.solvers.LaguerreSolverTest#testQuinticFunction
* Started org.apache.commons.math.complex.ComplexFieldTest#testOne
* Finished org.apache.commons.math.complex.ComplexFieldTest#testOne
* Started org.apache.commons.math.complex.ComplexFieldTest#testZero
* Finished org.apache.commons.math.complex.ComplexFieldTest#testZero
* Started org.apache.commons.math.complex.ComplexFieldTest#testSerial
* Finished org.apache.commons.math.complex.ComplexFieldTest#testSerial
* Started org.apache.commons.math.complex.ComplexFormatTest#testParseNegativeImaginary
* Finished org.apache.commons.math.complex.ComplexFormatTest#testParseNegativeImaginary
* Started org.apache.commons.math.complex.ComplexFormatTest#testConstructorSingleFormat
* Finished org.apache.commons.math.complex.ComplexFormatTest#testConstructorSingleFormat
* Started org.apache.commons.math.complex.ComplexFormatTest#testParseSimpleWithDecimals
* Finished org.apache.commons.math.complex.ComplexFormatTest#testParseSimpleWithDecimals
* Started org.apache.commons.math.complex.ComplexFormatTest#testZeroImaginary
* Finished org.apache.commons.math.complex.ComplexFormatTest#testZeroImaginary
* Started org.apache.commons.math.complex.ComplexFormatTest#testDifferentImaginaryChar
* Finished org.apache.commons.math.complex.ComplexFormatTest#testDifferentImaginaryChar
* Started org.apache.commons.math.complex.ComplexFormatTest#testFormatNumber
* Finished org.apache.commons.math.complex.ComplexFormatTest#testFormatNumber
* Started org.apache.commons.math.complex.ComplexFormatTest#testNan
* Finished org.apache.commons.math.complex.ComplexFormatTest#testNan
* Started org.apache.commons.math.complex.ComplexFormatTest#testSimpleWithDecimalsTrunc
* Finished org.apache.commons.math.complex.ComplexFormatTest#testSimpleWithDecimalsTrunc
* Started org.apache.commons.math.complex.ComplexFormatTest#testGetRealFormat
* Finished org.apache.commons.math.complex.ComplexFormatTest#testGetRealFormat
* Started org.apache.commons.math.complex.ComplexFormatTest#testParseNegativeBoth
* Finished org.apache.commons.math.complex.ComplexFormatTest#testParseNegativeBoth
* Started org.apache.commons.math.complex.ComplexFormatTest#testParseNegativeReal
* Finished org.apache.commons.math.complex.ComplexFormatTest#testParseNegativeReal
* Started org.apache.commons.math.complex.ComplexFormatTest#testGetImaginaryFormat
* Finished org.apache.commons.math.complex.ComplexFormatTest#testGetImaginaryFormat
* Started org.apache.commons.math.complex.ComplexFormatTest#testParseSimpleWithDecimalsTrunc
* Finished org.apache.commons.math.complex.ComplexFormatTest#testParseSimpleWithDecimalsTrunc
* Started org.apache.commons.math.complex.ComplexFormatTest#testNegativeInfinity
* Finished org.apache.commons.math.complex.ComplexFormatTest#testNegativeInfinity
* Started org.apache.commons.math.complex.ComplexFormatTest#testTrimOneImaginary
* Finished org.apache.commons.math.complex.ComplexFormatTest#testTrimOneImaginary
* Started org.apache.commons.math.complex.ComplexFormatTest#testPaseNegativeInfinity
* Finished org.apache.commons.math.complex.ComplexFormatTest#testPaseNegativeInfinity
* Started org.apache.commons.math.complex.ComplexFormatTest#testParseDifferentImaginaryChar
* Finished org.apache.commons.math.complex.ComplexFormatTest#testParseDifferentImaginaryChar
* Started org.apache.commons.math.complex.ComplexFormatTest#testDefaultFormatComplex
* Finished org.apache.commons.math.complex.ComplexFormatTest#testDefaultFormatComplex
* Started org.apache.commons.math.complex.ComplexFormatTest#testSimpleNoDecimals
* Finished org.apache.commons.math.complex.ComplexFormatTest#testSimpleNoDecimals
* Started org.apache.commons.math.complex.ComplexFormatTest#testZeroReal
* Finished org.apache.commons.math.complex.ComplexFormatTest#testZeroReal
* Started org.apache.commons.math.complex.ComplexFormatTest#testNegativeBoth
* Finished org.apache.commons.math.complex.ComplexFormatTest#testNegativeBoth
* Started org.apache.commons.math.complex.ComplexFormatTest#testNegativeReal
* Finished org.apache.commons.math.complex.ComplexFormatTest#testNegativeReal
* Started org.apache.commons.math.complex.ComplexFormatTest#testNegativeImaginary
* Finished org.apache.commons.math.complex.ComplexFormatTest#testNegativeImaginary
* Started org.apache.commons.math.complex.ComplexFormatTest#testParseSimpleNoDecimals
* Finished org.apache.commons.math.complex.ComplexFormatTest#testParseSimpleNoDecimals
* Started org.apache.commons.math.complex.ComplexFormatTest#testPositiveInfinity
* Finished org.apache.commons.math.complex.ComplexFormatTest#testPositiveInfinity
* Started org.apache.commons.math.complex.ComplexFormatTest#testForgottenImaginaryCharacter
* Finished org.apache.commons.math.complex.ComplexFormatTest#testForgottenImaginaryCharacter
* Started org.apache.commons.math.complex.ComplexFormatTest#testParseZeroReal
* Finished org.apache.commons.math.complex.ComplexFormatTest#testParseZeroReal
* Started org.apache.commons.math.complex.ComplexFormatTest#testParseNan
* Finished org.apache.commons.math.complex.ComplexFormatTest#testParseNan
* Started org.apache.commons.math.complex.ComplexFormatTest#testParseZeroImaginary
* Finished org.apache.commons.math.complex.ComplexFormatTest#testParseZeroImaginary
* Started org.apache.commons.math.complex.ComplexFormatTest#testParsePositiveInfinity
* Finished org.apache.commons.math.complex.ComplexFormatTest#testParsePositiveInfinity
* Started org.apache.commons.math.complex.ComplexFormatTest#testSimpleWithDecimals
* Finished org.apache.commons.math.complex.ComplexFormatTest#testSimpleWithDecimals
* Started org.apache.commons.math.complex.FrenchComplexFormatTest#testParseNegativeImaginary
* Finished org.apache.commons.math.complex.FrenchComplexFormatTest#testParseNegativeImaginary
* Started org.apache.commons.math.complex.FrenchComplexFormatTest#testConstructorSingleFormat
* Finished org.apache.commons.math.complex.FrenchComplexFormatTest#testConstructorSingleFormat
* Started org.apache.commons.math.complex.FrenchComplexFormatTest#testParseSimpleWithDecimals
* Finished org.apache.commons.math.complex.FrenchComplexFormatTest#testParseSimpleWithDecimals
* Started org.apache.commons.math.complex.FrenchComplexFormatTest#testZeroImaginary
* Finished org.apache.commons.math.complex.FrenchComplexFormatTest#testZeroImaginary
* Started org.apache.commons.math.complex.FrenchComplexFormatTest#testDifferentImaginaryChar
* Finished org.apache.commons.math.complex.FrenchComplexFormatTest#testDifferentImaginaryChar
* Started org.apache.commons.math.complex.FrenchComplexFormatTest#testFormatNumber
* Finished org.apache.commons.math.complex.FrenchComplexFormatTest#testFormatNumber
* Started org.apache.commons.math.complex.FrenchComplexFormatTest#testNan
* Finished org.apache.commons.math.complex.FrenchComplexFormatTest#testNan
* Started org.apache.commons.math.complex.FrenchComplexFormatTest#testSimpleWithDecimalsTrunc
* Finished org.apache.commons.math.complex.FrenchComplexFormatTest#testSimpleWithDecimalsTrunc
* Started org.apache.commons.math.complex.FrenchComplexFormatTest#testGetRealFormat
* Finished org.apache.commons.math.complex.FrenchComplexFormatTest#testGetRealFormat
* Started org.apache.commons.math.complex.FrenchComplexFormatTest#testParseNegativeBoth
* Finished org.apache.commons.math.complex.FrenchComplexFormatTest#testParseNegativeBoth
* Started org.apache.commons.math.complex.FrenchComplexFormatTest#testParseNegativeReal
* Finished org.apache.commons.math.complex.FrenchComplexFormatTest#testParseNegativeReal
* Started org.apache.commons.math.complex.FrenchComplexFormatTest#testGetImaginaryFormat
* Finished org.apache.commons.math.complex.FrenchComplexFormatTest#testGetImaginaryFormat
* Started org.apache.commons.math.complex.FrenchComplexFormatTest#testParseSimpleWithDecimalsTrunc
* Finished org.apache.commons.math.complex.FrenchComplexFormatTest#testParseSimpleWithDecimalsTrunc
* Started org.apache.commons.math.complex.FrenchComplexFormatTest#testNegativeInfinity
* Finished org.apache.commons.math.complex.FrenchComplexFormatTest#testNegativeInfinity
* Started org.apache.commons.math.complex.FrenchComplexFormatTest#testTrimOneImaginary
* Finished org.apache.commons.math.complex.FrenchComplexFormatTest#testTrimOneImaginary
* Started org.apache.commons.math.complex.FrenchComplexFormatTest#testPaseNegativeInfinity
* Finished org.apache.commons.math.complex.FrenchComplexFormatTest#testPaseNegativeInfinity
* Started org.apache.commons.math.complex.FrenchComplexFormatTest#testParseDifferentImaginaryChar
* Finished org.apache.commons.math.complex.FrenchComplexFormatTest#testParseDifferentImaginaryChar
* Started org.apache.commons.math.complex.FrenchComplexFormatTest#testDefaultFormatComplex
* Finished org.apache.commons.math.complex.FrenchComplexFormatTest#testDefaultFormatComplex
* Started org.apache.commons.math.complex.FrenchComplexFormatTest#testSimpleNoDecimals
* Finished org.apache.commons.math.complex.FrenchComplexFormatTest#testSimpleNoDecimals
* Started org.apache.commons.math.complex.FrenchComplexFormatTest#testZeroReal
* Finished org.apache.commons.math.complex.FrenchComplexFormatTest#testZeroReal
* Started org.apache.commons.math.complex.FrenchComplexFormatTest#testNegativeBoth
* Finished org.apache.commons.math.complex.FrenchComplexFormatTest#testNegativeBoth
* Started org.apache.commons.math.complex.FrenchComplexFormatTest#testNegativeReal
* Finished org.apache.commons.math.complex.FrenchComplexFormatTest#testNegativeReal
* Started org.apache.commons.math.complex.FrenchComplexFormatTest#testNegativeImaginary
* Finished org.apache.commons.math.complex.FrenchComplexFormatTest#testNegativeImaginary
* Started org.apache.commons.math.complex.FrenchComplexFormatTest#testParseSimpleNoDecimals
* Finished org.apache.commons.math.complex.FrenchComplexFormatTest#testParseSimpleNoDecimals
* Started org.apache.commons.math.complex.FrenchComplexFormatTest#testPositiveInfinity
* Finished org.apache.commons.math.complex.FrenchComplexFormatTest#testPositiveInfinity
* Started org.apache.commons.math.complex.FrenchComplexFormatTest#testForgottenImaginaryCharacter
* Finished org.apache.commons.math.complex.FrenchComplexFormatTest#testForgottenImaginaryCharacter
* Started org.apache.commons.math.complex.FrenchComplexFormatTest#testParseZeroReal
* Finished org.apache.commons.math.complex.FrenchComplexFormatTest#testParseZeroReal
* Started org.apache.commons.math.complex.FrenchComplexFormatTest#testParseNan
* Finished org.apache.commons.math.complex.FrenchComplexFormatTest#testParseNan
* Started org.apache.commons.math.complex.FrenchComplexFormatTest#testParseZeroImaginary
* Finished org.apache.commons.math.complex.FrenchComplexFormatTest#testParseZeroImaginary
* Started org.apache.commons.math.complex.FrenchComplexFormatTest#testParsePositiveInfinity
* Finished org.apache.commons.math.complex.FrenchComplexFormatTest#testParsePositiveInfinity
* Started org.apache.commons.math.complex.FrenchComplexFormatTest#testSimpleWithDecimals
* Finished org.apache.commons.math.complex.FrenchComplexFormatTest#testSimpleWithDecimals
* Started org.apache.commons.math.complex.ComplexUtilsTest#testPolar2ComplexInf
* Finished org.apache.commons.math.complex.ComplexUtilsTest#testPolar2ComplexInf
* Started org.apache.commons.math.complex.ComplexUtilsTest#testPolar2ComplexNaN
* Finished org.apache.commons.math.complex.ComplexUtilsTest#testPolar2ComplexNaN
* Started org.apache.commons.math.complex.ComplexUtilsTest#testPolar2ComplexIllegalModulus
* Finished org.apache.commons.math.complex.ComplexUtilsTest#testPolar2ComplexIllegalModulus
* Started org.apache.commons.math.complex.ComplexUtilsTest#testPolar2Complex
* Finished org.apache.commons.math.complex.ComplexUtilsTest#testPolar2Complex
* Started org.apache.commons.math.complex.ComplexTest#testReciprocalReal
* Finished org.apache.commons.math.complex.ComplexTest#testReciprocalReal
* Started org.apache.commons.math.complex.ComplexTest#testReciprocalZero
* Finished org.apache.commons.math.complex.ComplexTest#testReciprocalZero
* Started org.apache.commons.math.complex.ComplexTest#testNthRoot_cornercase_NAN_Inf
* Finished org.apache.commons.math.complex.ComplexTest#testNthRoot_cornercase_NAN_Inf
* Started org.apache.commons.math.complex.ComplexTest#testTanhInf
* Failure: expected:<1.0> but was:<NaN> | testTanhInf(org.apache.commons.math.complex.ComplexTest)
java.lang.AssertionError: expected:<1.0> but was:<NaN>
	at org.junit.Assert.fail(Assert.java:88)
	at org.junit.Assert.failNotEquals(Assert.java:743)
	at org.junit.Assert.assertEquals(Assert.java:494)
	at org.junit.Assert.assertEquals(Assert.java:592)
	at org.apache.commons.math.TestUtils.assertSame(TestUtils.java:77)
	at org.apache.commons.math.TestUtils.assertSame(TestUtils.java:85)
	at org.apache.commons.math.complex.ComplexTest.testTanhInf(ComplexTest.java:1054)
	at sun.reflect.NativeMethodAccessorImpl.invoke0(Native Method)
	at sun.reflect.NativeMethodAccessorImpl.invoke(NativeMethodAccessorImpl.java:57)
	at sun.reflect.DelegatingMethodAccessorImpl.invoke(DelegatingMethodAccessorImpl.java:43)
	at java.lang.reflect.Method.invoke(Method.java:606)
	at org.junit.runners.model.FrameworkMethod$1.runReflectiveCall(FrameworkMethod.java:47)
	at org.junit.internal.runners.model.ReflectiveCallable.run(ReflectiveCallable.java:12)
	at org.junit.runners.model.FrameworkMethod.invokeExplosively(FrameworkMethod.java:44)
	at org.junit.internal.runners.statements.InvokeMethod.evaluate(InvokeMethod.java:17)
	at org.junit.runners.ParentRunner.runLeaf(ParentRunner.java:271)
	at org.junit.runners.BlockJUnit4ClassRunner.runChild(BlockJUnit4ClassRunner.java:70)
	at org.junit.runners.BlockJUnit4ClassRunner.runChild(BlockJUnit4ClassRunner.java:50)
	at org.junit.runners.ParentRunner$3.run(ParentRunner.java:238)
	at org.junit.runners.ParentRunner$1.schedule(ParentRunner.java:63)
	at org.junit.runners.ParentRunner.runChildren(ParentRunner.java:236)
	at org.junit.runners.ParentRunner.access$000(ParentRunner.java:53)
	at org.junit.runners.ParentRunner$2.evaluate(ParentRunner.java:229)
	at org.junit.runners.ParentRunner.run(ParentRunner.java:309)
	at com.gzoltar.lib.instrumentation.testing.junit.a.call(Unknown Source)
	at java.util.concurrent.FutureTask.run(FutureTask.java:262)
	at java.util.concurrent.ThreadPoolExecutor.runWorker(ThreadPoolExecutor.java:1145)
	at java.util.concurrent.ThreadPoolExecutor$Worker.run(ThreadPoolExecutor.java:615)
	at java.lang.Thread.run(Thread.java:745)

* Finished org.apache.commons.math.complex.ComplexTest#testTanhInf
* Started org.apache.commons.math.complex.ComplexTest#testTanhNaN
* Finished org.apache.commons.math.complex.ComplexTest#testTanhNaN
* Started org.apache.commons.math.complex.ComplexTest#testConjugateNaN
* Finished org.apache.commons.math.complex.ComplexTest#testConjugateNaN
* Started org.apache.commons.math.complex.ComplexTest#testScalarDivideInf
* Finished org.apache.commons.math.complex.ComplexTest#testScalarDivideInf
* Started org.apache.commons.math.complex.ComplexTest#testScalarDivideNaN
* Finished org.apache.commons.math.complex.ComplexTest#testScalarDivideNaN
* Started org.apache.commons.math.complex.ComplexTest#testScalarMultiplyInf
* Finished org.apache.commons.math.complex.ComplexTest#testScalarMultiplyInf
* Started org.apache.commons.math.complex.ComplexTest#testScalarMultiplyNaN
* Finished org.apache.commons.math.complex.ComplexTest#testScalarMultiplyNaN
* Started org.apache.commons.math.complex.ComplexTest#testDivideImaginary
* Finished org.apache.commons.math.complex.ComplexTest#testDivideImaginary
* Started org.apache.commons.math.complex.ComplexTest#testAcosInf
* Finished org.apache.commons.math.complex.ComplexTest#testAcosInf
* Started org.apache.commons.math.complex.ComplexTest#testAcosNaN
* Finished org.apache.commons.math.complex.ComplexTest#testAcosNaN
* Started org.apache.commons.math.complex.ComplexTest#testEqualsClass
* Finished org.apache.commons.math.complex.ComplexTest#testEqualsClass
* Started org.apache.commons.math.complex.ComplexTest#testAbs
* Finished org.apache.commons.math.complex.ComplexTest#testAbs
* Started org.apache.commons.math.complex.ComplexTest#testAdd
* Finished org.apache.commons.math.complex.ComplexTest#testAdd
* Started org.apache.commons.math.complex.ComplexTest#testCos
* Finished org.apache.commons.math.complex.ComplexTest#testCos
* Started org.apache.commons.math.complex.ComplexTest#testExp
* Finished org.apache.commons.math.complex.ComplexTest#testExp
* Started org.apache.commons.math.complex.ComplexTest#testLog
* Finished org.apache.commons.math.complex.ComplexTest#testLog
* Started org.apache.commons.math.complex.ComplexTest#testPow
* Finished org.apache.commons.math.complex.ComplexTest#testPow
* Started org.apache.commons.math.complex.ComplexTest#testSin
* Finished org.apache.commons.math.complex.ComplexTest#testSin
* Started org.apache.commons.math.complex.ComplexTest#testTan
* Failure: expected:<1.0> but was:<NaN> | testTan(org.apache.commons.math.complex.ComplexTest)
java.lang.AssertionError: expected:<1.0> but was:<NaN>
	at org.junit.Assert.fail(Assert.java:88)
	at org.junit.Assert.failNotEquals(Assert.java:743)
	at org.junit.Assert.assertEquals(Assert.java:494)
	at org.junit.Assert.assertEquals(Assert.java:592)
	at org.apache.commons.math.TestUtils.assertEquals(TestUtils.java:95)
	at org.apache.commons.math.complex.ComplexTest.testTan(ComplexTest.java:1002)
	at sun.reflect.NativeMethodAccessorImpl.invoke0(Native Method)
	at sun.reflect.NativeMethodAccessorImpl.invoke(NativeMethodAccessorImpl.java:57)
	at sun.reflect.DelegatingMethodAccessorImpl.invoke(DelegatingMethodAccessorImpl.java:43)
	at java.lang.reflect.Method.invoke(Method.java:606)
	at org.junit.runners.model.FrameworkMethod$1.runReflectiveCall(FrameworkMethod.java:47)
	at org.junit.internal.runners.model.ReflectiveCallable.run(ReflectiveCallable.java:12)
	at org.junit.runners.model.FrameworkMethod.invokeExplosively(FrameworkMethod.java:44)
	at org.junit.internal.runners.statements.InvokeMethod.evaluate(InvokeMethod.java:17)
	at org.junit.runners.ParentRunner.runLeaf(ParentRunner.java:271)
	at org.junit.runners.BlockJUnit4ClassRunner.runChild(BlockJUnit4ClassRunner.java:70)
	at org.junit.runners.BlockJUnit4ClassRunner.runChild(BlockJUnit4ClassRunner.java:50)
	at org.junit.runners.ParentRunner$3.run(ParentRunner.java:238)
	at org.junit.runners.ParentRunner$1.schedule(ParentRunner.java:63)
	at org.junit.runners.ParentRunner.runChildren(ParentRunner.java:236)
	at org.junit.runners.ParentRunner.access$000(ParentRunner.java:53)
	at org.junit.runners.ParentRunner$2.evaluate(ParentRunner.java:229)
	at org.junit.runners.ParentRunner.run(ParentRunner.java:309)
	at com.gzoltar.lib.instrumentation.testing.junit.a.call(Unknown Source)
	at java.util.concurrent.FutureTask.run(FutureTask.java:262)
	at java.util.concurrent.ThreadPoolExecutor.runWorker(ThreadPoolExecutor.java:1145)
	at java.util.concurrent.ThreadPoolExecutor$Worker.run(ThreadPoolExecutor.java:615)
	at java.lang.Thread.run(Thread.java:745)

* Finished org.apache.commons.math.complex.ComplexTest#testTan
* Started org.apache.commons.math.complex.ComplexTest#testSubtract
* Finished org.apache.commons.math.complex.ComplexTest#testSubtract
* Started org.apache.commons.math.complex.ComplexTest#testScalarAdd
* Finished org.apache.commons.math.complex.ComplexTest#testScalarAdd
* Started org.apache.commons.math.complex.ComplexTest#testScalarPow
* Finished org.apache.commons.math.complex.ComplexTest#testScalarPow
* Started org.apache.commons.math.complex.ComplexTest#testDivideNaNInf
* Finished org.apache.commons.math.complex.ComplexTest#testDivideNaNInf
* Started org.apache.commons.math.complex.ComplexTest#testAtanI
* Finished org.apache.commons.math.complex.ComplexTest#testAtanI
* Started org.apache.commons.math.complex.ComplexTest#testAcos
* Finished org.apache.commons.math.complex.ComplexTest#testAcos
* Started org.apache.commons.math.complex.ComplexTest#testAsin
* Finished org.apache.commons.math.complex.ComplexTest#testAsin
* Started org.apache.commons.math.complex.ComplexTest#testAtan
* Finished org.apache.commons.math.complex.ComplexTest#testAtan
* Started org.apache.commons.math.complex.ComplexTest#testCosh
* Finished org.apache.commons.math.complex.ComplexTest#testCosh
* Started org.apache.commons.math.complex.ComplexTest#testSinh
* Finished org.apache.commons.math.complex.ComplexTest#testSinh
* Started org.apache.commons.math.complex.ComplexTest#testTanh
* Failure: expected:<1.0> but was:<NaN> | testTanh(org.apache.commons.math.complex.ComplexTest)
java.lang.AssertionError: expected:<1.0> but was:<NaN>
	at org.junit.Assert.fail(Assert.java:88)
	at org.junit.Assert.failNotEquals(Assert.java:743)
	at org.junit.Assert.assertEquals(Assert.java:494)
	at org.junit.Assert.assertEquals(Assert.java:592)
	at org.apache.commons.math.TestUtils.assertEquals(TestUtils.java:94)
	at org.apache.commons.math.complex.ComplexTest.testTanh(ComplexTest.java:1039)
	at sun.reflect.NativeMethodAccessorImpl.invoke0(Native Method)
	at sun.reflect.NativeMethodAccessorImpl.invoke(NativeMethodAccessorImpl.java:57)
	at sun.reflect.DelegatingMethodAccessorImpl.invoke(DelegatingMethodAccessorImpl.java:43)
	at java.lang.reflect.Method.invoke(Method.java:606)
	at org.junit.runners.model.FrameworkMethod$1.runReflectiveCall(FrameworkMethod.java:47)
	at org.junit.internal.runners.model.ReflectiveCallable.run(ReflectiveCallable.java:12)
	at org.junit.runners.model.FrameworkMethod.invokeExplosively(FrameworkMethod.java:44)
	at org.junit.internal.runners.statements.InvokeMethod.evaluate(InvokeMethod.java:17)
	at org.junit.runners.ParentRunner.runLeaf(ParentRunner.java:271)
	at org.junit.runners.BlockJUnit4ClassRunner.runChild(BlockJUnit4ClassRunner.java:70)
	at org.junit.runners.BlockJUnit4ClassRunner.runChild(BlockJUnit4ClassRunner.java:50)
	at org.junit.runners.ParentRunner$3.run(ParentRunner.java:238)
	at org.junit.runners.ParentRunner$1.schedule(ParentRunner.java:63)
	at org.junit.runners.ParentRunner.runChildren(ParentRunner.java:236)
	at org.junit.runners.ParentRunner.access$000(ParentRunner.java:53)
	at org.junit.runners.ParentRunner$2.evaluate(ParentRunner.java:229)
	at org.junit.runners.ParentRunner.run(ParentRunner.java:309)
	at com.gzoltar.lib.instrumentation.testing.junit.a.call(Unknown Source)
	at java.util.concurrent.FutureTask.run(FutureTask.java:262)
	at java.util.concurrent.ThreadPoolExecutor.runWorker(ThreadPoolExecutor.java:1145)
	at java.util.concurrent.ThreadPoolExecutor$Worker.run(ThreadPoolExecutor.java:615)
	at java.lang.Thread.run(Thread.java:745)

* Finished org.apache.commons.math.complex.ComplexTest#testTanh
* Started org.apache.commons.math.complex.ComplexTest#testAsinInf
* Finished org.apache.commons.math.complex.ComplexTest#testAsinInf
* Started org.apache.commons.math.complex.ComplexTest#testAsinNaN
* Finished org.apache.commons.math.complex.ComplexTest#testAsinNaN
* Started org.apache.commons.math.complex.ComplexTest#testAtanInf
* Finished org.apache.commons.math.complex.ComplexTest#testAtanInf
* Started org.apache.commons.math.complex.ComplexTest#testAtanNaN
* Finished org.apache.commons.math.complex.ComplexTest#testAtanNaN
* Started org.apache.commons.math.complex.ComplexTest#testReciprocal
* Finished org.apache.commons.math.complex.ComplexTest#testReciprocal
* Started org.apache.commons.math.complex.ComplexTest#testScalarAddInf
* Finished org.apache.commons.math.complex.ComplexTest#testScalarAddInf
* Started org.apache.commons.math.complex.ComplexTest#testScalarAddNaN
* Finished org.apache.commons.math.complex.ComplexTest#testScalarAddNaN
* Started org.apache.commons.math.complex.ComplexTest#testScalarPowZero
* Finished org.apache.commons.math.complex.ComplexTest#testScalarPowZero
* Started org.apache.commons.math.complex.ComplexTest#testScalarDivide
* Finished org.apache.commons.math.complex.ComplexTest#testScalarDivide
* Started org.apache.commons.math.complex.ComplexTest#testDivideInf
* Finished org.apache.commons.math.complex.ComplexTest#testDivideInf
* Started org.apache.commons.math.complex.ComplexTest#testDivideNaN
* Finished org.apache.commons.math.complex.ComplexTest#testDivideNaN
* Started org.apache.commons.math.complex.ComplexTest#testEqualsRealDifference
* Finished org.apache.commons.math.complex.ComplexTest#testEqualsRealDifference
* Started org.apache.commons.math.complex.ComplexTest#testNegateNaN
* Finished org.apache.commons.math.complex.ComplexTest#testNegateNaN
* Started org.apache.commons.math.complex.ComplexTest#testTanhCritical
* Finished org.apache.commons.math.complex.ComplexTest#testTanhCritical
* Started org.apache.commons.math.complex.ComplexTest#testPowZero
* Finished org.apache.commons.math.complex.ComplexTest#testPowZero
* Started org.apache.commons.math.complex.ComplexTest#testScalarPowInf
* Finished org.apache.commons.math.complex.ComplexTest#testScalarPowInf
* Started org.apache.commons.math.complex.ComplexTest#testScalarMultiply
* Finished org.apache.commons.math.complex.ComplexTest#testScalarMultiply
* Started org.apache.commons.math.complex.ComplexTest#testSqrtImaginaryZero
* Finished org.apache.commons.math.complex.ComplexTest#testSqrtImaginaryZero
* Started org.apache.commons.math.complex.ComplexTest#testSqrtRealPositive
* Finished org.apache.commons.math.complex.ComplexTest#testSqrtRealPositive
* Started org.apache.commons.math.complex.ComplexTest#testEqualsNull
* Finished org.apache.commons.math.complex.ComplexTest#testEqualsNull
* Started org.apache.commons.math.complex.ComplexTest#testEqualsSame
* Finished org.apache.commons.math.complex.ComplexTest#testEqualsSame
* Started org.apache.commons.math.complex.ComplexTest#testEqualsTrue
* Finished org.apache.commons.math.complex.ComplexTest#testEqualsTrue
* Started org.apache.commons.math.complex.ComplexTest#testSqrt1zNaN
* Finished org.apache.commons.math.complex.ComplexTest#testSqrt1zNaN
* Started org.apache.commons.math.complex.ComplexTest#testSqrtRealNegative
* Finished org.apache.commons.math.complex.ComplexTest#testSqrtRealNegative
* Started org.apache.commons.math.complex.ComplexTest#testScalarPowNaNBase
* Finished org.apache.commons.math.complex.ComplexTest#testScalarPowNaNBase
* Started org.apache.commons.math.complex.ComplexTest#testGetArgument
* Finished org.apache.commons.math.complex.ComplexTest#testGetArgument
* Started org.apache.commons.math.complex.ComplexTest#testSqrtPolar
* Finished org.apache.commons.math.complex.ComplexTest#testSqrtPolar
* Started org.apache.commons.math.complex.ComplexTest#testMultiplyNaN
* Finished org.apache.commons.math.complex.ComplexTest#testMultiplyNaN
* Started org.apache.commons.math.complex.ComplexTest#testLogZero
* Finished org.apache.commons.math.complex.ComplexTest#testLogZero
* Started org.apache.commons.math.complex.ComplexTest#testConjugate
* Finished org.apache.commons.math.complex.ComplexTest#testConjugate
* Started org.apache.commons.math.complex.ComplexTest#testMultiplyInfInf
* Finished org.apache.commons.math.complex.ComplexTest#testMultiplyInfInf
* Started org.apache.commons.math.complex.ComplexTest#testNthRoot_normal_fourthRoot
* Finished org.apache.commons.math.complex.ComplexTest#testNthRoot_normal_fourthRoot
* Started org.apache.commons.math.complex.ComplexTest#testMultiplyNaNInf
* Finished org.apache.commons.math.complex.ComplexTest#testMultiplyNaNInf
* Started org.apache.commons.math.complex.ComplexTest#testEqualsImaginaryDifference
* Finished org.apache.commons.math.complex.ComplexTest#testEqualsImaginaryDifference
* Started org.apache.commons.math.complex.ComplexTest#testScalarSubtractInf
* Finished org.apache.commons.math.complex.ComplexTest#testScalarSubtractInf
* Started org.apache.commons.math.complex.ComplexTest#testScalarSubtractNaN
* Finished org.apache.commons.math.complex.ComplexTest#testScalarSubtractNaN
* Started org.apache.commons.math.complex.ComplexTest#testTanCritical
* Finished org.apache.commons.math.complex.ComplexTest#testTanCritical
* Started org.apache.commons.math.complex.ComplexTest#testPowNaNBase
* Finished org.apache.commons.math.complex.ComplexTest#testPowNaNBase
* Started org.apache.commons.math.complex.ComplexTest#testMath221
* Finished org.apache.commons.math.complex.ComplexTest#testMath221
* Started org.apache.commons.math.complex.ComplexTest#testNthRoot_cornercase_thirdRoot_imaginaryPartEmpty
* Finished org.apache.commons.math.complex.ComplexTest#testNthRoot_cornercase_thirdRoot_imaginaryPartEmpty
* Started org.apache.commons.math.complex.ComplexTest#testGetArgumentInf
* Finished org.apache.commons.math.complex.ComplexTest#testGetArgumentInf
* Started org.apache.commons.math.complex.ComplexTest#testGetArgumentNaN
* Finished org.apache.commons.math.complex.ComplexTest#testGetArgumentNaN
* Started org.apache.commons.math.complex.ComplexTest#testConstructorNaN
* Finished org.apache.commons.math.complex.ComplexTest#testConstructorNaN
* Started org.apache.commons.math.complex.ComplexTest#testCoshInf
* Finished org.apache.commons.math.complex.ComplexTest#testCoshInf
* Started org.apache.commons.math.complex.ComplexTest#testCoshNaN
* Finished org.apache.commons.math.complex.ComplexTest#testCoshNaN
* Started org.apache.commons.math.complex.ComplexTest#testPowNaNExponent
* Finished org.apache.commons.math.complex.ComplexTest#testPowNaNExponent
* Started org.apache.commons.math.complex.ComplexTest#testHashCode
* Finished org.apache.commons.math.complex.ComplexTest#testHashCode
* Started org.apache.commons.math.complex.ComplexTest#testSqrtRealZero
* Finished org.apache.commons.math.complex.ComplexTest#testSqrtRealZero
* Started org.apache.commons.math.complex.ComplexTest#testSqrtImaginaryNegative
* Finished org.apache.commons.math.complex.ComplexTest#testSqrtImaginaryNegative
* Started org.apache.commons.math.complex.ComplexTest#testReciprocalInf
* Finished org.apache.commons.math.complex.ComplexTest#testReciprocalInf
* Started org.apache.commons.math.complex.ComplexTest#testReciprocalNaN
* Finished org.apache.commons.math.complex.ComplexTest#testReciprocalNaN
* Started org.apache.commons.math.complex.ComplexTest#testNthRoot_cornercase_thirdRoot_realPartZero
* Finished org.apache.commons.math.complex.ComplexTest#testNthRoot_cornercase_thirdRoot_realPartZero
* Started org.apache.commons.math.complex.ComplexTest#testScalarDivideZero
* Finished org.apache.commons.math.complex.ComplexTest#testScalarDivideZero
* Started org.apache.commons.math.complex.ComplexTest#testScalarSubtract
* Finished org.apache.commons.math.complex.ComplexTest#testScalarSubtract
* Started org.apache.commons.math.complex.ComplexTest#testAbsNaN
* Finished org.apache.commons.math.complex.ComplexTest#testAbsNaN
* Started org.apache.commons.math.complex.ComplexTest#testAddInf
* Finished org.apache.commons.math.complex.ComplexTest#testAddInf
* Started org.apache.commons.math.complex.ComplexTest#testAddNaN
* Finished org.apache.commons.math.complex.ComplexTest#testAddNaN
* Started org.apache.commons.math.complex.ComplexTest#testCosInf
* Finished org.apache.commons.math.complex.ComplexTest#testCosInf
* Started org.apache.commons.math.complex.ComplexTest#testCosNaN
* Finished org.apache.commons.math.complex.ComplexTest#testCosNaN
* Started org.apache.commons.math.complex.ComplexTest#testDivide
* Finished org.apache.commons.math.complex.ComplexTest#testDivide
* Started org.apache.commons.math.complex.ComplexTest#testExpInf
* Finished org.apache.commons.math.complex.ComplexTest#testExpInf
* Started org.apache.commons.math.complex.ComplexTest#testExpNaN
* Finished org.apache.commons.math.complex.ComplexTest#testExpNaN
* Started org.apache.commons.math.complex.ComplexTest#testMultiply
* Finished org.apache.commons.math.complex.ComplexTest#testMultiply
* Started org.apache.commons.math.complex.ComplexTest#testDivideReal
* Finished org.apache.commons.math.complex.ComplexTest#testDivideReal
* Started org.apache.commons.math.complex.ComplexTest#testDivideZero
* Finished org.apache.commons.math.complex.ComplexTest#testDivideZero
* Started org.apache.commons.math.complex.ComplexTest#testEqualsNaN
* Finished org.apache.commons.math.complex.ComplexTest#testEqualsNaN
* Started org.apache.commons.math.complex.ComplexTest#testLogInf
* Finished org.apache.commons.math.complex.ComplexTest#testLogInf
* Started org.apache.commons.math.complex.ComplexTest#testLogNaN
* Finished org.apache.commons.math.complex.ComplexTest#testLogNaN
* Started org.apache.commons.math.complex.ComplexTest#testNegate
* Finished org.apache.commons.math.complex.ComplexTest#testNegate
* Started org.apache.commons.math.complex.ComplexTest#testPowInf
* Finished org.apache.commons.math.complex.ComplexTest#testPowInf
* Started org.apache.commons.math.complex.ComplexTest#testConjugateInfiinite
* Finished org.apache.commons.math.complex.ComplexTest#testConjugateInfiinite
* Started org.apache.commons.math.complex.ComplexTest#testSinhInf
* Finished org.apache.commons.math.complex.ComplexTest#testSinhInf
* Started org.apache.commons.math.complex.ComplexTest#testSinhNaN
* Finished org.apache.commons.math.complex.ComplexTest#testSinhNaN
* Started org.apache.commons.math.complex.ComplexTest#testSerial
* Finished org.apache.commons.math.complex.ComplexTest#testSerial
* Started org.apache.commons.math.complex.ComplexTest#testSinInf
* Finished org.apache.commons.math.complex.ComplexTest#testSinInf
* Started org.apache.commons.math.complex.ComplexTest#testSinNaN
* Finished org.apache.commons.math.complex.ComplexTest#testSinNaN
* Started org.apache.commons.math.complex.ComplexTest#testSqrt1z
* Finished org.apache.commons.math.complex.ComplexTest#testSqrt1z
* Started org.apache.commons.math.complex.ComplexTest#testTanInf
* Failure: expected:<1.0> but was:<NaN> | testTanInf(org.apache.commons.math.complex.ComplexTest)
java.lang.AssertionError: expected:<1.0> but was:<NaN>
	at org.junit.Assert.fail(Assert.java:88)
	at org.junit.Assert.failNotEquals(Assert.java:743)
	at org.junit.Assert.assertEquals(Assert.java:494)
	at org.junit.Assert.assertEquals(Assert.java:592)
	at org.apache.commons.math.TestUtils.assertSame(TestUtils.java:77)
	at org.apache.commons.math.TestUtils.assertSame(TestUtils.java:86)
	at org.apache.commons.math.complex.ComplexTest.testTanInf(ComplexTest.java:1015)
	at sun.reflect.NativeMethodAccessorImpl.invoke0(Native Method)
	at sun.reflect.NativeMethodAccessorImpl.invoke(NativeMethodAccessorImpl.java:57)
	at sun.reflect.DelegatingMethodAccessorImpl.invoke(DelegatingMethodAccessorImpl.java:43)
	at java.lang.reflect.Method.invoke(Method.java:606)
	at org.junit.runners.model.FrameworkMethod$1.runReflectiveCall(FrameworkMethod.java:47)
	at org.junit.internal.runners.model.ReflectiveCallable.run(ReflectiveCallable.java:12)
	at org.junit.runners.model.FrameworkMethod.invokeExplosively(FrameworkMethod.java:44)
	at org.junit.internal.runners.statements.InvokeMethod.evaluate(InvokeMethod.java:17)
	at org.junit.runners.ParentRunner.runLeaf(ParentRunner.java:271)
	at org.junit.runners.BlockJUnit4ClassRunner.runChild(BlockJUnit4ClassRunner.java:70)
	at org.junit.runners.BlockJUnit4ClassRunner.runChild(BlockJUnit4ClassRunner.java:50)
	at org.junit.runners.ParentRunner$3.run(ParentRunner.java:238)
	at org.junit.runners.ParentRunner$1.schedule(ParentRunner.java:63)
	at org.junit.runners.ParentRunner.runChildren(ParentRunner.java:236)
	at org.junit.runners.ParentRunner.access$000(ParentRunner.java:53)
	at org.junit.runners.ParentRunner$2.evaluate(ParentRunner.java:229)
	at org.junit.runners.ParentRunner.run(ParentRunner.java:309)
	at com.gzoltar.lib.instrumentation.testing.junit.a.call(Unknown Source)
	at java.util.concurrent.FutureTask.run(FutureTask.java:262)
	at java.util.concurrent.ThreadPoolExecutor.runWorker(ThreadPoolExecutor.java:1145)
	at java.util.concurrent.ThreadPoolExecutor$Worker.run(ThreadPoolExecutor.java:615)
	at java.lang.Thread.run(Thread.java:745)

* Finished org.apache.commons.math.complex.ComplexTest#testTanInf
* Started org.apache.commons.math.complex.ComplexTest#testTanNaN
* Finished org.apache.commons.math.complex.ComplexTest#testTanNaN
* Started org.apache.commons.math.complex.ComplexTest#testNthRoot_normal_thirdRoot
* Finished org.apache.commons.math.complex.ComplexTest#testNthRoot_normal_thirdRoot
* Started org.apache.commons.math.complex.ComplexTest#testpowNull
* Finished org.apache.commons.math.complex.ComplexTest#testpowNull
* Started org.apache.commons.math.complex.ComplexTest#testSubtractInf
* Finished org.apache.commons.math.complex.ComplexTest#testSubtractInf
* Started org.apache.commons.math.complex.ComplexTest#testSubtractNaN
* Finished org.apache.commons.math.complex.ComplexTest#testSubtractNaN
* Started org.apache.commons.math.complex.ComplexTest#testAbsInfinite
* Finished org.apache.commons.math.complex.ComplexTest#testAbsInfinite
* Started org.apache.commons.math.complex.ComplexTest#testSqrtInf
* Finished org.apache.commons.math.complex.ComplexTest#testSqrtInf
* Started org.apache.commons.math.complex.ComplexTest#testSqrtNaN
* Finished org.apache.commons.math.complex.ComplexTest#testSqrtNaN
* Started org.apache.commons.math.complex.ComplexTest#testDivideZeroZero
* Finished org.apache.commons.math.complex.ComplexTest#testDivideZeroZero
* Started org.apache.commons.math.complex.ComplexTest#testConstructor
* Finished org.apache.commons.math.complex.ComplexTest#testConstructor
* Started org.apache.commons.math.complex.ComplexTest#testScalarPowNaNExponent
* Finished org.apache.commons.math.complex.ComplexTest#testScalarPowNaNExponent
* Started org.apache.commons.math.complex.ComplexTest#testReciprocalImaginary
* Finished org.apache.commons.math.complex.ComplexTest#testReciprocalImaginary
* Started org.apache.commons.math.transform.FastCosineTransformerTest#testAdHocData[0]
* Finished org.apache.commons.math.transform.FastCosineTransformerTest#testAdHocData[0]
* Started org.apache.commons.math.transform.FastCosineTransformerTest#testSinFunction[0]
* Finished org.apache.commons.math.transform.FastCosineTransformerTest#testSinFunction[0]
* Started org.apache.commons.math.transform.FastCosineTransformerTest#testParameters[0]
* Finished org.apache.commons.math.transform.FastCosineTransformerTest#testParameters[0]
* Started org.apache.commons.math.transform.FastCosineTransformerTest#testTransformRealInvalidDataSize[0]
* Finished org.apache.commons.math.transform.FastCosineTransformerTest#testTransformRealInvalidDataSize[0]
* Started org.apache.commons.math.transform.FastCosineTransformerTest#testTransformReal[0]
* Finished org.apache.commons.math.transform.FastCosineTransformerTest#testTransformReal[0]
* Started org.apache.commons.math.transform.FastCosineTransformerTest#testTransformFunctionInvalidDataSize[0]
* Finished org.apache.commons.math.transform.FastCosineTransformerTest#testTransformFunctionInvalidDataSize[0]
* Started org.apache.commons.math.transform.FastCosineTransformerTest#testTransformFunctionNotStrictlyPositiveNumberOfSamples[0]
* Finished org.apache.commons.math.transform.FastCosineTransformerTest#testTransformFunctionNotStrictlyPositiveNumberOfSamples[0]
* Started org.apache.commons.math.transform.FastCosineTransformerTest#testTransformFunctionInvalidBounds[0]
* Finished org.apache.commons.math.transform.FastCosineTransformerTest#testTransformFunctionInvalidBounds[0]
* Started org.apache.commons.math.transform.FastCosineTransformerTest#testInverseTransformRealInvalidDataSize[0]
* Finished org.apache.commons.math.transform.FastCosineTransformerTest#testInverseTransformRealInvalidDataSize[0]
* Started org.apache.commons.math.transform.FastCosineTransformerTest#testInverseTransformFunctionInvalidDataSize[0]
* Finished org.apache.commons.math.transform.FastCosineTransformerTest#testInverseTransformFunctionInvalidDataSize[0]
* Started org.apache.commons.math.transform.FastCosineTransformerTest#testInverseTransformFunctionNotStrictlyPositiveNumberOfSamples[0]
* Finished org.apache.commons.math.transform.FastCosineTransformerTest#testInverseTransformFunctionNotStrictlyPositiveNumberOfSamples[0]
* Started org.apache.commons.math.transform.FastCosineTransformerTest#testInverseTransformFunctionInvalidBounds[0]
* Finished org.apache.commons.math.transform.FastCosineTransformerTest#testInverseTransformFunctionInvalidBounds[0]
* Started org.apache.commons.math.transform.FastCosineTransformerTest#testTransformFunction[0]
* Finished org.apache.commons.math.transform.FastCosineTransformerTest#testTransformFunction[0]
* Started org.apache.commons.math.transform.FastCosineTransformerTest#testInverseTransformReal[0]
* Finished org.apache.commons.math.transform.FastCosineTransformerTest#testInverseTransformReal[0]
* Started org.apache.commons.math.transform.FastCosineTransformerTest#testInverseTransformFunction[0]
* Finished org.apache.commons.math.transform.FastCosineTransformerTest#testInverseTransformFunction[0]
* Started org.apache.commons.math.transform.FastCosineTransformerTest#testAdHocData[1]
* Finished org.apache.commons.math.transform.FastCosineTransformerTest#testAdHocData[1]
* Started org.apache.commons.math.transform.FastCosineTransformerTest#testSinFunction[1]
* Finished org.apache.commons.math.transform.FastCosineTransformerTest#testSinFunction[1]
* Started org.apache.commons.math.transform.FastCosineTransformerTest#testParameters[1]
* Finished org.apache.commons.math.transform.FastCosineTransformerTest#testParameters[1]
* Started org.apache.commons.math.transform.FastCosineTransformerTest#testTransformRealInvalidDataSize[1]
* Finished org.apache.commons.math.transform.FastCosineTransformerTest#testTransformRealInvalidDataSize[1]
* Started org.apache.commons.math.transform.FastCosineTransformerTest#testTransformReal[1]
* Finished org.apache.commons.math.transform.FastCosineTransformerTest#testTransformReal[1]
* Started org.apache.commons.math.transform.FastCosineTransformerTest#testTransformFunctionInvalidDataSize[1]
* Finished org.apache.commons.math.transform.FastCosineTransformerTest#testTransformFunctionInvalidDataSize[1]
* Started org.apache.commons.math.transform.FastCosineTransformerTest#testTransformFunctionNotStrictlyPositiveNumberOfSamples[1]
* Finished org.apache.commons.math.transform.FastCosineTransformerTest#testTransformFunctionNotStrictlyPositiveNumberOfSamples[1]
* Started org.apache.commons.math.transform.FastCosineTransformerTest#testTransformFunctionInvalidBounds[1]
* Finished org.apache.commons.math.transform.FastCosineTransformerTest#testTransformFunctionInvalidBounds[1]
* Started org.apache.commons.math.transform.FastCosineTransformerTest#testInverseTransformRealInvalidDataSize[1]
* Finished org.apache.commons.math.transform.FastCosineTransformerTest#testInverseTransformRealInvalidDataSize[1]
* Started org.apache.commons.math.transform.FastCosineTransformerTest#testInverseTransformFunctionInvalidDataSize[1]
* Finished org.apache.commons.math.transform.FastCosineTransformerTest#testInverseTransformFunctionInvalidDataSize[1]
* Started org.apache.commons.math.transform.FastCosineTransformerTest#testInverseTransformFunctionNotStrictlyPositiveNumberOfSamples[1]
* Finished org.apache.commons.math.transform.FastCosineTransformerTest#testInverseTransformFunctionNotStrictlyPositiveNumberOfSamples[1]
* Started org.apache.commons.math.transform.FastCosineTransformerTest#testInverseTransformFunctionInvalidBounds[1]
* Finished org.apache.commons.math.transform.FastCosineTransformerTest#testInverseTransformFunctionInvalidBounds[1]
* Started org.apache.commons.math.transform.FastCosineTransformerTest#testTransformFunction[1]
* Finished org.apache.commons.math.transform.FastCosineTransformerTest#testTransformFunction[1]
* Started org.apache.commons.math.transform.FastCosineTransformerTest#testInverseTransformReal[1]
* Finished org.apache.commons.math.transform.FastCosineTransformerTest#testInverseTransformReal[1]
* Started org.apache.commons.math.transform.FastCosineTransformerTest#testInverseTransformFunction[1]
* Finished org.apache.commons.math.transform.FastCosineTransformerTest#testInverseTransformFunction[1]
* Started org.apache.commons.math.transform.FastFourierTransformerTest#testAdHocData
* Finished org.apache.commons.math.transform.FastFourierTransformerTest#testAdHocData
* Started org.apache.commons.math.transform.FastFourierTransformerTest#testUnitaryInverseTransformComplexSizeNotAPowerOfTwo
* Finished org.apache.commons.math.transform.FastFourierTransformerTest#testUnitaryInverseTransformComplexSizeNotAPowerOfTwo
* Started org.apache.commons.math.transform.FastFourierTransformerTest#testUnitaryInverseTransformFunctionSizeNotAPowerOfTwo
* Finished org.apache.commons.math.transform.FastFourierTransformerTest#testUnitaryInverseTransformFunctionSizeNotAPowerOfTwo
* Started org.apache.commons.math.transform.FastFourierTransformerTest#testStandardInverseTransformFunctionNotStrictlyPositiveNumberOfSamples
* Finished org.apache.commons.math.transform.FastFourierTransformerTest#testStandardInverseTransformFunctionNotStrictlyPositiveNumberOfSamples
* Started org.apache.commons.math.transform.FastFourierTransformerTest#testStandardInverseTransformFunctionSizeNotAPowerOfTwo
* Finished org.apache.commons.math.transform.FastFourierTransformerTest#testStandardInverseTransformFunctionSizeNotAPowerOfTwo
* Started org.apache.commons.math.transform.FastFourierTransformerTest#testStandardInverseTransformRealSizeNotAPowerOfTwo
* Finished org.apache.commons.math.transform.FastFourierTransformerTest#testStandardInverseTransformRealSizeNotAPowerOfTwo
* Started org.apache.commons.math.transform.FastFourierTransformerTest#testStandardTransformFunctionNotStrictlyPositiveNumberOfSamples
* Finished org.apache.commons.math.transform.FastFourierTransformerTest#testStandardTransformFunctionNotStrictlyPositiveNumberOfSamples
* Started org.apache.commons.math.transform.FastFourierTransformerTest#testUnitaryTransformFunctionSizeNotAPowerOfTwo
* Finished org.apache.commons.math.transform.FastFourierTransformerTest#testUnitaryTransformFunctionSizeNotAPowerOfTwo
* Started org.apache.commons.math.transform.FastFourierTransformerTest#testStandardTransformComplexSizeNotAPowerOfTwo
* Finished org.apache.commons.math.transform.FastFourierTransformerTest#testStandardTransformComplexSizeNotAPowerOfTwo
* Started org.apache.commons.math.transform.FastFourierTransformerTest#test2DDataUnitary
* Finished org.apache.commons.math.transform.FastFourierTransformerTest#test2DDataUnitary
* Started org.apache.commons.math.transform.FastFourierTransformerTest#testUnitaryInverseTransformComplex
* Finished org.apache.commons.math.transform.FastFourierTransformerTest#testUnitaryInverseTransformComplex
* Started org.apache.commons.math.transform.FastFourierTransformerTest#testSinFunction
* Finished org.apache.commons.math.transform.FastFourierTransformerTest#testSinFunction
* Started org.apache.commons.math.transform.FastFourierTransformerTest#testStandardInverseTransformComplexSizeNotAPowerOfTwo
* Finished org.apache.commons.math.transform.FastFourierTransformerTest#testStandardInverseTransformComplexSizeNotAPowerOfTwo
* Started org.apache.commons.math.transform.FastFourierTransformerTest#testUnitaryTransformRealSizeNotAPowerOfTwo
* Finished org.apache.commons.math.transform.FastFourierTransformerTest#testUnitaryTransformRealSizeNotAPowerOfTwo
* Started org.apache.commons.math.transform.FastFourierTransformerTest#testStandardTransformRealSizeNotAPowerOfTwo
* Finished org.apache.commons.math.transform.FastFourierTransformerTest#testStandardTransformRealSizeNotAPowerOfTwo
* Started org.apache.commons.math.transform.FastFourierTransformerTest#testStandardTransformReal
* Finished org.apache.commons.math.transform.FastFourierTransformerTest#testStandardTransformReal
* Started org.apache.commons.math.transform.FastFourierTransformerTest#testStandardInverseTransformFunctionInvalidBounds
* Finished org.apache.commons.math.transform.FastFourierTransformerTest#testStandardInverseTransformFunctionInvalidBounds
* Started org.apache.commons.math.transform.FastFourierTransformerTest#testUnitaryTransformReal
* Finished org.apache.commons.math.transform.FastFourierTransformerTest#testUnitaryTransformReal
* Started org.apache.commons.math.transform.FastFourierTransformerTest#testUnitaryTransformComplex
* Finished org.apache.commons.math.transform.FastFourierTransformerTest#testUnitaryTransformComplex
* Started org.apache.commons.math.transform.FastFourierTransformerTest#testStandardInverseTransformComplex
* Finished org.apache.commons.math.transform.FastFourierTransformerTest#testStandardInverseTransformComplex
* Started org.apache.commons.math.transform.FastFourierTransformerTest#testUnitaryInverseTransformFunctionInvalidBounds
* Finished org.apache.commons.math.transform.FastFourierTransformerTest#testUnitaryInverseTransformFunctionInvalidBounds
* Started org.apache.commons.math.transform.FastFourierTransformerTest#testUnitaryInverseTransformFunction
* Finished org.apache.commons.math.transform.FastFourierTransformerTest#testUnitaryInverseTransformFunction
* Started org.apache.commons.math.transform.FastFourierTransformerTest#testUnitaryInverseTransformRealSizeNotAPowerOfTwo
* Finished org.apache.commons.math.transform.FastFourierTransformerTest#testUnitaryInverseTransformRealSizeNotAPowerOfTwo
* Started org.apache.commons.math.transform.FastFourierTransformerTest#test2DData
* Finished org.apache.commons.math.transform.FastFourierTransformerTest#test2DData
* Started org.apache.commons.math.transform.FastFourierTransformerTest#testUnitaryInverseTransformReal
* Finished org.apache.commons.math.transform.FastFourierTransformerTest#testUnitaryInverseTransformReal
* Started org.apache.commons.math.transform.FastFourierTransformerTest#testUnitaryTransformFunction
* Finished org.apache.commons.math.transform.FastFourierTransformerTest#testUnitaryTransformFunction
* Started org.apache.commons.math.transform.FastFourierTransformerTest#testStandardTransformFunctionSizeNotAPowerOfTwo
* Finished org.apache.commons.math.transform.FastFourierTransformerTest#testStandardTransformFunctionSizeNotAPowerOfTwo
* Started org.apache.commons.math.transform.FastFourierTransformerTest#testUnitaryTransformFunctionInvalidBounds
* Finished org.apache.commons.math.transform.FastFourierTransformerTest#testUnitaryTransformFunctionInvalidBounds
* Started org.apache.commons.math.transform.FastFourierTransformerTest#testUnitaryTransformFunctionNotStrictlyPositiveNumberOfSamples
* Finished org.apache.commons.math.transform.FastFourierTransformerTest#testUnitaryTransformFunctionNotStrictlyPositiveNumberOfSamples
* Started org.apache.commons.math.transform.FastFourierTransformerTest#testUnitaryTransformComplexSizeNotAPowerOfTwo
* Finished org.apache.commons.math.transform.FastFourierTransformerTest#testUnitaryTransformComplexSizeNotAPowerOfTwo
* Started org.apache.commons.math.transform.FastFourierTransformerTest#testUnitaryInverseTransformFunctionNotStrictlyPositiveNumberOfSamples
* Finished org.apache.commons.math.transform.FastFourierTransformerTest#testUnitaryInverseTransformFunctionNotStrictlyPositiveNumberOfSamples
* Started org.apache.commons.math.transform.FastFourierTransformerTest#testStandardTransformFunctionInvalidBounds
* Finished org.apache.commons.math.transform.FastFourierTransformerTest#testStandardTransformFunctionInvalidBounds
* Started org.apache.commons.math.transform.FastFourierTransformerTest#testStandardTransformComplex
* Finished org.apache.commons.math.transform.FastFourierTransformerTest#testStandardTransformComplex
* Started org.apache.commons.math.transform.FastFourierTransformerTest#testStandardTransformFunction
* Finished org.apache.commons.math.transform.FastFourierTransformerTest#testStandardTransformFunction
* Started org.apache.commons.math.transform.FastFourierTransformerTest#testStandardInverseTransformFunction
* Finished org.apache.commons.math.transform.FastFourierTransformerTest#testStandardInverseTransformFunction
* Started org.apache.commons.math.transform.FastFourierTransformerTest#testStandardInverseTransformReal
* Finished org.apache.commons.math.transform.FastFourierTransformerTest#testStandardInverseTransformReal
* Started org.apache.commons.math.transform.FastSineTransformerTest#testAdHocData[0]
* Finished org.apache.commons.math.transform.FastSineTransformerTest#testAdHocData[0]
* Started org.apache.commons.math.transform.FastSineTransformerTest#testSinFunction[0]
* Finished org.apache.commons.math.transform.FastSineTransformerTest#testSinFunction[0]
* Started org.apache.commons.math.transform.FastSineTransformerTest#testParameters[0]
* Finished org.apache.commons.math.transform.FastSineTransformerTest#testParameters[0]
* Started org.apache.commons.math.transform.FastSineTransformerTest#testTransformRealFirstElementNotZero[0]
* Finished org.apache.commons.math.transform.FastSineTransformerTest#testTransformRealFirstElementNotZero[0]
* Started org.apache.commons.math.transform.FastSineTransformerTest#testInverseTransformRealFirstElementNotZero[0]
* Finished org.apache.commons.math.transform.FastSineTransformerTest#testInverseTransformRealFirstElementNotZero[0]
* Started org.apache.commons.math.transform.FastSineTransformerTest#testTransformRealInvalidDataSize[0]
* Finished org.apache.commons.math.transform.FastSineTransformerTest#testTransformRealInvalidDataSize[0]
* Started org.apache.commons.math.transform.FastSineTransformerTest#testTransformReal[0]
* Finished org.apache.commons.math.transform.FastSineTransformerTest#testTransformReal[0]
* Started org.apache.commons.math.transform.FastSineTransformerTest#testTransformFunctionInvalidDataSize[0]
* Finished org.apache.commons.math.transform.FastSineTransformerTest#testTransformFunctionInvalidDataSize[0]
* Started org.apache.commons.math.transform.FastSineTransformerTest#testTransformFunctionNotStrictlyPositiveNumberOfSamples[0]
* Finished org.apache.commons.math.transform.FastSineTransformerTest#testTransformFunctionNotStrictlyPositiveNumberOfSamples[0]
* Started org.apache.commons.math.transform.FastSineTransformerTest#testTransformFunctionInvalidBounds[0]
* Finished org.apache.commons.math.transform.FastSineTransformerTest#testTransformFunctionInvalidBounds[0]
* Started org.apache.commons.math.transform.FastSineTransformerTest#testInverseTransformRealInvalidDataSize[0]
* Finished org.apache.commons.math.transform.FastSineTransformerTest#testInverseTransformRealInvalidDataSize[0]
* Started org.apache.commons.math.transform.FastSineTransformerTest#testInverseTransformFunctionInvalidDataSize[0]
* Finished org.apache.commons.math.transform.FastSineTransformerTest#testInverseTransformFunctionInvalidDataSize[0]
* Started org.apache.commons.math.transform.FastSineTransformerTest#testInverseTransformFunctionNotStrictlyPositiveNumberOfSamples[0]
* Finished org.apache.commons.math.transform.FastSineTransformerTest#testInverseTransformFunctionNotStrictlyPositiveNumberOfSamples[0]
* Started org.apache.commons.math.transform.FastSineTransformerTest#testInverseTransformFunctionInvalidBounds[0]
* Finished org.apache.commons.math.transform.FastSineTransformerTest#testInverseTransformFunctionInvalidBounds[0]
* Started org.apache.commons.math.transform.FastSineTransformerTest#testTransformFunction[0]
* Finished org.apache.commons.math.transform.FastSineTransformerTest#testTransformFunction[0]
* Started org.apache.commons.math.transform.FastSineTransformerTest#testInverseTransformReal[0]
* Finished org.apache.commons.math.transform.FastSineTransformerTest#testInverseTransformReal[0]
* Started org.apache.commons.math.transform.FastSineTransformerTest#testInverseTransformFunction[0]
* Finished org.apache.commons.math.transform.FastSineTransformerTest#testInverseTransformFunction[0]
* Started org.apache.commons.math.transform.FastSineTransformerTest#testAdHocData[1]
* Finished org.apache.commons.math.transform.FastSineTransformerTest#testAdHocData[1]
* Started org.apache.commons.math.transform.FastSineTransformerTest#testSinFunction[1]
* Finished org.apache.commons.math.transform.FastSineTransformerTest#testSinFunction[1]
* Started org.apache.commons.math.transform.FastSineTransformerTest#testParameters[1]
* Finished org.apache.commons.math.transform.FastSineTransformerTest#testParameters[1]
* Started org.apache.commons.math.transform.FastSineTransformerTest#testTransformRealFirstElementNotZero[1]
* Finished org.apache.commons.math.transform.FastSineTransformerTest#testTransformRealFirstElementNotZero[1]
* Started org.apache.commons.math.transform.FastSineTransformerTest#testInverseTransformRealFirstElementNotZero[1]
* Finished org.apache.commons.math.transform.FastSineTransformerTest#testInverseTransformRealFirstElementNotZero[1]
* Started org.apache.commons.math.transform.FastSineTransformerTest#testTransformRealInvalidDataSize[1]
* Finished org.apache.commons.math.transform.FastSineTransformerTest#testTransformRealInvalidDataSize[1]
* Started org.apache.commons.math.transform.FastSineTransformerTest#testTransformReal[1]
* Finished org.apache.commons.math.transform.FastSineTransformerTest#testTransformReal[1]
* Started org.apache.commons.math.transform.FastSineTransformerTest#testTransformFunctionInvalidDataSize[1]
* Finished org.apache.commons.math.transform.FastSineTransformerTest#testTransformFunctionInvalidDataSize[1]
* Started org.apache.commons.math.transform.FastSineTransformerTest#testTransformFunctionNotStrictlyPositiveNumberOfSamples[1]
* Finished org.apache.commons.math.transform.FastSineTransformerTest#testTransformFunctionNotStrictlyPositiveNumberOfSamples[1]
* Started org.apache.commons.math.transform.FastSineTransformerTest#testTransformFunctionInvalidBounds[1]
* Finished org.apache.commons.math.transform.FastSineTransformerTest#testTransformFunctionInvalidBounds[1]
* Started org.apache.commons.math.transform.FastSineTransformerTest#testInverseTransformRealInvalidDataSize[1]
* Finished org.apache.commons.math.transform.FastSineTransformerTest#testInverseTransformRealInvalidDataSize[1]
* Started org.apache.commons.math.transform.FastSineTransformerTest#testInverseTransformFunctionInvalidDataSize[1]
* Finished org.apache.commons.math.transform.FastSineTransformerTest#testInverseTransformFunctionInvalidDataSize[1]
* Started org.apache.commons.math.transform.FastSineTransformerTest#testInverseTransformFunctionNotStrictlyPositiveNumberOfSamples[1]
* Finished org.apache.commons.math.transform.FastSineTransformerTest#testInverseTransformFunctionNotStrictlyPositiveNumberOfSamples[1]
* Started org.apache.commons.math.transform.FastSineTransformerTest#testInverseTransformFunctionInvalidBounds[1]
* Finished org.apache.commons.math.transform.FastSineTransformerTest#testInverseTransformFunctionInvalidBounds[1]
* Started org.apache.commons.math.transform.FastSineTransformerTest#testTransformFunction[1]
* Finished org.apache.commons.math.transform.FastSineTransformerTest#testTransformFunction[1]
* Started org.apache.commons.math.transform.FastSineTransformerTest#testInverseTransformReal[1]
* Finished org.apache.commons.math.transform.FastSineTransformerTest#testInverseTransformReal[1]
* Started org.apache.commons.math.transform.FastSineTransformerTest#testInverseTransformFunction[1]
* Finished org.apache.commons.math.transform.FastSineTransformerTest#testInverseTransformFunction[1]
* Filtering test cases that do not cover any component
* Sending data to master
* Closing connection with client
* Performing fault localization
* Running Ochiai
* Running Ochiai2
* Running Tarantula
* Running Jaccard
* Running SBI
* Running Kulczynski2
* Running Sorensen-Dice
* Running Anderberg
* Running Simple-matching
* Running Rogers and Tanimoto
* Running Russel and Rao
* Running Dstar
* Running Opt
* Running Barinel
* Running Ideal
* Running Naish1
* Writing coverage matrix to '/fastdata/acp13jcd/GZoltar/Math/37/Math/developer/0/Math-37b-developer.0/matrix'
* Normalizing spectra, coefficient: DSTAR
* Normalizing spectra, coefficient: OPT
* Writing spectra to '/fastdata/acp13jcd/GZoltar/Math/37/Math/developer/0/Math-37b-developer.0/spectra'
* Metrics
* Writing statistics to '/fastdata/acp13jcd/GZoltar/Math/37/Math/developer/0/Math-37b-developer.0/statistics.csv'
* Computation finished

DONE!
