* Checking out Math-29 to /scratch/acp13jcd/run_gzoltar_72973_Math-29
* Compiling Math-29
Running ant (compile)...................................................... OK
Running ant (compile.tests)................................................ OK
* Running GZoltar
   ____ _____     _ _               
  / ___|__  /___ | | |_ __ _ _ __   
 | |  _  / // _ \| | __/ _` | '__| 
 | |_| |/ /| (_) | | || (_| | |     
  \____/____\___/|_|\__\__,_|_| 

[ERROR] /scratch/acp13jcd/run_gzoltar_72973_Math-29/lib/junit-4.8.2.jar does not exist
java.lang.Exception
	at com.gzoltar.lib.master.modes.Diagnose.execute(Unknown Source)
	at com.gzoltar.lib.master.GZoltar.parseCommandLine(Unknown Source)
	at com.gzoltar.lib.master.GZoltar.main(Unknown Source)
* Preparing classpath
* Collecting classes under test
* Collecting test cases
* Performing analysis
* Started org.apache.commons.math3.linear.SparseRealVectorTest#testConstructors
* Finished org.apache.commons.math3.linear.SparseRealVectorTest#testConstructors
* Started org.apache.commons.math3.linear.SparseRealVectorTest#testEbeDivideSameType
* Finished org.apache.commons.math3.linear.SparseRealVectorTest#testEbeDivideSameType
* Started org.apache.commons.math3.linear.SparseRealVectorTest#testConcurrentModification
* Finished org.apache.commons.math3.linear.SparseRealVectorTest#testConcurrentModification
* Started org.apache.commons.math3.linear.SparseRealVectorTest#testAddMixedTypes
* Finished org.apache.commons.math3.linear.SparseRealVectorTest#testAddMixedTypes
* Started org.apache.commons.math3.linear.SparseRealVectorTest#testWalkInOptimizedOrderChangingVisitor1
* Finished org.apache.commons.math3.linear.SparseRealVectorTest#testWalkInOptimizedOrderChangingVisitor1
* Started org.apache.commons.math3.linear.SparseRealVectorTest#testWalkInOptimizedOrderChangingVisitor2
* Finished org.apache.commons.math3.linear.SparseRealVectorTest#testWalkInOptimizedOrderChangingVisitor2
* Started org.apache.commons.math3.linear.SparseRealVectorTest#testWalkInOptimizedOrderChangingVisitor3
* Finished org.apache.commons.math3.linear.SparseRealVectorTest#testWalkInOptimizedOrderChangingVisitor3
* Started org.apache.commons.math3.linear.SparseRealVectorTest#testAppendScalar
* Finished org.apache.commons.math3.linear.SparseRealVectorTest#testAppendScalar
* Started org.apache.commons.math3.linear.SparseRealVectorTest#testEbeDivideDimensionMismatch
* Finished org.apache.commons.math3.linear.SparseRealVectorTest#testEbeDivideDimensionMismatch
* Started org.apache.commons.math3.linear.SparseRealVectorTest#testAppendVector
* Finished org.apache.commons.math3.linear.SparseRealVectorTest#testAppendVector
* Started org.apache.commons.math3.linear.SparseRealVectorTest#testCombineMixedTypes
* Finished org.apache.commons.math3.linear.SparseRealVectorTest#testCombineMixedTypes
* Started org.apache.commons.math3.linear.SparseRealVectorTest#testGetEntry
* Finished org.apache.commons.math3.linear.SparseRealVectorTest#testGetEntry
* Started org.apache.commons.math3.linear.SparseRealVectorTest#testEbeMultiplyDimensionMismatch
* Finished org.apache.commons.math3.linear.SparseRealVectorTest#testEbeMultiplyDimensionMismatch
* Started org.apache.commons.math3.linear.SparseRealVectorTest#testSubtractSameType
* Finished org.apache.commons.math3.linear.SparseRealVectorTest#testSubtractSameType
* Started org.apache.commons.math3.linear.SparseRealVectorTest#testIsInfinite
* Finished org.apache.commons.math3.linear.SparseRealVectorTest#testIsInfinite
* Started org.apache.commons.math3.linear.SparseRealVectorTest#testSetSubVectorInvalidIndex1
* Finished org.apache.commons.math3.linear.SparseRealVectorTest#testSetSubVectorInvalidIndex1
* Started org.apache.commons.math3.linear.SparseRealVectorTest#testSetSubVectorInvalidIndex2
* Finished org.apache.commons.math3.linear.SparseRealVectorTest#testSetSubVectorInvalidIndex2
* Started org.apache.commons.math3.linear.SparseRealVectorTest#testSetSubVectorInvalidIndex3
* Finished org.apache.commons.math3.linear.SparseRealVectorTest#testSetSubVectorInvalidIndex3
* Started org.apache.commons.math3.linear.SparseRealVectorTest#testIsNaN
* Finished org.apache.commons.math3.linear.SparseRealVectorTest#testIsNaN
* Started org.apache.commons.math3.linear.SparseRealVectorTest#testWalkInDefaultOrderChangingVisitor1
* Finished org.apache.commons.math3.linear.SparseRealVectorTest#testWalkInDefaultOrderChangingVisitor1
* Started org.apache.commons.math3.linear.SparseRealVectorTest#testWalkInDefaultOrderChangingVisitor2
* Finished org.apache.commons.math3.linear.SparseRealVectorTest#testWalkInDefaultOrderChangingVisitor2
* Started org.apache.commons.math3.linear.SparseRealVectorTest#testWalkInDefaultOrderChangingVisitor3
* Finished org.apache.commons.math3.linear.SparseRealVectorTest#testWalkInDefaultOrderChangingVisitor3
* Started org.apache.commons.math3.linear.SparseRealVectorTest#testMisc
* Finished org.apache.commons.math3.linear.SparseRealVectorTest#testMisc
* Started org.apache.commons.math3.linear.SparseRealVectorTest#testSetEntryInvalidIndex1
* Finished org.apache.commons.math3.linear.SparseRealVectorTest#testSetEntryInvalidIndex1
* Started org.apache.commons.math3.linear.SparseRealVectorTest#testSetEntryInvalidIndex2
* Finished org.apache.commons.math3.linear.SparseRealVectorTest#testSetEntryInvalidIndex2
* Started org.apache.commons.math3.linear.SparseRealVectorTest#testSubtractMixedTypes
* Finished org.apache.commons.math3.linear.SparseRealVectorTest#testSubtractMixedTypes
* Started org.apache.commons.math3.linear.SparseRealVectorTest#testEbeDivideMixedTypes
* Failure: entry #0, left = 0.0, right = 0.0 expected:<NaN> but was:<0.0> | testEbeDivideMixedTypes(org.apache.commons.math3.linear.SparseRealVectorTest)
java.lang.AssertionError: entry #0, left = 0.0, right = 0.0 expected:<NaN> but was:<0.0>
	at org.junit.Assert.fail(Assert.java:88)
	at org.junit.Assert.failNotEquals(Assert.java:743)
	at org.junit.Assert.assertEquals(Assert.java:494)
	at org.apache.commons.math3.linear.RealVectorAbstractTest.doTestEbeBinaryOperation(RealVectorAbstractTest.java:519)
	at org.apache.commons.math3.linear.RealVectorAbstractTest.testEbeDivideMixedTypes(RealVectorAbstractTest.java:595)
	at sun.reflect.NativeMethodAccessorImpl.invoke0(Native Method)
	at sun.reflect.NativeMethodAccessorImpl.invoke(NativeMethodAccessorImpl.java:57)
	at sun.reflect.DelegatingMethodAccessorImpl.invoke(DelegatingMethodAccessorImpl.java:43)
	at java.lang.reflect.Method.invoke(Method.java:606)
	at org.junit.runners.model.FrameworkMethod$1.runReflectiveCall(FrameworkMethod.java:47)
	at org.junit.internal.runners.model.ReflectiveCallable.run(ReflectiveCallable.java:12)
	at org.junit.runners.model.FrameworkMethod.invokeExplosively(FrameworkMethod.java:44)
	at org.junit.internal.runners.statements.InvokeMethod.evaluate(InvokeMethod.java:17)
	at org.junit.runners.ParentRunner.runLeaf(ParentRunner.java:271)
	at org.junit.runners.BlockJUnit4ClassRunner.runChild(BlockJUnit4ClassRunner.java:70)
	at org.junit.runners.BlockJUnit4ClassRunner.runChild(BlockJUnit4ClassRunner.java:50)
	at org.junit.runners.ParentRunner$3.run(ParentRunner.java:238)
	at org.junit.runners.ParentRunner$1.schedule(ParentRunner.java:63)
	at org.junit.runners.ParentRunner.runChildren(ParentRunner.java:236)
	at org.junit.runners.ParentRunner.access$000(ParentRunner.java:53)
	at org.junit.runners.ParentRunner$2.evaluate(ParentRunner.java:229)
	at org.junit.runners.ParentRunner.run(ParentRunner.java:309)
	at com.gzoltar.lib.instrumentation.testing.junit.a.call(Unknown Source)
	at java.util.concurrent.FutureTask.run(FutureTask.java:262)
	at java.util.concurrent.ThreadPoolExecutor.runWorker(ThreadPoolExecutor.java:1145)
	at java.util.concurrent.ThreadPoolExecutor$Worker.run(ThreadPoolExecutor.java:615)
	at java.lang.Thread.run(Thread.java:745)

* Finished org.apache.commons.math3.linear.SparseRealVectorTest#testEbeDivideMixedTypes
* Started org.apache.commons.math3.linear.SparseRealVectorTest#testEbeMultiplyMixedTypes
* Failure: entry #5, left = 0.0, right = Infinity expected:<NaN> but was:<0.0> | testEbeMultiplyMixedTypes(org.apache.commons.math3.linear.SparseRealVectorTest)
java.lang.AssertionError: entry #5, left = 0.0, right = Infinity expected:<NaN> but was:<0.0>
	at org.junit.Assert.fail(Assert.java:88)
	at org.junit.Assert.failNotEquals(Assert.java:743)
	at org.junit.Assert.assertEquals(Assert.java:494)
	at org.apache.commons.math3.linear.RealVectorAbstractTest.doTestEbeBinaryOperation(RealVectorAbstractTest.java:519)
	at org.apache.commons.math3.linear.RealVectorAbstractTest.testEbeMultiplyMixedTypes(RealVectorAbstractTest.java:580)
	at sun.reflect.NativeMethodAccessorImpl.invoke0(Native Method)
	at sun.reflect.NativeMethodAccessorImpl.invoke(NativeMethodAccessorImpl.java:57)
	at sun.reflect.DelegatingMethodAccessorImpl.invoke(DelegatingMethodAccessorImpl.java:43)
	at java.lang.reflect.Method.invoke(Method.java:606)
	at org.junit.runners.model.FrameworkMethod$1.runReflectiveCall(FrameworkMethod.java:47)
	at org.junit.internal.runners.model.ReflectiveCallable.run(ReflectiveCallable.java:12)
	at org.junit.runners.model.FrameworkMethod.invokeExplosively(FrameworkMethod.java:44)
	at org.junit.internal.runners.statements.InvokeMethod.evaluate(InvokeMethod.java:17)
	at org.junit.runners.ParentRunner.runLeaf(ParentRunner.java:271)
	at org.junit.runners.BlockJUnit4ClassRunner.runChild(BlockJUnit4ClassRunner.java:70)
	at org.junit.runners.BlockJUnit4ClassRunner.runChild(BlockJUnit4ClassRunner.java:50)
	at org.junit.runners.ParentRunner$3.run(ParentRunner.java:238)
	at org.junit.runners.ParentRunner$1.schedule(ParentRunner.java:63)
	at org.junit.runners.ParentRunner.runChildren(ParentRunner.java:236)
	at org.junit.runners.ParentRunner.access$000(ParentRunner.java:53)
	at org.junit.runners.ParentRunner$2.evaluate(ParentRunner.java:229)
	at org.junit.runners.ParentRunner.run(ParentRunner.java:309)
	at com.gzoltar.lib.instrumentation.testing.junit.a.call(Unknown Source)
	at java.util.concurrent.FutureTask.run(FutureTask.java:262)
	at java.util.concurrent.ThreadPoolExecutor.runWorker(ThreadPoolExecutor.java:1145)
	at java.util.concurrent.ThreadPoolExecutor$Worker.run(ThreadPoolExecutor.java:615)
	at java.lang.Thread.run(Thread.java:745)

* Finished org.apache.commons.math3.linear.SparseRealVectorTest#testEbeMultiplyMixedTypes
* Started org.apache.commons.math3.linear.SparseRealVectorTest#testCombinePreconditionMixedType
* Finished org.apache.commons.math3.linear.SparseRealVectorTest#testCombinePreconditionMixedType
* Started org.apache.commons.math3.linear.SparseRealVectorTest#testBasicFunctions
* Finished org.apache.commons.math3.linear.SparseRealVectorTest#testBasicFunctions
* Started org.apache.commons.math3.linear.SparseRealVectorTest#testGetDimension
* Finished org.apache.commons.math3.linear.SparseRealVectorTest#testGetDimension
* Started org.apache.commons.math3.linear.SparseRealVectorTest#testCombineToSelfSameType
* Finished org.apache.commons.math3.linear.SparseRealVectorTest#testCombineToSelfSameType
* Started org.apache.commons.math3.linear.SparseRealVectorTest#testEbeMultiplySameType
* Failure: entry #5, left = 0.0, right = Infinity expected:<NaN> but was:<0.0> | testEbeMultiplySameType(org.apache.commons.math3.linear.SparseRealVectorTest)
java.lang.AssertionError: entry #5, left = 0.0, right = Infinity expected:<NaN> but was:<0.0>
	at org.junit.Assert.fail(Assert.java:88)
	at org.junit.Assert.failNotEquals(Assert.java:743)
	at org.junit.Assert.assertEquals(Assert.java:494)
	at org.apache.commons.math3.linear.RealVectorAbstractTest.doTestEbeBinaryOperation(RealVectorAbstractTest.java:519)
	at org.apache.commons.math3.linear.RealVectorAbstractTest.testEbeMultiplySameType(RealVectorAbstractTest.java:575)
	at sun.reflect.NativeMethodAccessorImpl.invoke0(Native Method)
	at sun.reflect.NativeMethodAccessorImpl.invoke(NativeMethodAccessorImpl.java:57)
	at sun.reflect.DelegatingMethodAccessorImpl.invoke(DelegatingMethodAccessorImpl.java:43)
	at java.lang.reflect.Method.invoke(Method.java:606)
	at org.junit.runners.model.FrameworkMethod$1.runReflectiveCall(FrameworkMethod.java:47)
	at org.junit.internal.runners.model.ReflectiveCallable.run(ReflectiveCallable.java:12)
	at org.junit.runners.model.FrameworkMethod.invokeExplosively(FrameworkMethod.java:44)
	at org.junit.internal.runners.statements.InvokeMethod.evaluate(InvokeMethod.java:17)
	at org.junit.runners.ParentRunner.runLeaf(ParentRunner.java:271)
	at org.junit.runners.BlockJUnit4ClassRunner.runChild(BlockJUnit4ClassRunner.java:70)
	at org.junit.runners.BlockJUnit4ClassRunner.runChild(BlockJUnit4ClassRunner.java:50)
	at org.junit.runners.ParentRunner$3.run(ParentRunner.java:238)
	at org.junit.runners.ParentRunner$1.schedule(ParentRunner.java:63)
	at org.junit.runners.ParentRunner.runChildren(ParentRunner.java:236)
	at org.junit.runners.ParentRunner.access$000(ParentRunner.java:53)
	at org.junit.runners.ParentRunner$2.evaluate(ParentRunner.java:229)
	at org.junit.runners.ParentRunner.run(ParentRunner.java:309)
	at com.gzoltar.lib.instrumentation.testing.junit.a.call(Unknown Source)
	at java.util.concurrent.FutureTask.run(FutureTask.java:262)
	at java.util.concurrent.ThreadPoolExecutor.runWorker(ThreadPoolExecutor.java:1145)
	at java.util.concurrent.ThreadPoolExecutor$Worker.run(ThreadPoolExecutor.java:615)
	at java.lang.Thread.run(Thread.java:745)

* Finished org.apache.commons.math3.linear.SparseRealVectorTest#testEbeMultiplySameType
* Started org.apache.commons.math3.linear.SparseRealVectorTest#testAddToEntry
* Finished org.apache.commons.math3.linear.SparseRealVectorTest#testAddToEntry
* Started org.apache.commons.math3.linear.SparseRealVectorTest#testCombinePreconditionSameType
* Finished org.apache.commons.math3.linear.SparseRealVectorTest#testCombinePreconditionSameType
* Started org.apache.commons.math3.linear.SparseRealVectorTest#testDataInOut
* Finished org.apache.commons.math3.linear.SparseRealVectorTest#testDataInOut
* Started org.apache.commons.math3.linear.SparseRealVectorTest#testAddSameType
* Finished org.apache.commons.math3.linear.SparseRealVectorTest#testAddSameType
* Started org.apache.commons.math3.linear.SparseRealVectorTest#testPredicates
* Finished org.apache.commons.math3.linear.SparseRealVectorTest#testPredicates
* Started org.apache.commons.math3.linear.SparseRealVectorTest#testCombineToSelfMixedTypes
* Finished org.apache.commons.math3.linear.SparseRealVectorTest#testCombineToSelfMixedTypes
* Started org.apache.commons.math3.linear.SparseRealVectorTest#testGetEntryInvalidIndex1
* Finished org.apache.commons.math3.linear.SparseRealVectorTest#testGetEntryInvalidIndex1
* Started org.apache.commons.math3.linear.SparseRealVectorTest#testGetEntryInvalidIndex2
* Finished org.apache.commons.math3.linear.SparseRealVectorTest#testGetEntryInvalidIndex2
* Started org.apache.commons.math3.linear.SparseRealVectorTest#testCombineSameType
* Finished org.apache.commons.math3.linear.SparseRealVectorTest#testCombineSameType
* Started org.apache.commons.math3.linear.SparseRealVectorTest#testGetSubVector
* Finished org.apache.commons.math3.linear.SparseRealVectorTest#testGetSubVector
* Started org.apache.commons.math3.linear.SparseRealVectorTest#testAddDimensionMismatch
* Finished org.apache.commons.math3.linear.SparseRealVectorTest#testAddDimensionMismatch
* Started org.apache.commons.math3.linear.SparseRealVectorTest#testAddToEntryInvalidIndex1
* Finished org.apache.commons.math3.linear.SparseRealVectorTest#testAddToEntryInvalidIndex1
* Started org.apache.commons.math3.linear.SparseRealVectorTest#testAddToEntryInvalidIndex2
* Finished org.apache.commons.math3.linear.SparseRealVectorTest#testAddToEntryInvalidIndex2
* Started org.apache.commons.math3.linear.SparseRealVectorTest#testMapFunctions
* Finished org.apache.commons.math3.linear.SparseRealVectorTest#testMapFunctions
* Started org.apache.commons.math3.linear.SparseRealVectorTest#testSetSubVectorMixedType
* Finished org.apache.commons.math3.linear.SparseRealVectorTest#testSetSubVectorMixedType
* Started org.apache.commons.math3.linear.SparseRealVectorTest#testCosine
* Finished org.apache.commons.math3.linear.SparseRealVectorTest#testCosine
* Started org.apache.commons.math3.linear.SparseRealVectorTest#testCosinePrecondition1
* Finished org.apache.commons.math3.linear.SparseRealVectorTest#testCosinePrecondition1
* Started org.apache.commons.math3.linear.SparseRealVectorTest#testCosinePrecondition2
* Finished org.apache.commons.math3.linear.SparseRealVectorTest#testCosinePrecondition2
* Started org.apache.commons.math3.linear.SparseRealVectorTest#testCosinePrecondition3
* Finished org.apache.commons.math3.linear.SparseRealVectorTest#testCosinePrecondition3
* Started org.apache.commons.math3.linear.SparseRealVectorTest#testMinMax
* Finished org.apache.commons.math3.linear.SparseRealVectorTest#testMinMax
* Started org.apache.commons.math3.linear.SparseRealVectorTest#testCombineToSelfPreconditionSameType
* Finished org.apache.commons.math3.linear.SparseRealVectorTest#testCombineToSelfPreconditionSameType
* Started org.apache.commons.math3.linear.SparseRealVectorTest#testWalkInDefaultOrderPreservingVisitor1
* Finished org.apache.commons.math3.linear.SparseRealVectorTest#testWalkInDefaultOrderPreservingVisitor1
* Started org.apache.commons.math3.linear.SparseRealVectorTest#testWalkInDefaultOrderPreservingVisitor2
* Finished org.apache.commons.math3.linear.SparseRealVectorTest#testWalkInDefaultOrderPreservingVisitor2
* Started org.apache.commons.math3.linear.SparseRealVectorTest#testWalkInDefaultOrderPreservingVisitor3
* Finished org.apache.commons.math3.linear.SparseRealVectorTest#testWalkInDefaultOrderPreservingVisitor3
* Started org.apache.commons.math3.linear.SparseRealVectorTest#testSubtractDimensionMismatch
* Finished org.apache.commons.math3.linear.SparseRealVectorTest#testSubtractDimensionMismatch
* Started org.apache.commons.math3.linear.SparseRealVectorTest#testOuterProduct
* Finished org.apache.commons.math3.linear.SparseRealVectorTest#testOuterProduct
* Started org.apache.commons.math3.linear.SparseRealVectorTest#testWalkInOptimizedOrderPreservingVisitor1
* Finished org.apache.commons.math3.linear.SparseRealVectorTest#testWalkInOptimizedOrderPreservingVisitor1
* Started org.apache.commons.math3.linear.SparseRealVectorTest#testWalkInOptimizedOrderPreservingVisitor2
* Finished org.apache.commons.math3.linear.SparseRealVectorTest#testWalkInOptimizedOrderPreservingVisitor2
* Started org.apache.commons.math3.linear.SparseRealVectorTest#testWalkInOptimizedOrderPreservingVisitor3
* Finished org.apache.commons.math3.linear.SparseRealVectorTest#testWalkInOptimizedOrderPreservingVisitor3
* Started org.apache.commons.math3.linear.SparseRealVectorTest#testSetSubVectorSameType
* Finished org.apache.commons.math3.linear.SparseRealVectorTest#testSetSubVectorSameType
* Started org.apache.commons.math3.linear.SparseRealVectorTest#testCombineToSelfPreconditionMixedType
* Finished org.apache.commons.math3.linear.SparseRealVectorTest#testCombineToSelfPreconditionMixedType
* Started org.apache.commons.math3.linear.SparseRealVectorTest#testSerial
* Finished org.apache.commons.math3.linear.SparseRealVectorTest#testSerial
* Started org.apache.commons.math3.linear.SparseRealVectorTest#testSetEntry
* Finished org.apache.commons.math3.linear.SparseRealVectorTest#testSetEntry
* Started org.apache.commons.math3.linear.SparseRealVectorTest#testGetSubVectorInvalidIndex1
* Finished org.apache.commons.math3.linear.SparseRealVectorTest#testGetSubVectorInvalidIndex1
* Started org.apache.commons.math3.linear.SparseRealVectorTest#testGetSubVectorInvalidIndex2
* Finished org.apache.commons.math3.linear.SparseRealVectorTest#testGetSubVectorInvalidIndex2
* Started org.apache.commons.math3.linear.SparseRealVectorTest#testGetSubVectorInvalidIndex3
* Finished org.apache.commons.math3.linear.SparseRealVectorTest#testGetSubVectorInvalidIndex3
* Started org.apache.commons.math3.linear.SparseRealVectorTest#testGetSubVectorInvalidIndex4
* Finished org.apache.commons.math3.linear.SparseRealVectorTest#testGetSubVectorInvalidIndex4
* Started org.apache.commons.math3.linear.UnmodifiableOpenMapRealVectorTest#testSetSubVector
* Finished org.apache.commons.math3.linear.UnmodifiableOpenMapRealVectorTest#testSetSubVector
* Started org.apache.commons.math3.linear.UnmodifiableOpenMapRealVectorTest#testGetEntry
* Finished org.apache.commons.math3.linear.UnmodifiableOpenMapRealVectorTest#testGetEntry
* Started org.apache.commons.math3.linear.UnmodifiableOpenMapRealVectorTest#testAllButExcluded
* Finished org.apache.commons.math3.linear.UnmodifiableOpenMapRealVectorTest#testAllButExcluded
* Started org.apache.commons.math3.linear.UnmodifiableOpenMapRealVectorTest#testAddToEntry
* Finished org.apache.commons.math3.linear.UnmodifiableOpenMapRealVectorTest#testAddToEntry
* Started org.apache.commons.math3.linear.UnmodifiableOpenMapRealVectorTest#testGetSubVector
* Finished org.apache.commons.math3.linear.UnmodifiableOpenMapRealVectorTest#testGetSubVector
* Started org.apache.commons.math3.linear.UnmodifiableOpenMapRealVectorTest#testSparseIterator
* Finished org.apache.commons.math3.linear.UnmodifiableOpenMapRealVectorTest#testSparseIterator
* Started org.apache.commons.math3.linear.UnmodifiableOpenMapRealVectorTest#testIterator
* Finished org.apache.commons.math3.linear.UnmodifiableOpenMapRealVectorTest#testIterator
* Started org.apache.commons.math3.linear.UnmodifiableOpenMapRealVectorTest#testSetEntry
* Finished org.apache.commons.math3.linear.UnmodifiableOpenMapRealVectorTest#testSetEntry
* Filtering test cases that do not cover any component
* Sending data to master
* Closing connection with client
* Performing fault localization
* Running Ochiai
* Running Ochiai2
* Running Tarantula
* Running Jaccard
* Running SBI
* Running Kulczynski2
* Running Sorensen-Dice
* Running Anderberg
* Running Simple-matching
* Running Rogers and Tanimoto
* Running Russel and Rao
* Running Dstar
* Running Opt
* Running Barinel
* Running Ideal
* Running Naish1
* Writing coverage matrix to '/fastdata/acp13jcd/GZoltar/Math/29/Math/developer/0/Math-29b-developer.0/matrix'
* Normalizing spectra, coefficient: DSTAR
* Normalizing spectra, coefficient: OPT
* Writing spectra to '/fastdata/acp13jcd/GZoltar/Math/29/Math/developer/0/Math-29b-developer.0/spectra'
* Metrics
* Writing statistics to '/fastdata/acp13jcd/GZoltar/Math/29/Math/developer/0/Math-29b-developer.0/statistics.csv'
* Computation finished

DONE!
